{"/Users/sushantyadav/Downloads/city-mall/product-store/packages/commons/src/__tests__/testUtils/kafka.ts": {"path":"/Users/sushantyadav/Downloads/city-mall/product-store/packages/commons/src/__tests__/testUtils/kafka.ts","statementMap":{"0":{"start":{"line":2,"column":0},"end":{"line":2,"column":37}},"1":{"start":{"line":1,"column":0},"end":{"line":1,"column":49}},"2":{"start":{"line":25,"column":23},"end":{"line":26,"column":null}},"3":{"start":{"line":26,"column":14},"end":{"line":26,"column":33}},"4":{"start":{"line":29,"column":4},"end":{"line":33,"column":7}},"5":{"start":{"line":30,"column":8},"end":{"line":32,"column":10}},"6":{"start":{"line":31,"column":12},"end":{"line":31,"column":29}},"7":{"start":{"line":24,"column":0},"end":{"line":24,"column":16}}},"fnMap":{"0":{"name":"mockKafkaUtils","decl":{"start":{"line":24,"column":16},"end":{"line":24,"column":30}},"loc":{"start":{"line":24,"column":30},"end":{"line":34,"column":1}}},"1":{"name":"(anonymous_1)","decl":{"start":{"line":26,"column":8},"end":{"line":26,"column":10}},"loc":{"start":{"line":26,"column":14},"end":{"line":26,"column":33}}},"2":{"name":"(anonymous_2)","decl":{"start":{"line":29,"column":23},"end":{"line":29,"column":29}},"loc":{"start":{"line":29,"column":32},"end":{"line":33,"column":5}}},"3":{"name":"(anonymous_3)","decl":{"start":{"line":30,"column":58},"end":{"line":30,"column":61}},"loc":{"start":{"line":31,"column":12},"end":{"line":31,"column":29}}}},"branchMap":{},"s":{"0":1,"1":1,"2":1,"3":31,"4":1,"5":30,"6":1,"7":1},"f":{"0":1,"1":31,"2":30,"3":1},"b":{}}
,"/Users/sushantyadav/Downloads/city-mall/product-store/packages/commons/src/clients/cmRedis.ts": {"path":"/Users/sushantyadav/Downloads/city-mall/product-store/packages/commons/src/clients/cmRedis.ts","statementMap":{"0":{"start":{"line":1,"column":0},"end":{"line":1,"column":28}},"1":{"start":{"line":2,"column":0},"end":{"line":2,"column":28}},"2":{"start":{"line":5,"column":22},"end":{"line":5,"column":63}},"3":{"start":{"line":7,"column":27},"end":{"line":37,"column":1}},"4":{"start":{"line":8,"column":4},"end":{"line":35,"column":null}},"5":{"start":{"line":9,"column":26},"end":{"line":9,"column":63}},"6":{"start":{"line":10,"column":26},"end":{"line":10,"column":65}},"7":{"start":{"line":17,"column":8},"end":{"line":34,"column":11}},"8":{"start":{"line":26,"column":16},"end":{"line":29,"column":null}},"9":{"start":{"line":27,"column":20},"end":{"line":27,"column":69}},"10":{"start":{"line":28,"column":20},"end":{"line":28,"column":64}},"11":{"start":{"line":30,"column":16},"end":{"line":30,"column":58}},"12":{"start":{"line":32,"column":16},"end":{"line":32,"column":51}},"13":{"start":{"line":36,"column":4},"end":{"line":36,"column":19}},"14":{"start":{"line":39,"column":0},"end":{"line":39,"column":34}}},"fnMap":{"0":{"name":"(anonymous_1)","decl":{"start":{"line":7,"column":27},"end":{"line":7,"column":30}},"loc":{"start":{"line":7,"column":32},"end":{"line":37,"column":1}}},"1":{"name":"(anonymous_2)","decl":{"start":{"line":25,"column":12},"end":{"line":25,"column":25}},"loc":{"start":{"line":25,"column":31},"end":{"line":33,"column":13}}}},"branchMap":{"0":{"loc":{"start":{"line":8,"column":4},"end":{"line":35,"column":null}},"type":"if","locations":[{"start":{"line":8,"column":4},"end":{"line":35,"column":null}}]},"1":{"loc":{"start":{"line":26,"column":16},"end":{"line":29,"column":null}},"type":"if","locations":[{"start":{"line":26,"column":16},"end":{"line":29,"column":null}}]}},"s":{"0":4,"1":4,"2":4,"3":4,"4":0,"5":0,"6":0,"7":0,"8":0,"9":0,"10":0,"11":0,"12":0,"13":0,"14":4},"f":{"0":0,"1":0},"b":{"0":[0],"1":[0]}}
,"/Users/sushantyadav/Downloads/city-mall/product-store/packages/commons/src/clients/db.ts": {"path":"/Users/sushantyadav/Downloads/city-mall/product-store/packages/commons/src/clients/db.ts","statementMap":{"0":{"start":{"line":1,"column":0},"end":{"line":1,"column":54}},"1":{"start":{"line":2,"column":0},"end":{"line":2,"column":32}},"2":{"start":{"line":3,"column":0},"end":{"line":3,"column":28}},"3":{"start":{"line":4,"column":0},"end":{"line":4,"column":39}},"4":{"start":{"line":5,"column":0},"end":{"line":5,"column":24}},"5":{"start":{"line":7,"column":0},"end":{"line":10,"column":3}},"6":{"start":{"line":12,"column":20},"end":{"line":19,"column":2}},"7":{"start":{"line":15,"column":8},"end":{"line":15,"column":71}},"8":{"start":{"line":16,"column":8},"end":{"line":16,"column":44}},"9":{"start":{"line":21,"column":13},"end":{"line":21,"column":42}},"10":{"start":{"line":22,"column":0},"end":{"line":22,"column":70}},"11":{"start":{"line":23,"column":11},"end":{"line":27,"column":2}},"12":{"start":{"line":29,"column":0},"end":{"line":29,"column":18}}},"fnMap":{"0":{"name":"(anonymous_1)","decl":{"start":{"line":14,"column":11},"end":{"line":14,"column":12}},"loc":{"start":{"line":14,"column":46},"end":{"line":17,"column":5}}}},"branchMap":{},"s":{"0":4,"1":4,"2":4,"3":4,"4":4,"5":4,"6":4,"7":0,"8":0,"9":4,"10":4,"11":4,"12":4},"f":{"0":0},"b":{}}
,"/Users/sushantyadav/Downloads/city-mall/product-store/packages/commons/src/clients/dbr.ts": {"path":"/Users/sushantyadav/Downloads/city-mall/product-store/packages/commons/src/clients/dbr.ts","statementMap":{"0":{"start":{"line":1,"column":0},"end":{"line":1,"column":54}},"1":{"start":{"line":2,"column":0},"end":{"line":2,"column":32}},"2":{"start":{"line":3,"column":0},"end":{"line":3,"column":28}},"3":{"start":{"line":4,"column":0},"end":{"line":4,"column":39}},"4":{"start":{"line":5,"column":0},"end":{"line":5,"column":24}},"5":{"start":{"line":7,"column":0},"end":{"line":10,"column":3}},"6":{"start":{"line":12,"column":20},"end":{"line":19,"column":2}},"7":{"start":{"line":15,"column":8},"end":{"line":15,"column":71}},"8":{"start":{"line":16,"column":8},"end":{"line":16,"column":44}},"9":{"start":{"line":21,"column":13},"end":{"line":21,"column":42}},"10":{"start":{"line":22,"column":0},"end":{"line":22,"column":70}},"11":{"start":{"line":23,"column":12},"end":{"line":27,"column":2}},"12":{"start":{"line":29,"column":0},"end":{"line":29,"column":19}}},"fnMap":{"0":{"name":"(anonymous_1)","decl":{"start":{"line":14,"column":11},"end":{"line":14,"column":12}},"loc":{"start":{"line":14,"column":46},"end":{"line":17,"column":5}}}},"branchMap":{},"s":{"0":4,"1":4,"2":4,"3":4,"4":4,"5":4,"6":4,"7":0,"8":0,"9":4,"10":4,"11":4,"12":4},"f":{"0":0},"b":{}}
,"/Users/sushantyadav/Downloads/city-mall/product-store/packages/commons/src/clients/dbx.ts": {"path":"/Users/sushantyadav/Downloads/city-mall/product-store/packages/commons/src/clients/dbx.ts","statementMap":{"0":{"start":{"line":31,"column":0},"end":{"line":83,"column":2}},"1":{"start":{"line":35,"column":4},"end":{"line":44,"column":6}},"2":{"start":{"line":40,"column":8},"end":{"line":43,"column":10}},"3":{"start":{"line":45,"column":4},"end":{"line":58,"column":6}},"4":{"start":{"line":52,"column":8},"end":{"line":57,"column":10}},"5":{"start":{"line":59,"column":4},"end":{"line":72,"column":6}},"6":{"start":{"line":66,"column":8},"end":{"line":71,"column":10}},"7":{"start":{"line":73,"column":4},"end":{"line":82,"column":6}},"8":{"start":{"line":78,"column":8},"end":{"line":81,"column":10}}},"fnMap":{"0":{"name":"(anonymous_0)","decl":{"start":{"line":31,"column":15},"end":{"line":31,"column":null}},"loc":{"start":{"line":34,"column":10},"end":{"line":83,"column":1}}},"1":{"name":"(anonymous_1)","decl":{"start":{"line":35,"column":25},"end":{"line":35,"column":null}},"loc":{"start":{"line":39,"column":8},"end":{"line":44,"column":5}}},"2":{"name":"(anonymous_2)","decl":{"start":{"line":45,"column":25},"end":{"line":45,"column":null}},"loc":{"start":{"line":51,"column":8},"end":{"line":58,"column":5}}},"3":{"name":"(anonymous_3)","decl":{"start":{"line":59,"column":31},"end":{"line":59,"column":null}},"loc":{"start":{"line":65,"column":8},"end":{"line":72,"column":5}}},"4":{"name":"(anonymous_4)","decl":{"start":{"line":73,"column":26},"end":{"line":73,"column":null}},"loc":{"start":{"line":77,"column":8},"end":{"line":82,"column":5}}}},"branchMap":{},"s":{"0":4,"1":12,"2":0,"3":12,"4":0,"5":12,"6":0,"7":12,"8":0},"f":{"0":12,"1":0,"2":0,"3":0,"4":0},"b":{}}
,"/Users/sushantyadav/Downloads/city-mall/product-store/packages/commons/src/clients/elasticSearch.ts": {"path":"/Users/sushantyadav/Downloads/city-mall/product-store/packages/commons/src/clients/elasticSearch.ts","statementMap":{"0":{"start":{"line":1,"column":0},"end":{"line":1,"column":48}},"1":{"start":{"line":2,"column":0},"end":{"line":2,"column":28}},"2":{"start":{"line":4,"column":17},"end":{"line":7,"column":2}},"3":{"start":{"line":9,"column":0},"end":{"line":9,"column":24}}},"fnMap":{},"branchMap":{},"s":{"0":4,"1":4,"2":4,"3":4},"f":{},"b":{}}
,"/Users/sushantyadav/Downloads/city-mall/product-store/packages/commons/src/clients/index.ts": {"path":"/Users/sushantyadav/Downloads/city-mall/product-store/packages/commons/src/clients/index.ts","statementMap":{"0":{"start":{"line":1,"column":0},"end":{"line":1,"column":24}},"1":{"start":{"line":2,"column":0},"end":{"line":2,"column":26}},"2":{"start":{"line":3,"column":0},"end":{"line":3,"column":9}},"3":{"start":{"line":3,"column":9},"end":{"line":3,"column":36}},"4":{"start":{"line":4,"column":0},"end":{"line":4,"column":9}},"5":{"start":{"line":4,"column":9},"end":{"line":4,"column":38}},"6":{"start":{"line":5,"column":0},"end":{"line":5,"column":9}},"7":{"start":{"line":5,"column":9},"end":{"line":5,"column":22}},"8":{"start":{"line":6,"column":0},"end":{"line":6,"column":9}},"9":{"start":{"line":6,"column":9},"end":{"line":6,"column":23}},"10":{"start":{"line":7,"column":0},"end":{"line":7,"column":9}},"11":{"start":{"line":7,"column":9},"end":{"line":7,"column":25}},"12":{"start":{"line":8,"column":0},"end":{"line":8,"column":9}},"13":{"start":{"line":8,"column":9},"end":{"line":8,"column":28}},"14":{"start":{"line":9,"column":0},"end":{"line":9,"column":29}},"15":{"start":{"line":10,"column":0},"end":{"line":10,"column":31}}},"fnMap":{"0":{"name":"(anonymous_8)","decl":{"start":{"line":3,"column":9},"end":{"line":3,"column":16}},"loc":{"start":{"line":3,"column":9},"end":{"line":3,"column":36}}},"1":{"name":"(anonymous_9)","decl":{"start":{"line":4,"column":9},"end":{"line":4,"column":16}},"loc":{"start":{"line":4,"column":9},"end":{"line":4,"column":38}}},"2":{"name":"(anonymous_10)","decl":{"start":{"line":5,"column":9},"end":{"line":5,"column":16}},"loc":{"start":{"line":5,"column":9},"end":{"line":5,"column":22}}},"3":{"name":"(anonymous_11)","decl":{"start":{"line":6,"column":9},"end":{"line":6,"column":16}},"loc":{"start":{"line":6,"column":9},"end":{"line":6,"column":23}}},"4":{"name":"(anonymous_12)","decl":{"start":{"line":7,"column":9},"end":{"line":7,"column":16}},"loc":{"start":{"line":7,"column":9},"end":{"line":7,"column":25}}},"5":{"name":"(anonymous_13)","decl":{"start":{"line":8,"column":9},"end":{"line":8,"column":16}},"loc":{"start":{"line":8,"column":9},"end":{"line":8,"column":28}}}},"branchMap":{},"s":{"0":4,"1":4,"2":4,"3":7,"4":4,"5":4,"6":4,"7":10,"8":4,"9":4,"10":4,"11":4,"12":4,"13":4,"14":4,"15":4},"f":{"0":3,"1":0,"2":6,"3":0,"4":0,"5":0},"b":{}}
,"/Users/sushantyadav/Downloads/city-mall/product-store/packages/commons/src/clients/pams.ts": {"path":"/Users/sushantyadav/Downloads/city-mall/product-store/packages/commons/src/clients/pams.ts","statementMap":{"0":{"start":{"line":1,"column":0},"end":{"line":1,"column":42}},"1":{"start":{"line":2,"column":0},"end":{"line":2,"column":28}},"2":{"start":{"line":4,"column":0},"end":{"line":4,"column":37}},"3":{"start":{"line":11,"column":27},"end":{"line":19,"column":1}},"4":{"start":{"line":12,"column":23},"end":{"line":12,"column":49}},"5":{"start":{"line":12,"column":40},"end":{"line":12,"column":48}},"6":{"start":{"line":13,"column":22},"end":{"line":13,"column":36}},"7":{"start":{"line":14,"column":24},"end":{"line":14,"column":53}},"8":{"start":{"line":15,"column":43},"end":{"line":15,"column":45}},"9":{"start":{"line":16,"column":4},"end":{"line":18,"column":23}},"10":{"start":{"line":17,"column":22},"end":{"line":17,"column":64}},"11":{"start":{"line":26,"column":4},"end":{"line":28,"column":null}},"12":{"start":{"line":27,"column":8},"end":{"line":27,"column":61}},"13":{"start":{"line":30,"column":4},"end":{"line":30,"column":75}},"14":{"start":{"line":30,"column":36},"end":{"line":30,"column":65}},"15":{"start":{"line":30,"column":68},"end":{"line":30,"column":75}},"16":{"start":{"line":32,"column":4},"end":{"line":55,"column":null}},"17":{"start":{"line":33,"column":25},"end":{"line":42,"column":null}},"18":{"start":{"line":44,"column":8},"end":{"line":44,"column":20}},"19":{"start":{"line":46,"column":8},"end":{"line":46,"column":49}},"20":{"start":{"line":47,"column":8},"end":{"line":54,"column":null}},"21":{"start":{"line":48,"column":12},"end":{"line":51,"column":14}},"22":{"start":{"line":53,"column":12},"end":{"line":53,"column":76}},"23":{"start":{"line":21,"column":0},"end":{"line":21,"column":7}},"24":{"start":{"line":63,"column":4},"end":{"line":65,"column":null}},"25":{"start":{"line":64,"column":8},"end":{"line":64,"column":15}},"26":{"start":{"line":67,"column":4},"end":{"line":67,"column":79}},"27":{"start":{"line":67,"column":40},"end":{"line":67,"column":69}},"28":{"start":{"line":67,"column":72},"end":{"line":67,"column":79}},"29":{"start":{"line":69,"column":4},"end":{"line":75,"column":60}},"30":{"start":{"line":75,"column":22},"end":{"line":75,"column":58}},"31":{"start":{"line":58,"column":0},"end":{"line":58,"column":7}},"32":{"start":{"line":79,"column":4},"end":{"line":94,"column":null}},"33":{"start":{"line":80,"column":25},"end":{"line":88,"column":null}},"34":{"start":{"line":90,"column":8},"end":{"line":90,"column":20}},"35":{"start":{"line":92,"column":8},"end":{"line":92,"column":69}},"36":{"start":{"line":93,"column":8},"end":{"line":93,"column":18}},"37":{"start":{"line":78,"column":0},"end":{"line":78,"column":7}}},"fnMap":{"0":{"name":"(anonymous_7)","decl":{"start":{"line":11,"column":27},"end":{"line":11,"column":28}},"loc":{"start":{"line":11,"column":71},"end":{"line":19,"column":1}}},"1":{"name":"(anonymous_8)","decl":{"start":{"line":12,"column":34},"end":{"line":12,"column":36}},"loc":{"start":{"line":12,"column":40},"end":{"line":12,"column":48}}},"2":{"name":"(anonymous_9)","decl":{"start":{"line":17,"column":16},"end":{"line":17,"column":18}},"loc":{"start":{"line":17,"column":22},"end":{"line":17,"column":64}}},"3":{"name":"generate","decl":{"start":{"line":21,"column":22},"end":{"line":21,"column":30}},"loc":{"start":{"line":24,"column":26},"end":{"line":56,"column":1}}},"4":{"name":"(anonymous_11)","decl":{"start":{"line":30,"column":31},"end":{"line":30,"column":32}},"loc":{"start":{"line":30,"column":36},"end":{"line":30,"column":65}}},"5":{"name":"emit","decl":{"start":{"line":58,"column":22},"end":{"line":58,"column":26}},"loc":{"start":{"line":61,"column":19},"end":{"line":76,"column":1}}},"6":{"name":"(anonymous_13)","decl":{"start":{"line":67,"column":35},"end":{"line":67,"column":36}},"loc":{"start":{"line":67,"column":40},"end":{"line":67,"column":69}}},"7":{"name":"(anonymous_14)","decl":{"start":{"line":75,"column":15},"end":{"line":75,"column":18}},"loc":{"start":{"line":75,"column":22},"end":{"line":75,"column":58}}},"8":{"name":"getProductAttributeValues","decl":{"start":{"line":78,"column":22},"end":{"line":78,"column":47}},"loc":{"start":{"line":78,"column":62},"end":{"line":95,"column":1}}}},"branchMap":{"0":{"loc":{"start":{"line":24,"column":4},"end":{"line":24,"column":26}},"type":"default-arg","locations":[{"start":{"line":24,"column":21},"end":{"line":24,"column":26}}]},"1":{"loc":{"start":{"line":26,"column":4},"end":{"line":28,"column":null}},"type":"if","locations":[{"start":{"line":26,"column":4},"end":{"line":28,"column":null}}]},"2":{"loc":{"start":{"line":30,"column":4},"end":{"line":30,"column":75}},"type":"if","locations":[{"start":{"line":30,"column":4},"end":{"line":30,"column":75}}]},"3":{"loc":{"start":{"line":47,"column":8},"end":{"line":54,"column":null}},"type":"if","locations":[{"start":{"line":47,"column":8},"end":{"line":54,"column":null}},{"start":{"line":52,"column":15},"end":{"line":54,"column":null}}]},"4":{"loc":{"start":{"line":50,"column":24},"end":{"line":50,"column":67}},"type":"binary-expr","locations":[{"start":{"line":50,"column":24},"end":{"line":50,"column":50}},{"start":{"line":50,"column":54},"end":{"line":50,"column":67}}]},"5":{"loc":{"start":{"line":63,"column":4},"end":{"line":65,"column":null}},"type":"if","locations":[{"start":{"line":63,"column":4},"end":{"line":65,"column":null}}]},"6":{"loc":{"start":{"line":67,"column":4},"end":{"line":67,"column":79}},"type":"if","locations":[{"start":{"line":67,"column":4},"end":{"line":67,"column":79}}]}},"s":{"0":4,"1":4,"2":4,"3":4,"4":0,"5":0,"6":0,"7":0,"8":0,"9":0,"10":0,"11":0,"12":0,"13":0,"14":0,"15":0,"16":0,"17":0,"18":0,"19":0,"20":0,"21":0,"22":0,"23":4,"24":0,"25":0,"26":0,"27":0,"28":0,"29":0,"30":0,"31":4,"32":0,"33":0,"34":0,"35":0,"36":0,"37":4},"f":{"0":0,"1":0,"2":0,"3":0,"4":0,"5":0,"6":0,"7":0,"8":0},"b":{"0":[0],"1":[0],"2":[0],"3":[0,0],"4":[0,0],"5":[0],"6":[0]}}
,"/Users/sushantyadav/Downloads/city-mall/product-store/packages/commons/src/clients/redis.ts": {"path":"/Users/sushantyadav/Downloads/city-mall/product-store/packages/commons/src/clients/redis.ts","statementMap":{"0":{"start":{"line":1,"column":0},"end":{"line":1,"column":28}},"1":{"start":{"line":2,"column":0},"end":{"line":2,"column":28}},"2":{"start":{"line":5,"column":22},"end":{"line":5,"column":63}},"3":{"start":{"line":7,"column":25},"end":{"line":37,"column":1}},"4":{"start":{"line":8,"column":4},"end":{"line":35,"column":null}},"5":{"start":{"line":9,"column":26},"end":{"line":9,"column":60}},"6":{"start":{"line":10,"column":26},"end":{"line":10,"column":62}},"7":{"start":{"line":17,"column":8},"end":{"line":34,"column":11}},"8":{"start":{"line":26,"column":16},"end":{"line":29,"column":null}},"9":{"start":{"line":27,"column":20},"end":{"line":27,"column":69}},"10":{"start":{"line":28,"column":20},"end":{"line":28,"column":64}},"11":{"start":{"line":30,"column":16},"end":{"line":30,"column":58}},"12":{"start":{"line":32,"column":16},"end":{"line":32,"column":51}},"13":{"start":{"line":36,"column":4},"end":{"line":36,"column":19}},"14":{"start":{"line":39,"column":0},"end":{"line":39,"column":32}}},"fnMap":{"0":{"name":"(anonymous_1)","decl":{"start":{"line":7,"column":25},"end":{"line":7,"column":28}},"loc":{"start":{"line":7,"column":30},"end":{"line":37,"column":1}}},"1":{"name":"(anonymous_2)","decl":{"start":{"line":25,"column":12},"end":{"line":25,"column":25}},"loc":{"start":{"line":25,"column":31},"end":{"line":33,"column":13}}}},"branchMap":{"0":{"loc":{"start":{"line":8,"column":4},"end":{"line":35,"column":null}},"type":"if","locations":[{"start":{"line":8,"column":4},"end":{"line":35,"column":null}}]},"1":{"loc":{"start":{"line":26,"column":16},"end":{"line":29,"column":null}},"type":"if","locations":[{"start":{"line":26,"column":16},"end":{"line":29,"column":null}}]}},"s":{"0":4,"1":4,"2":4,"3":4,"4":4,"5":3,"6":3,"7":3,"8":0,"9":0,"10":0,"11":0,"12":0,"13":4,"14":4},"f":{"0":4,"1":0},"b":{"0":[3],"1":[0]}}
,"/Users/sushantyadav/Downloads/city-mall/product-store/packages/commons/src/clients/wmsdb.ts": {"path":"/Users/sushantyadav/Downloads/city-mall/product-store/packages/commons/src/clients/wmsdb.ts","statementMap":{"0":{"start":{"line":1,"column":0},"end":{"line":1,"column":54}},"1":{"start":{"line":2,"column":0},"end":{"line":2,"column":32}},"2":{"start":{"line":3,"column":0},"end":{"line":3,"column":28}},"3":{"start":{"line":4,"column":0},"end":{"line":4,"column":39}},"4":{"start":{"line":5,"column":0},"end":{"line":5,"column":24}},"5":{"start":{"line":7,"column":0},"end":{"line":10,"column":3}},"6":{"start":{"line":12,"column":20},"end":{"line":19,"column":2}},"7":{"start":{"line":15,"column":8},"end":{"line":15,"column":71}},"8":{"start":{"line":16,"column":8},"end":{"line":16,"column":44}},"9":{"start":{"line":21,"column":13},"end":{"line":21,"column":42}},"10":{"start":{"line":22,"column":0},"end":{"line":22,"column":70}},"11":{"start":{"line":23,"column":14},"end":{"line":27,"column":2}},"12":{"start":{"line":29,"column":0},"end":{"line":29,"column":21}}},"fnMap":{"0":{"name":"(anonymous_1)","decl":{"start":{"line":14,"column":11},"end":{"line":14,"column":12}},"loc":{"start":{"line":14,"column":46},"end":{"line":17,"column":5}}}},"branchMap":{},"s":{"0":4,"1":4,"2":4,"3":4,"4":4,"5":4,"6":4,"7":0,"8":0,"9":4,"10":4,"11":4,"12":4},"f":{"0":0},"b":{}}
,"/Users/sushantyadav/Downloads/city-mall/product-store/packages/commons/src/clients/esIndexing/createIndex.ts": {"path":"/Users/sushantyadav/Downloads/city-mall/product-store/packages/commons/src/clients/esIndexing/createIndex.ts","statementMap":{"0":{"start":{"line":2,"column":0},"end":{"line":2,"column":49}},"1":{"start":{"line":3,"column":0},"end":{"line":3,"column":51}},"2":{"start":{"line":4,"column":0},"end":{"line":4,"column":40}},"3":{"start":{"line":5,"column":0},"end":{"line":5,"column":23}},"4":{"start":{"line":7,"column":22},"end":{"line":477,"column":1}},"5":{"start":{"line":8,"column":21},"end":{"line":10,"column":6}},"6":{"start":{"line":12,"column":4},"end":{"line":15,"column":null}},"7":{"start":{"line":13,"column":8},"end":{"line":13,"column":44}},"8":{"start":{"line":14,"column":8},"end":{"line":14,"column":15}},"9":{"start":{"line":17,"column":4},"end":{"line":17,"column":44}},"10":{"start":{"line":19,"column":18},"end":{"line":474,"column":6}},"11":{"start":{"line":476,"column":4},"end":{"line":476,"column":42}},"12":{"start":{"line":479,"column":20},"end":{"line":485,"column":1}},"13":{"start":{"line":480,"column":21},"end":{"line":482,"column":6}},"14":{"start":{"line":484,"column":4},"end":{"line":484,"column":50}},"15":{"start":{"line":487,"column":20},"end":{"line":500,"column":1}},"16":{"start":{"line":488,"column":36},"end":{"line":488,"column":55}},"17":{"start":{"line":490,"column":4},"end":{"line":492,"column":null}},"18":{"start":{"line":491,"column":8},"end":{"line":491,"column":33}},"19":{"start":{"line":493,"column":24},"end":{"line":493,"column":48}},"20":{"start":{"line":494,"column":4},"end":{"line":494,"column":49}},"21":{"start":{"line":502,"column":0},"end":{"line":502,"column":27}}},"fnMap":{"0":{"name":"(anonymous_1)","decl":{"start":{"line":7,"column":22},"end":{"line":7,"column":27}},"loc":{"start":{"line":7,"column":74},"end":{"line":477,"column":1}}},"1":{"name":"(anonymous_2)","decl":{"start":{"line":479,"column":20},"end":{"line":479,"column":25}},"loc":{"start":{"line":479,"column":31},"end":{"line":485,"column":1}}},"2":{"name":"(anonymous_3)","decl":{"start":{"line":487,"column":20},"end":{"line":487,"column":25}},"loc":{"start":{"line":487,"column":49},"end":{"line":500,"column":1}}}},"branchMap":{"0":{"loc":{"start":{"line":12,"column":4},"end":{"line":15,"column":null}},"type":"if","locations":[{"start":{"line":12,"column":4},"end":{"line":15,"column":null}}]},"1":{"loc":{"start":{"line":484,"column":11},"end":{"line":484,"column":49}},"type":"cond-expr","locations":[{"start":{"line":484,"column":22},"end":{"line":484,"column":42}},{"start":{"line":484,"column":45},"end":{"line":484,"column":49}}]},"2":{"loc":{"start":{"line":490,"column":4},"end":{"line":492,"column":null}},"type":"if","locations":[{"start":{"line":490,"column":4},"end":{"line":492,"column":null}}]}},"s":{"0":4,"1":4,"2":4,"3":4,"4":4,"5":0,"6":0,"7":0,"8":0,"9":0,"10":0,"11":0,"12":4,"13":0,"14":0,"15":4,"16":0,"17":0,"18":0,"19":0,"20":0,"21":4},"f":{"0":0,"1":0,"2":0},"b":{"0":[0],"1":[0,0],"2":[0]}}
,"/Users/sushantyadav/Downloads/city-mall/product-store/packages/commons/src/clients/esIndexing/index.ts": {"path":"/Users/sushantyadav/Downloads/city-mall/product-store/packages/commons/src/clients/esIndexing/index.ts","statementMap":{"0":{"start":{"line":2,"column":0},"end":{"line":2,"column":61}},"1":{"start":{"line":3,"column":0},"end":{"line":3,"column":40}},"2":{"start":{"line":4,"column":0},"end":{"line":4,"column":44}},"3":{"start":{"line":6,"column":26},"end":{"line":25,"column":1}},"4":{"start":{"line":12,"column":4},"end":{"line":15,"column":null}},"5":{"start":{"line":13,"column":8},"end":{"line":13,"column":41}},"6":{"start":{"line":14,"column":8},"end":{"line":14,"column":15}},"7":{"start":{"line":16,"column":38},"end":{"line":17,"column":null}},"8":{"start":{"line":19,"column":4},"end":{"line":22,"column":null}},"9":{"start":{"line":20,"column":8},"end":{"line":20,"column":41}},"10":{"start":{"line":21,"column":8},"end":{"line":21,"column":15}},"11":{"start":{"line":24,"column":4},"end":{"line":24,"column":39}},"12":{"start":{"line":6,"column":13},"end":{"line":6,"column":26}},"13":{"start":{"line":27,"column":34},"end":{"line":112,"column":1}},"14":{"start":{"line":28,"column":31},"end":{"line":33,"column":7}},"15":{"start":{"line":28,"column":56},"end":{"line":33,"column":6}},"16":{"start":{"line":35,"column":30},"end":{"line":35,"column":47}},"17":{"start":{"line":37,"column":4},"end":{"line":39,"column":7}},"18":{"start":{"line":38,"column":8},"end":{"line":38,"column":48}},"19":{"start":{"line":41,"column":27},"end":{"line":41,"column":56}},"20":{"start":{"line":46,"column":10},"end":{"line":46,"column":12}},"21":{"start":{"line":48,"column":4},"end":{"line":55,"column":null}},"22":{"start":{"line":49,"column":8},"end":{"line":54,"column":11}},"23":{"start":{"line":52,"column":21},"end":{"line":52,"column":56}},"24":{"start":{"line":57,"column":4},"end":{"line":62,"column":6}},"25":{"start":{"line":58,"column":64},"end":{"line":61,"column":10}},"26":{"start":{"line":64,"column":4},"end":{"line":83,"column":null}},"27":{"start":{"line":65,"column":8},"end":{"line":80,"column":null}},"28":{"start":{"line":66,"column":40},"end":{"line":66,"column":63}},"29":{"start":{"line":68,"column":12},"end":{"line":79,"column":null}},"30":{"start":{"line":69,"column":35},"end":{"line":69,"column":81}},"31":{"start":{"line":70,"column":34},"end":{"line":70,"column":44}},"32":{"start":{"line":71,"column":16},"end":{"line":71,"column":80}},"33":{"start":{"line":72,"column":16},"end":{"line":72,"column":46}},"34":{"start":{"line":73,"column":16},"end":{"line":73,"column":69}},"35":{"start":{"line":74,"column":16},"end":{"line":78,"column":18}},"36":{"start":{"line":82,"column":8},"end":{"line":82,"column":49}},"37":{"start":{"line":85,"column":4},"end":{"line":90,"column":6}},"38":{"start":{"line":86,"column":64},"end":{"line":89,"column":10}},"39":{"start":{"line":92,"column":4},"end":{"line":111,"column":null}},"40":{"start":{"line":93,"column":8},"end":{"line":108,"column":null}},"41":{"start":{"line":94,"column":40},"end":{"line":94,"column":63}},"42":{"start":{"line":96,"column":12},"end":{"line":107,"column":null}},"43":{"start":{"line":97,"column":35},"end":{"line":97,"column":82}},"44":{"start":{"line":98,"column":34},"end":{"line":98,"column":44}},"45":{"start":{"line":99,"column":16},"end":{"line":99,"column":80}},"46":{"start":{"line":100,"column":16},"end":{"line":100,"column":46}},"47":{"start":{"line":101,"column":16},"end":{"line":101,"column":69}},"48":{"start":{"line":102,"column":16},"end":{"line":106,"column":18}},"49":{"start":{"line":110,"column":8},"end":{"line":110,"column":49}},"50":{"start":{"line":27,"column":13},"end":{"line":27,"column":34}}},"fnMap":{"0":{"name":"(anonymous_1)","decl":{"start":{"line":6,"column":26},"end":{"line":6,"column":31}},"loc":{"start":{"line":11,"column":19},"end":{"line":25,"column":1}}},"1":{"name":"(anonymous_2)","decl":{"start":{"line":27,"column":34},"end":{"line":27,"column":39}},"loc":{"start":{"line":27,"column":70},"end":{"line":112,"column":1}}},"2":{"name":"(anonymous_3)","decl":{"start":{"line":28,"column":44},"end":{"line":28,"column":51}},"loc":{"start":{"line":28,"column":56},"end":{"line":33,"column":6}}},"3":{"name":"(anonymous_4)","decl":{"start":{"line":37,"column":31},"end":{"line":37,"column":32}},"loc":{"start":{"line":37,"column":35},"end":{"line":39,"column":5}}},"4":{"name":"(anonymous_5)","decl":{"start":{"line":52,"column":16},"end":{"line":52,"column":17}},"loc":{"start":{"line":52,"column":21},"end":{"line":52,"column":56}}},"5":{"name":"(anonymous_6)","decl":{"start":{"line":58,"column":57},"end":{"line":58,"column":60}},"loc":{"start":{"line":58,"column":64},"end":{"line":61,"column":10}}},"6":{"name":"(anonymous_7)","decl":{"start":{"line":86,"column":57},"end":{"line":86,"column":60}},"loc":{"start":{"line":86,"column":64},"end":{"line":89,"column":10}}}},"branchMap":{"0":{"loc":{"start":{"line":12,"column":4},"end":{"line":15,"column":null}},"type":"if","locations":[{"start":{"line":12,"column":4},"end":{"line":15,"column":null}}]},"1":{"loc":{"start":{"line":19,"column":4},"end":{"line":22,"column":null}},"type":"if","locations":[{"start":{"line":19,"column":4},"end":{"line":22,"column":null}}]},"2":{"loc":{"start":{"line":68,"column":12},"end":{"line":79,"column":null}},"type":"if","locations":[{"start":{"line":68,"column":12},"end":{"line":79,"column":null}}]},"3":{"loc":{"start":{"line":96,"column":12},"end":{"line":107,"column":null}},"type":"if","locations":[{"start":{"line":96,"column":12},"end":{"line":107,"column":null}}]}},"s":{"0":4,"1":4,"2":4,"3":4,"4":0,"5":0,"6":0,"7":0,"8":0,"9":0,"10":0,"11":0,"12":4,"13":4,"14":0,"15":0,"16":0,"17":0,"18":0,"19":0,"20":0,"21":0,"22":0,"23":0,"24":0,"25":0,"26":0,"27":0,"28":0,"29":0,"30":0,"31":0,"32":0,"33":0,"34":0,"35":0,"36":0,"37":0,"38":0,"39":0,"40":0,"41":0,"42":0,"43":0,"44":0,"45":0,"46":0,"47":0,"48":0,"49":0,"50":4},"f":{"0":0,"1":0,"2":0,"3":0,"4":0,"5":0,"6":0},"b":{"0":[0],"1":[0],"2":[0],"3":[0]}}
,"/Users/sushantyadav/Downloads/city-mall/product-store/packages/commons/src/clients/esIndexing/indexProducts.ts": {"path":"/Users/sushantyadav/Downloads/city-mall/product-store/packages/commons/src/clients/esIndexing/indexProducts.ts","statementMap":{"0":{"start":{"line":3,"column":0},"end":{"line":3,"column":40}},"1":{"start":{"line":5,"column":22},"end":{"line":49,"column":1}},"2":{"start":{"line":6,"column":17},"end":{"line":15,"column":76}},"3":{"start":{"line":7,"column":8},"end":{"line":12,"column":11}},"4":{"start":{"line":13,"column":8},"end":{"line":13,"column":23}},"5":{"start":{"line":14,"column":8},"end":{"line":14,"column":20}},"6":{"start":{"line":17,"column":15},"end":{"line":17,"column":25}},"7":{"start":{"line":18,"column":25},"end":{"line":18,"column":69}},"8":{"start":{"line":19,"column":15},"end":{"line":19,"column":25}},"9":{"start":{"line":20,"column":4},"end":{"line":26,"column":6}},"10":{"start":{"line":28,"column":4},"end":{"line":48,"column":null}},"11":{"start":{"line":29,"column":8},"end":{"line":29,"column":41}},"12":{"start":{"line":30,"column":33},"end":{"line":30,"column":35}},"13":{"start":{"line":34,"column":8},"end":{"line":47,"column":11}},"14":{"start":{"line":35,"column":30},"end":{"line":35,"column":73}},"15":{"start":{"line":36,"column":12},"end":{"line":46,"column":null}},"16":{"start":{"line":37,"column":16},"end":{"line":45,"column":19}},"17":{"start":{"line":51,"column":0},"end":{"line":51,"column":29}}},"fnMap":{"0":{"name":"(anonymous_1)","decl":{"start":{"line":5,"column":22},"end":{"line":5,"column":27}},"loc":{"start":{"line":5,"column":73},"end":{"line":49,"column":1}}},"1":{"name":"(anonymous_2)","decl":{"start":{"line":6,"column":33},"end":{"line":6,"column":34}},"loc":{"start":{"line":6,"column":47},"end":{"line":15,"column":5}}},"2":{"name":"(anonymous_3)","decl":{"start":{"line":34,"column":35},"end":{"line":34,"column":36}},"loc":{"start":{"line":34,"column":57},"end":{"line":47,"column":9}}}},"branchMap":{"0":{"loc":{"start":{"line":28,"column":4},"end":{"line":48,"column":null}},"type":"if","locations":[{"start":{"line":28,"column":4},"end":{"line":48,"column":null}}]},"1":{"loc":{"start":{"line":36,"column":12},"end":{"line":46,"column":null}},"type":"if","locations":[{"start":{"line":36,"column":12},"end":{"line":46,"column":null}}]}},"s":{"0":4,"1":4,"2":0,"3":0,"4":0,"5":0,"6":0,"7":0,"8":0,"9":0,"10":0,"11":0,"12":0,"13":0,"14":0,"15":0,"16":0,"17":4},"f":{"0":0,"1":0,"2":0},"b":{"0":[0],"1":[0]}}
,"/Users/sushantyadav/Downloads/city-mall/product-store/packages/commons/src/clients/esIndexing/util/getModifiedProducts.ts": {"path":"/Users/sushantyadav/Downloads/city-mall/product-store/packages/commons/src/clients/esIndexing/util/getModifiedProducts.ts","statementMap":{"0":{"start":{"line":2,"column":0},"end":{"line":2,"column":28}},"1":{"start":{"line":3,"column":0},"end":{"line":3,"column":35}},"2":{"start":{"line":5,"column":12},"end":{"line":5,"column":23}},"3":{"start":{"line":7,"column":28},"end":{"line":114,"column":1}},"4":{"start":{"line":13,"column":15},"end":{"line":13,"column":70}},"5":{"start":{"line":14,"column":19},"end":{"line":14,"column":60}},"6":{"start":{"line":15,"column":21},"end":{"line":112,"column":6}},"7":{"start":{"line":113,"column":4},"end":{"line":113,"column":20}},"8":{"start":{"line":116,"column":0},"end":{"line":116,"column":35}}},"fnMap":{"0":{"name":"(anonymous_1)","decl":{"start":{"line":7,"column":28},"end":{"line":7,"column":33}},"loc":{"start":{"line":12,"column":30},"end":{"line":114,"column":1}}}},"branchMap":{},"s":{"0":4,"1":4,"2":4,"3":4,"4":0,"5":0,"6":0,"7":0,"8":4},"f":{"0":0},"b":{}}
,"/Users/sushantyadav/Downloads/city-mall/product-store/packages/commons/src/clients/esIndexing/util/getSynonymsTxt.ts": {"path":"/Users/sushantyadav/Downloads/city-mall/product-store/packages/commons/src/clients/esIndexing/util/getSynonymsTxt.ts","statementMap":{"0":{"start":{"line":3,"column":29},"end":{"line":10,"column":17}},"1":{"start":{"line":4,"column":4},"end":{"line":10,"column":17}},"2":{"start":{"line":7,"column":29},"end":{"line":7,"column":47}},"3":{"start":{"line":8,"column":12},"end":{"line":8,"column":35}},"4":{"start":{"line":12,"column":23},"end":{"line":25,"column":1}},"5":{"start":{"line":13,"column":4},"end":{"line":24,"column":58}},"6":{"start":{"line":15,"column":12},"end":{"line":19,"column":28}},"7":{"start":{"line":17,"column":36},"end":{"line":17,"column":44}},"8":{"start":{"line":18,"column":36},"end":{"line":18,"column":37}},"9":{"start":{"line":20,"column":12},"end":{"line":20,"column":50}},"10":{"start":{"line":22,"column":12},"end":{"line":22,"column":39}},"11":{"start":{"line":24,"column":18},"end":{"line":24,"column":56}},"12":{"start":{"line":27,"column":0},"end":{"line":27,"column":30}}},"fnMap":{"0":{"name":"(anonymous_0)","decl":{"start":{"line":3,"column":29},"end":{"line":3,"column":30}},"loc":{"start":{"line":4,"column":4},"end":{"line":10,"column":17}}},"1":{"name":"(anonymous_1)","decl":{"start":{"line":6,"column":16},"end":{"line":6,"column":17}},"loc":{"start":{"line":6,"column":33},"end":{"line":9,"column":9}}},"2":{"name":"(anonymous_2)","decl":{"start":{"line":12,"column":23},"end":{"line":12,"column":24}},"loc":{"start":{"line":12,"column":53},"end":{"line":25,"column":1}}},"3":{"name":"(anonymous_3)","decl":{"start":{"line":14,"column":16},"end":{"line":14,"column":17}},"loc":{"start":{"line":14,"column":20},"end":{"line":23,"column":9}}},"4":{"name":"(anonymous_4)","decl":{"start":{"line":17,"column":21},"end":{"line":17,"column":22}},"loc":{"start":{"line":17,"column":36},"end":{"line":17,"column":44}}},"5":{"name":"(anonymous_5)","decl":{"start":{"line":18,"column":24},"end":{"line":18,"column":25}},"loc":{"start":{"line":18,"column":36},"end":{"line":18,"column":37}}},"6":{"name":"(anonymous_6)","decl":{"start":{"line":24,"column":13},"end":{"line":24,"column":14}},"loc":{"start":{"line":24,"column":18},"end":{"line":24,"column":56}}}},"branchMap":{"0":{"loc":{"start":{"line":22,"column":19},"end":{"line":22,"column":38}},"type":"binary-expr","locations":[{"start":{"line":22,"column":19},"end":{"line":22,"column":28}},{"start":{"line":22,"column":32},"end":{"line":22,"column":38}}]}},"s":{"0":4,"1":0,"2":0,"3":0,"4":4,"5":0,"6":0,"7":0,"8":0,"9":0,"10":0,"11":0,"12":4},"f":{"0":0,"1":0,"2":0,"3":0,"4":0,"5":0,"6":0},"b":{"0":[0,0]}}
,"/Users/sushantyadav/Downloads/city-mall/product-store/packages/commons/src/clients/esIndexing/util/synonymsArray.ts": {"path":"/Users/sushantyadav/Downloads/city-mall/product-store/packages/commons/src/clients/esIndexing/util/synonymsArray.ts","statementMap":{"0":{"start":{"line":1,"column":0},"end":{"line":467,"column":2}}},"fnMap":{},"branchMap":{},"s":{"0":4},"f":{},"b":{}}
,"/Users/sushantyadav/Downloads/city-mall/product-store/packages/commons/src/clients/kafka/BootstrapKafkaConsumer.ts": {"path":"/Users/sushantyadav/Downloads/city-mall/product-store/packages/commons/src/clients/kafka/BootstrapKafkaConsumer.ts","statementMap":{"0":{"start":{"line":1,"column":0},"end":{"line":1,"column":28}},"1":{"start":{"line":2,"column":0},"end":{"line":2,"column":20}},"2":{"start":{"line":3,"column":0},"end":{"line":3,"column":24}},"3":{"start":{"line":4,"column":0},"end":{"line":4,"column":null}},"4":{"start":{"line":33,"column":8},"end":{"line":56,"column":11}},"5":{"start":{"line":58,"column":8},"end":{"line":58,"column":40}},"6":{"start":{"line":60,"column":8},"end":{"line":60,"column":27}},"7":{"start":{"line":61,"column":8},"end":{"line":61,"column":31}},"8":{"start":{"line":62,"column":8},"end":{"line":62,"column":43}},"9":{"start":{"line":63,"column":8},"end":{"line":70,"column":11}},"10":{"start":{"line":74,"column":8},"end":{"line":74,"column":35}},"11":{"start":{"line":75,"column":23},"end":{"line":75,"column":52}},"12":{"start":{"line":77,"column":8},"end":{"line":86,"column":null}},"13":{"start":{"line":78,"column":12},"end":{"line":85,"column":null}},"14":{"start":{"line":79,"column":31},"end":{"line":82,"column":18}},"15":{"start":{"line":84,"column":16},"end":{"line":84,"column":54}},"16":{"start":{"line":88,"column":8},"end":{"line":88,"column":38}},"17":{"start":{"line":89,"column":8},"end":{"line":89,"column":43}},"18":{"start":{"line":90,"column":8},"end":{"line":93,"column":11}},"19":{"start":{"line":94,"column":8},"end":{"line":94,"column":69}},"20":{"start":{"line":100,"column":8},"end":{"line":102,"column":11}},"21":{"start":{"line":108,"column":8},"end":{"line":111,"column":11}},"22":{"start":{"line":12,"column":0},"end":{"line":12,"column":21}}},"fnMap":{"0":{"name":"(anonymous_1)","decl":{"start":{"line":22,"column":4},"end":{"line":22,"column":null}},"loc":{"start":{"line":31,"column":57},"end":{"line":71,"column":5}}},"1":{"name":"(anonymous_2)","decl":{"start":{"line":73,"column":4},"end":{"line":73,"column":9}},"loc":{"start":{"line":73,"column":17},"end":{"line":95,"column":5}}},"2":{"name":"(anonymous_3)","decl":{"start":{"line":97,"column":4},"end":{"line":97,"column":9}},"loc":{"start":{"line":98,"column":58},"end":{"line":103,"column":5}}},"3":{"name":"(anonymous_4)","decl":{"start":{"line":105,"column":4},"end":{"line":105,"column":9}},"loc":{"start":{"line":106,"column":56},"end":{"line":112,"column":5}}}},"branchMap":{"0":{"loc":{"start":{"line":26,"column":8},"end":{"line":26,"column":38}},"type":"default-arg","locations":[{"start":{"line":26,"column":33},"end":{"line":26,"column":38}}]},"1":{"loc":{"start":{"line":27,"column":8},"end":{"line":27,"column":48}},"type":"default-arg","locations":[{"start":{"line":27,"column":39},"end":{"line":27,"column":48}}]},"2":{"loc":{"start":{"line":28,"column":8},"end":{"line":28,"column":55}},"type":"default-arg","locations":[{"start":{"line":28,"column":46},"end":{"line":28,"column":55}}]},"3":{"loc":{"start":{"line":29,"column":8},"end":{"line":29,"column":54}},"type":"default-arg","locations":[{"start":{"line":29,"column":45},"end":{"line":29,"column":54}}]},"4":{"loc":{"start":{"line":30,"column":8},"end":{"line":30,"column":60}},"type":"default-arg","locations":[{"start":{"line":30,"column":51},"end":{"line":30,"column":60}}]},"5":{"loc":{"start":{"line":31,"column":8},"end":{"line":31,"column":57}},"type":"default-arg","locations":[{"start":{"line":31,"column":48},"end":{"line":31,"column":57}}]},"6":{"loc":{"start":{"line":36,"column":16},"end":{"line":55,"column":20}},"type":"cond-expr","locations":[{"start":{"line":37,"column":18},"end":{"line":54,"column":null}},{"start":{"line":55,"column":18},"end":{"line":55,"column":20}}]},"7":{"loc":{"start":{"line":77,"column":8},"end":{"line":86,"column":null}},"type":"if","locations":[{"start":{"line":77,"column":8},"end":{"line":86,"column":null}}]}},"s":{"0":4,"1":4,"2":4,"3":4,"4":0,"5":0,"6":0,"7":0,"8":0,"9":0,"10":0,"11":0,"12":0,"13":0,"14":0,"15":0,"16":0,"17":0,"18":0,"19":0,"20":0,"21":0,"22":4},"f":{"0":0,"1":0,"2":0,"3":0},"b":{"0":[0],"1":[0],"2":[0],"3":[0],"4":[0],"5":[0],"6":[0,0],"7":[0]}}
,"/Users/sushantyadav/Downloads/city-mall/product-store/packages/commons/src/clients/kafka/KafkaConsumer.ts": {"path":"/Users/sushantyadav/Downloads/city-mall/product-store/packages/commons/src/clients/kafka/KafkaConsumer.ts","statementMap":{"0":{"start":{"line":1,"column":0},"end":{"line":1,"column":28}},"1":{"start":{"line":2,"column":0},"end":{"line":2,"column":null}},"2":{"start":{"line":10,"column":0},"end":{"line":10,"column":49}},"3":{"start":{"line":33,"column":8},"end":{"line":50,"column":11}},"4":{"start":{"line":52,"column":8},"end":{"line":52,"column":40}},"5":{"start":{"line":54,"column":8},"end":{"line":54,"column":27}},"6":{"start":{"line":55,"column":8},"end":{"line":55,"column":31}},"7":{"start":{"line":56,"column":8},"end":{"line":56,"column":43}},"8":{"start":{"line":57,"column":8},"end":{"line":64,"column":11}},"9":{"start":{"line":68,"column":8},"end":{"line":68,"column":35}},"10":{"start":{"line":69,"column":23},"end":{"line":69,"column":52}},"11":{"start":{"line":71,"column":8},"end":{"line":82,"column":null}},"12":{"start":{"line":72,"column":12},"end":{"line":81,"column":null}},"13":{"start":{"line":73,"column":16},"end":{"line":80,"column":null}},"14":{"start":{"line":74,"column":35},"end":{"line":77,"column":22}},"15":{"start":{"line":79,"column":20},"end":{"line":79,"column":58}},"16":{"start":{"line":84,"column":8},"end":{"line":84,"column":38}},"17":{"start":{"line":85,"column":8},"end":{"line":85,"column":43}},"18":{"start":{"line":87,"column":8},"end":{"line":93,"column":null}},"19":{"start":{"line":88,"column":12},"end":{"line":91,"column":15}},"20":{"start":{"line":92,"column":12},"end":{"line":92,"column":68}},"21":{"start":{"line":99,"column":8},"end":{"line":101,"column":11}},"22":{"start":{"line":107,"column":8},"end":{"line":110,"column":11}},"23":{"start":{"line":114,"column":8},"end":{"line":114,"column":35}},"24":{"start":{"line":115,"column":8},"end":{"line":115,"column":41}},"25":{"start":{"line":116,"column":8},"end":{"line":116,"column":38}},"26":{"start":{"line":12,"column":0},"end":{"line":12,"column":21}}},"fnMap":{"0":{"name":"(anonymous_1)","decl":{"start":{"line":22,"column":4},"end":{"line":22,"column":null}},"loc":{"start":{"line":31,"column":57},"end":{"line":65,"column":5}}},"1":{"name":"(anonymous_2)","decl":{"start":{"line":67,"column":4},"end":{"line":67,"column":9}},"loc":{"start":{"line":67,"column":17},"end":{"line":94,"column":5}}},"2":{"name":"(anonymous_3)","decl":{"start":{"line":96,"column":4},"end":{"line":96,"column":9}},"loc":{"start":{"line":97,"column":58},"end":{"line":102,"column":5}}},"3":{"name":"(anonymous_4)","decl":{"start":{"line":104,"column":4},"end":{"line":104,"column":9}},"loc":{"start":{"line":105,"column":56},"end":{"line":111,"column":5}}},"4":{"name":"(anonymous_5)","decl":{"start":{"line":113,"column":4},"end":{"line":113,"column":9}},"loc":{"start":{"line":113,"column":14},"end":{"line":117,"column":5}}}},"branchMap":{"0":{"loc":{"start":{"line":26,"column":8},"end":{"line":26,"column":38}},"type":"default-arg","locations":[{"start":{"line":26,"column":33},"end":{"line":26,"column":38}}]},"1":{"loc":{"start":{"line":27,"column":8},"end":{"line":27,"column":48}},"type":"default-arg","locations":[{"start":{"line":27,"column":39},"end":{"line":27,"column":48}}]},"2":{"loc":{"start":{"line":28,"column":8},"end":{"line":28,"column":55}},"type":"default-arg","locations":[{"start":{"line":28,"column":46},"end":{"line":28,"column":55}}]},"3":{"loc":{"start":{"line":29,"column":8},"end":{"line":29,"column":54}},"type":"default-arg","locations":[{"start":{"line":29,"column":45},"end":{"line":29,"column":54}}]},"4":{"loc":{"start":{"line":30,"column":8},"end":{"line":30,"column":60}},"type":"default-arg","locations":[{"start":{"line":30,"column":51},"end":{"line":30,"column":60}}]},"5":{"loc":{"start":{"line":31,"column":8},"end":{"line":31,"column":57}},"type":"default-arg","locations":[{"start":{"line":31,"column":48},"end":{"line":31,"column":57}}]},"6":{"loc":{"start":{"line":36,"column":16},"end":{"line":48,"column":20}},"type":"cond-expr","locations":[{"start":{"line":37,"column":18},"end":{"line":47,"column":null}},{"start":{"line":48,"column":18},"end":{"line":48,"column":20}}]},"7":{"loc":{"start":{"line":72,"column":12},"end":{"line":81,"column":null}},"type":"if","locations":[{"start":{"line":72,"column":12},"end":{"line":81,"column":null}}]}},"s":{"0":4,"1":4,"2":4,"3":0,"4":0,"5":0,"6":0,"7":0,"8":0,"9":0,"10":0,"11":0,"12":0,"13":0,"14":0,"15":0,"16":0,"17":0,"18":0,"19":0,"20":0,"21":0,"22":0,"23":0,"24":0,"25":0,"26":4},"f":{"0":0,"1":0,"2":0,"3":0,"4":0},"b":{"0":[0],"1":[0],"2":[0],"3":[0],"4":[0],"5":[0],"6":[0,0],"7":[0]}}
,"/Users/sushantyadav/Downloads/city-mall/product-store/packages/commons/src/clients/kafka/KafkaProducer.ts": {"path":"/Users/sushantyadav/Downloads/city-mall/product-store/packages/commons/src/clients/kafka/KafkaProducer.ts","statementMap":{"0":{"start":{"line":1,"column":0},"end":{"line":1,"column":28}},"1":{"start":{"line":2,"column":0},"end":{"line":2,"column":72}},"2":{"start":{"line":3,"column":0},"end":{"line":3,"column":23}},"3":{"start":{"line":4,"column":0},"end":{"line":4,"column":49}},"4":{"start":{"line":12,"column":60},"end":{"line":12,"column":64}},"5":{"start":{"line":15,"column":8},"end":{"line":34,"column":11}},"6":{"start":{"line":36,"column":8},"end":{"line":36,"column":40}},"7":{"start":{"line":38,"column":8},"end":{"line":45,"column":11}},"8":{"start":{"line":46,"column":8},"end":{"line":52,"column":null}},"9":{"start":{"line":47,"column":12},"end":{"line":47,"column":36}},"10":{"start":{"line":48,"column":12},"end":{"line":48,"column":55}},"11":{"start":{"line":50,"column":12},"end":{"line":50,"column":37}},"12":{"start":{"line":51,"column":12},"end":{"line":51,"column":52}},"13":{"start":{"line":56,"column":8},"end":{"line":58,"column":null}},"14":{"start":{"line":57,"column":12},"end":{"line":57,"column":65}},"15":{"start":{"line":59,"column":8},"end":{"line":59,"column":63}},"16":{"start":{"line":63,"column":8},"end":{"line":67,"column":null}},"17":{"start":{"line":64,"column":12},"end":{"line":64,"column":36}},"18":{"start":{"line":65,"column":12},"end":{"line":65,"column":55}},"19":{"start":{"line":66,"column":12},"end":{"line":66,"column":19}},"20":{"start":{"line":68,"column":8},"end":{"line":68,"column":35}},"21":{"start":{"line":69,"column":8},"end":{"line":69,"column":38}},"22":{"start":{"line":70,"column":8},"end":{"line":70,"column":43}},"23":{"start":{"line":71,"column":8},"end":{"line":71,"column":32}},"24":{"start":{"line":75,"column":23},"end":{"line":75,"column":52}},"25":{"start":{"line":76,"column":8},"end":{"line":81,"column":null}},"26":{"start":{"line":77,"column":12},"end":{"line":80,"column":15}},"27":{"start":{"line":85,"column":8},"end":{"line":85,"column":60}},"28":{"start":{"line":85,"column":31},"end":{"line":85,"column":60}},"29":{"start":{"line":86,"column":8},"end":{"line":100,"column":null}},"30":{"start":{"line":87,"column":12},"end":{"line":93,"column":15}},"31":{"start":{"line":89,"column":51},"end":{"line":91,"column":18}},"32":{"start":{"line":95,"column":12},"end":{"line":98,"column":null}},"33":{"start":{"line":96,"column":16},"end":{"line":96,"column":41}},"34":{"start":{"line":97,"column":16},"end":{"line":97,"column":56}},"35":{"start":{"line":99,"column":12},"end":{"line":99,"column":51}},"36":{"start":{"line":104,"column":8},"end":{"line":104,"column":60}},"37":{"start":{"line":104,"column":31},"end":{"line":104,"column":60}},"38":{"start":{"line":105,"column":8},"end":{"line":117,"column":null}},"39":{"start":{"line":106,"column":12},"end":{"line":110,"column":15}},"40":{"start":{"line":112,"column":12},"end":{"line":115,"column":null}},"41":{"start":{"line":113,"column":16},"end":{"line":113,"column":41}},"42":{"start":{"line":114,"column":16},"end":{"line":114,"column":56}},"43":{"start":{"line":116,"column":12},"end":{"line":116,"column":55}},"44":{"start":{"line":125,"column":8},"end":{"line":125,"column":60}},"45":{"start":{"line":125,"column":31},"end":{"line":125,"column":60}},"46":{"start":{"line":127,"column":8},"end":{"line":139,"column":null}},"47":{"start":{"line":128,"column":12},"end":{"line":132,"column":15}},"48":{"start":{"line":134,"column":12},"end":{"line":137,"column":null}},"49":{"start":{"line":135,"column":16},"end":{"line":135,"column":41}},"50":{"start":{"line":136,"column":16},"end":{"line":136,"column":56}},"51":{"start":{"line":138,"column":12},"end":{"line":138,"column":77}},"52":{"start":{"line":154,"column":8},"end":{"line":154,"column":60}},"53":{"start":{"line":154,"column":31},"end":{"line":154,"column":60}},"54":{"start":{"line":155,"column":8},"end":{"line":170,"column":null}},"55":{"start":{"line":156,"column":12},"end":{"line":163,"column":15}},"56":{"start":{"line":158,"column":60},"end":{"line":161,"column":18}},"57":{"start":{"line":165,"column":12},"end":{"line":168,"column":null}},"58":{"start":{"line":166,"column":16},"end":{"line":166,"column":41}},"59":{"start":{"line":167,"column":16},"end":{"line":167,"column":56}},"60":{"start":{"line":169,"column":12},"end":{"line":169,"column":54}},"61":{"start":{"line":6,"column":21},"end":{"line":6,"column":null}}},"fnMap":{"0":{"name":"(anonymous_1)","decl":{"start":{"line":14,"column":4},"end":{"line":14,"column":null}},"loc":{"start":{"line":14,"column":4},"end":{"line":53,"column":5}}},"1":{"name":"(anonymous_2)","decl":{"start":{"line":55,"column":4},"end":{"line":55,"column":10}},"loc":{"start":{"line":55,"column":22},"end":{"line":60,"column":5}}},"2":{"name":"(anonymous_3)","decl":{"start":{"line":62,"column":4},"end":{"line":62,"column":9}},"loc":{"start":{"line":62,"column":17},"end":{"line":72,"column":5}}},"3":{"name":"(anonymous_4)","decl":{"start":{"line":74,"column":4},"end":{"line":74,"column":9}},"loc":{"start":{"line":74,"column":35},"end":{"line":82,"column":5}}},"4":{"name":"(anonymous_5)","decl":{"start":{"line":84,"column":4},"end":{"line":84,"column":9}},"loc":{"start":{"line":84,"column":46},"end":{"line":101,"column":5}}},"5":{"name":"(anonymous_6)","decl":{"start":{"line":89,"column":39},"end":{"line":89,"column":46}},"loc":{"start":{"line":89,"column":51},"end":{"line":91,"column":18}}},"6":{"name":"(anonymous_7)","decl":{"start":{"line":103,"column":4},"end":{"line":103,"column":9}},"loc":{"start":{"line":103,"column":55},"end":{"line":118,"column":5}}},"7":{"name":"(anonymous_8)","decl":{"start":{"line":120,"column":4},"end":{"line":120,"column":9}},"loc":{"start":{"line":123,"column":43},"end":{"line":140,"column":5}}},"8":{"name":"(anonymous_9)","decl":{"start":{"line":149,"column":4},"end":{"line":149,"column":9}},"loc":{"start":{"line":152,"column":31},"end":{"line":171,"column":5}}},"9":{"name":"(anonymous_10)","decl":{"start":{"line":158,"column":48},"end":{"line":158,"column":55}},"loc":{"start":{"line":158,"column":60},"end":{"line":161,"column":18}}}},"branchMap":{"0":{"loc":{"start":{"line":20,"column":16},"end":{"line":32,"column":20}},"type":"cond-expr","locations":[{"start":{"line":21,"column":18},"end":{"line":31,"column":null}},{"start":{"line":32,"column":18},"end":{"line":32,"column":20}}]},"1":{"loc":{"start":{"line":46,"column":8},"end":{"line":52,"column":null}},"type":"if","locations":[{"start":{"line":46,"column":8},"end":{"line":52,"column":null}},{"start":{"line":49,"column":15},"end":{"line":52,"column":null}}]},"2":{"loc":{"start":{"line":56,"column":8},"end":{"line":58,"column":null}},"type":"if","locations":[{"start":{"line":56,"column":8},"end":{"line":58,"column":null}}]},"3":{"loc":{"start":{"line":63,"column":8},"end":{"line":67,"column":null}},"type":"if","locations":[{"start":{"line":63,"column":8},"end":{"line":67,"column":null}}]},"4":{"loc":{"start":{"line":76,"column":8},"end":{"line":81,"column":null}},"type":"if","locations":[{"start":{"line":76,"column":8},"end":{"line":81,"column":null}}]},"5":{"loc":{"start":{"line":85,"column":8},"end":{"line":85,"column":60}},"type":"if","locations":[{"start":{"line":85,"column":8},"end":{"line":85,"column":60}}]},"6":{"loc":{"start":{"line":95,"column":12},"end":{"line":98,"column":null}},"type":"if","locations":[{"start":{"line":95,"column":12},"end":{"line":98,"column":null}}]},"7":{"loc":{"start":{"line":104,"column":8},"end":{"line":104,"column":60}},"type":"if","locations":[{"start":{"line":104,"column":8},"end":{"line":104,"column":60}}]},"8":{"loc":{"start":{"line":112,"column":12},"end":{"line":115,"column":null}},"type":"if","locations":[{"start":{"line":112,"column":12},"end":{"line":115,"column":null}}]},"9":{"loc":{"start":{"line":123,"column":8},"end":{"line":123,"column":43}},"type":"default-arg","locations":[{"start":{"line":123,"column":34},"end":{"line":123,"column":43}}]},"10":{"loc":{"start":{"line":125,"column":8},"end":{"line":125,"column":60}},"type":"if","locations":[{"start":{"line":125,"column":8},"end":{"line":125,"column":60}}]},"11":{"loc":{"start":{"line":134,"column":12},"end":{"line":137,"column":null}},"type":"if","locations":[{"start":{"line":134,"column":12},"end":{"line":137,"column":null}}]},"12":{"loc":{"start":{"line":154,"column":8},"end":{"line":154,"column":60}},"type":"if","locations":[{"start":{"line":154,"column":8},"end":{"line":154,"column":60}}]},"13":{"loc":{"start":{"line":165,"column":12},"end":{"line":168,"column":null}},"type":"if","locations":[{"start":{"line":165,"column":12},"end":{"line":168,"column":null}}]}},"s":{"0":4,"1":4,"2":4,"3":4,"4":4,"5":4,"6":4,"7":4,"8":4,"9":4,"10":4,"11":0,"12":0,"13":4,"14":4,"15":4,"16":0,"17":0,"18":0,"19":0,"20":0,"21":0,"22":0,"23":0,"24":0,"25":0,"26":0,"27":0,"28":0,"29":0,"30":0,"31":0,"32":0,"33":0,"34":0,"35":0,"36":0,"37":0,"38":0,"39":0,"40":0,"41":0,"42":0,"43":0,"44":0,"45":0,"46":0,"47":0,"48":0,"49":0,"50":0,"51":0,"52":0,"53":0,"54":0,"55":0,"56":0,"57":0,"58":0,"59":0,"60":0,"61":4},"f":{"0":4,"1":4,"2":0,"3":0,"4":0,"5":0,"6":0,"7":0,"8":0,"9":0},"b":{"0":[0,4],"1":[4,0],"2":[4],"3":[0],"4":[0],"5":[0],"6":[0],"7":[0],"8":[0],"9":[0],"10":[0],"11":[0],"12":[0],"13":[0]}}
,"/Users/sushantyadav/Downloads/city-mall/product-store/packages/commons/src/clients/kafka/index.ts": {"path":"/Users/sushantyadav/Downloads/city-mall/product-store/packages/commons/src/clients/kafka/index.ts","statementMap":{"0":{"start":{"line":1,"column":0},"end":{"line":1,"column":9}},"1":{"start":{"line":1,"column":9},"end":{"line":1,"column":28}},"2":{"start":{"line":2,"column":0},"end":{"line":2,"column":9}},"3":{"start":{"line":2,"column":9},"end":{"line":2,"column":28}},"4":{"start":{"line":3,"column":0},"end":{"line":3,"column":9}},"5":{"start":{"line":3,"column":9},"end":{"line":3,"column":37}},"6":{"start":{"line":4,"column":0},"end":{"line":4,"column":43}},"7":{"start":{"line":5,"column":0},"end":{"line":5,"column":9}},"8":{"start":{"line":5,"column":9},"end":{"line":5,"column":31}}},"fnMap":{"0":{"name":"(anonymous_7)","decl":{"start":{"line":1,"column":9},"end":{"line":1,"column":16}},"loc":{"start":{"line":1,"column":9},"end":{"line":1,"column":28}}},"1":{"name":"(anonymous_8)","decl":{"start":{"line":2,"column":9},"end":{"line":2,"column":16}},"loc":{"start":{"line":2,"column":9},"end":{"line":2,"column":28}}},"2":{"name":"(anonymous_9)","decl":{"start":{"line":3,"column":9},"end":{"line":3,"column":16}},"loc":{"start":{"line":3,"column":9},"end":{"line":3,"column":37}}},"3":{"name":"(anonymous_10)","decl":{"start":{"line":5,"column":9},"end":{"line":5,"column":16}},"loc":{"start":{"line":5,"column":9},"end":{"line":5,"column":31}}}},"branchMap":{},"s":{"0":4,"1":4,"2":4,"3":4,"4":4,"5":4,"6":4,"7":4,"8":4},"f":{"0":0,"1":0,"2":0,"3":0},"b":{}}
,"/Users/sushantyadav/Downloads/city-mall/product-store/packages/commons/src/clients/kafka/kafkaUtils.ts": {"path":"/Users/sushantyadav/Downloads/city-mall/product-store/packages/commons/src/clients/kafka/kafkaUtils.ts","statementMap":{"0":{"start":{"line":3,"column":0},"end":{"line":3,"column":28}},"1":{"start":{"line":4,"column":0},"end":{"line":4,"column":59}},"2":{"start":{"line":5,"column":0},"end":{"line":5,"column":59}},"3":{"start":{"line":22,"column":0},"end":{"line":22,"column":49}},"4":{"start":{"line":23,"column":0},"end":{"line":23,"column":44}},"5":{"start":{"line":24,"column":0},"end":{"line":24,"column":23}},"6":{"start":{"line":26,"column":17},"end":{"line":26,"column":44}},"7":{"start":{"line":31,"column":4},"end":{"line":31,"column":73}},"8":{"start":{"line":28,"column":0},"end":{"line":28,"column":16}},"9":{"start":{"line":35,"column":4},"end":{"line":35,"column":66}},"10":{"start":{"line":34,"column":0},"end":{"line":34,"column":16}},"11":{"start":{"line":39,"column":4},"end":{"line":39,"column":75}},"12":{"start":{"line":38,"column":0},"end":{"line":38,"column":16}},"13":{"start":{"line":43,"column":4},"end":{"line":43,"column":72}},"14":{"start":{"line":42,"column":0},"end":{"line":42,"column":16}},"15":{"start":{"line":47,"column":4},"end":{"line":47,"column":59}},"16":{"start":{"line":46,"column":0},"end":{"line":46,"column":16}},"17":{"start":{"line":54,"column":4},"end":{"line":58,"column":6}},"18":{"start":{"line":50,"column":0},"end":{"line":50,"column":16}},"19":{"start":{"line":64,"column":4},"end":{"line":67,"column":6}},"20":{"start":{"line":61,"column":0},"end":{"line":61,"column":16}},"21":{"start":{"line":71,"column":4},"end":{"line":71,"column":63}},"22":{"start":{"line":70,"column":0},"end":{"line":70,"column":16}},"23":{"start":{"line":79,"column":18},"end":{"line":81,"column":31}},"24":{"start":{"line":82,"column":4},"end":{"line":82,"column":63}},"25":{"start":{"line":74,"column":0},"end":{"line":74,"column":16}},"26":{"start":{"line":90,"column":18},"end":{"line":90,"column":57}},"27":{"start":{"line":91,"column":4},"end":{"line":91,"column":63}},"28":{"start":{"line":85,"column":0},"end":{"line":85,"column":16}},"29":{"start":{"line":95,"column":4},"end":{"line":95,"column":76}},"30":{"start":{"line":94,"column":0},"end":{"line":94,"column":16}},"31":{"start":{"line":99,"column":4},"end":{"line":99,"column":71}},"32":{"start":{"line":98,"column":0},"end":{"line":98,"column":16}},"33":{"start":{"line":106,"column":4},"end":{"line":110,"column":6}},"34":{"start":{"line":102,"column":0},"end":{"line":102,"column":16}},"35":{"start":{"line":116,"column":4},"end":{"line":119,"column":6}},"36":{"start":{"line":113,"column":0},"end":{"line":113,"column":16}},"37":{"start":{"line":123,"column":4},"end":{"line":123,"column":66}},"38":{"start":{"line":122,"column":0},"end":{"line":122,"column":16}},"39":{"start":{"line":127,"column":4},"end":{"line":127,"column":71}},"40":{"start":{"line":126,"column":0},"end":{"line":126,"column":16}},"41":{"start":{"line":133,"column":4},"end":{"line":136,"column":6}},"42":{"start":{"line":130,"column":0},"end":{"line":130,"column":16}},"43":{"start":{"line":140,"column":4},"end":{"line":140,"column":70}},"44":{"start":{"line":139,"column":0},"end":{"line":139,"column":16}},"45":{"start":{"line":144,"column":4},"end":{"line":144,"column":71}},"46":{"start":{"line":143,"column":0},"end":{"line":143,"column":16}},"47":{"start":{"line":148,"column":20},"end":{"line":151,"column":6}},"48":{"start":{"line":152,"column":4},"end":{"line":155,"column":6}},"49":{"start":{"line":147,"column":0},"end":{"line":147,"column":16}},"50":{"start":{"line":159,"column":21},"end":{"line":159,"column":23}},"51":{"start":{"line":160,"column":4},"end":{"line":165,"column":null}},"52":{"start":{"line":161,"column":8},"end":{"line":164,"column":11}},"53":{"start":{"line":166,"column":4},"end":{"line":166,"column":71}},"54":{"start":{"line":158,"column":0},"end":{"line":158,"column":7}},"55":{"start":{"line":173,"column":20},"end":{"line":181,"column":6}},"56":{"start":{"line":183,"column":4},"end":{"line":186,"column":6}},"57":{"start":{"line":169,"column":0},"end":{"line":169,"column":7}},"58":{"start":{"line":190,"column":4},"end":{"line":193,"column":6}},"59":{"start":{"line":189,"column":0},"end":{"line":189,"column":16}},"60":{"start":{"line":200,"column":19},"end":{"line":200,"column":65}},"61":{"start":{"line":201,"column":20},"end":{"line":201,"column":55}},"62":{"start":{"line":202,"column":21},"end":{"line":202,"column":57}},"63":{"start":{"line":203,"column":21},"end":{"line":203,"column":57}},"64":{"start":{"line":205,"column":18},"end":{"line":222,"column":6}},"65":{"start":{"line":224,"column":18},"end":{"line":224,"column":31}},"66":{"start":{"line":225,"column":4},"end":{"line":225,"column":26}},"67":{"start":{"line":227,"column":19},"end":{"line":227,"column":43}},"68":{"start":{"line":229,"column":4},"end":{"line":234,"column":null}},"69":{"start":{"line":230,"column":8},"end":{"line":233,"column":11}},"70":{"start":{"line":236,"column":4},"end":{"line":236,"column":29}},"71":{"start":{"line":196,"column":0},"end":{"line":196,"column":7}},"72":{"start":{"line":243,"column":19},"end":{"line":243,"column":65}},"73":{"start":{"line":244,"column":20},"end":{"line":244,"column":55}},"74":{"start":{"line":245,"column":21},"end":{"line":245,"column":57}},"75":{"start":{"line":246,"column":21},"end":{"line":246,"column":57}},"76":{"start":{"line":248,"column":18},"end":{"line":262,"column":6}},"77":{"start":{"line":264,"column":18},"end":{"line":264,"column":31}},"78":{"start":{"line":265,"column":4},"end":{"line":265,"column":26}},"79":{"start":{"line":267,"column":4},"end":{"line":269,"column":7}},"80":{"start":{"line":271,"column":4},"end":{"line":271,"column":29}},"81":{"start":{"line":239,"column":0},"end":{"line":239,"column":7}},"82":{"start":{"line":275,"column":19},"end":{"line":275,"column":65}},"83":{"start":{"line":276,"column":20},"end":{"line":276,"column":55}},"84":{"start":{"line":277,"column":21},"end":{"line":277,"column":57}},"85":{"start":{"line":278,"column":21},"end":{"line":278,"column":57}},"86":{"start":{"line":280,"column":18},"end":{"line":294,"column":6}},"87":{"start":{"line":296,"column":18},"end":{"line":296,"column":31}},"88":{"start":{"line":297,"column":4},"end":{"line":297,"column":26}},"89":{"start":{"line":299,"column":4},"end":{"line":305,"column":6}},"90":{"start":{"line":307,"column":4},"end":{"line":307,"column":29}},"91":{"start":{"line":274,"column":0},"end":{"line":274,"column":7}},"92":{"start":{"line":311,"column":4},"end":{"line":311,"column":80}},"93":{"start":{"line":310,"column":0},"end":{"line":310,"column":16}},"94":{"start":{"line":318,"column":4},"end":{"line":320,"column":7}},"95":{"start":{"line":314,"column":0},"end":{"line":314,"column":16}},"96":{"start":{"line":327,"column":19},"end":{"line":327,"column":65}},"97":{"start":{"line":328,"column":20},"end":{"line":328,"column":55}},"98":{"start":{"line":329,"column":21},"end":{"line":329,"column":57}},"99":{"start":{"line":330,"column":21},"end":{"line":330,"column":57}},"100":{"start":{"line":332,"column":18},"end":{"line":346,"column":6}},"101":{"start":{"line":348,"column":18},"end":{"line":348,"column":31}},"102":{"start":{"line":349,"column":4},"end":{"line":349,"column":26}},"103":{"start":{"line":351,"column":17},"end":{"line":351,"column":52}},"104":{"start":{"line":352,"column":4},"end":{"line":352,"column":60}},"105":{"start":{"line":352,"column":42},"end":{"line":352,"column":60}},"106":{"start":{"line":354,"column":23},"end":{"line":354,"column":59}},"107":{"start":{"line":355,"column":27},"end":{"line":359,"column":6}},"108":{"start":{"line":360,"column":31},"end":{"line":360,"column":63}},"109":{"start":{"line":361,"column":35},"end":{"line":363,"column":null}},"110":{"start":{"line":372,"column":10},"end":{"line":372,"column":12}},"111":{"start":{"line":374,"column":4},"end":{"line":393,"column":null}},"112":{"start":{"line":375,"column":33},"end":{"line":376,"column":null}},"113":{"start":{"line":378,"column":27},"end":{"line":378,"column":62}},"114":{"start":{"line":379,"column":8},"end":{"line":392,"column":40}},"115":{"start":{"line":381,"column":26},"end":{"line":381,"column":47}},"116":{"start":{"line":382,"column":26},"end":{"line":382,"column":51}},"117":{"start":{"line":383,"column":28},"end":{"line":383,"column":64}},"118":{"start":{"line":384,"column":16},"end":{"line":390,"column":18}},"119":{"start":{"line":392,"column":26},"end":{"line":392,"column":38}},"120":{"start":{"line":395,"column":25},"end":{"line":395,"column":54}},"121":{"start":{"line":396,"column":25},"end":{"line":396,"column":73}},"122":{"start":{"line":397,"column":4},"end":{"line":403,"column":null}},"123":{"start":{"line":398,"column":8},"end":{"line":402,"column":10}},"124":{"start":{"line":400,"column":32},"end":{"line":400,"column":57}},"125":{"start":{"line":401,"column":28},"end":{"line":401,"column":65}},"126":{"start":{"line":405,"column":4},"end":{"line":405,"column":29}},"127":{"start":{"line":323,"column":0},"end":{"line":323,"column":7}},"128":{"start":{"line":409,"column":19},"end":{"line":409,"column":65}},"129":{"start":{"line":410,"column":20},"end":{"line":410,"column":55}},"130":{"start":{"line":411,"column":21},"end":{"line":411,"column":57}},"131":{"start":{"line":412,"column":21},"end":{"line":412,"column":57}},"132":{"start":{"line":414,"column":18},"end":{"line":432,"column":6}},"133":{"start":{"line":420,"column":49},"end":{"line":420,"column":58}},"134":{"start":{"line":434,"column":18},"end":{"line":434,"column":31}},"135":{"start":{"line":435,"column":4},"end":{"line":435,"column":26}},"136":{"start":{"line":437,"column":4},"end":{"line":437,"column":38}},"137":{"start":{"line":439,"column":4},"end":{"line":439,"column":29}},"138":{"start":{"line":408,"column":0},"end":{"line":408,"column":7}}},"fnMap":{"0":{"name":"sendSingleMeeshoProductUploadMessage","decl":{"start":{"line":28,"column":16},"end":{"line":28,"column":52}},"loc":{"start":{"line":29,"column":33},"end":{"line":32,"column":1}}},"1":{"name":"sendRaw","decl":{"start":{"line":34,"column":16},"end":{"line":34,"column":23}},"loc":{"start":{"line":34,"column":42},"end":{"line":36,"column":1}}},"2":{"name":"sendRawToCatalougeParallelQueue","decl":{"start":{"line":38,"column":16},"end":{"line":38,"column":47}},"loc":{"start":{"line":38,"column":66},"end":{"line":40,"column":1}}},"3":{"name":"sendSingleComboUpdateMessage","decl":{"start":{"line":42,"column":16},"end":{"line":42,"column":44}},"loc":{"start":{"line":42,"column":67},"end":{"line":44,"column":1}}},"4":{"name":"sendComboUpdateMessage","decl":{"start":{"line":46,"column":16},"end":{"line":46,"column":38}},"loc":{"start":{"line":46,"column":63},"end":{"line":48,"column":1}}},"5":{"name":"sendPcwManualMessageWithPartitioner","decl":{"start":{"line":50,"column":16},"end":{"line":50,"column":51}},"loc":{"start":{"line":52,"column":16},"end":{"line":59,"column":1}}},"6":{"name":"sendPcwManualSingleMessage","decl":{"start":{"line":61,"column":16},"end":{"line":61,"column":42}},"loc":{"start":{"line":62,"column":42},"end":{"line":68,"column":1}}},"7":{"name":"sendCatalogueUpdateMessage","decl":{"start":{"line":70,"column":16},"end":{"line":70,"column":42}},"loc":{"start":{"line":70,"column":68},"end":{"line":72,"column":1}}},"8":{"name":"sendIudEventWithPartitioner","decl":{"start":{"line":74,"column":16},"end":{"line":74,"column":43}},"loc":{"start":{"line":77,"column":26},"end":{"line":83,"column":1}}},"9":{"name":"sendProdCatAutoEventWithPartitioner","decl":{"start":{"line":85,"column":16},"end":{"line":85,"column":51}},"loc":{"start":{"line":88,"column":26},"end":{"line":92,"column":1}}},"10":{"name":"sendSingleCatalogueUpdateMessage","decl":{"start":{"line":94,"column":16},"end":{"line":94,"column":48}},"loc":{"start":{"line":94,"column":72},"end":{"line":96,"column":1}}},"11":{"name":"sendEventsPubSingleMessage","decl":{"start":{"line":98,"column":16},"end":{"line":98,"column":42}},"loc":{"start":{"line":98,"column":69},"end":{"line":100,"column":1}}},"12":{"name":"sendMongoWriteSingleMessage","decl":{"start":{"line":102,"column":16},"end":{"line":102,"column":43}},"loc":{"start":{"line":104,"column":40},"end":{"line":111,"column":1}}},"13":{"name":"sendSetPrimaryVariantSingleMessage","decl":{"start":{"line":113,"column":16},"end":{"line":113,"column":50}},"loc":{"start":{"line":114,"column":39},"end":{"line":120,"column":1}}},"14":{"name":"sendMongoWriteMessage","decl":{"start":{"line":122,"column":16},"end":{"line":122,"column":37}},"loc":{"start":{"line":122,"column":68},"end":{"line":124,"column":1}}},"15":{"name":"sendTagsWiseEventMessage","decl":{"start":{"line":126,"column":16},"end":{"line":126,"column":40}},"loc":{"start":{"line":126,"column":72},"end":{"line":128,"column":1}}},"16":{"name":"sendSingleImageOptimizingMessage","decl":{"start":{"line":130,"column":16},"end":{"line":130,"column":48}},"loc":{"start":{"line":131,"column":35},"end":{"line":137,"column":1}}},"17":{"name":"sendSingleIudEvent","decl":{"start":{"line":139,"column":16},"end":{"line":139,"column":34}},"loc":{"start":{"line":139,"column":67},"end":{"line":141,"column":1}}},"18":{"name":"sendPamsUpsertEvent","decl":{"start":{"line":143,"column":16},"end":{"line":143,"column":35}},"loc":{"start":{"line":143,"column":57},"end":{"line":145,"column":1}}},"19":{"name":"sendSingleInventryUpsertEvent","decl":{"start":{"line":147,"column":16},"end":{"line":147,"column":45}},"loc":{"start":{"line":147,"column":69},"end":{"line":156,"column":1}}},"20":{"name":"sendInventryUpsertEvent","decl":{"start":{"line":158,"column":22},"end":{"line":158,"column":45}},"loc":{"start":{"line":158,"column":71},"end":{"line":167,"column":1}}},"21":{"name":"sendWmsShippingErroredEvent","decl":{"start":{"line":169,"column":22},"end":{"line":169,"column":49}},"loc":{"start":{"line":171,"column":20},"end":{"line":187,"column":1}}},"22":{"name":"sendSingleUserDataToMoloco","decl":{"start":{"line":189,"column":16},"end":{"line":189,"column":42}},"loc":{"start":{"line":189,"column":69},"end":{"line":194,"column":1}}},"23":{"name":"createTopicIfNotExists","decl":{"start":{"line":196,"column":22},"end":{"line":196,"column":44}},"loc":{"start":{"line":198,"column":18},"end":{"line":237,"column":1}}},"24":{"name":"updatePartitons","decl":{"start":{"line":239,"column":22},"end":{"line":239,"column":37}},"loc":{"start":{"line":241,"column":22},"end":{"line":272,"column":1}}},"25":{"name":"topicDetails","decl":{"start":{"line":274,"column":22},"end":{"line":274,"column":34}},"loc":{"start":{"line":274,"column":48},"end":{"line":308,"column":1}}},"26":{"name":"sendSingleSlackMessage","decl":{"start":{"line":310,"column":16},"end":{"line":310,"column":38}},"loc":{"start":{"line":310,"column":61},"end":{"line":312,"column":1}}},"27":{"name":"sendProductMasterEvent","decl":{"start":{"line":314,"column":16},"end":{"line":314,"column":38}},"loc":{"start":{"line":316,"column":27},"end":{"line":321,"column":1}}},"28":{"name":"describeGroups","decl":{"start":{"line":323,"column":22},"end":{"line":323,"column":36}},"loc":{"start":{"line":325,"column":17},"end":{"line":406,"column":1}}},"29":{"name":"(anonymous_30)","decl":{"start":{"line":380,"column":18},"end":{"line":380,"column":19}},"loc":{"start":{"line":380,"column":22},"end":{"line":391,"column":13}}},"30":{"name":"(anonymous_31)","decl":{"start":{"line":392,"column":21},"end":{"line":392,"column":22}},"loc":{"start":{"line":392,"column":26},"end":{"line":392,"column":38}}},"31":{"name":"(anonymous_32)","decl":{"start":{"line":400,"column":22},"end":{"line":400,"column":23}},"loc":{"start":{"line":400,"column":32},"end":{"line":400,"column":57}}},"32":{"name":"(anonymous_33)","decl":{"start":{"line":401,"column":21},"end":{"line":401,"column":23}},"loc":{"start":{"line":401,"column":28},"end":{"line":401,"column":65}}},"33":{"name":"deleteConsumerGroup","decl":{"start":{"line":408,"column":22},"end":{"line":408,"column":41}},"loc":{"start":{"line":408,"column":55},"end":{"line":440,"column":1}}},"34":{"name":"(anonymous_35)","decl":{"start":{"line":420,"column":43},"end":{"line":420,"column":46}},"loc":{"start":{"line":420,"column":49},"end":{"line":420,"column":58}}}},"branchMap":{"0":{"loc":{"start":{"line":77,"column":4},"end":{"line":77,"column":26}},"type":"default-arg","locations":[{"start":{"line":77,"column":21},"end":{"line":77,"column":26}}]},"1":{"loc":{"start":{"line":79,"column":18},"end":{"line":81,"column":31}},"type":"cond-expr","locations":[{"start":{"line":80,"column":10},"end":{"line":80,"column":40}},{"start":{"line":81,"column":10},"end":{"line":81,"column":31}}]},"2":{"loc":{"start":{"line":88,"column":4},"end":{"line":88,"column":26}},"type":"default-arg","locations":[{"start":{"line":88,"column":21},"end":{"line":88,"column":26}}]},"3":{"loc":{"start":{"line":104,"column":4},"end":{"line":104,"column":40}},"type":"default-arg","locations":[{"start":{"line":104,"column":31},"end":{"line":104,"column":40}}]},"4":{"loc":{"start":{"line":198,"column":4},"end":{"line":198,"column":18}},"type":"default-arg","locations":[{"start":{"line":198,"column":17},"end":{"line":198,"column":18}}]},"5":{"loc":{"start":{"line":208,"column":12},"end":{"line":220,"column":16}},"type":"cond-expr","locations":[{"start":{"line":209,"column":14},"end":{"line":219,"column":null}},{"start":{"line":220,"column":14},"end":{"line":220,"column":16}}]},"6":{"loc":{"start":{"line":229,"column":4},"end":{"line":234,"column":null}},"type":"if","locations":[{"start":{"line":229,"column":4},"end":{"line":234,"column":null}}]},"7":{"loc":{"start":{"line":251,"column":12},"end":{"line":260,"column":16}},"type":"cond-expr","locations":[{"start":{"line":252,"column":14},"end":{"line":259,"column":null}},{"start":{"line":260,"column":14},"end":{"line":260,"column":16}}]},"8":{"loc":{"start":{"line":283,"column":12},"end":{"line":292,"column":16}},"type":"cond-expr","locations":[{"start":{"line":284,"column":14},"end":{"line":291,"column":null}},{"start":{"line":292,"column":14},"end":{"line":292,"column":16}}]},"9":{"loc":{"start":{"line":335,"column":12},"end":{"line":344,"column":16}},"type":"cond-expr","locations":[{"start":{"line":336,"column":14},"end":{"line":343,"column":null}},{"start":{"line":344,"column":14},"end":{"line":344,"column":16}}]},"10":{"loc":{"start":{"line":352,"column":4},"end":{"line":352,"column":60}},"type":"if","locations":[{"start":{"line":352,"column":4},"end":{"line":352,"column":60}}]},"11":{"loc":{"start":{"line":389,"column":34},"end":{"line":389,"column":52}},"type":"cond-expr","locations":[{"start":{"line":389,"column":45},"end":{"line":389,"column":48}},{"start":{"line":389,"column":51},"end":{"line":389,"column":52}}]},"12":{"loc":{"start":{"line":396,"column":25},"end":{"line":396,"column":73}},"type":"binary-expr","locations":[{"start":{"line":396,"column":25},"end":{"line":396,"column":68}},{"start":{"line":396,"column":72},"end":{"line":396,"column":73}}]},"13":{"loc":{"start":{"line":397,"column":4},"end":{"line":403,"column":null}},"type":"if","locations":[{"start":{"line":397,"column":4},"end":{"line":403,"column":null}}]},"14":{"loc":{"start":{"line":417,"column":12},"end":{"line":430,"column":16}},"type":"cond-expr","locations":[{"start":{"line":418,"column":14},"end":{"line":429,"column":null}},{"start":{"line":430,"column":14},"end":{"line":430,"column":16}}]}},"s":{"0":4,"1":4,"2":4,"3":4,"4":4,"5":4,"6":4,"7":0,"8":4,"9":0,"10":4,"11":0,"12":4,"13":0,"14":4,"15":0,"16":4,"17":0,"18":4,"19":0,"20":4,"21":0,"22":4,"23":0,"24":0,"25":4,"26":0,"27":0,"28":4,"29":0,"30":4,"31":0,"32":4,"33":0,"34":4,"35":0,"36":4,"37":0,"38":4,"39":0,"40":4,"41":0,"42":4,"43":0,"44":4,"45":0,"46":4,"47":0,"48":0,"49":4,"50":0,"51":0,"52":0,"53":0,"54":4,"55":0,"56":0,"57":4,"58":0,"59":4,"60":0,"61":0,"62":0,"63":0,"64":0,"65":0,"66":0,"67":0,"68":0,"69":0,"70":0,"71":4,"72":0,"73":0,"74":0,"75":0,"76":0,"77":0,"78":0,"79":0,"80":0,"81":4,"82":0,"83":0,"84":0,"85":0,"86":0,"87":0,"88":0,"89":0,"90":0,"91":4,"92":0,"93":4,"94":0,"95":4,"96":0,"97":0,"98":0,"99":0,"100":0,"101":0,"102":0,"103":0,"104":0,"105":0,"106":0,"107":0,"108":0,"109":0,"110":0,"111":0,"112":0,"113":0,"114":0,"115":0,"116":0,"117":0,"118":0,"119":0,"120":0,"121":0,"122":0,"123":0,"124":0,"125":0,"126":0,"127":4,"128":0,"129":0,"130":0,"131":0,"132":0,"133":0,"134":0,"135":0,"136":0,"137":0,"138":4},"f":{"0":0,"1":0,"2":0,"3":0,"4":0,"5":0,"6":0,"7":0,"8":0,"9":0,"10":0,"11":0,"12":0,"13":0,"14":0,"15":0,"16":0,"17":0,"18":0,"19":0,"20":0,"21":0,"22":0,"23":0,"24":0,"25":0,"26":0,"27":0,"28":0,"29":0,"30":0,"31":0,"32":0,"33":0,"34":0},"b":{"0":[0],"1":[0,0],"2":[0],"3":[0],"4":[0],"5":[0,0],"6":[0],"7":[0,0],"8":[0,0],"9":[0,0],"10":[0],"11":[0,0],"12":[0,0],"13":[0],"14":[0,0]}}
,"/Users/sushantyadav/Downloads/city-mall/product-store/packages/commons/src/clients/kafka/useKafkaJob.ts": {"path":"/Users/sushantyadav/Downloads/city-mall/product-store/packages/commons/src/clients/kafka/useKafkaJob.ts","statementMap":{"0":{"start":{"line":1,"column":0},"end":{"line":1,"column":28}},"1":{"start":{"line":2,"column":0},"end":{"line":2,"column":48}},"2":{"start":{"line":3,"column":0},"end":{"line":3,"column":31}},"3":{"start":{"line":4,"column":0},"end":{"line":4,"column":49}},"4":{"start":{"line":24,"column":19},"end":{"line":24,"column":65}},"5":{"start":{"line":25,"column":20},"end":{"line":25,"column":55}},"6":{"start":{"line":26,"column":21},"end":{"line":26,"column":57}},"7":{"start":{"line":27,"column":21},"end":{"line":27,"column":57}},"8":{"start":{"line":29,"column":44},"end":{"line":42,"column":6}},"9":{"start":{"line":44,"column":18},"end":{"line":58,"column":6}},"10":{"start":{"line":60,"column":4},"end":{"line":60,"column":55}},"11":{"start":{"line":62,"column":30},"end":{"line":64,"column":6}},"12":{"start":{"line":66,"column":21},"end":{"line":66,"column":53}},"13":{"start":{"line":67,"column":21},"end":{"line":71,"column":6}},"14":{"start":{"line":73,"column":4},"end":{"line":73,"column":29}},"15":{"start":{"line":75,"column":4},"end":{"line":78,"column":7}},"16":{"start":{"line":79,"column":4},"end":{"line":79,"column":62}},"17":{"start":{"line":81,"column":4},"end":{"line":90,"column":6}},"18":{"start":{"line":82,"column":8},"end":{"line":89,"column":10}},"19":{"start":{"line":83,"column":12},"end":{"line":88,"column":14}},"20":{"start":{"line":91,"column":4},"end":{"line":93,"column":7}},"21":{"start":{"line":92,"column":8},"end":{"line":92,"column":75}},"22":{"start":{"line":96,"column":8},"end":{"line":96,"column":30}},"23":{"start":{"line":97,"column":8},"end":{"line":97,"column":36}},"24":{"start":{"line":98,"column":8},"end":{"line":98,"column":45}},"25":{"start":{"line":102,"column":8},"end":{"line":151,"column":11}},"26":{"start":{"line":111,"column":16},"end":{"line":111,"column":58}},"27":{"start":{"line":112,"column":16},"end":{"line":114,"column":19}},"28":{"start":{"line":117,"column":16},"end":{"line":149,"column":19}},"29":{"start":{"line":118,"column":31},"end":{"line":118,"column":41}},"30":{"start":{"line":119,"column":20},"end":{"line":148,"column":null}},"31":{"start":{"line":120,"column":24},"end":{"line":120,"column":75}},"32":{"start":{"line":121,"column":24},"end":{"line":127,"column":27}},"33":{"star
[...]
t":{"line":101,"column":42},"end":{"line":101,"column":44}}]},"30":{"loc":{"start":{"line":102,"column":24},"end":{"line":102,"column":56}},"type":"binary-expr","locations":[{"start":{"line":102,"column":24},"end":{"line":102,"column":50}},{"start":{"line":102,"column":54},"end":{"line":102,"column":56}}]},"31":{"loc":{"start":{"line":103,"column":22},"end":{"line":103,"column":52}},"type":"binary-expr","locations":[{"start":{"line":103,"column":22},"end":{"line":103,"column":46}},{"start":{"line":103,"column":50},"end":{"line":103,"column":52}}]},"32":{"loc":{"start":{"line":106,"column":20},"end":{"line":106,"column":36}},"type":"binary-expr","locations":[{"start":{"line":106,"column":20},"end":{"line":106,"column":30}},{"start":{"line":106,"column":34},"end":{"line":106,"column":36}}]},"33":{"loc":{"start":{"line":107,"column":18},"end":{"line":107,"column":49}},"type":"binary-expr","locations":[{"start":{"line":107,"column":18},"end":{"line":107,"column":38}},{"start":{"line":107,"column":42},"end":{"line":107,"column":49}}]},"34":{"loc":{"start":{"line":108,"column":19},"end":{"line":108,"column":34}},"type":"binary-expr","locations":[{"start":{"line":108,"column":19},"end":{"line":108,"column":28}},{"start":{"line":108,"column":32},"end":{"line":108,"column":34}}]},"35":{"loc":{"start":{"line":109,"column":21},"end":{"line":109,"column":50}},"type":"binary-expr","locations":[{"start":{"line":109,"column":21},"end":{"line":109,"column":44}},{"start":{"line":109,"column":48},"end":{"line":109,"column":50}}]},"36":{"loc":{"start":{"line":110,"column":24},"end":{"line":110,"column":56}},"type":"binary-expr","locations":[{"start":{"line":110,"column":24},"end":{"line":110,"column":50}},{"start":{"line":110,"column":54},"end":{"line":110,"column":56}}]},"37":{"loc":{"start":{"line":119,"column":4},"end":{"line":121,"column":null}},"type":"if","locations":[{"start":{"line":119,"column":4},"end":{"line":121,"column":null}}]},"38":{"loc":{"start":{"line":123,"column":4},"end":{"line":125,"column":null}},"type":"if","locations":[{"start":{"line":123,"column":4},"end":{"line":125,"column":null}}]},"39":{"loc":{"start":{"line":127,"column":4},"end":{"line":132,"column":null}},"type":"if","locations":[{"start":{"line":127,"column":4},"end":{"line":132,"column":null}}]},"40":{"loc":{"start":{"line":128,"column":8},"end":{"line":129,"column":57}},"type":"binary-expr","locations":[{"start":{"line":128,"column":8},"end":{"line":128,"column":49}},{"start":{"line":129,"column":8},"end":{"line":129,"column":57}}]},"41":{"loc":{"start":{"line":134,"column":4},"end":{"line":143,"column":null}},"type":"if","locations":[{"start":{"line":134,"column":4},"end":{"line":143,"column":null}}]},"42":{"loc":{"start":{"line":135,"column":8},"end":{"line":140,"column":31}},"type":"binary-expr","locations":[{"start":{"line":135,"column":8},"end":{"line":135,"column":52}},{"start":{"line":136,"column":8},"end":{"line":140,"column":31}}]},"43":{"loc":{"start":{"line":153,"column":4},"end":{"line":155,"column":null}},"type":"if","locations":[{"start":{"line":153,"column":4},"end":{"line":155,"column":null}}]},"44":{"loc":{"start":{"line":157,"column":4},"end":{"line":163,"column":null}},"type":"if","locations":[{"start":{"line":157,"column":4},"end":{"line":163,"column":null}}]}},"s":{"0":3,"1":3,"2":3,"3":1,"4":1,"5":1,"6":1,"7":1,"8":1,"9":1,"10":3,"11":1,"12":0,"13":1,"14":0,"15":1,"16":0,"17":1,"18":0,"19":1,"20":3,"21":1,"22":1,"23":0,"24":0,"25":0,"26":3},"f":{"0":1,"1":1,"2":1},"b":{"0":[1,0],"1":[1,0],"2":[1,0],"3":[1,1],"4":[1,1],"5":[1,0],"6":[1,0],"7":[1,0],"8":[1,0],"9":[1,0],"10":[1,1],"11":[1,0],"12":[1,0],"13":[1,0],"14":[1,0],"15":[1,0],"16":[1,0],"17":[1,0],"18":[1,0],"19":[1,0],"20":[1,0],"21":[1,0],"22":[1,0],"23":[1,0],"24":[1,0],"25":[1,0],"26":[1,0],"27":[1,0],"28":[1,0],"29":[1,1],"30":[1,0],"31":[1,0],"32":[1,0],"33":[1,0],"34":[1,0],"35":[1,0],"36":[1,0],"37":[0],"38":[0],"39":[0],"40":[1,1],"41":[0],"42":[1,0],"43":[1],"44":[0]}}
,"/Users/sushantyadav/Downloads/city-mall/product-store/packages/commons/src/redis/utils/hashCode.ts": {"path":"/Users/sushantyadav/Downloads/city-mall/product-store/packages/commons/src/redis/utils/hashCode.ts","statementMap":{"0":{"start":{"line":1,"column":0},"end":{"line":1,"column":28}},"1":{"start":{"line":3,"column":24},"end":{"line":9,"column":1}},"2":{"start":{"line":4,"column":17},"end":{"line":7,"column":9}},"3":{"start":{"line":5,"column":8},"end":{"line":5,"column":43}},"4":{"start":{"line":6,"column":8},"end":{"line":6,"column":21}},"5":{"start":{"line":8,"column":4},"end":{"line":8,"column":51}},"6":{"start":{"line":3,"column":13},"end":{"line":3,"column":24}},"7":{"start":{"line":11,"column":26},"end":{"line":25,"column":1}},"8":{"start":{"line":13,"column":19},"end":{"line":13,"column":38}},"9":{"start":{"line":16,"column":17},"end":{"line":16,"column":44}},"10":{"start":{"line":17,"column":4},"end":{"line":17,"column":24}},"11":{"start":{"line":18,"column":22},"end":{"line":18,"column":35}},"12":{"start":{"line":21,"column":23},"end":{"line":21,"column":64}},"13":{"start":{"line":24,"column":4},"end":{"line":24,"column":39}},"14":{"start":{"line":11,"column":13},"end":{"line":11,"column":26}}},"fnMap":{"0":{"name":"(anonymous_1)","decl":{"start":{"line":3,"column":24},"end":{"line":3,"column":25}},"loc":{"start":{"line":3,"column":38},"end":{"line":9,"column":1}}},"1":{"name":"(anonymous_2)","decl":{"start":{"line":4,"column":36},"end":{"line":4,"column":37}},"loc":{"start":{"line":4,"column":45},"end":{"line":7,"column":5}}},"2":{"name":"(anonymous_3)","decl":{"start":{"line":11,"column":26},"end":{"line":11,"column":27}},"loc":{"start":{"line":11,"column":53},"end":{"line":25,"column":1}}}},"branchMap":{},"s":{"0":3,"1":3,"2":1,"3":14,"4":14,"5":1,"6":3,"7":3,"8":0,"9":0,"10":0,"11":0,"12":0,"13":0,"14":3},"f":{"0":1,"1":14,"2":0},"b":{}}
,"/Users/sushantyadav/Downloads/city-mall/product-store/packages/commons/src/redis/utils/index.ts": {"path":"/Users/sushantyadav/Downloads/city-mall/product-store/packages/commons/src/redis/utils/index.ts","statementMap":{"0":{"start":{"line":1,"column":0},"end":{"line":1,"column":9}},"1":{"start":{"line":1,"column":9},"end":{"line":1,"column":40}},"2":{"start":{"line":2,"column":0},"end":{"line":2,"column":9}},"3":{"start":{"line":2,"column":9},"end":{"line":2,"column":42}},"4":{"start":{"line":3,"column":0},"end":{"line":3,"column":9}},"5":{"start":{"line":3,"column":9},"end":{"line":3,"column":19}},"6":{"start":{"line":3,"column":19},"end":{"line":3,"column":50}}},"fnMap":{"0":{"name":"(anonymous_1)","decl":{"start":{"line":1,"column":9},"end":{"line":1,"column":16}},"loc":{"start":{"line":1,"column":9},"end":{"line":1,"column":40}}},"1":{"name":"(anonymous_2)","decl":{"start":{"line":2,"column":9},"end":{"line":2,"column":16}},"loc":{"start":{"line":2,"column":9},"end":{"line":2,"column":42}}},"2":{"name":"(anonymous_3)","decl":{"start":{"line":3,"column":9},"end":{"line":3,"column":17}},"loc":{"start":{"line":3,"column":9},"end":{"line":3,"column":19}}},"3":{"name":"(anonymous_4)","decl":{"start":{"line":3,"column":19},"end":{"line":3,"column":29}},"loc":{"start":{"line":3,"column":19},"end":{"line":3,"column":50}}}},"branchMap":{},"s":{"0":3,"1":7,"2":3,"3":4,"4":3,"5":4,"6":3},"f":{"0":4,"1":1,"2":1,"3":0},"b":{}}
,"/Users/sushantyadav/Downloads/city-mall/product-store/packages/commons/src/repositories/PgProductDao.ts": {"path":"/Users/sushantyadav/Downloads/city-mall/product-store/packages/commons/src/repositories/PgProductDao.ts","statementMap":{"0":{"start":{"line":1,"column":0},"end":{"line":1,"column":37}},"1":{"start":{"line":2,"column":0},"end":{"line":2,"column":23}},"2":{"start":{"line":3,"column":0},"end":{"line":3,"column":35}},"3":{"start":{"line":4,"column":0},"end":{"line":4,"column":31}},"4":{"start":{"line":12,"column":38},"end":{"line":12,"column":49}},"5":{"start":{"line":15,"column":33},"end":{"line":15,"column":65}},"6":{"start":{"line":22,"column":31},"end":{"line":34,"column":null}},"7":{"start":{"line":36,"column":8},"end":{"line":36,"column":70}},"8":{"start":{"line":45,"column":27},"end":{"line":45,"column":54}},"9":{"start":{"line":46,"column":31},"end":{"line":56,"column":null}},"10":{"start":{"line":59,"column":8},"end":{"line":59,"column":70}},"11":{"start":{"line":64,"column":28},"end":{"line":74,"column":null}},"12":{"start":{"line":77,"column":8},"end":{"line":77,"column":27}},"13":{"start":{"line":84,"column":22},"end":{"line":88,"column":10}},"14":{"start":{"line":90,"column":41},"end":{"line":95,"column":10}},"15":{"start":{"line":96,"column":8},"end":{"line":98,"column":null}},"16":{"start":{"line":97,"column":12},"end":{"line":97,"column":24}},"17":{"start":{"line":99,"column":31},"end":{"line":99,"column":55}},"18":{"start":{"line":100,"column":8},"end":{"line":102,"column":10}},"19":{"start":{"line":104,"column":8},"end":{"line":107,"column":39}},"20":{"start":{"line":113,"column":8},"end":{"line":133,"column":11}},"21":{"start":{"line":114,"column":12},"end":{"line":123,"column":14}},"22":{"start":{"line":124,"column":23},"end":{"line":128,"column":null}},"23":{"start":{"line":131,"column":16},"end":{"line":131,"column":79}},"24":{"start":{"line":132,"column":12},"end":{"line":132,"column":38}},"25":{"start":{"line":137,"column":26},"end":{"line":138,"column":null}},"26":{"start":{"line":140,"column":21},"end":{"line":140,"column":66}},"27":{"start":{"line":141,"column":8},"end":{"line":141,"column":31}},"28":{"start":{"line":142,"column":8},"end":{"line":142,"column":22}},"29":{"start":{"line":147,"column":8},"end":{"line":147,"column":56}},"30":{"start":{"line":148,"column":8},"end":{"line":151,"column":33}},"31":{"start":{"line":152,"column":8},"end":{"line":152,"column":20}},"32":{"start":{"line":156,"column":8},"end":{"line":163,"column":10}},"33":{"start":{"line":14,"column":0},"end":{"line":14,"column":21}}},"fnMap":{"0":{"name":"(anonymous_1)","decl":{"start":{"line":15,"column":4},"end":{"line":15,"column":33}},"loc":{"start":{"line":15,"column":65},"end":{"line":15,"column":69}}},"1":{"name":"(anonymous_2)","decl":{"start":{"line":17,"column":4},"end":{"line":17,"column":9}},"loc":{"start":{"line":20,"column":30},"end":{"line":37,"column":5}}},"2":{"name":"(anonymous_3)","decl":{"start":{"line":39,"column":4},"end":{"line":39,"column":9}},"loc":{"start":{"line":43,"column":30},"end":{"line":60,"column":5}}},"3":{"name":"(anonymous_4)","decl":{"start":{"line":62,"column":4},"end":{"line":62,"column":9}},"loc":{"start":{"line":62,"column":39},"end":{"line":78,"column":5}}},"4":{"name":"(anonymous_5)","decl":{"start":{"line":80,"column":4},"end":{"line":80,"column":9}},"loc":{"start":{"line":82,"column":40},"end":{"line":108,"column":5}}},"5":{"name":"(anonymous_6)","decl":{"start":{"line":110,"column":4},"end":{"line":110,"column":9}},"loc":{"start":{"line":111,"column":64},"end":{"line":134,"column":5}}},"6":{"name":"(anonymous_7)","decl":{"start":{"line":113,"column":26},"end":{"line":113,"column":31}},"loc":{"start":{"line":113,"column":36},"end":{"line":133,"column":9}}},"7":{"name":"(anonymous_8)","decl":{"start":{"line":136,"column":4},"end":{"line":136,"column":9}},"loc":{"start":{"line":136,"column":22},"end":{"line":143,"column":5}}},"8":{"name":"(anonymous_9)","decl":{"start":{"line":145,"column":4},"end":{"line":145,"column":11}},"loc":{"start":{"line":145,"column":35},"end":{"line":153,"column":5}}},"9":{"name":"(anonymous_10)","decl":{"start":{"line":155,"column":4},"end":{"line":155,"column":9}},"loc":{"start":{"line":155,"column":66},"end":{"line":164,"column":5}}}},"branchMap":{"0":{"loc":{"start":{"line":36,"column":15},"end":{"line":36,"column":69}},"type":"binary-expr","locations":[{"start":{"line":36,"column":15},"end":{"line":36,"column":61}},{"start":{"line":36,"column":65},"end":{"line":36,"column":69}}]},"1":{"loc":{"start":{"line":59,"column":15},"end":{"line":59,"column":69}},"type":"binary-expr","locations":[{"start":{"line":59,"column":15},"end":{"line":59,"column":61}},{"start":{"line":59,"column":65},"end":{"line":59,"column":69}}]},"2":{"loc":{"start":{"line":96,"column":8},"end":{"line":98,"column":null}},"type":"if","locations":[{"start":{"line":96,"column":8},"end":{"line":98,"column":null}}]},"3":{"loc":{"start":{"line":104,"column":15},"end":{"line":107,"column":38}},"type":"cond-expr","locations":[{"start":{"line":106,"column":14},"end":{"line":106,"column":37}},{"start":{"line":107,"column":14},"end":{"line":107,"column":38}}]},"4":{"loc":{"start":{"line":104,"column":15},"end":{"line":105,"column":50}},"type":"binary-expr","locations":[{"start":{"line":104,"column":15},"end":{"line":104,"column":53}},{"start":{"line":105,"column":12},"end":{"line":105,"column":50}}]}},"s":{"0":1,"1":1,"2":1,"3":1,"4":1,"5":1,"6":0,"7":0,"8":0,"9":0,"10":0,"11":0,"12":0,"13":0,"14":0,"15":0,"16":0,"17":0,"18":0,"19":0,"20":0,"21":0,"22":0,"23":0,"24":0,"25":0,"26":0,"27":0,"28":0,"29":0,"30":0,"31":0,"32":1,"33":1},"f":{"0":1,"1":0,"2":0,"3":0,"4":0,"5":0,"6":0,"7":0,"8":0,"9":1},"b":{"0":[0,0],"1":[0,0],"2":[0],"3":[0,0],"4":[0,0]}}
,"/Users/sushantyadav/Downloads/city-mall/product-store/packages/commons/src/repositories/index.ts": {"path":"/Users/sushantyadav/Downloads/city-mall/product-store/packages/commons/src/repositories/index.ts","statementMap":{"0":{"start":{"line":1,"column":0},"end":{"line":1,"column":9}},"1":{"start":{"line":1,"column":9},"end":{"line":1,"column":32}}},"fnMap":{"0":{"name":"(anonymous_1)","decl":{"start":{"line":1,"column":9},"end":{"line":1,"column":16}},"loc":{"start":{"line":1,"column":9},"end":{"line":1,"column":32}}}},"branchMap":{},"s":{"0":1,"1":2},"f":{"0":1},"b":{}}
,"/Users/sushantyadav/Downloads/city-mall/product-store/packages/commons/src/utils/elipsis.ts": {"path":"/Users/sushantyadav/Downloads/city-mall/product-store/packages/commons/src/utils/elipsis.ts","statementMap":{"0":{"start":{"line":2,"column":4},"end":{"line":2,"column":62}},"1":{"start":{"line":1,"column":0},"end":{"line":1,"column":24}}},"fnMap":{"0":{"name":"elipsis","decl":{"start":{"line":1,"column":24},"end":{"line":1,"column":31}},"loc":{"start":{"line":1,"column":54},"end":{"line":3,"column":1}}}},"branchMap":{"0":{"loc":{"start":{"line":2,"column":11},"end":{"line":2,"column":61}},"type":"cond-expr","locations":[{"start":{"line":2,"column":28},"end":{"line":2,"column":55}},{"start":{"line":2,"column":58},"end":{"line":2,"column":61}}]}},"s":{"0":0,"1":4},"f":{"0":0},"b":{"0":[0,0]}}
,"/Users/sushantyadav/Downloads/city-mall/product-store/packages/commons/src/utils/logger.ts": {"path":"/Users/sushantyadav/Downloads/city-mall/product-store/packages/commons/src/utils/logger.ts","statementMap":{"0":{"start":{"line":1,"column":0},"end":{"line":1,"column":30}},"1":{"start":{"line":2,"column":0},"end":{"line":2,"column":24}},"2":{"start":{"line":3,"column":0},"end":{"line":3,"column":47}},"3":{"start":{"line":5,"column":26},"end":{"line":17,"column":1}},"4":{"start":{"line":6,"column":4},"end":{"line":16,"column":null}},"5":{"start":{"line":9,"column":12},"end":{"line":9,"column":27}},"6":{"start":{"line":11,"column":12},"end":{"line":11,"column":26}},"7":{"start":{"line":13,"column":12},"end":{"line":13,"column":26}},"8":{"start":{"line":15,"column":12},"end":{"line":15,"column":27}},"9":{"start":{"line":20,"column":4},"end":{"line":24,"column":5}},"10":{"start":{"line":21,"column":4},"end":{"line":24,"column":5}},"11":{"start":{"line":22,"column":38},"end":{"line":22,"column":41}},"12":{"start":{"line":23,"column":8},"end":{"line":23,"column":58}},"13":{"start":{"line":19,"column":13},"end":{"line":19,"column":null}},"14":{"start":{"line":26,"column":13},"end":{"line":80,"column":1}},"15":{"start":{"line":27,"column":19},"end":{"line":35,"column":6}},"16":{"start":{"line":28,"column":20},"end":{"line":31,"column":10}},"17":{"start":{"line":32,"column":24},"end":{"line":32,"column":38}},"18":{"start":{"line":33,"column":8},"end":{"line":33,"column":49}},"19":{"start":{"line":34,"column":8},"end":{"line":34,"column":65}},"20":{"start":{"line":37,"column":19},"end":{"line":50,"column":6}},"21":{"start":{"line":43,"column":16},"end":{"line":43,"column":54}},"22":{"start":{"line":44,"column":16},"end":{"line":44,"column":28}},"23":{"start":{"line":52,"column":23},"end":{"line":54,"column":6}},"24":{"start":{"line":52,"column":45},"end":{"line":54,"column":6}},"25":{"start":{"line":56,"column":4},"end":{"line":59,"column":6}},"26":{"start":{"line":58,"column":8},"end":{"line":58,"column":57}},"27":{"start":{"line":61,"column":4},"end":{"line":64,"column":6}},"28":{"start":{"line":63,"column":8},"end":{"line":63,"column":57}},"29":{"start":{"line":66,"column":4},"end":{"line":69,"column":6}},"30":{"start":{"line":68,"column":8},"end":{"line":68,"column":57}},"31":{"start":{"line":71,"column":4},"end":{"line":74,"column":6}},"32":{"start":{"line":73,"column":8},"end":{"line":73,"column":58}},"33":{"start":{"line":76,"column":4},"end":{"line":79,"column":6}},"34":{"start":{"line":78,"column":8},"end":{"line":78,"column":58}},"35":{"start":{"line":82,"column":0},"end":{"line":82,"column":20}}},"fnMap":{"0":{"name":"(anonymous_1)","decl":{"start":{"line":5,"column":26},"end":{"line":5,"column":27}},"loc":{"start":{"line":5,"column":46},"end":{"line":17,"column":1}}},"1":{"name":"(anonymous_2)","decl":{"start":{"line":20,"column":4},"end":{"line":20,"column":5}},"loc":{"start":{"line":21,"column":4},"end":{"line":24,"column":5}}},"2":{"name":"(anonymous_3)","decl":{"start":{"line":21,"column":4},"end":{"line":21,"column":5}},"loc":{"start":{"line":21,"column":41},"end":{"line":24,"column":5}}},"3":{"name":"(anonymous_4)","decl":{"start":{"line":26,"column":13},"end":{"line":26,"column":16}},"loc":{"start":{"line":26,"column":18},"end":{"line":80,"column":1}}},"4":{"name":"(anonymous_5)","decl":{"start":{"line":27,"column":41},"end":{"line":27,"column":45}},"loc":{"start":{"line":27,"column":48},"end":{"line":35,"column":5}}},"5":{"name":"(anonymous_6)","decl":{"start":{"line":42,"column":27},"end":{"line":42,"column":31}},"loc":{"start":{"line":42,"column":34},"end":{"line":45,"column":13}}},"6":{"name":"(anonymous_7)","decl":{"start":{"line":52,"column":23},"end":{"line":52,"column":24}},"loc":{"start":{"line":52,"column":45},"end":{"line":54,"column":6}}},"7":{"name":"(anonymous_8)","decl":{"start":{"line":56,"column":18},"end":{"line":56,"column":null}},"loc":{"start":{"line":56,"column":18},"end":{"line":59,"column":5}}},"8":{"name":"(anonymous_9)","decl":{"start":{"line":61,"column":19},"end":{"line":61,"column":null}},"loc":{"start":{"line":61,"column":19},"end":{"line":64,"column":5}}},"9":{"name":"(anonymous_10)","decl":{"start":{"line":66,"column":19},"end":{"line":66,"column":null}},"loc":{"start":{"line":66,"column":19},"end":{"line":69,"column":5}}},"10":{"name":"(anonymous_11)","decl":{"start":{"line":71,"column":20},"end":{"line":71,"column":null}},"loc":{"start":{"line":71,"column":20},"end":{"line":74,"column":5}}},"11":{"name":"(anonymous_12)","decl":{"start":{"line":76,"column":20},"end":{"line":76,"column":null}},"loc":{"start":{"line":76,"column":20},"end":{"line":79,"column":5}}}},"branchMap":{"0":{"loc":{"start":{"line":6,"column":4},"end":{"line":16,"column":null}},"type":"switch","locations":[{"start":{"line":7,"column":8},"end":{"line":7,"column":28}},{"start":{"line":8,"column":8},"end":{"line":9,"column":27}},{"start":{"line":10,"column":8},"end":{"line":11,"column":26}},{"start":{"line":12,"column":8},"end":{"line":13,"column":26}},{"start":{"line":14,"column":8},"end":{"line":15,"column":27}}]}},"s":{"0":4,"1":4,"2":4,"3":4,"4":0,"5":0,"6":0,"7":0,"8":0,"9":4,"10":4,"11":0,"12":0,"13":4,"14":4,"15":0,"16":0,"17":0,"18":0,"19":0,"20":0,"21":0,"22":0,"23":0,"24":0,"25":0,"26":0,"27":0,"28":0,"29":0,"30":0,"31":0,"32":0,"33":0,"34":0,"35":4},"f":{"0":0,"1":4,"2":0,"3":0,"4":0,"5":0,"6":0,"7":0,"8":0,"9":0,"10":0,"11":0},"b":{"0":[0,0,0,0,0]}}
}
