TN:
SF:src/__tests__/testUtils/kafka.ts
FN:24,mockKafkaUtils
FN:26,(anonymous_1)
FN:29,(anonymous_2)
FN:30,(anonymous_3)
FNF:4
FNH:4
FNDA:1,mockKafkaUtils
FNDA:31,(anonymous_1)
FNDA:30,(anonymous_2)
FNDA:1,(anonymous_3)
DA:1,1
DA:2,1
DA:24,1
DA:25,1
DA:26,31
DA:29,1
DA:30,30
DA:31,1
LF:8
LH:8
BRF:0
BRH:0
end_of_record
TN:
SF:src/clients/cmRedis.ts
FN:7,(anonymous_1)
FN:25,(anonymous_2)
FNF:2
FNH:0
FNDA:0,(anonymous_1)
FNDA:0,(anonymous_2)
DA:1,4
DA:2,4
DA:5,4
DA:7,4
DA:8,0
DA:9,0
DA:10,0
DA:17,0
DA:26,0
DA:27,0
DA:28,0
DA:30,0
DA:32,0
DA:36,0
DA:39,4
LF:15
LH:5
BRDA:8,0,0,0
BRDA:26,1,0,0
BRF:2
BRH:0
end_of_record
TN:
SF:src/clients/db.ts
FN:14,(anonymous_1)
FNF:1
FNH:0
FNDA:0,(anonymous_1)
DA:1,4
DA:2,4
DA:3,4
DA:4,4
DA:5,4
DA:7,4
DA:12,4
DA:15,0
DA:16,0
DA:21,4
DA:22,4
DA:23,4
DA:29,4
LF:13
LH:11
BRF:0
BRH:0
end_of_record
TN:
SF:src/clients/dbr.ts
FN:14,(anonymous_1)
FNF:1
FNH:0
FNDA:0,(anonymous_1)
DA:1,4
DA:2,4
DA:3,4
DA:4,4
DA:5,4
DA:7,4
DA:12,4
DA:15,0
DA:16,0
DA:21,4
DA:22,4
DA:23,4
DA:29,4
LF:13
LH:11
BRF:0
BRH:0
end_of_record
TN:
SF:src/clients/dbx.ts
FN:31,(anonymous_0)
FN:35,(anonymous_1)
FN:45,(anonymous_2)
FN:59,(anonymous_3)
FN:73,(anonymous_4)
FNF:5
FNH:1
FNDA:12,(anonymous_0)
FNDA:0,(anonymous_1)
FNDA:0,(anonymous_2)
FNDA:0,(anonymous_3)
FNDA:0,(anonymous_4)
DA:31,4
DA:35,12
DA:40,0
DA:45,12
DA:52,0
DA:59,12
DA:66,0
DA:73,12
DA:78,0
LF:9
LH:5
BRF:0
BRH:0
end_of_record
TN:
SF:src/clients/elasticSearch.ts
FNF:0
FNH:0
DA:1,4
DA:2,4
DA:4,4
DA:9,4
LF:4
LH:4
BRF:0
BRH:0
end_of_record
TN:
SF:src/clients/index.ts
FN:3,(anonymous_8)
FN:4,(anonymous_9)
FN:5,(anonymous_10)
FN:6,(anonymous_11)
FN:7,(anonymous_12)
FN:8,(anonymous_13)
FNF:6
FNH:2
FNDA:3,(anonymous_8)
FNDA:0,(anonymous_9)
FNDA:6,(anonymous_10)
FNDA:0,(anonymous_11)
FNDA:0,(anonymous_12)
FNDA:0,(anonymous_13)
DA:1,4
DA:2,4
DA:3,7
DA:4,4
DA:5,10
DA:6,4
DA:7,4
DA:8,4
DA:9,4
DA:10,4
LF:10
LH:10
BRF:0
BRH:0
end_of_record
TN:
SF:src/clients/pams.ts
FN:11,(anonymous_7)
FN:12,(anonymous_8)
FN:17,(anonymous_9)
FN:21,generate
FN:30,(anonymous_11)
FN:58,emit
FN:67,(anonymous_13)
FN:75,(anonymous_14)
FN:78,getProductAttributeValues
FNF:9
FNH:0
FNDA:0,(anonymous_7)
FNDA:0,(anonymous_8)
FNDA:0,(anonymous_9)
FNDA:0,generate
FNDA:0,(anonymous_11)
FNDA:0,emit
FNDA:0,(anonymous_13)
FNDA:0,(anonymous_14)
FNDA:0,getProductAttributeValues
DA:1,4
DA:2,4
DA:4,4
DA:11,4
DA:12,0
DA:13,0
DA:14,0
DA:15,0
DA:16,0
DA:17,0
DA:21,4
DA:26,0
DA:27,0
DA:30,0
DA:32,0
DA:33,0
DA:44,0
DA:46,0
DA:47,0
DA:48,0
DA:53,0
DA:58,4
DA:63,0
DA:64,0
DA:67,0
DA:69,0
DA:75,0
DA:78,4
DA:79,0
DA:80,0
DA:90,0
DA:92,0
DA:93,0
LF:33
LH:7
BRDA:24,0,0,0
BRDA:26,1,0,0
BRDA:30,2,0,0
BRDA:47,3,0,0
BRDA:47,3,1,0
BRDA:50,4,0,0
BRDA:50,4,1,0
BRDA:63,5,0,0
BRDA:67,6,0,0
BRF:9
BRH:0
end_of_record
TN:
SF:src/clients/redis.ts
FN:7,(anonymous_1)
FN:25,(anonymous_2)
FNF:2
FNH:1
FNDA:4,(anonymous_1)
FNDA:0,(anonymous_2)
DA:1,4
DA:2,4
DA:5,4
DA:7,4
DA:8,4
DA:9,3
DA:10,3
DA:17,3
DA:26,0
DA:27,0
DA:28,0
DA:30,0
DA:32,0
DA:36,4
DA:39,4
LF:15
LH:10
BRDA:8,0,0,3
BRDA:26,1,0,0
BRF:2
BRH:1
end_of_record
TN:
SF:src/clients/wmsdb.ts
FN:14,(anonymous_1)
FNF:1
FNH:0
FNDA:0,(anonymous_1)
DA:1,4
DA:2,4
DA:3,4
DA:4,4
DA:5,4
DA:7,4
DA:12,4
DA:15,0
DA:16,0
DA:21,4
DA:22,4
DA:23,4
DA:29,4
LF:13
LH:11
BRF:0
BRH:0
end_of_record
TN:
SF:src/clients/esIndexing/createIndex.ts
FN:7,(anonymous_1)
FN:479,(anonymous_2)
FN:487,(anonymous_3)
FNF:3
FNH:0
FNDA:0,(anonymous_1)
FNDA:0,(anonymous_2)
FNDA:0,(anonymous_3)
DA:2,4
DA:3,4
DA:4,4
DA:5,4
DA:7,4
DA:8,0
DA:12,0
DA:13,0
DA:14,0
DA:17,0
DA:19,0
DA:476,0
DA:479,4
DA:480,0
DA:484,0
DA:487,4
DA:488,0
DA:490,0
DA:491,0
DA:493,0
DA:494,0
DA:502,4
LF:22
LH:8
BRDA:12,0,0,0
BRDA:484,1,0,0
BRDA:484,1,1,0
BRDA:490,2,0,0
BRF:4
BRH:0
end_of_record
TN:
SF:src/clients/esIndexing/index.ts
FN:6,(anonymous_1)
FN:27,(anonymous_2)
FN:28,(anonymous_3)
FN:37,(anonymous_4)
FN:52,(anonymous_5)
FN:58,(anonymous_6)
FN:86,(anonymous_7)
FNF:7
FNH:0
FNDA:0,(anonymous_1)
FNDA:0,(anonymous_2)
FNDA:0,(anonymous_3)
FNDA:0,(anonymous_4)
FNDA:0,(anonymous_5)
FNDA:0,(anonymous_6)
FNDA:0,(anonymous_7)
DA:2,4
DA:3,4
DA:4,4
DA:6,4
DA:12,0
DA:13,0
DA:14,0
DA:16,0
DA:19,0
DA:20,0
DA:21,0
DA:24,0
DA:27,4
DA:28,0
DA:35,0
DA:37,0
DA:38,0
DA:41,0
DA:46,0
DA:48,0
DA:49,0
DA:52,0
DA:57,0
DA:58,0
DA:64,0
DA:65,0
DA:66,0
DA:68,0
DA:69,0
DA:70,0
DA:71,0
DA:72,0
DA:73,0
DA:74,0
DA:82,0
DA:85,0
DA:86,0
DA:92,0
DA:93,0
DA:94,0
DA:96,0
DA:97,0
DA:98,0
DA:99,0
DA:100,0
DA:101,0
DA:102,0
DA:110,0
LF:48
LH:5
BRDA:12,0,0,0
BRDA:19,1,0,0
BRDA:68,2,0,0
BRDA:96,3,0,0
BRF:4
BRH:0
end_of_record
TN:
SF:src/clients/esIndexing/indexProducts.ts
FN:5,(anonymous_1)
FN:6,(anonymous_2)
FN:34,(anonymous_3)
FNF:3
FNH:0
FNDA:0,(anonymous_1)
FNDA:0,(anonymous_2)
FNDA:0,(anonymous_3)
DA:3,4
DA:5,4
DA:6,0
DA:7,0
DA:13,0
DA:14,0
DA:17,0
DA:18,0
DA:19,0
DA:20,0
DA:28,0
DA:29,0
DA:30,0
DA:34,0
DA:35,0
DA:36,0
DA:37,0
DA:51,4
LF:18
LH:3
BRDA:28,0,0,0
BRDA:36,1,0,0
BRF:2
BRH:0
end_of_record
TN:
SF:src/clients/esIndexing/util/getModifiedProducts.ts
FN:7,(anonymous_1)
FNF:1
FNH:0
FNDA:0,(anonymous_1)
DA:2,4
DA:3,4
DA:5,4
DA:7,4
DA:13,0
DA:14,0
DA:15,0
DA:113,0
DA:116,4
LF:9
LH:5
BRF:0
BRH:0
end_of_record
TN:
SF:src/clients/esIndexing/util/getSynonymsTxt.ts
FN:3,(anonymous_0)
FN:6,(anonymous_1)
FN:12,(anonymous_2)
FN:14,(anonymous_3)
FN:17,(anonymous_4)
FN:18,(anonymous_5)
FN:24,(anonymous_6)
FNF:7
FNH:0
FNDA:0,(anonymous_0)
FNDA:0,(anonymous_1)
FNDA:0,(anonymous_2)
FNDA:0,(anonymous_3)
FNDA:0,(anonymous_4)
FNDA:0,(anonymous_5)
FNDA:0,(anonymous_6)
DA:3,4
DA:4,0
DA:7,0
DA:8,0
DA:12,4
DA:13,0
DA:15,0
DA:17,0
DA:18,0
DA:20,0
DA:22,0
DA:24,0
DA:27,4
LF:13
LH:3
BRDA:22,0,0,0
BRDA:22,0,1,0
BRF:2
BRH:0
end_of_record
TN:
SF:src/clients/esIndexing/util/synonymsArray.ts
FNF:0
FNH:0
DA:1,4
LF:1
LH:1
BRF:0
BRH:0
end_of_record
TN:
SF:src/clients/kafka/BootstrapKafkaConsumer.ts
FN:22,(anonymous_1)
FN:73,(anonymous_2)
FN:97,(anonymous_3)
FN:105,(anonymous_4)
FNF:4
FNH:0
FNDA:0,(anonymous_1)
FNDA:0,(anonymous_2)
FNDA:0,(anonymous_3)
FNDA:0,(anonymous_4)
DA:1,4
DA:2,4
DA:3,4
DA:4,4
DA:12,4
DA:33,0
DA:58,0
DA:60,0
DA:61,0
DA:62,0
DA:63,0
DA:74,0
DA:75,0
DA:77,0
DA:78,0
DA:79,0
DA:84,0
DA:88,0
DA:89,0
DA:90,0
DA:94,0
DA:100,0
DA:108,0
LF:23
LH:5
BRDA:26,0,0,0
BRDA:27,1,0,0
BRDA:28,2,0,0
BRDA:29,3,0,0
BRDA:30,4,0,0
BRDA:31,5,0,0
BRDA:36,6,0,0
BRDA:36,6,1,0
BRDA:77,7,0,0
BRF:9
BRH:0
end_of_record
TN:
SF:src/clients/kafka/KafkaConsumer.ts
FN:22,(anonymous_1)
FN:67,(anonymous_2)
FN:96,(anonymous_3)
FN:104,(anonymous_4)
FN:113,(anonymous_5)
FNF:5
FNH:0
FNDA:0,(anonymous_1)
FNDA:0,(anonymous_2)
FNDA:0,(anonymous_3)
FNDA:0,(anonymous_4)
FNDA:0,(anonymous_5)
DA:1,4
DA:2,4
DA:10,4
DA:12,4
DA:33,0
DA:52,0
DA:54,0
DA:55,0
DA:56,0
DA:57,0
DA:68,0
DA:69,0
DA:71,0
DA:72,0
DA:73,0
DA:74,0
DA:79,0
DA:84,0
DA:85,0
DA:87,0
DA:88,0
DA:92,0
DA:99,0
DA:107,0
DA:114,0
DA:115,0
DA:116,0
LF:27
LH:4
BRDA:26,0,0,0
BRDA:27,1,0,0
BRDA:28,2,0,0
BRDA:29,3,0,0
BRDA:30,4,0,0
BRDA:31,5,0,0
BRDA:36,6,0,0
BRDA:36,6,1,0
BRDA:72,7,0,0
BRF:9
BRH:0
end_of_record
TN:
SF:src/clients/kafka/KafkaProducer.ts
FN:14,(anonymous_1)
FN:55,(anonymous_2)
FN:62,(anonymous_3)
FN:74,(anonymous_4)
FN:84,(anonymous_5)
FN:89,(anonymous_6)
FN:103,(anonymous_7)
FN:120,(anonymous_8)
FN:149,(anonymous_9)
FN:158,(anonymous_10)
FNF:10
FNH:2
FNDA:4,(anonymous_1)
FNDA:4,(anonymous_2)
FNDA:0,(anonymous_3)
FNDA:0,(anonymous_4)
FNDA:0,(anonymous_5)
FNDA:0,(anonymous_6)
FNDA:0,(anonymous_7)
FNDA:0,(anonymous_8)
FNDA:0,(anonymous_9)
FNDA:0,(anonymous_10)
DA:1,4
DA:2,4
DA:3,4
DA:4,4
DA:6,4
DA:12,4
DA:15,4
DA:36,4
DA:38,4
DA:46,4
DA:47,4
DA:48,4
DA:50,0
DA:51,0
DA:56,4
DA:57,4
DA:59,4
DA:63,0
DA:64,0
DA:65,0
DA:66,0
DA:68,0
DA:69,0
DA:70,0
DA:71,0
DA:75,0
DA:76,0
DA:77,0
DA:85,0
DA:86,0
DA:87,0
DA:89,0
DA:95,0
DA:96,0
DA:97,0
DA:99,0
DA:104,0
DA:105,0
DA:106,0
DA:112,0
DA:113,0
DA:114,0
DA:116,0
DA:125,0
DA:127,0
DA:128,0
DA:134,0
DA:135,0
DA:136,0
DA:138,0
DA:154,0
DA:155,0
DA:156,0
DA:158,0
DA:165,0
DA:166,0
DA:167,0
DA:169,0
LF:58
LH:15
BRDA:20,0,0,0
BRDA:20,0,1,4
BRDA:46,1,0,4
BRDA:46,1,1,0
BRDA:56,2,0,4
BRDA:63,3,0,0
BRDA:76,4,0,0
BRDA:85,5,0,0
BRDA:95,6,0,0
BRDA:104,7,0,0
BRDA:112,8,0,0
BRDA:123,9,0,0
BRDA:125,10,0,0
BRDA:134,11,0,0
BRDA:154,12,0,0
BRDA:165,13,0,0
BRF:16
BRH:3
end_of_record
TN:
SF:src/clients/kafka/index.ts
FN:1,(anonymous_7)
FN:2,(anonymous_8)
FN:3,(anonymous_9)
FN:5,(anonymous_10)
FNF:4
FNH:0
FNDA:0,(anonymous_7)
FNDA:0,(anonymous_8)
FNDA:0,(anonymous_9)
FNDA:0,(anonymous_10)
DA:1,4
DA:2,4
DA:3,4
DA:4,4
DA:5,4
LF:5
LH:5
BRF:0
BRH:0
end_of_record
TN:
SF:src/clients/kafka/kafkaUtils.ts
FN:28,sendSingleMeeshoProductUploadMessage
FN:34,sendRaw
FN:38,sendRawToCatalougeParallelQueue
FN:42,sendSingleComboUpdateMessage
FN:46,sendComboUpdateMessage
FN:50,sendPcwManualMessageWithPartitioner
FN:61,sendPcwManualSingleMessage
FN:70,sendCatalogueUpdateMessage
FN:74,sendIudEventWithPartitioner
FN:85,sendProdCatAutoEventWithPartitioner
FN:94,sendSingleCatalogueUpdateMessage
FN:98,sendEventsPubSingleMessage
FN:102,sendMongoWriteSingleMessage
FN:113,sendSetPrimaryVariantSingleMessage
FN:122,sendMongoWriteMessage
FN:126,sendTagsWiseEventMessage
FN:130,sendSingleImageOptimizingMessage
FN:139,sendSingleIudEvent
FN:143,sendPamsUpsertEvent
FN:147,sendSingleInventryUpsertEvent
FN:158,sendInventryUpsertEvent
FN:169,sendWmsShippingErroredEvent
FN:189,sendSingleUserDataToMoloco
FN:196,createTopicIfNotExists
FN:239,updatePartitons
FN:274,topicDetails
FN:310,sendSingleSlackMessage
FN:314,sendProductMasterEvent
FN:323,describeGroups
FN:380,(anonymous_30)
FN:392,(anonymous_31)
FN:400,(anonymous_32)
FN:401,(anonymous_33)
FN:408,deleteConsumerGroup
FN:420,(anonymous_35)
FNF:35
FNH:0
FNDA:0,sendSingleMeeshoProductUploadMessage
FNDA:0,sendRaw
FNDA:0,sendRawToCatalougeParallelQueue
FNDA:0,sendSingleComboUpdateMessage
FNDA:0,sendComboUpdateMessage
FNDA:0,sendPcwManualMessageWithPartitioner
FNDA:0,sendPcwManualSingleMessage
FNDA:0,sendCatalogueUpdateMessage
FNDA:0,sendIudEventWithPartitioner
FNDA:0,sendProdCatAutoEventWithPartitioner
FNDA:0,sendSingleCatalogueUpdateMessage
FNDA:0,sendEventsPubSingleMessage
FNDA:0,sendMongoWriteSingleMessage
FNDA:0,sendSetPrimaryVariantSingleMessage
FNDA:0,sendMongoWriteMessage
FNDA:0,sendTagsWiseEventMessage
FNDA:0,sendSingleImageOptimizingMessage
FNDA:0,sendSingleIudEvent
FNDA:0,sendPamsUpsertEvent
FNDA:0,sendSingleInventryUpsertEvent
FNDA:0,sendInventryUpsertEvent
FNDA:0,sendWmsShippingErroredEvent
FNDA:0,sendSingleUserDataToMoloco
FNDA:0,createTopicIfNotExists
FNDA:0,updatePartitons
FNDA:0,topicDetails
FNDA:0,sendSingleSlackMessage
FNDA:0,sendProductMasterEvent
FNDA:0,describeGroups
FNDA:0,(anonymous_30)
FNDA:0,(anonymous_31)
FNDA:0,(anonymous_32)
FNDA:0,(anonymous_33)
FNDA:0,deleteConsumerGroup
FNDA:0,(anonymous_35)
DA:3,4
DA:4,4
DA:5,4
DA:22,4
DA:23,4
DA:24,4
DA:26,4
DA:28,4
DA:31,0
DA:34,4
DA:35,0
DA:38,4
DA:39,0
DA:42,4
DA:43,0
DA:46,4
DA:47,0
DA:50,4
DA:54,0
DA:61,4
DA:64,0
DA:70,4
DA:71,0
DA:74,4
DA:79,0
DA:82,0
DA:85,4
DA:90,0
DA:91,0
DA:94,4
DA:95,0
DA:98,4
DA:99,0
DA:102,4
DA:106,0
DA:113,4
DA:116,0
DA:122,4
DA:123,0
DA:126,4
DA:127,0
DA:130,4
DA:133,0
DA:139,4
DA:140,0
DA:143,4
DA:144,0
DA:147,4
DA:148,0
DA:152,0
DA:158,4
DA:159,0
DA:160,0
DA:161,0
DA:166,0
DA:169,4
DA:173,0
DA:183,0
DA:189,4
DA:190,0
DA:196,4
DA:200,0
DA:201,0
DA:202,0
DA:203,0
DA:205,0
DA:224,0
DA:225,0
DA:227,0
DA:229,0
DA:230,0
DA:236,0
DA:239,4
DA:243,0
DA:244,0
DA:245,0
DA:246,0
DA:248,0
DA:264,0
DA:265,0
DA:267,0
DA:271,0
DA:274,4
DA:275,0
DA:276,0
DA:277,0
DA:278,0
DA:280,0
DA:296,0
DA:297,0
DA:299,0
DA:307,0
DA:310,4
DA:311,0
DA:314,4
DA:318,0
DA:323,4
DA:327,0
DA:328,0
DA:329,0
DA:330,0
DA:332,0
DA:348,0
DA:349,0
DA:351,0
DA:352,0
DA:354,0
DA:355,0
DA:360,0
DA:361,0
DA:372,0
DA:374,0
DA:375,0
DA:378,0
DA:379,0
DA:381,0
DA:382,0
DA:383,0
DA:384,0
DA:392,0
DA:395,0
DA:396,0
DA:397,0
DA:398,0
DA:400,0
DA:401,0
DA:405,0
DA:408,4
DA:409,0
DA:410,0
DA:411,0
DA:412,0
DA:414,0
DA:420,0
DA:434,0
DA:435,0
DA:437,0
DA:439,0
LF:138
LH:37
BRDA:77,0,0,0
BRDA:79,1,0,0
BRDA:79,1,1,0
BRDA:88,2,0,0
BRDA:104,3,0,0
BRDA:198,4,0,0
BRDA:208,5,0,0
BRDA:208,5,1,0
BRDA:229,6,0,0
BRDA:251,7,0,0
BRDA:251,7,1,0
BRDA:283,8,0,0
BRDA:283,8,1,0
BRDA:335,9,0,0
BRDA:335,9,1,0
BRDA:352,10,0,0
BRDA:389,11,0,0
BRDA:389,11,1,0
BRDA:396,12,0,0
BRDA:396,12,1,0
BRDA:397,13,0,0
BRDA:417,14,0,0
BRDA:417,14,1,0
BRF:23
BRH:0
end_of_record
TN:
SF:src/clients/kafka/useKafkaJob.ts
FN:23,useKafkaJob
FN:81,(anonymous_2)
FN:82,(anonymous_3)
FN:91,(anonymous_4)
FN:95,quit
FN:101,start
FN:105,(anonymous_7)
FN:117,(anonymous_8)
FNF:8
FNH:0
FNDA:0,useKafkaJob
FNDA:0,(anonymous_2)
FNDA:0,(anonymous_3)
FNDA:0,(anonymous_4)
FNDA:0,quit
FNDA:0,start
FNDA:0,(anonymous_7)
FNDA:0,(anonymous_8)
DA:1,4
DA:2,4
DA:3,4
DA:4,4
DA:24,0
DA:25,0
DA:26,0
DA:27,0
DA:29,0
DA:44,0
DA:60,0
DA:62,0
DA:66,0
DA:67,0
DA:73,0
DA:75,0
DA:79,0
DA:81,0
DA:82,0
DA:83,0
DA:91,0
DA:92,0
DA:96,0
DA:97,0
DA:98,0
DA:102,0
DA:111,0
DA:112,0
DA:117,0
DA:118,0
DA:119,0
DA:120,0
DA:121,0
DA:129,0
DA:130,0
DA:139,0
DA:140,0
DA:143,0
DA:146,0
DA:147,0
DA:154,0
DA:157,4
LF:42
LH:5
BRDA:47,0,0,0
BRDA:47,0,1,0
BRF:2
BRH:0
end_of_record
TN:
SF:src/clients/mongodb/docdb_mongo.ts
FN:10,(anonymous_1)
FNF:1
FNH:0
FNDA:0,(anonymous_1)
DA:1,4
DA:2,4
DA:3,4
DA:9,4
DA:10,4
DA:11,0
DA:12,0
DA:20,0
DA:21,0
DA:24,0
DA:26,0
DA:27,0
DA:28,0
DA:29,0
DA:33,0
DA:36,4
LF:16
LH:6
BRDA:20,0,0,0
BRDA:24,1,0,0
BRDA:24,1,1,0
BRF:3
BRH:0
end_of_record
TN:
SF:src/clients/mongodb/index.ts
FN:3,(anonymous_5)
FN:4,(anonymous_6)
FNF:2
FNH:0
FNDA:0,(anonymous_5)
FNDA:0,(anonymous_6)
DA:1,4
DA:2,4
DA:3,4
DA:4,4
LF:4
LH:4
BRF:0
BRH:0
end_of_record
TN:
SF:src/clients/mongodb/kube_mongo.ts
FN:14,(anonymous_1)
FNF:1
FNH:1
FNDA:4,(anonymous_1)
DA:1,6
DA:2,6
DA:4,6
DA:14,6
DA:17,4
DA:31,4
DA:32,4
DA:33,4
DA:34,4
DA:35,4
DA:36,4
DA:37,4
DA:38,4
DA:39,4
DA:41,4
DA:44,6
LF:16
LH:16
BRDA:31,0,0,2
BRDA:31,0,1,2
BRF:2
BRH:2
end_of_record
TN:
SF:src/clients/mongodb/queries/deleteProductAttributes.ts
FN:6,deleteProductAttributes
FNF:1
FNH:0
FNDA:0,deleteProductAttributes
DA:2,4
DA:7,0
DA:8,0
DA:10,0
DA:11,0
DA:12,0
DA:14,0
DA:15,0
DA:17,0
DA:23,4
LF:10
LH:2
BRDA:7,0,0,0
BRF:1
BRH:0
end_of_record
TN:
SF:src/clients/mongodb/queries/getAllAuditLogs.ts
FN:7,(anonymous_1)
FN:28,(anonymous_2)
FNF:2
FNH:1
FNDA:1,(anonymous_1)
FNDA:0,(anonymous_2)
DA:2,5
DA:7,5
DA:15,1
DA:16,1
DA:17,1
DA:18,1
DA:19,1
DA:20,1
DA:21,1
DA:22,1
DA:24,1
DA:25,1
DA:27,1
DA:28,1
DA:29,0
DA:31,1
DA:32,1
DA:33,0
DA:34,0
DA:35,0
DA:39,1
DA:43,1
DA:45,0
DA:46,0
DA:48,1
DA:52,5
LF:26
LH:20
BRDA:18,0,0,1
BRDA:19,1,0,1
BRDA:20,2,0,1
BRDA:21,3,0,1
BRDA:24,4,0,1
BRDA:24,5,0,1
BRDA:24,5,1,0
BRDA:34,6,0,0
BRDA:34,7,0,0
BRDA:34,7,1,0
BRDA:34,7,2,0
BRF:11
BRH:6
end_of_record
TN:
SF:src/clients/mongodb/queries/getAllProductAttributes.ts
FN:20,(anonymous_1)
FN:49,(anonymous_2)
FNF:2
FNH:0
FNDA:0,(anonymous_1)
FNDA:0,(anonymous_2)
DA:2,4
DA:3,4
DA:20,4
DA:22,0
DA:23,0
DA:24,0
DA:26,0
DA:27,0
DA:29,0
DA:30,0
DA:31,0
DA:33,0
DA:34,0
DA:36,0
DA:39,0
DA:45,0
DA:46,0
DA:48,0
DA:49,0
DA:60,4
LF:20
LH:4
BRDA:26,0,0,0
BRDA:26,1,0,0
BRDA:26,1,1,0
BRDA:30,2,0,0
BRDA:33,3,0,0
BRDA:37,4,0,0
BRDA:37,4,1,0
BRDA:42,5,0,0
BRDA:42,5,1,0
BRDA:42,6,0,0
BRDA:42,6,1,0
BRDA:52,7,0,0
BRDA:52,7,1,0
BRF:13
BRH:0
end_of_record
TN:
SF:src/clients/mongodb/queries/getAllProductCategoryAuditLogs.ts
FN:7,(anonymous_1)
FNF:1
FNH:0
FNDA:0,(anonymous_1)
DA:2,4
DA:7,4
DA:14,0
DA:15,0
DA:16,0
DA:17,0
DA:19,0
DA:20,0
DA:22,0
DA:23,0
DA:30,0
DA:35,0
DA:41,0
DA:46,0
DA:47,0
DA:49,0
DA:53,4
LF:17
LH:3
BRDA:11,0,0,0
BRDA:12,1,0,0
BRDA:19,2,0,0
BRDA:22,3,0,0
BRDA:22,3,1,0
BRDA:22,4,0,0
BRDA:22,4,1,0
BRF:7
BRH:0
end_of_record
TN:
SF:src/clients/mongodb/queries/getAllResponseLogs.ts
FN:7,(anonymous_1)
FNF:1
FNH:1
FNDA:3,(anonymous_1)
DA:2,5
DA:7,5
DA:13,3
DA:14,3
DA:15,3
DA:16,3
DA:18,3
DA:19,1
DA:22,3
DA:25,2
DA:27,1
DA:28,1
DA:30,3
DA:34,5
LF:14
LH:14
BRDA:8,0,0,0
BRDA:9,1,0,2
BRDA:10,2,0,2
BRDA:18,3,0,1
BRDA:18,4,0,3
BRDA:18,4,1,2
BRF:6
BRH:5
end_of_record
TN:
SF:src/clients/mongodb/queries/getComboAuditLogs.ts
FN:7,(anonymous_1)
FNF:1
FNH:0
FNDA:0,(anonymous_1)
DA:2,4
DA:7,4
DA:10,0
DA:11,0
DA:12,0
DA:14,0
DA:15,0
DA:17,0
DA:22,0
DA:23,0
DA:25,0
DA:29,4
LF:12
LH:3
BRDA:14,0,0,0
BRF:1
BRH:0
end_of_record
TN:
SF:src/clients/mongodb/queries/getComboResponseLogs.ts
FN:7,(anonymous_1)
FNF:1
FNH:0
FNDA:0,(anonymous_1)
DA:2,4
DA:7,4
DA:10,0
DA:11,0
DA:12,0
DA:14,0
DA:15,0
DA:17,0
DA:21,0
DA:22,0
DA:24,0
DA:28,4
LF:12
LH:3
BRDA:14,0,0,0
BRF:1
BRH:0
end_of_record
TN:
SF:src/clients/mongodb/queries/getProductAttributeValuesBySkuId.ts
FN:6,(anonymous_1)
FN:34,(anonymous_2)
FN:37,(anonymous_3)
FNF:3
FNH:0
FNDA:0,(anonymous_1)
FNDA:0,(anonymous_2)
FNDA:0,(anonymous_3)
DA:2,4
DA:6,4
DA:15,0
DA:16,0
DA:17,0
DA:18,0
DA:21,0
DA:26,0
DA:27,0
DA:30,0
DA:32,0
DA:35,0
DA:38,0
DA:42,0
DA:45,0
DA:46,0
DA:48,0
DA:52,4
LF:18
LH:3
BRDA:17,0,0,0
BRDA:17,1,0,0
BRDA:17,1,1,0
BRDA:26,2,0,0
BRDA:30,3,0,0
BRDA:30,3,1,0
BRF:6
BRH:0
end_of_record
TN:
SF:src/clients/mongodb/queries/getPropByPType.ts
FN:13,(anonymous_1)
FN:29,(anonymous_2)
FNF:2
FNH:0
FNDA:0,(anonymous_1)
FNDA:0,(anonymous_2)
DA:1,4
DA:8,4
DA:10,4
DA:13,4
DA:18,0
DA:19,0
DA:21,0
DA:22,0
DA:25,0
DA:28,0
DA:29,0
DA:30,0
DA:34,0
DA:39,0
DA:41,0
DA:42,0
DA:44,0
DA:47,0
DA:50,4
LF:19
LH:5
BRDA:18,0,0,0
BRDA:22,1,0,0
BRDA:34,2,0,0
BRDA:35,3,0,0
BRDA:35,3,1,0
BRDA:35,3,2,0
BRDA:41,4,0,0
BRF:7
BRH:0
end_of_record
TN:
SF:src/clients/mongodb/queries/getResponseLogsByFileId.ts
FN:14,(anonymous_1)
FNF:1
FNH:0
FNDA:0,(anonymous_1)
DA:2,4
DA:14,4
DA:21,0
DA:22,0
DA:23,0
DA:25,0
DA:26,0
DA:28,0
DA:33,0
DA:34,0
DA:36,0
DA:40,4
LF:12
LH:3
BRDA:25,0,0,0
BRDA:25,1,0,0
BRDA:25,1,1,0
BRF:3
BRH:0
end_of_record
TN:
SF:src/clients/mongodb/queries/index.ts
FN:1,(anonymous_1)
FN:2,(anonymous_2)
FN:3,(anonymous_3)
FN:4,(anonymous_4)
FN:5,(anonymous_5)
FN:6,(anonymous_6)
FN:7,(anonymous_7)
FN:8,(anonymous_8)
FN:9,(anonymous_9)
FN:10,(anonymous_10)
FN:11,(anonymous_11)
FN:12,(anonymous_12)
FN:13,(anonymous_13)
FN:14,(anonymous_14)
FN:15,(anonymous_15)
FN:16,(anonymous_16)
FN:17,(anonymous_17)
FN:18,(anonymous_18)
FN:19,(anonymous_19)
FN:20,(anonymous_20)
FN:21,(anonymous_21)
FN:22,(anonymous_22)
FN:23,(anonymous_23)
FNF:23
FNH:0
FNDA:0,(anonymous_1)
FNDA:0,(anonymous_2)
FNDA:0,(anonymous_3)
FNDA:0,(anonymous_4)
FNDA:0,(anonymous_5)
FNDA:0,(anonymous_6)
FNDA:0,(anonymous_7)
FNDA:0,(anonymous_8)
FNDA:0,(anonymous_9)
FNDA:0,(anonymous_10)
FNDA:0,(anonymous_11)
FNDA:0,(anonymous_12)
FNDA:0,(anonymous_13)
FNDA:0,(anonymous_14)
FNDA:0,(anonymous_15)
FNDA:0,(anonymous_16)
FNDA:0,(anonymous_17)
FNDA:0,(anonymous_18)
FNDA:0,(anonymous_19)
FNDA:0,(anonymous_20)
FNDA:0,(anonymous_21)
FNDA:0,(anonymous_22)
FNDA:0,(anonymous_23)
DA:1,4
DA:2,4
DA:3,4
DA:4,4
DA:5,4
DA:6,4
DA:7,4
DA:8,4
DA:9,4
DA:10,4
DA:11,4
DA:12,4
DA:13,4
DA:14,4
DA:15,4
DA:16,4
DA:17,4
DA:18,4
DA:19,4
DA:20,4
DA:21,4
DA:22,4
DA:23,4
LF:23
LH:23
BRF:0
BRH:0
end_of_record
TN:
SF:src/clients/mongodb/queries/insertAuditLog.ts
FN:7,(anonymous_1)
FNF:1
FNH:0
FNDA:0,(anonymous_1)
DA:2,4
DA:7,4
DA:9,0
DA:10,0
DA:12,0
DA:13,0
DA:16,4
LF:7
LH:3
BRDA:9,0,0,0
BRF:1
BRH:0
end_of_record
TN:
SF:src/clients/mongodb/queries/insertCategoryAuditLog.ts
FN:8,(anonymous_1)
FNF:1
FNH:0
FNDA:0,(anonymous_1)
DA:4,4
DA:8,4
DA:11,0
DA:12,0
DA:14,0
DA:17,4
LF:6
LH:3
BRDA:11,0,0,0
BRF:1
BRH:0
end_of_record
TN:
SF:src/clients/mongodb/queries/insertComboAuditLog.ts
FN:6,(anonymous_1)
FNF:1
FNH:0
FNDA:0,(anonymous_1)
DA:3,4
DA:6,4
DA:8,0
DA:9,0
DA:11,0
DA:12,0
DA:15,4
LF:7
LH:3
BRDA:8,0,0,0
BRF:1
BRH:0
end_of_record
TN:
SF:src/clients/mongodb/queries/insertComboResponseLog.ts
FN:7,(anonymous_1)
FNF:1
FNH:0
FNDA:0,(anonymous_1)
DA:2,4
DA:7,4
DA:11,0
DA:12,0
DA:15,0
DA:16,0
DA:19,4
LF:7
LH:3
BRDA:11,0,0,0
BRF:1
BRH:0
end_of_record
TN:
SF:src/clients/mongodb/queries/insertPM2AuditLog.ts
FN:8,(anonymous_1)
FNF:1
FNH:0
FNDA:0,(anonymous_1)
DA:4,4
DA:8,4
DA:10,0
DA:11,0
DA:13,0
DA:14,0
DA:17,4
LF:7
LH:3
BRDA:10,0,0,0
BRF:1
BRH:0
end_of_record
TN:
SF:src/clients/mongodb/queries/insertProductAttributes.ts
FN:6,(anonymous_1)
FNF:1
FNH:0
FNDA:0,(anonymous_1)
DA:2,4
DA:6,4
DA:10,0
DA:12,0
DA:13,0
DA:14,0
DA:17,0
DA:21,0
DA:23,0
DA:24,0
DA:26,0
DA:33,4
LF:12
LH:3
BRDA:13,0,0,0
BRF:1
BRH:0
end_of_record
TN:
SF:src/clients/mongodb/queries/insertProductCategoryAuditLog.ts
FN:8,(anonymous_1)
FN:15,(anonymous_2)
FNF:2
FNH:0
FNDA:0,(anonymous_1)
FNDA:0,(anonymous_2)
DA:1,4
DA:4,4
DA:8,4
DA:11,0
DA:12,0
DA:14,0
DA:15,0
DA:22,4
LF:8
LH:4
BRDA:11,0,0,0
BRF:1
BRH:0
end_of_record
TN:
SF:src/clients/mongodb/queries/insertResponseLogs.ts
FN:6,(anonymous_1)
FNF:1
FNH:0
FNDA:0,(anonymous_1)
DA:3,4
DA:6,4
DA:10,0
DA:11,0
DA:13,0
DA:22,4
LF:6
LH:3
BRDA:10,0,0,0
BRF:1
BRH:0
end_of_record
TN:
SF:src/clients/mongodb/queries/updateProductAttributes.ts
FN:13,(anonymous_1)
FN:32,(anonymous_2)
FNF:2
FNH:0
FNDA:0,(anonymous_1)
FNDA:0,(anonymous_2)
DA:2,4
DA:13,4
DA:14,0
DA:15,0
DA:16,0
DA:18,0
DA:19,0
DA:22,0
DA:25,0
DA:26,0
DA:27,0
DA:32,0
DA:34,0
DA:35,0
DA:37,0
DA:39,0
DA:40,0
DA:41,0
DA:43,0
DA:50,4
LF:20
LH:3
BRDA:18,0,0,0
BRDA:25,1,0,0
BRF:2
BRH:0
end_of_record
TN:
SF:src/clients/mongodb/queries/updateResponseLogs.ts
FN:7,(anonymous_1)
FNF:1
FNH:0
FNDA:0,(anonymous_1)
DA:2,4
DA:7,4
DA:11,0
DA:12,0
DA:15,0
DA:16,0
DA:17,0
DA:18,0
DA:19,0
DA:20,0
DA:21,0
DA:22,0
DA:23,0
DA:25,0
DA:42,4
LF:15
LH:3
BRDA:11,0,0,0
BRDA:17,1,0,0
BRDA:17,1,1,0
BRDA:18,2,0,0
BRDA:18,2,1,0
BRDA:19,3,0,0
BRDA:19,3,1,0
BRDA:21,4,0,0
BRDA:21,4,1,0
BRDA:22,5,0,0
BRDA:22,5,1,0
BRF:11
BRH:0
end_of_record
TN:
SF:src/clients/mongodb/queries/upsertMeeshoProductAttributeValues.ts
FN:7,(anonymous_1)
FNF:1
FNH:0
FNDA:0,(anonymous_1)
DA:2,4
DA:7,4
DA:13,0
DA:14,0
DA:16,0
DA:27,0
DA:30,4
LF:7
LH:3
BRDA:13,0,0,0
BRF:1
BRH:0
end_of_record
TN:
SF:src/clients/mongodb/queries/upsertProductAttributeValues.ts
FN:7,(anonymous_1)
FN:31,(anonymous_2)
FNF:2
FNH:0
FNDA:0,(anonymous_1)
FNDA:0,(anonymous_2)
DA:2,4
DA:3,4
DA:7,4
DA:13,0
DA:14,0
DA:16,0
DA:17,0
DA:19,0
DA:20,0
DA:26,0
DA:31,0
DA:36,0
DA:39,4
LF:13
LH:4
BRDA:13,0,0,0
BRDA:13,1,0,0
BRDA:13,1,1,0
BRDA:16,2,0,0
BRDA:19,3,0,0
BRF:5
BRH:0
end_of_record
TN:
SF:src/clients/mongodb/queries/validateProcessingCompleted.ts
FN:11,(anonymous_1)
FNF:1
FNH:0
FNDA:0,(anonymous_1)
DA:2,4
DA:7,4
DA:11,4
DA:16,0
DA:17,0
DA:18,0
DA:20,0
DA:25,0
DA:26,0
DA:28,0
DA:29,0
DA:30,0
DA:31,0
DA:32,0
DA:38,0
DA:42,0
DA:44,0
DA:46,0
DA:47,0
DA:50,0
DA:57,0
DA:60,0
DA:67,0
DA:70,0
DA:72,0
DA:73,0
DA:77,4
LF:27
LH:4
BRDA:17,0,0,0
BRDA:30,1,0,0
BRDA:32,2,0,0
BRDA:33,3,0,0
BRDA:33,3,1,0
BRDA:33,3,2,0
BRDA:38,4,0,0
BRDA:38,4,1,0
BRDA:46,5,0,0
BRDA:50,6,0,0
BRDA:51,7,0,0
BRDA:51,7,1,0
BRDA:60,8,0,0
BRDA:61,9,0,0
BRDA:61,9,1,0
BRF:15
BRH:0
end_of_record
TN:
SF:src/clients/mongodb/schema/AuditLog.schema.ts
FNF:0
FNH:0
DA:1,6
DA:5,6
DA:21,6
LF:3
LH:3
BRF:0
BRH:0
end_of_record
TN:
SF:src/clients/mongodb/schema/CategoryAuditLog.schema.ts
FNF:0
FNH:0
DA:1,6
DA:5,6
DA:18,6
LF:3
LH:3
BRF:0
BRH:0
end_of_record
TN:
SF:src/clients/mongodb/schema/ComboAuditLog.schema.ts
FNF:0
FNH:0
DA:1,6
DA:4,6
DA:17,6
LF:3
LH:3
BRF:0
BRH:0
end_of_record
TN:
SF:src/clients/mongodb/schema/ComboResponseLog.schema.ts
FNF:0
FNH:0
DA:1,6
DA:5,6
DA:17,6
DA:19,6
LF:4
LH:4
BRF:0
BRH:0
end_of_record
TN:
SF:src/clients/mongodb/schema/MeeshoProductAttributeValues.schema.ts
FNF:0
FNH:0
DA:1,6
DA:5,6
DA:19,6
LF:3
LH:3
BRF:0
BRH:0
end_of_record
TN:
SF:src/clients/mongodb/schema/PM2AuditLog.schema.ts
FNF:0
FNH:0
DA:1,6
DA:5,6
DA:19,6
LF:3
LH:3
BRF:0
BRH:0
end_of_record
TN:
SF:src/clients/mongodb/schema/ProductAttributeValues.schema.ts
FNF:0
FNH:0
DA:1,6
DA:5,6
DA:14,6
LF:3
LH:3
BRF:0
BRH:0
end_of_record
TN:
SF:src/clients/mongodb/schema/ProductAttributes.schema.ts
FNF:0
FNH:0
DA:1,6
DA:4,6
DA:15,6
DA:24,6
DA:26,6
LF:5
LH:5
BRF:0
BRH:0
end_of_record
TN:
SF:src/clients/mongodb/schema/ProductCategoriesAuditLog.schema.ts
FNF:0
FNH:0
DA:1,6
DA:5,6
DA:19,6
LF:3
LH:3
BRF:0
BRH:0
end_of_record
TN:
SF:src/clients/mongodb/schema/ResponseLog.schema.ts
FNF:0
FNH:0
DA:1,6
DA:5,6
DA:24,6
LF:3
LH:3
BRF:0
BRH:0
end_of_record
TN:
SF:src/clients/mongodb/schema/index.ts
FNF:0
FNH:0
DA:1,6
DA:2,6
DA:3,6
DA:4,6
DA:5,6
DA:6,6
DA:7,6
DA:8,6
DA:9,6
DA:10,6
LF:10
LH:10
BRF:0
BRH:0
end_of_record
TN:
SF:src/constants/ActionTypes.ts
FN:1,(anonymous_0)
FNF:1
FNH:1
FNDA:5,(anonymous_0)
DA:1,5
DA:2,5
DA:3,5
DA:4,5
DA:7,5
LF:5
LH:5
BRDA:1,0,0,5
BRDA:1,0,1,5
BRF:2
BRH:2
end_of_record
TN:
SF:src/constants/EGroupNames.ts
FN:1,(anonymous_0)
FNF:1
FNH:1
FNDA:5,(anonymous_0)
DA:1,5
DA:2,5
DA:3,5
DA:4,5
DA:5,5
DA:6,5
DA:7,5
DA:8,5
DA:9,5
DA:10,5
DA:11,5
DA:12,5
DA:13,5
DA:14,5
DA:15,5
DA:16,5
DA:17,5
DA:18,5
DA:19,5
DA:20,5
DA:23,5
LF:21
LH:21
BRDA:1,0,0,5
BRDA:1,0,1,5
BRF:2
BRH:2
end_of_record
TN:
SF:src/constants/ETopicNames.ts
FN:1,(anonymous_0)
FNF:1
FNH:1
FNDA:5,(anonymous_0)
DA:1,5
DA:2,5
DA:3,5
DA:4,5
DA:5,5
DA:6,5
DA:7,5
DA:8,5
DA:9,5
DA:10,5
DA:11,5
DA:12,5
DA:13,5
DA:14,5
DA:15,5
DA:16,5
DA:17,5
DA:18,5
DA:19,5
DA:20,5
DA:21,5
DA:22,5
DA:23,5
DA:24,5
DA:25,5
DA:26,5
DA:27,5
DA:28,5
DA:31,5
LF:29
LH:29
BRDA:1,0,0,5
BRDA:1,0,1,5
BRF:2
BRH:2
end_of_record
TN:
SF:src/constants/ImageOptimizationConfigs.ts
FNF:0
FNH:0
DA:3,5
DA:15,5
LF:2
LH:2
BRF:0
BRH:0
end_of_record
TN:
SF:src/constants/RedisConstants.ts
FN:1,(anonymous_0)
FNF:1
FNH:1
FNDA:5,(anonymous_0)
DA:1,5
DA:2,5
DA:3,5
DA:4,5
DA:6,5
LF:5
LH:5
BRDA:1,0,0,5
BRDA:1,0,1,5
BRF:2
BRH:2
end_of_record
TN:
SF:src/constants/extraFields.ts
FNF:0
FNH:0
DA:3,5
DA:69,5
LF:2
LH:2
BRF:0
BRH:0
end_of_record
TN:
SF:src/constants/index.ts
FN:2,(anonymous_5)
FN:3,(anonymous_6)
FN:4,(anonymous_7)
FN:5,(anonymous_8)
FN:6,(anonymous_9)
FN:7,(anonymous_10)
FNF:6
FNH:1
FNDA:0,(anonymous_5)
FNDA:0,(anonymous_6)
FNDA:1,(anonymous_7)
FNDA:0,(anonymous_8)
FNDA:0,(anonymous_9)
FNDA:0,(anonymous_10)
DA:1,5
DA:2,5
DA:3,5
DA:4,6
DA:5,5
DA:6,5
DA:7,5
DA:8,5
DA:9,5
LF:9
LH:9
BRF:0
BRH:0
end_of_record
TN:
SF:src/constants/product.ts
FN:37,(anonymous_0)
FN:60,(anonymous_1)
FN:66,(anonymous_2)
FN:72,(anonymous_3)
FN:78,(anonymous_4)
FN:86,(anonymous_5)
FN:91,(anonymous_6)
FN:97,(anonymous_7)
FN:103,(anonymous_8)
FN:114,(anonymous_9)
FN:122,(anonymous_10)
FN:131,(anonymous_11)
FN:136,(anonymous_12)
FN:142,(anonymous_13)
FN:148,(anonymous_14)
FN:155,(anonymous_15)
FNF:16
FNH:16
FNDA:5,(anonymous_0)
FNDA:5,(anonymous_1)
FNDA:5,(anonymous_2)
FNDA:5,(anonymous_3)
FNDA:5,(anonymous_4)
FNDA:5,(anonymous_5)
FNDA:5,(anonymous_6)
FNDA:5,(anonymous_7)
FNDA:5,(anonymous_8)
FNDA:5,(anonymous_9)
FNDA:5,(anonymous_10)
FNDA:5,(anonymous_11)
FNDA:5,(anonymous_12)
FNDA:5,(anonymous_13)
FNDA:5,(anonymous_14)
FNDA:5,(anonymous_15)
DA:37,5
DA:38,5
DA:39,5
DA:60,5
DA:61,5
DA:62,5
DA:63,5
DA:66,5
DA:67,5
DA:68,5
DA:69,5
DA:72,5
DA:73,5
DA:74,5
DA:75,5
DA:78,5
DA:79,5
DA:80,5
DA:81,5
DA:82,5
DA:83,5
DA:86,5
DA:87,5
DA:88,5
DA:91,5
DA:92,5
DA:93,5
DA:94,5
DA:97,5
DA:98,5
DA:99,5
DA:100,5
DA:103,5
DA:104,5
DA:105,5
DA:106,5
DA:107,5
DA:108,5
DA:109,5
DA:110,5
DA:111,5
DA:114,5
DA:115,5
DA:116,5
DA:117,5
DA:118,5
DA:119,5
DA:122,5
DA:123,5
DA:124,5
DA:125,5
DA:126,5
DA:127,5
DA:128,5
DA:131,5
DA:132,5
DA:133,5
DA:136,5
DA:137,5
DA:138,5
DA:139,5
DA:142,5
DA:143,5
DA:144,5
DA:145,5
DA:148,5
DA:149,5
DA:150,5
DA:151,5
DA:152,5
DA:155,5
DA:156,5
DA:157,5
DA:158,5
DA:161,5
DA:163,5
LF:76
LH:76
BRDA:37,0,0,5
BRDA:37,0,1,5
BRDA:60,1,0,5
BRDA:60,1,1,5
BRDA:66,2,0,5
BRDA:66,2,1,5
BRDA:72,3,0,5
BRDA:72,3,1,5
BRDA:78,4,0,5
BRDA:78,4,1,5
BRDA:86,5,0,5
BRDA:86,5,1,5
BRDA:91,6,0,5
BRDA:91,6,1,5
BRDA:97,7,0,5
BRDA:97,7,1,5
BRDA:103,8,0,5
BRDA:103,8,1,5
BRDA:114,9,0,5
BRDA:114,9,1,5
BRDA:122,10,0,5
BRDA:122,10,1,5
BRDA:131,11,0,5
BRDA:131,11,1,5
BRDA:136,12,0,5
BRDA:136,12,1,5
BRDA:142,13,0,5
BRDA:142,13,1,5
BRDA:148,14,0,5
BRDA:148,14,1,5
BRDA:155,15,0,5
BRDA:155,15,1,5
BRF:32
BRH:32
end_of_record
TN:
SF:src/constants/productCategory.ts
FN:1,(anonymous_0)
FN:13,(anonymous_1)
FN:19,(anonymous_2)
FNF:3
FNH:3
FNDA:5,(anonymous_0)
FNDA:5,(anonymous_1)
FNDA:5,(anonymous_2)
DA:1,5
DA:2,5
DA:3,5
DA:4,5
DA:5,5
DA:6,5
DA:7,5
DA:8,5
DA:9,5
DA:10,5
DA:13,5
DA:14,5
DA:15,5
DA:16,5
DA:19,5
DA:20,5
DA:21,5
DA:22,5
DA:23,5
LF:19
LH:19
BRDA:1,0,0,5
BRDA:1,0,1,5
BRDA:13,1,0,5
BRDA:13,1,1,5
BRDA:19,2,0,5
BRDA:19,2,1,5
BRF:6
BRH:6
end_of_record
TN:
SF:src/constants/kafkaConfig/consumer.ts
FN:1,(anonymous_0)
FN:8,(anonymous_1)
FN:14,(anonymous_2)
FN:20,(anonymous_3)
FNF:4
FNH:4
FNDA:5,(anonymous_0)
FNDA:5,(anonymous_1)
FNDA:5,(anonymous_2)
FNDA:5,(anonymous_3)
DA:1,5
DA:2,5
DA:3,5
DA:4,5
DA:5,5
DA:8,5
DA:9,5
DA:10,5
DA:11,5
DA:14,5
DA:15,5
DA:16,5
DA:17,5
DA:18,5
DA:20,5
DA:21,5
DA:22,5
DA:23,5
LF:18
LH:18
BRDA:1,0,0,5
BRDA:1,0,1,5
BRDA:8,1,0,5
BRDA:8,1,1,5
BRDA:14,2,0,5
BRDA:14,2,1,5
BRDA:20,3,0,5
BRDA:20,3,1,5
BRF:8
BRH:8
end_of_record
TN:
SF:src/constants/kafkaConfig/index.ts
FNF:0
FNH:0
DA:1,5
LF:1
LH:1
BRF:0
BRH:0
end_of_record
TN:
SF:src/redis/HashMapBuilder.ts
FN:7,(anonymous_0)
FN:12,(anonymous_1)
FN:22,(anonymous_2)
FN:32,(anonymous_3)
FN:36,(anonymous_4)
FN:43,(anonymous_5)
FN:44,(anonymous_6)
FN:49,(anonymous_7)
FN:53,(anonymous_8)
FN:57,(anonymous_9)
FN:65,(anonymous_10)
FNF:11
FNH:5
FNDA:2,(anonymous_0)
FNDA:3,(anonymous_1)
FNDA:0,(anonymous_2)
FNDA:0,(anonymous_3)
FNDA:3,(anonymous_4)
FNDA:7,(anonymous_5)
FNDA:7,(anonymous_6)
FNDA:0,(anonymous_7)
FNDA:0,(anonymous_8)
FNDA:0,(anonymous_9)
FNDA:0,(anonymous_10)
DA:3,2
DA:8,2
DA:9,2
DA:13,3
DA:14,3
DA:19,3
DA:28,0
DA:33,0
DA:37,3
DA:38,3
DA:39,7
DA:41,3
DA:42,3
DA:43,7
DA:45,7
DA:50,0
DA:54,0
DA:62,0
DA:66,0
LF:19
LH:13
BRDA:41,0,0,3
BRDA:41,0,1,0
BRF:2
BRH:1
end_of_record
TN:
SF:src/redis/SortedSetBuilder.ts
FN:8,(anonymous_0)
FN:13,(anonymous_1)
FN:20,(anonymous_2)
FN:36,(anonymous_3)
FN:40,(anonymous_4)
FN:44,(anonymous_5)
FN:51,(anonymous_6)
FN:52,(anonymous_7)
FN:57,(anonymous_8)
FN:61,(anonymous_9)
FNF:10
FNH:7
FNDA:2,(anonymous_0)
FNDA:4,(anonymous_1)
FNDA:3,(anonymous_2)
FNDA:1,(anonymous_3)
FNDA:4,(anonymous_4)
FNDA:0,(anonymous_5)
FNDA:0,(anonymous_6)
FNDA:0,(anonymous_7)
FNDA:1,(anonymous_8)
FNDA:1,(anonymous_9)
DA:4,2
DA:9,2
DA:10,2
DA:18,4
DA:19,3
DA:27,3
DA:28,3
DA:29,3
DA:33,3
DA:37,1
DA:41,4
DA:45,0
DA:46,0
DA:47,0
DA:49,0
DA:50,0
DA:51,0
DA:53,0
DA:58,1
DA:62,1
LF:20
LH:13
BRDA:18,0,0,1
BRDA:49,1,0,0
BRDA:49,1,1,0
BRF:3
BRH:1
end_of_record
TN:
SF:src/redis/store/CategoryStore.ts
FN:16,(anonymous_1)
FN:23,(anonymous_2)
FN:85,(anonymous_3)
FN:123,(anonymous_4)
FN:131,(anonymous_5)
FN:135,(anonymous_6)
FN:169,(anonymous_7)
FN:202,(anonymous_8)
FNF:8
FNH:2
FNDA:1,(anonymous_1)
FNDA:1,(anonymous_2)
FNDA:0,(anonymous_3)
FNDA:0,(anonymous_4)
FNDA:0,(anonymous_5)
FNDA:0,(anonymous_6)
FNDA:0,(anonymous_7)
FNDA:0,(anonymous_8)
DA:1,1
DA:2,1
DA:10,1
DA:11,1
DA:12,1
DA:15,1
DA:17,1
DA:30,1
DA:32,1
DA:43,1
DA:44,1
DA:49,1
DA:51,1
DA:56,1
DA:57,1
DA:76,1
DA:81,0
DA:94,0
DA:95,0
DA:96,0
DA:97,0
DA:98,0
DA:117,0
DA:124,0
DA:132,0
DA:143,0
DA:144,0
DA:145,0
DA:146,0
DA:163,0
DA:177,0
DA:178,0
DA:179,0
DA:180,0
DA:181,0
DA:199,0
DA:211,0
DA:212,0
DA:213,0
DA:214,0
DA:215,0
DA:234,0
LF:42
LH:16
BRDA:17,0,0,1
BRDA:102,1,0,0
BRDA:102,1,1,0
BRDA:219,2,0,0
BRDA:219,2,1,0
BRF:5
BRH:1
end_of_record
TN:
SF:src/redis/store/SkuStore.ts
FN:8,(anonymous_1)
FN:15,(anonymous_2)
FN:35,(anonymous_3)
FN:44,(anonymous_4)
FN:62,(anonymous_5)
FN:67,(anonymous_6)
FNF:6
FNH:0
FNDA:0,(anonymous_1)
FNDA:0,(anonymous_2)
FNDA:0,(anonymous_3)
FNDA:0,(anonymous_4)
FNDA:0,(anonymous_5)
FNDA:0,(anonymous_6)
DA:1,1
DA:3,1
DA:4,1
DA:7,1
DA:9,0
DA:20,0
DA:21,0
DA:22,0
DA:23,0
DA:24,0
DA:25,0
DA:27,0
DA:28,0
DA:30,0
DA:39,0
DA:40,0
DA:41,0
DA:50,0
DA:51,0
DA:63,0
DA:73,0
DA:74,0
DA:75,0
DA:76,0
DA:77,0
LF:25
LH:4
BRDA:9,0,0,0
BRDA:27,1,0,0
BRDA:27,1,1,0
BRF:3
BRH:0
end_of_record
TN:
SF:src/redis/store/VariantIdentifierStore.ts
FN:8,(anonymous_1)
FN:15,(anonymous_2)
FN:59,(anonymous_3)
FN:71,(anonymous_4)
FN:79,(anonymous_5)
FN:83,(anonymous_6)
FNF:6
FNH:0
FNDA:0,(anonymous_1)
FNDA:0,(anonymous_2)
FNDA:0,(anonymous_3)
FNDA:0,(anonymous_4)
FNDA:0,(anonymous_5)
FNDA:0,(anonymous_6)
DA:1,1
DA:2,1
DA:7,1
DA:9,0
DA:20,0
DA:21,0
DA:22,0
DA:23,0
DA:28,0
DA:32,0
DA:38,0
DA:50,0
DA:64,0
DA:72,0
DA:73,0
DA:74,0
DA:76,0
DA:80,0
DA:88,0
LF:19
LH:3
BRDA:9,0,0,0
BRDA:23,1,0,0
BRDA:23,1,1,0
BRDA:28,2,0,0
BRF:4
BRH:0
end_of_record
TN:
SF:src/redis/store/index.ts
FN:1,(anonymous_1)
FN:2,(anonymous_2)
FN:3,(anonymous_3)
FN:4,(anonymous_4)
FNF:4
FNH:1
FNDA:0,(anonymous_1)
FNDA:1,(anonymous_2)
FNDA:0,(anonymous_3)
FNDA:0,(anonymous_4)
DA:1,1
DA:2,2
DA:3,1
DA:4,1
LF:4
LH:4
BRF:0
BRH:0
end_of_record
TN:
SF:src/redis/store/pTypeStore.ts
FN:10,(anonymous_0)
FN:18,(anonymous_1)
FN:31,(anonymous_2)
FN:70,(anonymous_3)
FNF:4
FNH:0
FNDA:0,(anonymous_0)
FNDA:0,(anonymous_1)
FNDA:0,(anonymous_2)
FNDA:0,(anonymous_3)
DA:1,1
DA:4,1
DA:7,1
DA:8,0
DA:13,0
DA:14,0
DA:16,0
DA:17,0
DA:19,0
DA:20,0
DA:24,0
DA:27,0
DA:34,0
DA:35,0
DA:36,0
DA:37,0
DA:39,0
DA:40,0
DA:42,0
DA:44,0
DA:46,0
DA:47,0
DA:48,0
DA:52,0
DA:53,0
DA:59,0
DA:60,0
DA:61,0
DA:69,0
DA:71,0
DA:74,0
LF:31
LH:3
BRDA:16,0,0,0
BRDA:16,0,1,0
BRDA:16,1,0,0
BRDA:16,1,1,0
BRDA:39,2,0,0
BRDA:47,3,0,0
BRDA:53,4,0,0
BRDA:60,5,0,0
BRF:8
BRH:0
end_of_record
TN:
SF:src/redis/utils/calculateScoreForSku.ts
FN:14,(anonymous_1)
FNF:1
FNH:1
FNDA:4,(anonymous_1)
DA:1,3
DA:10,3
DA:11,3
DA:12,3
DA:14,3
DA:23,4
DA:25,4
DA:26,3
DA:28,1
DA:30,4
DA:31,1
DA:33,4
DA:34,1
DA:36,4
DA:37,4
DA:38,4
DA:39,4
DA:42,3
LF:18
LH:18
BRDA:25,0,0,3
BRDA:25,0,1,1
BRDA:30,1,0,1
BRDA:30,2,0,4
BRDA:30,2,1,4
BRDA:33,3,0,1
BRDA:33,4,0,4
BRDA:33,4,1,3
BRF:8
BRH:8
end_of_record
TN:
SF:src/redis/utils/getRedisProductFromRow.ts
FN:5,(anonymous_1)
FN:114,(anonymous_2)
FN:148,(anonymous_3)
FNF:3
FNH:3
FNDA:1,(anonymous_1)
FNDA:1,(anonymous_2)
FNDA:1,(anonymous_3)
DA:1,3
DA:2,3
DA:5,3
DA:47,1
DA:49,1
DA:50,1
DA:51,1
DA:58,1
DA:64,1
DA:66,1
DA:114,3
DA:119,1
DA:120,0
DA:123,1
DA:124,0
DA:127,1
DA:131,0
DA:134,1
DA:142,0
DA:145,1
DA:148,3
DA:153,1
DA:154,1
DA:157,0
DA:158,0
DA:165,0
DA:168,3
LF:27
LH:20
BRDA:49,0,0,1
BRDA:49,0,1,0
BRDA:50,1,0,1
BRDA:50,1,1,0
BRDA:68,2,0,1
BRDA:68,2,1,0
BRDA:69,3,0,1
BRDA:69,3,1,1
BRDA:70,4,0,1
BRDA:70,4,1,1
BRDA:73,5,0,1
BRDA:73,5,1,0
BRDA:74,6,0,1
BRDA:74,6,1,0
BRDA:75,7,0,1
BRDA:75,7,1,0
BRDA:76,8,0,1
BRDA:76,8,1,0
BRDA:77,9,0,1
BRDA:77,9,1,0
BRDA:78,10,0,1
BRDA:78,10,1,1
BRDA:79,11,0,1
BRDA:79,11,1,0
BRDA:80,12,0,1
BRDA:80,12,1,0
BRDA:81,13,0,1
BRDA:81,13,1,0
BRDA:82,14,0,1
BRDA:82,14,1,0
BRDA:83,15,0,1
BRDA:83,15,1,0
BRDA:84,16,0,1
BRDA:84,16,1,0
BRDA:87,17,0,1
BRDA:87,17,1,0
BRDA:88,18,0,1
BRDA:88,18,1,0
BRDA:91,19,0,1
BRDA:91,19,1,0
BRDA:92,20,0,1
BRDA:92,20,1,0
BRDA:93,21,0,1
BRDA:93,21,1,0
BRDA:94,22,0,1
BRDA:94,22,1,0
BRDA:95,23,0,1
BRDA:95,23,1,0
BRDA:96,24,0,1
BRDA:96,24,1,0
BRDA:97,25,0,1
BRDA:97,25,1,0
BRDA:98,26,0,1
BRDA:98,26,1,0
BRDA:99,27,0,1
BRDA:99,27,1,0
BRDA:100,28,0,1
BRDA:100,28,1,0
BRDA:101,29,0,1
BRDA:101,29,1,1
BRDA:102,30,0,1
BRDA:102,30,1,0
BRDA:103,31,0,1
BRDA:103,31,1,0
BRDA:106,32,0,1
BRDA:106,32,1,0
BRDA:107,33,0,1
BRDA:107,33,1,0
BRDA:108,34,0,1
BRDA:108,34,1,0
BRDA:109,35,0,1
BRDA:109,35,1,0
BRDA:110,36,0,1
BRDA:110,36,1,0
BRDA:119,37,0,0
BRDA:123,38,0,0
BRDA:127,39,0,0
BRDA:128,40,0,1
BRDA:128,40,1,1
BRDA:134,41,0,0
BRDA:135,42,0,1
BRDA:135,42,1,0
BRDA:153,43,0,1
BRDA:157,44,0,0
BRF:84
BRH:45
end_of_record
TN:
SF:src/redis/utils/hashCode.ts
FN:3,(anonymous_1)
FN:4,(anonymous_2)
FN:11,(anonymous_3)
FNF:3
FNH:2
FNDA:1,(anonymous_1)
FNDA:14,(anonymous_2)
FNDA:0,(anonymous_3)
DA:1,3
DA:3,3
DA:4,1
DA:5,14
DA:6,14
DA:8,1
DA:11,3
DA:13,0
DA:16,0
DA:17,0
DA:18,0
DA:21,0
DA:24,0
LF:13
LH:7
BRF:0
BRH:0
end_of_record
TN:
SF:src/redis/utils/index.ts
FN:1,(anonymous_1)
FN:2,(anonymous_2)
FN:3,(anonymous_3)
FN:3,(anonymous_4)
FNF:4
FNH:3
FNDA:4,(anonymous_1)
FNDA:1,(anonymous_2)
FNDA:1,(anonymous_3)
FNDA:0,(anonymous_4)
DA:1,7
DA:2,4
DA:3,4
LF:3
LH:3
BRF:0
BRH:0
end_of_record
TN:
SF:src/repositories/PgProductDao.ts
FN:15,(anonymous_1)
FN:17,(anonymous_2)
FN:39,(anonymous_3)
FN:62,(anonymous_4)
FN:80,(anonymous_5)
FN:110,(anonymous_6)
FN:113,(anonymous_7)
FN:136,(anonymous_8)
FN:145,(anonymous_9)
FN:155,(anonymous_10)
FNF:10
FNH:2
FNDA:1,(anonymous_1)
FNDA:0,(anonymous_2)
FNDA:0,(anonymous_3)
FNDA:0,(anonymous_4)
FNDA:0,(anonymous_5)
FNDA:0,(anonymous_6)
FNDA:0,(anonymous_7)
FNDA:0,(anonymous_8)
FNDA:0,(anonymous_9)
FNDA:1,(anonymous_10)
DA:1,1
DA:2,1
DA:3,1
DA:4,1
DA:12,1
DA:14,1
DA:15,1
DA:22,0
DA:36,0
DA:45,0
DA:46,0
DA:59,0
DA:64,0
DA:77,0
DA:84,0
DA:90,0
DA:96,0
DA:97,0
DA:99,0
DA:100,0
DA:104,0
DA:113,0
DA:114,0
DA:124,0
DA:131,0
DA:132,0
DA:137,0
DA:140,0
DA:141,0
DA:142,0
DA:147,0
DA:148,0
DA:152,0
DA:156,1
LF:34
LH:8
BRDA:36,0,0,0
BRDA:36,0,1,0
BRDA:59,1,0,0
BRDA:59,1,1,0
BRDA:96,2,0,0
BRDA:104,3,0,0
BRDA:104,3,1,0
BRDA:104,4,0,0
BRDA:104,4,1,0
BRF:9
BRH:0
end_of_record
TN:
SF:src/repositories/index.ts
FN:1,(anonymous_1)
FNF:1
FNH:1
FNDA:1,(anonymous_1)
DA:1,2
LF:1
LH:1
BRF:0
BRH:0
end_of_record
TN:
SF:src/utils/elipsis.ts
FN:1,elipsis
FNF:1
FNH:0
FNDA:0,elipsis
DA:1,4
DA:2,0
LF:2
LH:1
BRDA:2,0,0,0
BRDA:2,0,1,0
BRF:2
BRH:0
end_of_record
TN:
SF:src/utils/logger.ts
FN:5,(anonymous_1)
FN:20,(anonymous_2)
FN:21,(anonymous_3)
FN:26,(anonymous_4)
FN:27,(anonymous_5)
FN:42,(anonymous_6)
FN:52,(anonymous_7)
FN:56,(anonymous_8)
FN:61,(anonymous_9)
FN:66,(anonymous_10)
FN:71,(anonymous_11)
FN:76,(anonymous_12)
FNF:12
FNH:1
FNDA:0,(anonymous_1)
FNDA:4,(anonymous_2)
FNDA:0,(anonymous_3)
FNDA:0,(anonymous_4)
FNDA:0,(anonymous_5)
FNDA:0,(anonymous_6)
FNDA:0,(anonymous_7)
FNDA:0,(anonymous_8)
FNDA:0,(anonymous_9)
FNDA:0,(anonymous_10)
FNDA:0,(anonymous_11)
FNDA:0,(anonymous_12)
DA:1,4
DA:2,4
DA:3,4
DA:5,4
DA:6,0
DA:9,0
DA:11,0
DA:13,0
DA:15,0
DA:19,4
DA:20,4
DA:21,4
DA:22,0
DA:23,0
DA:26,4
DA:27,0
DA:28,0
DA:32,0
DA:33,0
DA:34,0
DA:37,0
DA:43,0
DA:44,0
DA:52,0
DA:56,0
DA:58,0
DA:61,0
DA:63,0
DA:66,0
DA:68,0
DA:71,0
DA:73,0
DA:76,0
DA:78,0
DA:82,4
LF:35
LH:9
BRDA:6,0,0,0
BRDA:6,0,1,0
BRDA:6,0,2,0
BRDA:6,0,3,0
BRDA:6,0,4,0
BRF:5
BRH:0
end_of_record
