mode: set
github.com/city-mall/cm-ads-services/packages/ads-go-server/ads/cmAds.go:24.26,26.3 1 1
github.com/city-mall/cm-ads-services/packages/ads-go-server/ads/cmAds.go:29.47,34.2 4 1
github.com/city-mall/cm-ads-services/packages/ads-go-server/ads/cmAds.go:36.32,38.2 1 1
github.com/city-mall/cm-ads-services/packages/ads-go-server/ads/cmAds.go:40.46,41.19 1 1
github.com/city-mall/cm-ads-services/packages/ads-go-server/ads/cmAds.go:41.19,45.3 3 1
github.com/city-mall/cm-ads-services/packages/ads-go-server/ads/cmAds.go:46.2,46.12 1 1
github.com/city-mall/cm-ads-services/packages/ads-go-server/ads/cmAds.go:49.46,50.43 1 0
github.com/city-mall/cm-ads-services/packages/ads-go-server/ads/cmAds.go:50.43,53.3 2 0
github.com/city-mall/cm-ads-services/packages/ads-go-server/ads/cmAds.go:56.37,57.43 1 0
github.com/city-mall/cm-ads-services/packages/ads-go-server/ads/cmAds.go:57.43,60.3 2 0
github.com/city-mall/cm-ads-services/packages/ads-go-server/ads/cmAds.go:130.24,131.11 1 1
github.com/city-mall/cm-ads-services/packages/ads-go-server/ads/cmAds.go:131.11,133.3 1 0
github.com/city-mall/cm-ads-services/packages/ads-go-server/ads/cmAds.go:134.2,134.10 1 1
github.com/city-mall/cm-ads-services/packages/ads-go-server/ads/cmAds.go:137.86,141.25 2 1
github.com/city-mall/cm-ads-services/packages/ads-go-server/ads/cmAds.go:141.25,142.56 1 1
github.com/city-mall/cm-ads-services/packages/ads-go-server/ads/cmAds.go:142.56,143.37 1 1
github.com/city-mall/cm-ads-services/packages/ads-go-server/ads/cmAds.go:143.37,145.5 1 1
github.com/city-mall/cm-ads-services/packages/ads-go-server/ads/cmAds.go:150.2,155.28 4 1
github.com/city-mall/cm-ads-services/packages/ads-go-server/ads/cmAds.go:158.57,160.29 2 1
github.com/city-mall/cm-ads-services/packages/ads-go-server/ads/cmAds.go:160.29,163.3 2 1
github.com/city-mall/cm-ads-services/packages/ads-go-server/ads/cmAds.go:166.100,168.26 2 1
github.com/city-mall/cm-ads-services/packages/ads-go-server/ads/cmAds.go:168.26,170.3 1 1
github.com/city-mall/cm-ads-services/packages/ads-go-server/ads/cmAds.go:171.2,173.25 2 1
github.com/city-mall/cm-ads-services/packages/ads-go-server/ads/cmAds.go:173.25,175.3 1 1
github.com/city-mall/cm-ads-services/packages/ads-go-server/ads/cmAds.go:176.2,176.15 1 1
github.com/city-mall/cm-ads-services/packages/ads-go-server/ads/cmAds.go:179.135,182.20 3 1
github.com/city-mall/cm-ads-services/packages/ads-go-server/ads/cmAds.go:182.20,185.3 2 0
github.com/city-mall/cm-ads-services/packages/ads-go-server/ads/cmAds.go:187.2,188.16 2 1
github.com/city-mall/cm-ads-services/packages/ads-go-server/ads/cmAds.go:188.16,190.3 1 0
github.com/city-mall/cm-ads-services/packages/ads-go-server/ads/cmAds.go:192.2,205.18 6 1
github.com/city-mall/cm-ads-services/packages/ads-go-server/ads/cmAds.go:209.140,217.9 5 1
github.com/city-mall/cm-ads-services/packages/ads-go-server/ads/cmAds.go:218.43,222.21 4 0
github.com/city-mall/cm-ads-services/packages/ads-go-server/ads/cmAds.go:223.43,226.21 3 0
github.com/city-mall/cm-ads-services/packages/ads-go-server/ads/cmAds.go:227.32,229.21 2 0
github.com/city-mall/cm-ads-services/packages/ads-go-server/ads/cmAds.go:230.10,231.12 1 1
github.com/city-mall/cm-ads-services/packages/ads-go-server/ads/cmAds.go:232.10,233.23 1 0
github.com/city-mall/cm-ads-services/packages/ads-go-server/ads/cmAds.go:234.10,235.18 1 0
github.com/city-mall/cm-ads-services/packages/ads-go-server/ads/cmAds.go:236.10,237.22 1 1
github.com/city-mall/cm-ads-services/packages/ads-go-server/ads/cmAds.go:238.10,239.21 1 0
github.com/city-mall/cm-ads-services/packages/ads-go-server/ads/cmAds.go:240.11,242.40 2 0
github.com/city-mall/cm-ads-services/packages/ads-go-server/ads/cmAds.go:246.3,247.28 2 1
github.com/city-mall/cm-ads-services/packages/ads-go-server/ads/cmAds.go:247.28,249.26 2 1
github.com/city-mall/cm-ads-services/packages/ads-go-server/ads/cmAds.go:249.26,251.13 2 0
github.com/city-mall/cm-ads-services/packages/ads-go-server/ads/cmAds.go:253.4,253.49 1 1
github.com/city-mall/cm-ads-services/packages/ads-go-server/ads/cmAds.go:257.2,257.38 1 1
github.com/city-mall/cm-ads-services/packages/ads-go-server/ads/cmAds.go:261.96,263.32 2 1
github.com/city-mall/cm-ads-services/packages/ads-go-server/ads/cmAds.go:263.32,269.3 1 1
github.com/city-mall/cm-ads-services/packages/ads-go-server/ads/cmAds.go:270.2,270.16 1 1
github.com/city-mall/cm-ads-services/packages/ads-go-server/ads/commons.go:15.122,17.9 2 1
github.com/city-mall/cm-ads-services/packages/ads-go-server/ads/commons.go:18.62,19.115 1 0
github.com/city-mall/cm-ads-services/packages/ads-go-server/ads/commons.go:20.64,21.68 1 1
github.com/city-mall/cm-ads-services/packages/ads-go-server/ads/commons.go:21.68,23.4 1 1
github.com/city-mall/cm-ads-services/packages/ads-go-server/ads/commons.go:24.69,25.68 1 0
github.com/city-mall/cm-ads-services/packages/ads-go-server/ads/commons.go:25.68,26.59 1 0
github.com/city-mall/cm-ads-services/packages/ads-go-server/ads/commons.go:26.59,28.5 1 0
github.com/city-mall/cm-ads-services/packages/ads-go-server/ads/commons.go:30.62,31.58 1 0
github.com/city-mall/cm-ads-services/packages/ads-go-server/ads/commons.go:31.58,33.4 1 0
github.com/city-mall/cm-ads-services/packages/ads-go-server/ads/commons.go:38.76,42.9 4 1
github.com/city-mall/cm-ads-services/packages/ads-go-server/ads/commons.go:43.77,44.106 1 1
github.com/city-mall/cm-ads-services/packages/ads-go-server/ads/commons.go:45.69,46.58 1 0
github.com/city-mall/cm-ads-services/packages/ads-go-server/ads/commons.go:46.58,48.4 1 0
github.com/city-mall/cm-ads-services/packages/ads-go-server/ads/commons.go:49.62,50.126 1 0
github.com/city-mall/cm-ads-services/packages/ads-go-server/ads/commons.go:53.2,53.16 1 1
github.com/city-mall/cm-ads-services/packages/ads-go-server/ads/commons.go:53.16,56.3 2 1
github.com/city-mall/cm-ads-services/packages/ads-go-server/ads/commons.go:57.2,57.16 1 0
github.com/city-mall/cm-ads-services/packages/ads-go-server/ads/commons.go:57.16,59.3 1 0
github.com/city-mall/cm-ads-services/packages/ads-go-server/ads/commons.go:61.2,61.14 1 0
github.com/city-mall/cm-ads-services/packages/ads-go-server/ads/commons.go:64.64,66.16 2 1
github.com/city-mall/cm-ads-services/packages/ads-go-server/ads/commons.go:66.16,69.3 1 0
github.com/city-mall/cm-ads-services/packages/ads-go-server/ads/commons.go:71.2,72.40 2 1
github.com/city-mall/cm-ads-services/packages/ads-go-server/ads/commons.go:75.106,79.16 4 0
github.com/city-mall/cm-ads-services/packages/ads-go-server/ads/commons.go:79.16,86.26 4 0
github.com/city-mall/cm-ads-services/packages/ads-go-server/ads/commons.go:86.26,88.4 1 0
github.com/city-mall/cm-ads-services/packages/ads-go-server/ads/commons.go:91.3,91.42 1 0
github.com/city-mall/cm-ads-services/packages/ads-go-server/ads/commons.go:91.42,93.4 1 0
github.com/city-mall/cm-ads-services/packages/ads-go-server/ads/commons.go:96.3,97.28 2 0
github.com/city-mall/cm-ads-services/packages/ads-go-server/ads/commons.go:97.28,99.4 1 0
github.com/city-mall/cm-ads-services/packages/ads-go-server/ads/commons.go:102.3,103.74 2 0
github.com/city-mall/cm-ads-services/packages/ads-go-server/ads/commons.go:104.8,107.3 1 0
github.com/city-mall/cm-ads-services/packages/ads-go-server/ads/commons.go:110.2,110.28 1 0
github.com/city-mall/cm-ads-services/packages/ads-go-server/ads/commons.go:110.28,112.3 1 0
github.com/city-mall/cm-ads-services/packages/ads-go-server/ads/commons.go:115.2,117.13 3 0
github.com/city-mall/cm-ads-services/packages/ads-go-server/ads/decideAdItems.go:32.83,39.2 1 1
github.com/city-mall/cm-ads-services/packages/ads-go-server/ads/decideAdItems.go:72.97,77.12 3 1
github.com/city-mall/cm-ads-services/packages/ads-go-server/ads/decideAdItems.go:77.12,82.31 3 1
github.com/city-mall/cm-ads-services/packages/ads-go-server/ads/decideAdItems.go:82.31,84.4 1 1
github.com/city-mall/cm-ads-services/packages/ads-go-server/ads/decideAdItems.go:86.3,91.31 3 1
github.com/city-mall/cm-ads-services/packages/ads-go-server/ads/decideAdItems.go:91.31,93.31 2 1
github.com/city-mall/cm-ads-services/packages/ads-go-server/ads/decideAdItems.go:93.31,99.5 2 1
github.com/city-mall/cm-ads-services/packages/ads-go-server/ads/decideAdItems.go:102.3,106.30 3 1
github.com/city-mall/cm-ads-services/packages/ads-go-server/ads/decideAdItems.go:107.8,109.3 1 1
github.com/city-mall/cm-ads-services/packages/ads-go-server/ads/decideAdItems.go:112.2,113.9 2 1
github.com/city-mall/cm-ads-services/packages/ads-go-server/ads/decideAdItems.go:113.9,115.3 1 0
github.com/city-mall/cm-ads-services/packages/ads-go-server/ads/decideAdItems.go:117.2,119.43 2 1
github.com/city-mall/cm-ads-services/packages/ads-go-server/ads/decideAdItems.go:119.43,121.3 1 0
github.com/city-mall/cm-ads-services/packages/ads-go-server/ads/decideAdItems.go:123.2,127.12 4 1
github.com/city-mall/cm-ads-services/packages/ads-go-server/ads/decideAdItems.go:130.107,139.79 2 1
github.com/city-mall/cm-ads-services/packages/ads-go-server/ads/decideAdItems.go:139.79,142.4 2 0
github.com/city-mall/cm-ads-services/packages/ads-go-server/ads/decideAdItems.go:145.2,145.46 1 1
github.com/city-mall/cm-ads-services/packages/ads-go-server/ads/decideAdItems.go:145.46,146.60 1 1
github.com/city-mall/cm-ads-services/packages/ads-go-server/ads/decideAdItems.go:146.60,148.4 1 1
github.com/city-mall/cm-ads-services/packages/ads-go-server/ads/decideAdItems.go:151.2,151.57 1 0
github.com/city-mall/cm-ads-services/packages/ads-go-server/ads/decideAdItems.go:154.102,155.114 1 1
github.com/city-mall/cm-ads-services/packages/ads-go-server/ads/decideAdItems.go:155.114,158.3 2 1
github.com/city-mall/cm-ads-services/packages/ads-go-server/ads/decideAdItems.go:158.8,161.3 2 1
github.com/city-mall/cm-ads-services/packages/ads-go-server/ads/decideAdItems.go:164.140,178.16 6 1
github.com/city-mall/cm-ads-services/packages/ads-go-server/ads/decideAdItems.go:178.16,180.3 1 0
github.com/city-mall/cm-ads-services/packages/ads-go-server/ads/decideAdItems.go:183.2,183.49 1 1
github.com/city-mall/cm-ads-services/packages/ads-go-server/ads/decideAdItems.go:183.49,185.3 1 0
github.com/city-mall/cm-ads-services/packages/ads-go-server/ads/decideAdItems.go:185.8,187.3 1 1
github.com/city-mall/cm-ads-services/packages/ads-go-server/ads/decideAdItems.go:189.2,189.35 1 1
github.com/city-mall/cm-ads-services/packages/ads-go-server/ads/decideAdItems.go:189.35,192.3 2 0
github.com/city-mall/cm-ads-services/packages/ads-go-server/ads/decideAdItems.go:194.2,198.86 3 1
github.com/city-mall/cm-ads-services/packages/ads-go-server/ads/decideAdItems.go:198.86,200.3 1 0
github.com/city-mall/cm-ads-services/packages/ads-go-server/ads/decideAdItems.go:202.2,202.16 1 1
github.com/city-mall/cm-ads-services/packages/ads-go-server/ads/decideAdItems.go:202.16,205.3 2 0
github.com/city-mall/cm-ads-services/packages/ads-go-server/ads/decideAdItems.go:207.2,212.16 6 1
github.com/city-mall/cm-ads-services/packages/ads-go-server/ads/decideAdItems.go:212.16,214.3 1 0
github.com/city-mall/cm-ads-services/packages/ads-go-server/ads/decideAdItems.go:216.2,219.16 3 1
github.com/city-mall/cm-ads-services/packages/ads-go-server/ads/decideAdItems.go:219.16,221.3 1 0
github.com/city-mall/cm-ads-services/packages/ads-go-server/ads/decideAdItems.go:223.2,226.16 3 1
github.com/city-mall/cm-ads-services/packages/ads-go-server/ads/decideAdItems.go:226.16,228.3 1 0
github.com/city-mall/cm-ads-services/packages/ads-go-server/ads/decideAdItems.go:230.2,231.16 2 1
github.com/city-mall/cm-ads-services/packages/ads-go-server/ads/decideAdItems.go:231.16,233.3 1 0
github.com/city-mall/cm-ads-services/packages/ads-go-server/ads/decideAdItems.go:235.2,235.38 1 1
github.com/city-mall/cm-ads-services/packages/ads-go-server/ads/decideAdItems.go:235.38,237.3 1 1
github.com/city-mall/cm-ads-services/packages/ads-go-server/ads/decideAdItems.go:239.2,242.18 3 1
github.com/city-mall/cm-ads-services/packages/ads-go-server/ads/decideAdItems.go:245.90,247.16 2 1
github.com/city-mall/cm-ads-services/packages/ads-go-server/ads/decideAdItems.go:247.16,249.3 1 0
github.com/city-mall/cm-ads-services/packages/ads-go-server/ads/decideAdItems.go:250.2,252.17 3 1
github.com/city-mall/cm-ads-services/packages/ads-go-server/ads/decideAdItems.go:255.101,257.16 2 1
github.com/city-mall/cm-ads-services/packages/ads-go-server/ads/decideAdItems.go:257.16,259.3 1 0
github.com/city-mall/cm-ads-services/packages/ads-go-server/ads/decideAdItems.go:261.2,261.15 1 1
github.com/city-mall/cm-ads-services/packages/ads-go-server/ads/decideAdItems.go:261.15,263.22 2 1
github.com/city-mall/cm-ads-services/packages/ads-go-server/ads/decideAdItems.go:263.22,265.4 1 0
github.com/city-mall/cm-ads-services/packages/ads-go-server/ads/decideAdItems.go:268.2,269.16 2 1
github.com/city-mall/cm-ads-services/packages/ads-go-server/ads/decideAdItems.go:269.16,271.3 1 0
github.com/city-mall/cm-ads-services/packages/ads-go-server/ads/decideAdItems.go:273.2,273.38 1 1
github.com/city-mall/cm-ads-services/packages/ads-go-server/ads/decideAdItems.go:273.38,275.3 1 0
github.com/city-mall/cm-ads-services/packages/ads-go-server/ads/decideAdItems.go:277.2,277.18 1 1
github.com/city-mall/cm-ads-services/packages/ads-go-server/ads/decideAdItems.go:280.174,283.57 3 1
github.com/city-mall/cm-ads-services/packages/ads-go-server/ads/decideAdItems.go:283.57,285.3 1 0
github.com/city-mall/cm-ads-services/packages/ads-go-server/ads/decideAdItems.go:287.2,293.39 2 1
github.com/city-mall/cm-ads-services/packages/ads-go-server/ads/decideAdItems.go:293.39,297.3 3 0
github.com/city-mall/cm-ads-services/packages/ads-go-server/ads/decideAdItems.go:299.2,302.47 3 1
github.com/city-mall/cm-ads-services/packages/ads-go-server/ads/decideAdItems.go:302.47,306.27 4 1
github.com/city-mall/cm-ads-services/packages/ads-go-server/ads/decideAdItems.go:306.27,309.4 2 1
github.com/city-mall/cm-ads-services/packages/ads-go-server/ads/decideAdItems.go:311.3,311.79 1 1
github.com/city-mall/cm-ads-services/packages/ads-go-server/ads/decideAdItems.go:311.79,314.33 2 1
github.com/city-mall/cm-ads-services/packages/ads-go-server/ads/decideAdItems.go:314.33,316.5 1 1
github.com/city-mall/cm-ads-services/packages/ads-go-server/ads/decideAdItems.go:317.4,317.35 1 1
github.com/city-mall/cm-ads-services/packages/ads-go-server/ads/decideAdItems.go:317.35,319.5 1 1
github.com/city-mall/cm-ads-services/packages/ads-go-server/ads/decideAdItems.go:321.4,328.16 3 1
github.com/city-mall/cm-ads-services/packages/ads-go-server/ads/decideAdItems.go:332.2,332.21 1 1
github.com/city-mall/cm-ads-services/packages/ads-go-server/ads/decideAdItems.go:332.21,336.3 2 0
github.com/city-mall/cm-ads-services/packages/ads-go-server/ads/decideAdItems.go:336.8,339.3 1 1
github.com/city-mall/cm-ads-services/packages/ads-go-server/ads/decideAdItems.go:341.2,346.30 4 1
github.com/city-mall/cm-ads-services/packages/ads-go-server/ads/handlers.go:13.53,15.21 2 1
github.com/city-mall/cm-ads-services/packages/ads-go-server/ads/handlers.go:15.21,17.3 1 0
github.com/city-mall/cm-ads-services/packages/ads-go-server/ads/handlers.go:18.2,18.22 1 1
github.com/city-mall/cm-ads-services/packages/ads-go-server/ads/handlers.go:21.97,23.16 2 1
github.com/city-mall/cm-ads-services/packages/ads-go-server/ads/handlers.go:23.16,26.3 2 0
github.com/city-mall/cm-ads-services/packages/ads-go-server/ads/handlers.go:27.2,30.19 3 1
github.com/city-mall/cm-ads-services/packages/ads-go-server/ads/handlers.go:30.19,32.3 1 0
github.com/city-mall/cm-ads-services/packages/ads-go-server/ads/handlers.go:33.2,35.27 2 1
github.com/city-mall/cm-ads-services/packages/ads-go-server/ads/handlers.go:35.27,37.3 1 1
github.com/city-mall/cm-ads-services/packages/ads-go-server/ads/handlers.go:37.8,37.29 1 1
github.com/city-mall/cm-ads-services/packages/ads-go-server/ads/handlers.go:37.29,39.3 1 1
github.com/city-mall/cm-ads-services/packages/ads-go-server/ads/handlers.go:41.2,41.12 1 1
github.com/city-mall/cm-ads-services/packages/ads-go-server/ads/handlers.go:44.93,46.16 2 1
github.com/city-mall/cm-ads-services/packages/ads-go-server/ads/handlers.go:46.16,49.3 2 0
github.com/city-mall/cm-ads-services/packages/ads-go-server/ads/handlers.go:50.2,51.19 2 1
github.com/city-mall/cm-ads-services/packages/ads-go-server/ads/handlers.go:51.19,53.3 1 0
github.com/city-mall/cm-ads-services/packages/ads-go-server/ads/handlers.go:54.2,55.61 2 1
github.com/city-mall/cm-ads-services/packages/ads-go-server/ads/handlers.go:58.102,62.29 3 1
github.com/city-mall/cm-ads-services/packages/ads-go-server/ads/handlers.go:62.29,64.3 1 1
github.com/city-mall/cm-ads-services/packages/ads-go-server/ads/handlers.go:66.2,69.41 4 1
github.com/city-mall/cm-ads-services/packages/ads-go-server/ads/handlers.go:69.41,71.3 1 1
github.com/city-mall/cm-ads-services/packages/ads-go-server/ads/handlers.go:73.2,73.52 1 1
github.com/city-mall/cm-ads-services/packages/ads-go-server/ads/handlers.go:73.52,77.20 3 1
github.com/city-mall/cm-ads-services/packages/ads-go-server/ads/handlers.go:77.20,79.4 1 0
github.com/city-mall/cm-ads-services/packages/ads-go-server/ads/handlers.go:82.3,82.40 1 1
github.com/city-mall/cm-ads-services/packages/ads-go-server/ads/handlers.go:82.40,84.49 2 1
github.com/city-mall/cm-ads-services/packages/ads-go-server/ads/handlers.go:84.49,86.5 1 1
github.com/city-mall/cm-ads-services/packages/ads-go-server/ads/handlers.go:88.3,88.32 1 1
github.com/city-mall/cm-ads-services/packages/ads-go-server/ads/handlers.go:89.8,91.3 1 0
github.com/city-mall/cm-ads-services/packages/ads-go-server/ads/handlers.go:92.2,92.12 1 1
github.com/city-mall/cm-ads-services/packages/ads-go-server/ads/handlers.go:95.99,98.41 2 1
github.com/city-mall/cm-ads-services/packages/ads-go-server/ads/handlers.go:98.41,103.30 3 1
github.com/city-mall/cm-ads-services/packages/ads-go-server/ads/handlers.go:103.30,105.25 2 1
github.com/city-mall/cm-ads-services/packages/ads-go-server/ads/handlers.go:105.25,107.5 1 1
github.com/city-mall/cm-ads-services/packages/ads-go-server/ads/handlers.go:111.3,111.46 1 1
github.com/city-mall/cm-ads-services/packages/ads-go-server/ads/handlers.go:111.46,113.4 1 1
github.com/city-mall/cm-ads-services/packages/ads-go-server/ads/handlers.go:114.3,120.36 4 1
github.com/city-mall/cm-ads-services/packages/ads-go-server/ads/handlers.go:120.36,123.23 2 1
github.com/city-mall/cm-ads-services/packages/ads-go-server/ads/handlers.go:123.23,125.5 1 1
github.com/city-mall/cm-ads-services/packages/ads-go-server/ads/handlers.go:128.4,128.51 1 1
github.com/city-mall/cm-ads-services/packages/ads-go-server/ads/handlers.go:128.51,129.80 1 1
github.com/city-mall/cm-ads-services/packages/ads-go-server/ads/handlers.go:129.80,131.25 2 1
github.com/city-mall/cm-ads-services/packages/ads-go-server/ads/handlers.go:131.25,134.7 2 1
github.com/city-mall/cm-ads-services/packages/ads-go-server/ads/handlers.go:135.11,136.11 1 0
github.com/city-mall/cm-ads-services/packages/ads-go-server/ads/handlers.go:141.3,141.52 1 1
github.com/city-mall/cm-ads-services/packages/ads-go-server/ads/handlers.go:143.2,144.12 2 1
github.com/city-mall/cm-ads-services/packages/ads-go-server/ads/handlers.go:147.135,148.39 1 1
github.com/city-mall/cm-ads-services/packages/ads-go-server/ads/handlers.go:148.39,150.27 2 1
github.com/city-mall/cm-ads-services/packages/ads-go-server/ads/handlers.go:150.27,153.4 2 0
github.com/city-mall/cm-ads-services/packages/ads-go-server/ads/handlers.go:154.3,155.76 2 1
github.com/city-mall/cm-ads-services/packages/ads-go-server/ads/handlers.go:156.8,156.64 1 1
github.com/city-mall/cm-ads-services/packages/ads-go-server/ads/handlers.go:156.64,159.125 2 1
github.com/city-mall/cm-ads-services/packages/ads-go-server/ads/handlers.go:159.125,161.49 2 1
github.com/city-mall/cm-ads-services/packages/ads-go-server/ads/handlers.go:161.49,163.5 1 1
github.com/city-mall/cm-ads-services/packages/ads-go-server/ads/handlers.go:164.9,164.47 1 1
github.com/city-mall/cm-ads-services/packages/ads-go-server/ads/handlers.go:164.47,166.4 1 0
github.com/city-mall/cm-ads-services/packages/ads-go-server/ads/handlers.go:166.9,168.4 1 1
github.com/city-mall/cm-ads-services/packages/ads-go-server/ads/handlers.go:169.8,169.57 1 1
github.com/city-mall/cm-ads-services/packages/ads-go-server/ads/handlers.go:169.57,171.3 1 1
github.com/city-mall/cm-ads-services/packages/ads-go-server/ads/handlers.go:172.2,172.12 1 1
github.com/city-mall/cm-ads-services/packages/ads-go-server/ads/handlers.go:175.143,178.49 3 1
github.com/city-mall/cm-ads-services/packages/ads-go-server/ads/handlers.go:178.49,180.30 2 1
github.com/city-mall/cm-ads-services/packages/ads-go-server/ads/handlers.go:180.30,183.4 2 0
github.com/city-mall/cm-ads-services/packages/ads-go-server/ads/handlers.go:184.3,184.46 1 1
github.com/city-mall/cm-ads-services/packages/ads-go-server/ads/handlers.go:184.46,186.49 2 1
github.com/city-mall/cm-ads-services/packages/ads-go-server/ads/handlers.go:186.49,188.5 1 0
github.com/city-mall/cm-ads-services/packages/ads-go-server/ads/handlers.go:189.4,190.14 2 1
github.com/city-mall/cm-ads-services/packages/ads-go-server/ads/handlers.go:192.3,192.104 1 1
github.com/city-mall/cm-ads-services/packages/ads-go-server/ads/handlers.go:194.2,195.12 2 1
github.com/city-mall/cm-ads-services/packages/ads-go-server/ads/helpers.go:7.55,8.25 1 1
github.com/city-mall/cm-ads-services/packages/ads-go-server/ads/helpers.go:8.25,9.29 1 1
github.com/city-mall/cm-ads-services/packages/ads-go-server/ads/helpers.go:9.29,11.4 1 1
github.com/city-mall/cm-ads-services/packages/ads-go-server/ads/helpers.go:13.2,13.14 1 1
github.com/city-mall/cm-ads-services/packages/ads-go-server/ads/helpers.go:16.50,17.25 1 1
github.com/city-mall/cm-ads-services/packages/ads-go-server/ads/helpers.go:17.25,18.13 1 1
github.com/city-mall/cm-ads-services/packages/ads-go-server/ads/helpers.go:18.13,20.4 1 1
github.com/city-mall/cm-ads-services/packages/ads-go-server/ads/helpers.go:22.2,22.14 1 1
github.com/city-mall/cm-ads-services/packages/ads-go-server/ads/helpers.go:25.56,26.33 1 1
github.com/city-mall/cm-ads-services/packages/ads-go-server/ads/helpers.go:26.33,27.22 1 1
github.com/city-mall/cm-ads-services/packages/ads-go-server/ads/helpers.go:27.22,29.4 1 1
github.com/city-mall/cm-ads-services/packages/ads-go-server/ads/helpers.go:31.2,31.14 1 1
github.com/city-mall/cm-ads-services/packages/ads-go-server/ads/helpers.go:34.55,35.34 1 1
github.com/city-mall/cm-ads-services/packages/ads-go-server/ads/helpers.go:35.34,37.3 1 1
github.com/city-mall/cm-ads-services/packages/ads-go-server/ads/helpers.go:38.2,38.10 1 1
