{"/Users/sushantyadav/Downloads/city-mall/product-store/apps/worker/src/__tests__/kafkaMock.ts": {"path":"/Users/sushantyadav/Downloads/city-mall/product-store/apps/worker/src/__tests__/kafkaMock.ts","statementMap":{"0":{"start":{"line":2,"column":0},"end":{"line":2,"column":37}},"1":{"start":{"line":1,"column":0},"end":{"line":1,"column":52}},"2":{"start":{"line":29,"column":23},"end":{"line":30,"column":null}},"3":{"start":{"line":30,"column":14},"end":{"line":30,"column":33}},"4":{"start":{"line":33,"column":4},"end":{"line":37,"column":7}},"5":{"start":{"line":34,"column":8},"end":{"line":36,"column":10}},"6":{"start":{"line":35,"column":12},"end":{"line":35,"column":29}},"7":{"start":{"line":28,"column":0},"end":{"line":28,"column":16}}},"fnMap":{"0":{"name":"mockKafkaUtils","decl":{"start":{"line":28,"column":16},"end":{"line":28,"column":30}},"loc":{"start":{"line":28,"column":30},"end":{"line":38,"column":1}}},"1":{"name":"(anonymous_1)","decl":{"start":{"line":30,"column":8},"end":{"line":30,"column":10}},"loc":{"start":{"line":30,"column":14},"end":{"line":30,"column":33}}},"2":{"name":"(anonymous_2)","decl":{"start":{"line":33,"column":23},"end":{"line":33,"column":29}},"loc":{"start":{"line":33,"column":32},"end":{"line":37,"column":5}}},"3":{"name":"(anonymous_3)","decl":{"start":{"line":34,"column":58},"end":{"line":34,"column":61}},"loc":{"start":{"line":35,"column":12},"end":{"line":35,"column":29}}}},"branchMap":{},"s":{"0":16,"1":16,"2":16,"3":496,"4":16,"5":480,"6":49,"7":16},"f":{"0":16,"1":496,"2":480,"3":49},"b":{}}
,"/Users/sushantyadav/Downloads/city-mall/product-store/apps/worker/src/actions/index.ts": {"path":"/Users/sushantyadav/Downloads/city-mall/product-store/apps/worker/src/actions/index.ts","statementMap":{"0":{"start":{"line":1,"column":0},"end":{"line":1,"column":9}},"1":{"start":{"line":1,"column":9},"end":{"line":1,"column":26}},"2":{"start":{"line":2,"column":0},"end":{"line":2,"column":9}},"3":{"start":{"line":2,"column":9},"end":{"line":2,"column":26}},"4":{"start":{"line":3,"column":0},"end":{"line":3,"column":9}},"5":{"start":{"line":3,"column":9},"end":{"line":3,"column":29}}},"fnMap":{"0":{"name":"(anonymous_1)","decl":{"start":{"line":1,"column":9},"end":{"line":1,"column":16}},"loc":{"start":{"line":1,"column":9},"end":{"line":1,"column":26}}},"1":{"name":"(anonymous_2)","decl":{"start":{"line":2,"column":9},"end":{"line":2,"column":16}},"loc":{"start":{"line":2,"column":9},"end":{"line":2,"column":26}}},"2":{"name":"(anonymous_3)","decl":{"start":{"line":3,"column":9},"end":{"line":3,"column":16}},"loc":{"start":{"line":3,"column":9},"end":{"line":3,"column":29}}}},"branchMap":{},"s":{"0":2,"1":4,"2":2,"3":11,"4":2,"5":2},"f":{"0":2,"1":9,"2":0},"b":{}}
,"/Users/sushantyadav/Downloads/city-mall/product-store/apps/worker/src/actions/updateProductMedia.ts": {"path":"/Users/sushantyadav/Downloads/city-mall/product-store/apps/worker/src/actions/updateProductMedia.ts","statementMap":{"0":{"start":{"line":4,"column":37},"end":{"line":40,"column":1}},"1":{"start":{"line":10,"column":18},"end":{"line":10,"column":52}},"2":{"start":{"line":11,"column":21},"end":{"line":13,"column":null}},"3":{"start":{"line":15,"column":4},"end":{"line":15,"column":29}},"4":{"start":{"line":16,"column":24},"end":{"line":37,"column":null}},"5":{"start":{"line":17,"column":8},"end":{"line":36,"column":null}},"6":{"start":{"line":39,"column":4},"end":{"line":39,"column":35}},"7":{"start":{"line":42,"column":0},"end":{"line":42,"column":44}}},"fnMap":{"0":{"name":"(anonymous_0)","decl":{"start":{"line":4,"column":37},"end":{"line":4,"column":null}},"loc":{"start":{"line":9,"column":4},"end":{"line":40,"column":1}}},"1":{"name":"(anonymous_1)","decl":{"start":{"line":16,"column":34},"end":{"line":16,"column":35}},"loc":{"start":{"line":17,"column":8},"end":{"line":36,"column":null}}}},"branchMap":{},"s":{"0":5,"1":2,"2":2,"3":2,"4":2,"5":4,"6":2,"7":5},"f":{"0":2,"1":4},"b":{}}
,"/Users/sushantyadav/Downloads/city-mall/product-store/apps/worker/src/actions/combo/getComboSkusUpsertQuery.ts": {"path":"/Users/sushantyadav/Downloads/city-mall/product-store/apps/worker/src/actions/combo/getComboSkusUpsertQuery.ts","statementMap":{"0":{"start":{"line":1,"column":0},"end":{"line":1,"column":35}},"1":{"start":{"line":3,"column":38},"end":{"line":3,"column":49}},"2":{"start":{"line":5,"column":32},"end":{"line":12,"column":1}},"3":{"start":{"line":6,"column":15},"end":{"line":8,"column":6}},"4":{"start":{"line":9,"column":16},"end":{"line":9,"column":47}},"5":{"start":{"line":10,"column":4},"end":{"line":10,"column":115}},"6":{"start":{"line":11,"column":4},"end":{"line":11,"column":17}},"7":{"start":{"line":14,"column":0},"end":{"line":14,"column":39}}},"fnMap":{"0":{"name":"(anonymous_1)","decl":{"start":{"line":5,"column":32},"end":{"line":5,"column":33}},"loc":{"start":{"line":5,"column":54},"end":{"line":12,"column":1}}}},"branchMap":{},"s":{"0":1,"1":1,"2":1,"3":1,"4":1,"5":1,"6":1,"7":1},"f":{"0":1},"b":{}}
,"/Users/sushantyadav/Downloads/city-mall/product-store/apps/worker/src/actions/combo/requiredColsForComboSkus.ts": {"path":"/Users/sushantyadav/Downloads/city-mall/product-store/apps/worker/src/actions/combo/requiredColsForComboSkus.ts","statementMap":{"0":{"start":{"line":1,"column":0},"end":{"line":1,"column":56}}},"fnMap":{},"branchMap":{},"s":{"0":1},"f":{},"b":{}}
,"/Users/sushantyadav/Downloads/city-mall/product-store/apps/worker/src/actions/combo/validateComboSkusUpsert.ts": {"path":"/Users/sushantyadav/Downloads/city-mall/product-store/apps/worker/src/actions/combo/validateComboSkusUpsert.ts","statementMap":{"0":{"start":{"line":1,"column":0},"end":{"line":1,"column":null}},"1":{"start":{"line":8,"column":0},"end":{"line":8,"column":54}},"2":{"start":{"line":10,"column":17},"end":{"line":22,"column":1}},"3":{"start":{"line":11,"column":4},"end":{"line":11,"column":61}},"4":{"start":{"line":11,"column":49},"end":{"line":11,"column":61}},"5":{"start":{"line":13,"column":4},"end":{"line":20,"column":null}},"6":{"start":{"line":14,"column":8},"end":{"line":19,"column":null}},"7":{"start":{"line":15,"column":24},"end":{"line":15,"column":39}},"8":{"start":{"line":16,"column":12},"end":{"line":16,"column":24}},"9":{"start":{"line":18,"column":12},"end":{"line":18,"column":25}},"10":{"start":{"line":21,"column":4},"end":{"line":21,"column":17}},"11":{"start":{"line":24,"column":32},"end":{"line":159,"column":1}},"12":{"start":{"line":29,"column":29},"end":{"line":29,"column":31}},"13":{"start":{"line":31,"column":4},"end":{"line":37,"column":7}},"14":{"start":{"line":32,"column":8},"end":{"line":36,"column":null}},"15":{"start":{"line":33,"column":12},"end":{"line":35,"column":14}},"16":{"start":{"line":39,"column":4},"end":{"line":75,"column":7}},"17":{"start":{"line":40,"column":8},"end":{"line":74,"column":11}},"18":{"start":{"line":41,"column":12},"end":{"line":73,"column":null}},"19":{"start":{"line":42,"column":33},"end":{"line":42,"column":47}},"20":{"start":{"line":44,"column":16},"end":{"line":46,"column":null}},"21":{"start":{"line":45,"column":20},"end":{"line":45,"column":33}},"22":{"start":{"line":47,"column":16},"end":{"line":53,"column":null}},"23":{"start":{"line":48,"column":20},"end":{"line":48,"column":46}},"24":{"start":{"line":50,"column":20},"end":{"line":52,"column":null}},"25":{"start":{"line":51,"column":24},"end":{"line":51,"column":37}},"26":{"start":{"line":54,"column":16},"end":{"line":56,"column":null}},"27":{"start":{"line":55,"column":20},"end":{"line":55,"column":33}},"28":{"start":{"line":57,"column":16},"end":{"line":59,"column":null}},"29":{"start":{"line":58,"column":20},"end":{"line":58,"column":51}},"30":{"start":{"line":58,"column":38},"end":{"line":58,"column":51}},"31":{"start":{"line":60,"column":16},"end":{"line":68,"column":null}},"32":{"start":{"line":61,"column":20},"end":{"line":67,"column":null}},"33":{"start":{"line":62,"column":24},"end":{"line":62,"column":37}},"34":{"start":{"line":63,"column":27},"end":{"line":67,"column":null}},"35":{"start":{"line":64,"column":24},"end":{"line":64,"column":38}},"36":{"start":{"line":66,"column":24},"end":{"line":66,"column":37}},"37":{"start":{"line":69,"column":16},"end":{"line":71,"column":null}},"38":{"start":{"line":70,"column":20},"end":{"line":70,"column":33}},"39":{"start":{"line":72,"column":16},"end":{"line":72,"column":48}},"40":{"start":{"line":77,"column":21},"end":{"line":86,"column":null}},"41":{"start":{"line":89,"column":4},"end":{"line":93,"column":null}},"42":{"start":{"line":90,"column":8},"end":{"line":92,"column":10}},"43":{"start":{"line":96,"column":4},"end":{"line":100,"column":null}},"44":{"start":{"line":96,"column":29},"end":{"line":96,"column":51}},"45":{"start":{"line":97,"column":8},"end":{"line":99,"column":10}},"46":{"start":{"line":102,"column":21},"end":{"line":106,"column":null}},"47":{"start":{"line":108,"column":4},"end":{"line":112,"column":null}},"48":{"start":{"line":109,"column":8},"end":{"line":111,"column":10}},"49":{"start":{"line":114,"column":4},"end":{"line":114,"column":37}},"50":{"start":{"line":114,"column":23},"end":{"line":114,"column":37}},"51":{"start":{"line":116,"column":32},"end":{"line":117,"column":null}},"52":{"start":{"line":117,"column":15},"end":{"line":117,"column":61}},"53":{"start":{"line":120,"column":4},"end":{"line":124,"column":null}},"54":{"start":{"line":121,"column":8},"end":{"line":123,"column":10}},"55":{"start":{"line":126,"column":4},"end":{"line":136,"column":null}},"56":{"start":{"line":128,"column":12},"end":{"line":129,"column":null}},"57":{"start":{"line":129,"column":24},"end":{"line":129,"column":73}},"58":{"start":{"line":133,"column":8},"end":{"line":135,"column":10}},"59":{"start":{"line":138,"column":4},"end":{"line":150,"column":null}},"60":{"start":{"line":140,"column":12},"end":{"line":144,"column":45}},"61":{"start":{"line":147,"column":8},"end":{"line":149,"column":10}},"62":{"start":{"line":152,"column":4},"end":{"line":156,"column":null}},"63":{"start":{"line":152,"column":29},"end":{"line":152,"column":51}},"64":{"start":{"line":153,"column":8},"end":{"line":155,"column":10}},"65":{"start":{"line":158,"column":4},"end":{"line":158,"column":18}},"66":{"start":{"line":161,"column":0},"end":{"line":161,"column":39}}},"fnMap":{"0":{"name":"(anonymous_1)","decl":{"start":{"line":10,"column":17},"end":{"line":10,"column":18}},"loc":{"start":{"line":10,"column":42},"end":{"line":22,"column":1}}},"1":{"name":"(anonymous_2)","decl":{"start":{"line":24,"column":32},"end":{"line":24,"column":37}},"loc":{"start":{"line":28,"column":4},"end":{"line":159,"column":1}}},"2":{"name":"(anonymous_3)","decl":{"start":{"line":31,"column":25},"end":{"line":31,"column":28}},"loc":{"start":{"line":31,"column":31},"end":{"line":37,"column":5}}},"3":{"name":"(anonymous_4)","decl":{"start":{"line":39,"column":33},"end":{"line":39,"column":38}},"loc":{"start":{"line":39,"column":41},"end":{"line":75,"column":5}}},"4":{"name":"(anonymous_5)","decl":{"start":{"line":40,"column":27},"end":{"line":40,"column":31}},"loc":{"start":{"line":40,"column":34},"end":{"line":74,"column":9}}},"5":{"name":"(anonymous_6)","decl":{"start":{"line":96,"column":22},"end":{"line":96,"column":25}},"loc":{"start":{"line":96,"column":29},"end":{"line":96,"column":51}}},"6":{"name":"(anonymous_7)","decl":{"start":{"line":117,"column":8},"end":{"line":117,"column":11}},"loc":{"start":{"line":117,"column":15},"end":{"line":117,"column":61}}},"7":{"name":"(anonymous_8)","decl":{"start":{"line":127,"column":22},"end":{"line":127,"column":26}},"loc":{"start":{"line":128,"column":12},"end":{"line":129,"column":null}}},"8":{"name":"(anonymous_9)","decl":{"start":{"line":129,"column":16},"end":{"line":129,"column":20}},"loc":{"start":{"line":129,"column":24},"end":{"line":129,"column":73}}},"9":{"name":"(anonymous_10)","decl":{"start":{"line":139,"column":22},"end":{"line":139,"column":25}},"loc":{"start":{"line":140,"column":12},"end":{"line":144,"column":45}}},"10":{"name":"(anonymous_11)","decl":{"start":{"line":152,"column":22},"end":{"line":152,"column":25}},"loc":{"start":{"line":152,"column":29},"end":{"line":152,"column":51}}}},"branchMap":{"0":{"loc":{"start":{"line":11,"column":4},"end":{"line":11,"column":61}},"type":"if","locations":[{"start":{"line":11,"column":4},"end":{"line":11,"column":61}}]},"1":{"loc":{"start":{"line":11,"column":8},"end":{"line":11,"column":47}},"type":"binary-expr","locations":[{"start":{"line":11,"column":8},"end":{"line":11,"column":31}},{"start":{"line":11,"column":35},"end":{"line":11,"column":47}}]},"2":{"loc":{"start":{"line":13,"column":4},"end":{"line":20,"column":null}},"type":"if","locations":[{"start":{"line":13,"column":4},"end":{"line":20,"column":null}}]},"3":{"loc":{"start":{"line":32,"column":8},"end":{"line":36,"column":null}},"type":"if","locations":[{"start":{"line":32,"column":8},"end":{"line":36,"column":null}}]},"4":{"loc":{"start":{"line":41,"column":12},"end":{"line":73,"column":null}},"type":"if","locations":[{"start":{"line":41,"column":12},"end":{"line":73,"column":null}}]},"5":{"loc":{"start":{"line":41,"column":16},"end":{"line":41,"column":52}},"type":"binary-expr","locations":[{"start":{"line":41,"column":16},"end":{"line":41,"column":36}},{"start":{"line":41,"column":40},"end":{"line":41,"column":52}}]},"6":{"loc":{"start":{"line":44,"column":16},"end":{"line":46,"column":null}},"type":"if","locations":[{"start":{"line":44,"column":16},"end":{"line":46,"column":null}}]},"7":{"loc":{"start":{"line":47,"column":16},"end":{"line":53,"column":null}},"type":"if","locations":[{"start":{"line":47,"column":16},"end":{"line":53,"column":null}}]},"8":{"loc":{"start":{"line":50,"column":20},"end":{"line":52,"column":null}},"type":"if","locations":[{"start":{"line":50,"column":20},"end":{"line":52,"column":null}}]},"9":{"loc":{"start":{"line":54,"column":16},"end":{"line":56,"column":null}},"type":"if","locations":[{"start":{"line":54,"column":16},"end":{"line":56,"column":null}}]},"10":{"loc":{"start":{"line":54,"column":20},"end":{"line":54,"column":60}},"type":"binary-expr","locations":[{"start":{"line":54,"column":20},"end":{"line":54,"column":40}},{"start":{"line":54,"column":44},"end":{"line":54,"column":60}}]},"11":{"loc":{"start":{"line":57,"column":16},"end":{"line":59,"column":null}},"type":"if","locations":[{"start":{"line":57,"column":16},"end":{"line":59,"column":null}}]},"12":{"loc":{"start":{"line":57,"column":20},"end":{"line":57,"column":69}},"type":"binary-expr","locations":[{"start":{"line":57,"column":20},"end":{"line":57,"column":43}},{"start":{"line":57,"column":47},"end":{"line":57,"column":69}}]},"13":{"loc":{"start":{"line":58,"column":20},"end":{"line":58,"column":51}},"type":"if","locations":[{"start":{"line":58,"column":20},"end":{"line":58,"column":51}}]},"14":{"loc":{"start":{"line":60,"column":16},"end":{"line":68,"column":null}},"type":"if","locations":[{"start":{"line":60,"column":16},"end":{"line":68,"column":null}}]},"15":{"loc":{"start":{"line":60,"column":20},"end":{"line":60,"column":72}},"type":"binary-expr","locations":[{"start":{"line":60,"column":20},"end":{"line":60,"column":43}},{"start":{"line":60,"column":47},"end":{"line":60,"column":72}}]},"16":{"loc":{"start":{"line":61,"column":20},"end":{"line":67,"column":null}},"type":"if","locations":[{"start":{"line":61,"column":20},"end":{"line":67,"column":null}},{"start":{"line":63,"column":27},"end":{"line":67,"column":null}}]},"17":{"loc":{"start":{"line":63,"column":27},"end":{"line":67,"column":null}},"type":"if","locations":[{"start":{"line":63,"column":27},"end":{"line":67,"column":null}},{"start":{"line":65,"column":27},"end":{"line":67,"column":null}}]},"18":{"loc":{"start":{"line":69,"column":16},"end":{"line":71,"column":null}},"type":"if","locations":[{"start":{"line":69,"column":16},"end":{"line":71,"column":null}}]},"19":{"loc":{"start":{"line":69,"column":20},"end":{"line":69,"column":62}},"type":"binary-expr","locations":[{"start":{"line":69,"column":20},"end":{"line":69,"column":46}},{"start":{"line":69,"column":50},"end":{"line":69,"column":62}}]},"20":{"loc":{"start":{"line":89,"column":4},"end":{"line":93,"column":null}},"type":"if","locations":[{"start":{"line":89,"column":4},"end":{"line":93,"column":null}}]},"21":{"loc":{"start":{"line":96,"column":4},"end":{"line":100,"column":null}},"type":"if","locations":[{"start":{"line":96,"column":4},"end":{"line":100,"column":null}}]},"22":{"loc":{"start":{"line":108,"column":4},"end":{"line":112,"column":null}},"type":"if","locations":[{"start":{"line":108,"column":4},"end":{"line":112,"column":null}}]},"23":{"loc":{"start":{"line":114,"column":4},"end":{"line":114,"column":37}},"type":"if","locations":[{"start":{"line":114,"column":4},"end":{"line":114,"column":37}}]},"24":{"loc":{"start":{"line":120,"column":4},"end":{"line":124,"column":null}},"type":"if","locations":[{"start":{"line":120,"column":4},"end":{"line":124,"column":null}}]},"25":{"loc":{"start":{"line":120,"column":8},"end":{"line":120,"column":49}},"type":"binary-expr","locations":[{"start":{"line":120,"column":8},"end":{"line":120,"column":27}},{"start":{"line":120,"column":31},"end":{"line":120,"column":49}}]},"26":{"loc":{"start":{"line":126,"column":4},"end":{"line":136,"column":null}},"type":"if","locations":[{"start":{"line":126,"column":4},"end":{"line":136,"column":null}}]},"27":{"loc":{"start":{"line":138,"column":4},"end":{"line":150,"column":null}},"type":"if","locations":[{"start":{"line":138,"column":4},"end":{"line":150,"column":null}}]},"28":{"loc":{"start":{"line":152,"column":4},"end":{"line":156,"column":null}},"type":"if","locations":[{"start":{"line":152,"column":4},"end":{"line":156,"column":null}}]}},"s":{"0":1,"1":1,"2":1,"3":0,"4":0,"5":0,"6":0,"7":0,"8":0,"9":0,"10":0,"11":1,"12":6,"13":6,"14":18,"15":1,"16":6,"17":17,"18":0,"19":0,"20":0,"21":0,"22":0,"23":0,"24":0,"25":0,"26":0,"27":0,"28":0,"29":0,"30":0,"31":0,"32":0,"33":0,"34":0,"35":0,"36":0,"37":0,"38":0,"39":0,"40":6,"41":6,"42":1,"43":6,"44":5,"45":1,"46":6,"47":6,"48":1,"49":6,"50":2,"51":4,"52":4,"53":4,"54":1,"55":4,"56":4,"57":4,"58":2,"59":4,"60":4,"61":2,"62":4,"63":4,"64":0,"65":4,"66":1},"f":{"0":0,"1":6,"2":18,"3":17,"4":0,"5":5,"6":4,"7":4,"8":4,"9":4,"10":4},"b":{"0":[0],"1":[0,0],"2":[0],"3":[1],"4":[0],"5":[0,0],"6":[0],"7":[0],"8":[0],"9":[0],"10":[0,0],"11":[0],"12":[0,0],"13":[0],"14":[0],"15":[0,0],"16":[0,0],"17":[0,0],"18":[0],"19":[0,0],"20":[1],"21":[1],"22":[1],"23":[2],"24":[1],"25":[4,1],"26":[2],"27":[2],"28":[0]}}
,"/Users/sushantyadav/Downloads/city-mall/product-store/apps/worker/src/actions/duplicate/buildProductDuplicateQueries.ts": {"path":"/Users/sushantyadav/Downloads/city-mall/product-store/apps/worker/src/actions/duplicate/buildProductDuplicateQueries.ts","statementMap":{"0":{"start":{"line":1,"column":0},"end":{"line":1,"column":35}},"1":{"start":{"line":2,"column":0},"end":{"line":2,"column":71}},"2":{"start":{"line":4,"column":38},"end":{"line":4,"column":49}},"3":{"start":{"line":6,"column":37},"end":{"line":58,"column":1}},"4":{"start":{"line":10,"column":28},"end":{"line":12,"column":37}},"5":{"start":{"line":12,"column":28},"end":{"line":12,"column":36}},"6":{"start":{"line":13,"column":4},"end":{"line":13,"column":40}},"7":{"start":{"line":15,"column":4},"end":{"line":57,"column":null}},"8":{"start":{"line":16,"column":24},"end":{"line":18,"column":null}},"9":{"start":{"line":20,"column":8},"end":{"line":20,"column":48}},"10":{"start":{"line":21,"column":8},"end":{"line":21,"column":26}},"11":{"start":{"line":22,"column":8},"end":{"line":22,"column":40}},"12":{"start":{"line":23,"column":8},"end":{"line":23,"column":40}},"13":{"start":{"line":25,"column":19},"end":{"line":29,"column":null}},"14":{"start":{"line":27,"column":25},"end":{"line":27,"column":77}},"15":{"start":{"line":27,"column":52},"end":{"line":27,"column":69}},"16":{"start":{"line":31,"column":22},"end":{"line":31,"column":53}},"17":{"start":{"line":32,"column":23},"end":{"line":34,"column":null}},"18":{"start":{"line":36,"column":8},"end":{"line":36,"column":28}},"19":{"start":{"line":37,"column":8},"end":{"line":48,"column":null}},"20":{"start":{"line":38,"column":12},"end":{"line":38,"column":34}},"21":{"start":{"line":39,"column":12},"end":{"line":39,"column":36}},"22":{"start":{"line":40,"column":12},"end":{"line":40,"column":36}},"23":{"start":{"line":42,"column":12},"end":{"line":42,"column":50}},"24":{"start":{"line":43,"column":23},"end":{"line":45,"column":14}},"25":{"start":{"line":46,"column":26},"end":{"line":46,"column":55}},"26":{"start":{"line":47,"column":12},"end":{"line":47,"column":32}},"27":{"start":{"line":60,"column":0},"end":{"line":60,"column":44}}},"fnMap":{"0":{"name":"(anonymous_1)","decl":{"start":{"line":6,"column":37},"end":{"line":6,"column":42}},"loc":{"start":{"line":9,"column":4},"end":{"line":58,"column":1}}},"1":{"name":"(anonymous_2)","decl":{"start":{"line":12,"column":13},"end":{"line":12,"column":14}},"loc":{"start":{"line":12,"column":28},"end":{"line":12,"column":36}}},"2":{"name":"(anonymous_3)","decl":{"start":{"line":27,"column":16},"end":{"line":27,"column":21}},"loc":{"start":{"line":27,"column":25},"end":{"line":27,"column":77}}},"3":{"name":"(anonymous_4)","decl":{"start":{"line":27,"column":47},"end":{"line":27,"column":48}},"loc":{"start":{"line":27,"column":52},"end":{"line":27,"column":69}}}},"branchMap":{},"s":{"0":4,"1":4,"2":4,"3":4,"4":2,"5":4,"6":2,"7":2,"8":4,"9":4,"10":4,"11":4,"12":4,"13":4,"14":480,"15":4800,"16":4,"17":4,"18":4,"19":4,"20":4,"21":4,"22":4,"23":4,"24":4,"25":4,"26":4,"27":4},"f":{"0":2,"1":4,"2":480,"3":4800},"b":{}}
,"/Users/sushantyadav/Downloads/city-mall/product-store/apps/worker/src/actions/duplicate/index.ts": {"path":"/Users/sushantyadav/Downloads/city-mall/product-store/apps/worker/src/actions/duplicate/index.ts","statementMap":{"0":{"start":{"line":1,"column":0},"end":{"line":1,"column":null}},"1":{"start":{"line":12,"column":0},"end":{"line":12,"column":64}},"2":{"start":{"line":13,"column":0},"end":{"line":13,"column":74}},"3":{"start":{"line":15,"column":0},"end":{"line":15,"column":81}},"4":{"start":{"line":16,"column":0},"end":{"line":16,"column":35}},"5":{"start":{"line":18,"column":18},"end":{"line":96,"column":1}},"6":{"start":{"line":22,"column":18},"end":{"line":22,"column":36}},"7":{"start":{"line":23,"column":41},"end":{"line":23,"column":73}},"8":{"start":{"line":24,"column":4},"end":{"line":35,"column":null}},"9":{"start":{"line":25,"column":8},"end":{"line":34,"column":10}},"10":{"start":{"line":36,"column":25},"end":{"line":36,"column":70}},"11":{"start":{"line":37,"column":27},"end":{"line":37,"column":47}},"12":{"start":{"line":38,"column":4},"end":{"line":38,"column":71}},"13":{"start":{"line":40,"column":23},"end":{"line":42,"column":null}},"14":{"start":{"line":45,"column":27},"end":{"line":45,"column":67}},"15":{"start":{"line":47,"column":28},"end":{"line":47,"column":30}},"16":{"start":{"line":50,"column":4},"end":{"line":95,"column":null}},"17":{"start":{"line":51,"column":8},"end":{"line":51,"column":70}},"18":{"start":{"line":52,"column":8},"end":{"line":52,"column":75}},"19":{"start":{"line":52,"column":25},"end":{"line":52,"column":73}},"20":{"start":{"line":52,"column":54},"end":{"line":52,"column":71}},"21":{"start":{"line":53,"column":52},"end":{"line":53,"column":54}},"22":{"start":{"line":55,"column":27},"end":{"line":55,"column":51}},"23":{"start":{"line":57,"column":8},"end":{"line":70,"column":null}},"24":{"start":{"line":58,"column":12},"end":{"line":69,"column":15}},"25":{"start":{"line":71,"column":8},"end":{"line":74,"column":10}},"26":{"start":{"line":76,"column":8},"end":{"line":76,"column":77}},"27":{"start":{"line":78,"column":8},"end":{"line":85,"column":10}},"28":{"start":{"line":87,"column":8},"end":{"line":87,"column":55}},"29":{"start":{"line":88,"column":8},"end":{"line":94,"column":10}},"30":{"start":{"line":98,"column":0},"end":{"line":98,"column":25}}},"fnMap":{"0":{"name":"(anonymous_1)","decl":{"start":{"line":18,"column":18},"end":{"line":18,"column":23}},"loc":{"start":{"line":21,"column":40},"end":{"line":96,"column":1}}},"1":{"name":"(anonymous_2)","decl":{"start":{"line":52,"column":20},"end":{"line":52,"column":21}},"loc":{"start":{"line":52,"column":25},"end":{"line":52,"column":73}}},"2":{"name":"(anonymous_3)","decl":{"start":{"line":52,"column":45},"end":{"line":52,"column":50}},"loc":{"start":{"line":52,"column":54},"end":{"line":52,"column":71}}}},"branchMap":{"0":{"loc":{"start":{"line":24,"column":4},"end":{"line":35,"column":null}},"type":"if","locations":[{"start":{"line":24,"column":4},"end":{"line":35,"column":null}}]}},"s":{"0":3,"1":3,"2":3,"3":3,"4":3,"5":3,"6":2,"7":2,"8":2,"9":1,"10":1,"11":1,"12":1,"13":1,"14":1,"15":1,"16":1,"17":1,"18":1,"19":1,"20":4,"21":1,"22":1,"23":1,"24":2,"25":1,"26":1,"27":1,"28":0,"29":0,"30":3},"f":{"0":2,"1":1,"2":4},"b":{"0":[1]}}
,"/Users/sushantyadav/Downloads/city-mall/product-store/apps/worker/src/actions/duplicate/validations/requiredColsForDuplicate.ts": {"path":"/Users/sushantyadav/Downloads/city-mall/product-store/apps/worker/src/actions/duplicate/validations/requiredColsForDuplicate.ts","statementMap":{"0":{"start":{"line":1,"column":0},"end":{"line":1,"column":58}}},"fnMap":{},"branchMap":{},"s":{"0":4},"f":{},"b":{}}
,"/Users/sushantyadav/Downloads/city-mall/product-store/apps/worker/src/actions/duplicate/validations/validateDuplicate.ts": {"path":"/Users/sushantyadav/Downloads/city-mall/product-store/apps/worker/src/actions/duplicate/validations/validateDuplicate.ts","statementMap":{"0":{"start":{"line":1,"column":0},"end":{"line":1,"column":54}},"1":{"start":{"line":2,"column":0},"end":{"line":2,"column":58}},"2":{"start":{"line":4,"column":43},"end":{"line":90,"column":1}},"3":{"start":{"line":5,"column":29},"end":{"line":5,"column":31}},"4":{"start":{"line":7,"column":4},"end":{"line":13,"column":7}},"5":{"start":{"line":8,"column":8},"end":{"line":12,"column":null}},"6":{"start":{"line":9,"column":12},"end":{"line":11,"column":14}},"7":{"start":{"line":15,"column":23},"end":{"line":15,"column":25}},"8":{"start":{"line":16,"column":4},"end":{"line":24,"column":null}},"9":{"start":{"line":17,"column":8},"end":{"line":20,"column":10}},"10":{"start":{"line":22,"column":8},"end":{"line":22,"column":74}},"11":{"start":{"line":23,"column":8},"end":{"line":23,"column":33}},"12":{"start":{"line":26,"column":4},"end":{"line":28,"column":null}},"13":{"start":{"line":27,"column":8},"end":{"line":27,"column":78}},"14":{"start":{"line":30,"column":30},"end":{"line":30,"column":32}},"15":{"start":{"line":31,"column":4},"end":{"line":39,"column":null}},"16":{"start":{"line":32,"column":8},"end":{"line":35,"column":10}},"17":{"start":{"line":37,"column":8},"end":{"line":37,"column":78}},"18":{"start":{"line":38,"column":8},"end":{"line":38,"column":33}},"19":{"start":{"line":41,"column":4},"end":{"line":45,"column":null}},"20":{"start":{"line":42,"column":8},"end":{"line":44,"column":10}},"21":{"start":{"line":47,"column":28},"end":{"line":49,"column":37}},"22":{"start":{"line":49,"column":28},"end":{"line":49,"column":36}},"23":{"start":{"line":51,"column":4},"end":{"line":81,"column":null}},"24":{"start":{"line":52,"column":37},"end":{"line":52,"column":42}},"25":{"start":{"line":53,"column":8},"end":{"line":64,"column":null}},"26":{"start":{"line":54,"column":12},"end":{"line":60,"column":14}},"27":{"start":{"line":62,"column":12},"end":{"line":62,"column":73}},"28":{"start":{"line":63,"column":12},"end":{"line":63,"column":37}},"29":{"start":{"line":66,"column":8},"end":{"line":70,"column":null}},"30":{"start":{"line":67,"column":12},"end":{"line":69,"column":14}},"31":{"start":{"line":72,"column":32},"end":{"line":73,"column":null}},"32":{"start":{"line":73,"column":17},"end":{"line":73,"column":52}},"33":{"start":{"line":76,"column":8},"end":{"line":80,"column":null}},"34":{"start":{"line":77,"column":12},"end":{"line":79,"column":14}},"35":{"start":{"line":83,"column":29},"end":{"line":87,"column":6}},"36":{"start":{"line":89,"column":4},"end":{"line":89,"column":40}},"37":{"start":{"line":92,"column":0},"end":{"line":92,"column":50}}},"fnMap":{"0":{"name":"(anonymous_1)","decl":{"start":{"line":4,"column":43},"end":{"line":4,"column":48}},"loc":{"start":{"line":4,"column":75},"end":{"line":90,"column":1}}},"1":{"name":"(anonymous_2)","decl":{"start":{"line":7,"column":25},"end":{"line":7,"column":28}},"loc":{"start":{"line":7,"column":31},"end":{"line":13,"column":5}}},"2":{"name":"(anonymous_3)","decl":{"start":{"line":49,"column":13},"end":{"line":49,"column":14}},"loc":{"start":{"line":49,"column":28},"end":{"line":49,"column":36}}},"3":{"name":"(anonymous_4)","decl":{"start":{"line":73,"column":12},"end":{"line":73,"column":13}},"loc":{"start":{"line":73,"column":17},"end":{"line":73,"column":52}}}},"branchMap":{"0":{"loc":{"start":{"line":8,"column":8},"end":{"line":12,"column":null}},"type":"if","locations":[{"start":{"line":8,"column":8},"end":{"line":12,"column":null}}]},"1":{"loc":{"start":{"line":26,"column":4},"end":{"line":28,"column":null}},"type":"if","locations":[{"start":{"line":26,"column":4},"end":{"line":28,"column":null}}]},"2":{"loc":{"start":{"line":41,"column":4},"end":{"line":45,"column":null}},"type":"if","locations":[{"start":{"line":41,"column":4},"end":{"line":45,"column":null}}]},"3":{"loc":{"start":{"line":66,"column":8},"end":{"line":70,"column":null}},"type":"if","locations":[{"start":{"line":66,"column":8},"end":{"line":70,"column":null}}]},"4":{"loc":{"start":{"line":76,"column":8},"end":{"line":80,"column":null}},"type":"if","locations":[{"start":{"line":76,"column":8},"end":{"line":80,"column":null}}]}},"s":{"0":4,"1":4,"2":4,"3":5,"4":5,"5":15,"6":3,"7":5,"8":5,"9":5,"10":1,"11":1,"12":5,"13":2,"14":5,"15":5,"16":5,"17":0,"18":0,"19":5,"20":2,"21":5,"22":6,"23":4,"24":6,"25":6,"26":6,"27":0,"28":0,"29":6,"30":2,"31":6,"32":4,"33":6,"34":1,"35":4,"36":4,"37":4},"f":{"0":5,"1":15,"2":6,"3":4},"b":{"0":[3],"1":[2],"2":[2],"3":[2],"4":[1]}}
,"/Users/sushantyadav/Downloads/city-mall/product-store/apps/worker/src/actions/insert/buildProductCategoriesInsertQueries.ts": {"path":"/Users/sushantyadav/Downloads/city-mall/product-store/apps/worker/src/actions/insert/buildProductCategoriesInsertQueries.ts","statementMap":{"0":{"start":{"line":1,"column":0},"end":{"line":1,"column":35}},"1":{"start":{"line":2,"column":0},"end":{"line":2,"column":null}},"2":{"start":{"line":9,"column":38},"end":{"line":9,"column":49}},"3":{"start":{"line":11,"column":44},"end":{"line":54,"column":1}},"4":{"start":{"line":15,"column":4},"end":{"line":53,"column":null}},"5":{"start":{"line":15,"column":47},"end":{"line":15,"column":62}},"6":{"start":{"line":16,"column":34},"end":{"line":16,"column":72}},"7":{"start":{"line":17,"column":27},"end":{"line":17,"column":53}},"8":{"start":{"line":19,"column":8},"end":{"line":21,"column":null}},"9":{"start":{"line":20,"column":12},"end":{"line":20,"column":21}},"10":{"start":{"line":23,"column":28},"end":{"line":35,"column":null}},"11":{"start":{"line":38,"column":27},"end":{"line":44,"column":10}},"12":{"start":{"line":46,"column":8},"end":{"line":52,"column":10}},"13":{"start":{"line":56,"column":0},"end":{"line":56,"column":51}}},"fnMap":{"0":{"name":"(anonymous_1)","decl":{"start":{"line":11,"column":44},"end":{"line":11,"column":49}},"loc":{"start":{"line":14,"column":4},"end":{"line":54,"column":1}}},"1":{"name":"(anonymous_2)","decl":{"start":{"line":15,"column":42},"end":{"line":15,"column":43}},"loc":{"start":{"line":15,"column":47},"end":{"line":15,"column":62}}}},"branchMap":{"0":{"loc":{"start":{"line":19,"column":8},"end":{"line":21,"column":null}},"type":"if","locations":[{"start":{"line":19,"column":8},"end":{"line":21,"column":null}}]},"1":{"loc":{"start":{"line":42,"column":29},"end":{"line":42,"column":62}},"type":"binary-expr","locations":[{"start":{"line":42,"column":29},"end":{"line":42,"column":57}},{"start":{"line":42,"column":61},"end":{"line":42,"column":62}}]},"2":{"loc":{"start":{"line":43,"column":29},"end":{"line":43,"column":62}},"type":"binary-expr","locations":[{"start":{"line":43,"column":29},"end":{"line":43,"column":57}},{"start":{"line":43,"column":61},"end":{"line":43,"column":62}}]}},"s":{"0":4,"1":4,"2":4,"3":4,"4":4,"5":40,"6":16,"7":16,"8":16,"9":7,"10":9,"11":9,"12":9,"13":4},"f":{"0":4,"1":40},"b":{"0":[7],"1":[9,9],"2":[9,9]}}
,"/Users/sushantyadav/Downloads/city-mall/product-store/apps/worker/src/actions/insert/buildProductInsertQueries.ts": {"path":"/Users/sushantyadav/Downloads/city-mall/product-store/apps/worker/src/actions/insert/buildProductInsertQueries.ts","statementMap":{"0":{"start":{"line":1,"column":0},"end":{"line":1,"column":35}},"1":{"start":{"line":2,"column":0},"end":{"line":2,"column":71}},"2":{"start":{"line":3,"column":0},"end":{"line":3,"column":64}},"3":{"start":{"line":4,"column":38},"end":{"line":4,"column":49}},"4":{"start":{"line":6,"column":32},"end":{"line":29,"column":1}},"5":{"start":{"line":7,"column":28},"end":{"line":9,"column":37}},"6":{"start":{"line":9,"column":28},"end":{"line":9,"column":36}},"7":{"start":{"line":10,"column":4},"end":{"line":10,"column":40}},"8":{"start":{"line":11,"column":23},"end":{"line":11,"column":46}},"9":{"start":{"line":13,"column":4},"end":{"line":28,"column":null}},"10":{"start":{"line":14,"column":8},"end":{"line":14,"column":48}},"11":{"start":{"line":15,"column":19},"end":{"line":24,"column":null}},"12":{"start":{"line":18,"column":29},"end":{"line":18,"column":76}},"13":{"start":{"line":18,"column":55},"end":{"line":18,"column":75}},"14":{"start":{"line":22,"column":24},"end":{"line":22,"column":76}},"15":{"start":{"line":22,"column":51},"end":{"line":22,"column":68}},"16":{"start":{"line":26,"column":22},"end":{"line":26,"column":53}},"17":{"start":{"line":27,"column":8},"end":{"line":27,"column":28}},"18":{"start":{"line":31,"column":0},"end":{"line":31,"column":39}}},"fnMap":{"0":{"name":"(anonymous_1)","decl":{"start":{"line":6,"column":32},"end":{"line":6,"column":33}},"loc":{"start":{"line":6,"column":74},"end":{"line":29,"column":1}}},"1":{"name":"(anonymous_2)","decl":{"start":{"line":9,"column":13},"end":{"line":9,"column":14}},"loc":{"start":{"line":9,"column":28},"end":{"line":9,"column":36}}},"2":{"name":"(anonymous_3)","decl":{"start":{"line":18,"column":20},"end":{"line":18,"column":25}},"loc":{"start":{"line":18,"column":29},"end":{"line":18,"column":76}}},"3":{"name":"(anonymous_4)","decl":{"start":{"line":18,"column":47},"end":{"line":18,"column":51}},"loc":{"start":{"line":18,"column":55},"end":{"line":18,"column":75}}},"4":{"name":"(anonymous_5)","decl":{"start":{"line":21,"column":20},"end":{"line":21,"column":25}},"loc":{"start":{"line":22,"column":24},"end":{"line":22,"column":76}}},"5":{"name":"(anonymous_6)","decl":{"start":{"line":22,"column":46},"end":{"line":22,"column":47}},"loc":{"start":{"line":22,"column":51},"end":{"line":22,"column":68}}}},"branchMap":{},"s":{"0":4,"1":4,"2":4,"3":4,"4":4,"5":4,"6":6,"7":4,"8":4,"9":4,"10":6,"11":6,"12":167,"13":11254,"14":137,"15":1360,"16":6,"17":6,"18":4},"f":{"0":4,"1":6,"2":167,"3":11254,"4":137,"5":1360},"b":{}}
,"/Users/sushantyadav/Downloads/city-mall/product-store/apps/worker/src/actions/insert/index.ts": {"path":"/Users/sushantyadav/Downloads/city-mall/product-store/apps/worker/src/actions/insert/index.ts","statementMap":{"0":{"start":{"line":1,"column":0},"end":{"line":1,"column":47}},"1":{"start":{"line":2,"column":0},"end":{"line":2,"column":null}},"2":{"start":{"line":17,"column":0},"end":{"line":17,"column":40}},"3":{"start":{"line":18,"column":0},"end":{"line":18,"column":75}},"4":{"start":{"line":19,"column":0},"end":{"line":19,"column":68}},"5":{"start":{"line":20,"column":0},"end":{"line":20,"column":88}},"6":{"start":{"line":21,"column":0},"end":{"line":21,"column":81}},"7":{"start":{"line":23,"column":15},"end":{"line":209,"column":1}},"8":{"start":{"line":26,"column":26},"end":{"line":26,"column":28}},"9":{"start":{"line":27,"column":30},"end":{"line":27,"column":32}},"10":{"start":{"line":33,"column":8},"end":{"line":33,"column":21}},"11":{"start":{"line":34,"column":20},"end":{"line":34,"column":52}},"12":{"start":{"line":36,"column":41},"end":{"line":36,"column":43}},"13":{"start":{"line":37,"column":27},"end":{"line":37,"column":64}},"14":{"start":{"line":39,"column":15},"end":{"line":39,"column":25}},"15":{"start":{"line":41,"column":4},"end":{"line":46,"column":null}},"16":{"start":{"line":42,"column":8},"end":{"line":42,"column":39}},"17":{"start":{"line":44,"column":8},"end":{"line":44,"column":53}},"18":{"start":{"line":45,"column":8},"end":{"line":45,"column":33}},"19":{"start":{"line":48,"column":15},"end":{"line":48,"column":25}},"20":{"start":{"line":49,"column":4},"end":{"line":49,"column":63}},"21":{"start":{"line":51,"column":27},"end":{"line":53,"column":null}},"22":{"start":{"line":55,"column":15},"end":{"line":55,"column":25}},"23":{"start":{"line":56,"column":4},"end":{"line":58,"column":6}},"24":{"start":{"line":59,"column":4},"end":{"line":59,"column":35}},"25":{"start":{"line":61,"column":4},"end":{"line":69,"column":null}},"26":{"start":{"line":62,"column":8},"end":{"line":68,"column":10}},"27":{"start":{"line":71,"column":4},"end":{"line":76,"column":null}},"28":{"start":{"line":75,"column":8},"end":{"line":75,"column":77}},"29":{"start":{"line":78,"column":4},"end":{"line":90,"column":null}},"30":{"start":{"line":79,"column":8},"end":{"line":79,"column":66}},"31":{"start":{"line":81,"column":8},"end":{"line":81,"column":57}},"32":{"start":{"line":82,"column":8},"end":{"line":82,"column":33}},"33":{"start":{"line":83,"column":8},"end":{"line":89,"column":10}},"34":{"start":{"line":92,"column":15},"end":{"line":92,"column":25}},"35":{"start":{"line":93,"column":4},"end":{"line":93,"column":74}},"36":{"start":{"line":96,"column":8},"end":{"line":100,"column":null}},"37":{"start":{"line":102,"column":4},"end":{"line":102,"column":46}},"38":{"start":{"line":104,"column":15},"end":{"line":104,"column":25}},"39":{"start":{"line":105,"column":4},"end":{"line":107,"column":6}},"40":{"start":{"line":109,"column":4},"end":{"line":117,"column":null}},"41":{"start":{"line":110,"column":8},"end":{"line":116,"column":10}},"42":{"start":{"line":119,"column":15},"end":{"line":119,"column":25}},"43":{"start":{"line":120,"column":23},"end":{"line":120,"column":72}},"44":{"start":{"line":122,"column":4},"end":{"line":139,"column":null}},"45":{"start":{"line":123,"column":19},"end":{"line":123,"column":29}},"46":{"start":{"line":124,"column":8},"end":{"line":124,"column":71}},"47":{"start":{"line":126,"column":8},"end":{"line":134,"column":null}},"48":{"start":{"line":127,"column":12},"end":{"line":133,"column":14}},"49":{"start":{"line":135,"column":8},"end":{"line":138,"column":null}},"50":{"start":{"line":136,"column":12},"end":{"line":137,"column":53}},"51":{"start":{"line":141,"column":4},"end":{"line":208,"column":null}},"52":{"start":{"line":142,"column":19},"end":{"line":142,"column":29}},"53":{"start":{"line":143,"column":8},"end":{"line":143,"column":52}},"54":{"start":{"line":144,"column":19},"end":{"line":144,"column":29}},"55":{"start":{"line":145,"column":8},"end":{"line":147,"column":10}},"56":{"start":{"line":148,"column":8},"end":{"line":148,"column":68}},"57":{"start":{"line":149,"column":19},"end":{"line":149,"column":29}},"58":{"start":{"line":150,"column":8},"end":{"line":154,"column":10}},"59":{"start":{"line":155,"column":8},"end":{"line":155,"column":75}},"60":{"start":{"line":155,"column":25},"end":{"line":155,"column":73}},"61":{"start":{"line":155,"column":54},"end":{"line":155,"column":71}},"62":{"start":{"line":156,"column":19},"end":{"line":156,"column":29}},"63":{"start":{"line":157,"column":8},"end":{"line":157,"column":63}},"64":{"start":{"line":158,"column":52},"end":{"line":158,"column":54}},"65":{"start":{"line":159,"column":8},"end":{"line":171,"column":null}},"66":{"start":{"line":160,"column":12},"end":{"line":170,"column":15}},"67":{"start":{"line":172,"column":8},"end":{"line":175,"column":10}},"68":{"start":{"line":176,"column":64},"end":{"line":186,"column":10}},"69":{"start":{"line":187,"column":8},"end":{"line":187,"column":66}},"70":{"start":{"line":188,"column":8},"end":{"line":196,"column":10}},"71":{"start":{"line":198,"column":8},"end":{"line":198,"column":65}},"72":{"start":{"line":199,"column":8},"end":{"line":199,"column":35}},"73":{"start":{"line":200,"column":8},"end":{"line":200,"column":29}},"74":{"start":{"line":201,"column":8},"end":{"line":207,"column":10}},"75":{"start":{"line":211,"column":0},"end":{"line":211,"column":22}}},"fnMap":{"0":{"name":"(anonymous_7)","decl":{"start":{"line":23,"column":15},"end":{"line":23,"column":20}},"loc":{"start":{"line":25,"column":37},"end":{"line":209,"column":1}}},"1":{"name":"(anonymous_8)","decl":{"start":{"line":155,"column":20},"end":{"line":155,"column":21}},"loc":{"start":{"line":155,"column":25},"end":{"line":155,"column":73}}},"2":{"name":"(anonymous_9)","decl":{"start":{"line":155,"column":45},"end":{"line":155,"column":50}},"loc":{"start":{"line":155,"column":54},"end":{"line":155,"column":71}}}},"branchMap":{"0":{"loc":{"start":{"line":34,"column":20},"end":{"line":34,"column":52}},"type":"binary-expr","locations":[{"start":{"line":34,"column":20},"end":{"line":34,"column":43}},{"start":{"line":34,"column":47},"end":{"line":34,"column":52}}]},"1":{"loc":{"start":{"line":61,"column":4},"end":{"line":69,"column":null}},"type":"if","locations":[{"start":{"line":61,"column":4},"end":{"line":69,"column":null}}]},"2":{"loc":{"start":{"line":71,"column":4},"end":{"line":76,"column":null}},"type":"if","locations":[{"start":{"line":71,"column":4},"end":{"line":76,"column":null}}]},"3":{"loc":{"start":{"line":72,"column":8},"end":{"line":73,"column":46}},"type":"binary-expr","locations":[{"start":{"line":72,"column":8},"end":{"line":72,"column":43}},{"start":{"line":73,"column":8},"end":{"line":73,"column":46}}]},"4":{"loc":{"start":{"line":109,"column":4},"end":{"line":117,"column":null}},"type":"if","locations":[{"start":{"line":109,"column":4},"end":{"line":117,"column":null}}]},"5":{"loc":{"start":{"line":122,"column":4},"end":{"line":139,"column":null}},"type":"if","locations":[{"start":{"line":122,"column":4},"end":{"line":139,"column":null}}]},"6":{"loc":{"start":{"line":126,"column":8},"end":{"line":134,"column":null}},"type":"if","locations":[{"start":{"line":126,"column":8},"end":{"line":134,"column":null}}]},"7":{"loc":{"start":{"line":135,"column":8},"end":{"line":138,"column":null}},"type":"if","locations":[{"start":{"line":135,"column":8},"end":{"line":138,"column":null}}]}},"s":{"0":3,"1":3,"2":3,"3":3,"4":3,"5":3,"6":3,"7":3,"8":7,"9":7,"10":7,"11":7,"12":7,"13":7,"14":7,"15":7,"16":7,"17":0,"18":0,"19":7,"20":7,"21":7,"22":7,"23":7,"24":7,"25":7,"26":1,"27":6,"28":0,"29":6,"30":6,"31":0,"32":0,"33":0,"34":6,"35":6,"36":6,"37":6,"38":6,"39":6,"40":6,"41":1,"42":5,"43":5,"44":5,"45":5,"46":5,"47":5,"48":0,"49":5,"50":0,"51":5,"52":5,"53":5,"54":5,"55":5,"56":5,"57":4,"58":4,"59":4,"60":4,"61":11,"62":4,"63":4,"64":4,"65":4,"66":26,"67":4,"68":4,"69":4,"70":4,"71":1,"72":1,"73":1,"74":1,"75":3},"f":{"0":7,"1":4,"2":11},"b":{"0":[7,7],"1":[1],"2":[0],"3":[6,0],"4":[1],"5":[5],"6":[0],"7":[0]}}
,"/Users/sushantyadav/Downloads/city-mall/product-store/apps/worker/src/actions/insert/validations/disallowedColsForInsert.ts": {"path":"/Users/sushantyadav/Downloads/city-mall/product-store/apps/worker/src/actions/insert/validations/disallowedColsForInsert.ts","statementMap":{"0":{"start":{"line":6,"column":75},"end":{"line":29,"column":2}},"1":{"start":{"line":31,"column":0},"end":{"line":31,"column":30}}},"fnMap":{},"branchMap":{},"s":{"0":3,"1":3},"f":{},"b":{}}
,"/Users/sushantyadav/Downloads/city-mall/product-store/apps/worker/src/actions/insert/validations/requiredColsForInsert.ts": {"path":"/Users/sushantyadav/Downloads/city-mall/product-store/apps/worker/src/actions/insert/validations/requiredColsForInsert.ts","statementMap":{"0":{"start":{"line":3,"column":36},"end":{"line":49,"column":2}},"1":{"start":{"line":51,"column":0},"end":{"line":51,"column":22}}},"fnMap":{},"branchMap":{},"s":{"0":3,"1":3},"f":{},"b":{}}
,"/Users/sushantyadav/Downloads/city-mall/product-store/apps/worker/src/actions/insert/validations/validateInsert.ts": {"path":"/Users/sushantyadav/Downloads/city-mall/product-store/apps/worker/src/actions/insert/validations/validateInsert.ts","statementMap":{"0":{"start":{"line":1,"column":0},"end":{"line":1,"column":null}},"1":{"start":{"line":7,"column":0},"end":{"line":7,"column":53}},"2":{"start":{"line":8,"column":0},"end":{"line":8,"column":64}},"3":{"start":{"line":9,"column":0},"end":{"line":9,"column":51}},"4":{"start":{"line":10,"column":0},"end":{"line":10,"column":80}},"5":{"start":{"line":12,"column":40},"end":{"line":162,"column":1}},"6":{"start":{"line":16,"column":29},"end":{"line":16,"column":31}},"7":{"start":{"line":18,"column":27},"end":{"line":21,"column":6}},"8":{"start":{"line":20,"column":34},"end":{"line":20,"column":44}},"9":{"start":{"line":20,"column":55},"end":{"line":20,"column":62}},"10":{"start":{"line":34,"column":4},"end":{"line":42,"column":7}},"11":{"start":{"line":35,"column":8},"end":{"line":41,"column":null}},"12":{"start":{"line":36,"column":12},"end":{"line":40,"column":14}},"13":{"start":{"line":44,"column":4},"end":{"line":50,"column":7}},"14":{"start":{"line":45,"column":8},"end":{"line":49,"column":null}},"15":{"start":{"line":46,"column":12},"end":{"line":48,"column":14}},"16":{"start":{"line":53,"column":4},"end":{"line":65,"column":null}},"17":{"start":{"line":62,"column":8},"end":{"line":64,"column":10}},"18":{"start":{"line":67,"column":4},"end":{"line":74,"column":null}},"19":{"start":{"line":71,"column":8},"end":{"line":73,"column":10}},"20":{"start":{"line":76,"column":32},"end":{"line":86,"column":null}},"21":{"start":{"line":89,"column":4},"end":{"line":97,"column":null}},"22":{"start":{"line":90,"column":8},"end":{"line":96,"column":10}},"23":{"start":{"line":94,"column":26},"end":{"line":94,"column":61}},"24":{"start":{"line":99,"column":4},"end":{"line":106,"column":null}},"25":{"start":{"line":100,"column":33},"end":{"line":102,"column":33}},"26":{"start":{"line":102,"column":23},"end":{"line":102,"column":32}},"27":{"start":{"line":103,"column":8},"end":{"line":105,"column":null}},"28":{"start":{"line":104,"column":12},"end":{"line":104,"column":71}},"29":{"start":{"line":108,"column":4},"end":{"line":150,"column":null}},"30":{"start":{"line":109,"column":29},"end":{"line":116,"column":null}},"31":{"start":{"line":119,"column":8},"end":{"line":123,"column":null}},"32":{"start":{"line":120,"column":12},"end":{"line":122,"column":14}},"33":{"start":{"line":125,"column":29},"end":{"line":139,"column":null}},"34":{"start":{"line":142,"column":8},"end":{"line":149,"column":null}},"35":{"start":{"line":146,"column":12},"end":{"line":148,"column":14}},"36":{"start":{"line":152,"column":26},"end":{"line":155,"column":6}},"37":{"start":{"line":156,"column":4},"end":{"line":158,"column":null}},"38":{"start":{"line":157,"column":8},"end":{"line":157,"column":35}},"39":{"start":{"line":159,"column":25},"end":{"line":159,"column":74}},"40":{"start":{"line":161,"column":4},"end":{"line":161,"column":40}},"41":{"start":{"line":164,"column":0},"end":{"line":164,"column":47}}},"fnMap":{"0":{"name":"(anonymous_1)","decl":{"start":{"line":12,"column":40},"end":{"line":12,"column":45}},"loc":{"start":{"line":15,"column":4},"end":{"line":162,"column":1}}},"1":{"name":"(anonymous_2)","decl":{"start":{"line":20,"column":29},"end":{"line":20,"column":30}},"loc":{"start":{"line":20,"column":34},"end":{"line":20,"column":44}}},"2":{"name":"(anonymous_3)","decl":{"start":{"line":20,"column":50},"end":{"line":20,"column":51}},"loc":{"start":{"line":20,"column":55},"end":{"line":20,"column":62}}},"3":{"name":"(anonymous_4)","decl":{"start":{"line":34,"column":27},"end":{"line":34,"column":30}},"loc":{"start":{"line":34,"column":33},"end":{"line":42,"column":5}}},"4":{"name":"(anonymous_5)","decl":{"start":{"line":44,"column":25},"end":{"line":44,"column":28}},"loc":{"start":{"line":44,"column":31},"end":{"line":50,"column":5}}},"5":{"name":"(anonymous_6)","decl":{"start":{"line":94,"column":21},"end":{"line":94,"column":22}},"loc":{"start":{"line":94,"column":26},"end":{"line":94,"column":61}}},"6":{"name":"(anonymous_7)","decl":{"start":{"line":102,"column":17},"end":{"line":102,"column":19}},"loc":{"start":{"line":102,"column":23},"end":{"line":102,"column":32}}}},"branchMap":{"0":{"loc":{"start":{"line":35,"column":8},"end":{"line":41,"column":null}},"type":"if","locations":[{"start":{"line":35,"column":8},"end":{"line":41,"column":null}}]},"1":{"loc":{"start":{"line":45,"column":8},"end":{"line":49,"column":null}},"type":"if","locations":[{"start":{"line":45,"column":8},"end":{"line":49,"column":null}}]},"2":{"loc":{"start":{"line":53,"column":4},"end":{"line":65,"column":null}},"type":"if","locations":[{"start":{"line":53,"column":4},"end":{"line":65,"column":null}}]},"3":{"loc":{"start":{"line":54,"column":8},"end":{"line":60,"column":45}},"type":"binary-expr","locations":[{"start":{"line":54,"column":8},"end":{"line":54,"column":24}},{"start":{"line":55,"column":8},"end":{"line":55,"column":57}},{"start":{"line":56,"column":8},"end":{"line":60,"column":45}}]},"4":{"loc":{"start":{"line":67,"column":4},"end":{"line":74,"column":null}},"type":"if","locations":[{"start":{"line":67,"column":4},"end":{"line":74,"column":null}}]},"5":{"loc":{"start":{"line":68,"column":8},"end":{"line":69,"column":72}},"type":"binary-expr","locations":[{"start":{"line":68,"column":8},"end":{"line":68,"column":33}},{"start":{"line":69,"column":8},"end":{"line":69,"column":72}}]},"6":{"loc":{"start":{"line":89,"column":4},"end":{"line":97,"column":null}},"type":"if","locations":[{"start":{"line":89,"column":4},"end":{"line":97,"column":null}}]},"7":{"loc":{"start":{"line":99,"column":4},"end":{"line":106,"column":null}},"type":"if","locations":[{"start":{"line":99,"column":4},"end":{"line":106,"column":null}}]},"8":{"loc":{"start":{"line":99,"column":8},"end":{"line":99,"column":68}},"type":"binary-expr","locations":[{"start":{"line":99,"column":8},"end":{"line":99,"column":26}},{"start":{"line":99,"column":30},"end":{"line":99,"column":68}}]},"9":{"loc":{"start":{"line":103,"column":8},"end":{"line":105,"column":null}},"type":"if","locations":[{"start":{"line":103,"column":8},"end":{"line":105,"column":null}}]},"10":{"loc":{"start":{"line":108,"column":4},"end":{"line":150,"column":null}},"type":"if","locations":[{"start":{"line":108,"column":4},"end":{"line":150,"column":null}}]},"11":{"loc":{"start":{"line":119,"column":8},"end":{"line":123,"column":null}},"type":"if","locations":[{"start":{"line":119,"column":8},"end":{"line":123,"column":null}}]},"12":{"loc":{"start":{"line":119,"column":12},"end":{"line":119,"column":63}},"type":"binary-expr","locations":[{"start":{"line":119,"column":12},"end":{"line":119,"column":24}},{"start":{"line":119,"column":28},"end":{"line":119,"column":63}}]},"13":{"loc":{"start":{"line":142,"column":8},"end":{"line":149,"column":null}},"type":"if","locations":[{"start":{"line":142,"column":8},"end":{"line":149,"column":null}}]},"14":{"loc":{"start":{"line":143,"column":12},"end":{"line":144,"column":62}},"type":"binary-expr","locations":[{"start":{"line":143,"column":12},"end":{"line":143,"column":24}},{"start":{"line":144,"column":12},"end":{"line":144,"column":62}}]},"15":{"loc":{"start":{"line":156,"column":4},"end":{"line":158,"column":null}},"type":"if","locations":[{"start":{"line":156,"column":4},"end":{"line":158,"column":null}}]}},"s":{"0":4,"1":4,"2":4,"3":4,"4":4,"5":4,"6":11,"7":11,"8":249,"9":23,"10":11,"11":68,"12":4,"13":11,"14":83,"15":1,"16":11,"17":1,"18":11,"19":1,"20":11,"21":11,"22":1,"23":2,"24":11,"25":4,"26":4,"27":4,"28":1,"29":11,"30":4,"31":4,"32":0,"33":4,"34":4,"35":1,"36":11,"37":11,"38":0,"39":11,"40":11,"41":4},"f":{"0":11,"1":249,"2":23,"3":68,"4":83,"5":2,"6":4},"b":{"0":[4],"1":[1],"2":[1],"3":[11,3,1],"4":[1],"5":[11,3],"6":[1],"7":[4],"8":[11,4],"9":[1],"10":[4],"11":[0],"12":[4,2],"13":[1],"14":[4,1],"15":[0]}}
,"/Users/sushantyadav/Downloads/city-mall/product-store/apps/worker/src/actions/product-category/changeCategoryParent.ts": {"path":"/Users/sushantyadav/Downloads/city-mall/product-store/apps/worker/src/actions/product-category/changeCategoryParent.ts","statementMap":{"0":{"start":{"line":1,"column":0},"end":{"line":1,"column":null}},"1":{"start":{"line":16,"column":0},"end":{"line":16,"column":23}},"2":{"start":{"line":17,"column":0},"end":{"line":17,"column":35}},"3":{"start":{"line":18,"column":0},"end":{"line":18,"column":35}},"4":{"start":{"line":19,"column":0},"end":{"line":19,"column":null}},"5":{"start":{"line":24,"column":66},"end":{"line":29,"column":2}},"6":{"start":{"line":31,"column":37},"end":{"line":36,"column":2}},"7":{"start":{"line":38,"column":12},"end":{"line":38,"column":23}},"8":{"start":{"line":40,"column":29},"end":{"line":67,"column":1}},"9":{"start":{"line":45,"column":8},"end":{"line":45,"column":10}},"10":{"start":{"line":47,"column":14},"end":{"line":47,"column":37}},"11":{"start":{"line":49,"column":4},"end":{"line":64,"column":null}},"12":{"start":{"line":49,"column":17},"end":{"line":49,"column":18}},"13":{"start":{"line":50,"column":23},"end":{"line":56,"column":null}},"14":{"start":{"line":58,"column":8},"end":{"line":58,"column":27}},"15":{"start":{"line":58,"column":21},"end":{"line":58,"column":27}},"16":{"start":{"line":59,"column":8},"end":{"line":60,"column":18}},"17":{"start":{"line":60,"column":12},"end":{"line":60,"column":18}},"18":{"start":{"line":61,"column":8},"end":{"line":61,"column":46}},"19":{"start":{"line":62,"column":8},"end":{"line":62,"column":38}},"20":{"start":{"line":63,"column":8},"end":{"line":63,"column":55}},"21":{"start":{"line":66,"column":4},"end":{"line":66,"column":22}},"22":{"start":{"line":69,"column":32},"end":{"line":107,"column":1}},"23":{"start":{"line":82,"column":10},"end":{"line":82,"column":12}},"24":{"start":{"line":83,"column":14},"end":{"line":83,"column":41}},"25":{"start":{"line":84,"column":4},"end":{"line":94,"column":null}},"26":{"start":{"line":84,"column":17},"end":{"line":84,"column":18}},"27":{"start":{"line":85,"column":27},"end":{"line":85,"column":50}},"28":{"start":{"line":86,"column":33},"end":{"line":86,"column":64}},"29":{"start":{"line":87,"column":8},"end":{"line":91,"column":11}},"30":{"start":{"line":92,"column":8},"end":{"line":92,"column":34}},"31":{"start":{"line":93,"column":8},"end":{"line":93,"column":38}},"32":{"start":{"line":95,"column":4},"end":{"line":106,"column":6}},"33":{"start":{"line":109,"column":0},"end":{"line":413,"column":2}},"34":{"start":{"line":114,"column":50},"end":{"line":114,"column":52}},"35":{"start":{"line":115,"column":16},"end":{"line":115,"column":69}},"36":{"start":{"line":117,"column":25},"end":{"line":123,"column":null}},"37":{"start":{"line":126,"column":4},"end":{"line":131,"column":null}},"38":{"start":{"line":127,"column":8},"end":{"line":129,"column":10}},"39":{"start":{"line":130,"column":8},"end":{"line":130,"column":25}},"40":{"start":{"line":133,"column":21},"end":{"line":134,"column":null}},"41":{"start":{"line":134,"column":15},"end":{"line":134,"column":67}},"42":{"start":{"line":137,"column":22},"end":{"line":138,"column":null}},"43":{"start":{"line":138,"column":15},"end":{"line":138,"column":65}},"44":{"start":{"line":141,"column":4},"end":{"line":144,"column":null}},"45":{"start":{"line":142,"column":8},"end":{"line":142,"column":56}},"46":{"start":{"line":143,"column":8},"end":{"line":143,"column":25}},"47":{"start":{"line":146,"column":4},"end":{"line":149,"column":null}},"48":{"start":{"line":147,"column":8},"end":{"line":147,"column":52}},"49":{"start":{"line":148,"column":8},"end":{"line":148,"column":25}},"50":{"start":{"line":151,"column":33},"end":{"line":151,"column":76}},"51":{"start":{"line":153,"column":4},"end":{"line":156,"column":null}},"52":{"start":{"line":154,"column":8},"end":{"line":154,"column":70}},"53":{"start":{"line":155,"column":8},"end":{"line":155,"column":25}},"54":{"start":{"line":158,"column":4},"end":{"line":163,"column":null}},"55":{"start":{"line":159,"column":8},"end":{"line":161,"column":10}},"56":{"start":{"line":162,"column":8},"end":{"line":162,"column":25}},"57":{"start":{"line":165,"column":31},"end":{"line":167,"column":null}},"58":{"start":{"line":170,"column":4},"end":{"line":177,"column":null}},"59":{"start":{"line":171,"column":8},"end":{"line":175,"column":10}},"60":{"start":{"line":176,"column":8},"end":{"line":176,"column":25}},"61":{"start":{"line":179,"column":31},"end":{"line":181,"column":null}},"62":{"start":{"line":184,"column":4},"end":{"line":191,"column":null}},"63":{"start":{"line":185,"column":8},"end":{"line":189,"column":10}},"64":{"start":{"line":190,"column":8},"end":{"line":190,"column":25}},"65":{"start":{"line":193,"column":49},"end":{"line":193,"column":51}},"66":{"start":{"line":195,"column":4},"end":{"line":203,"column":7}},"67":{"start":{"line":197,"column":12},"end":{"line":197,"column":63}},"68":{"start":{"line":199,"column":12},"end":{"line":199,"column":63}},"69":{"start":{"line":200,"column":8},"end":{"line":202,"column":null}},"70":{"start":{"line":201,"column":12},"end":{"line":201,"column":78}},"71":{"start":{"line":205,"column":27},"end":{"line":205,"column":60}},"72":{"start":{"line":206,"column":58},"end":{"line":206,"column":60}},"73":{"start":{"line":207,"column":51},"end":{"line":207,"column":53}},"74":{"start":{"line":209,"column":4},"end":{"line":371,"column":7}},"75":{"start":{"line":210,"column":8},"end":{"line":215,"column":10}},"76":{"start":{"line":217,"column":8},"end":{"line":225,"column":11}},"77":{"start":{"line":227,"column":30},"end":{"line":229,"column":null}},"78":{"start":{"line":232,"column":8},"end":{"line":235,"column":null}},"79":{"start":{"line":233,"column":12},"end":{"line":233,"column":51}},"80":{"start":{"line":234,"column":12},"end":{"line":234,"column":19}},"81":{"start":{"line":237,"column":24},"end":{"line":242,"column":null}},"82":{"start":{"line":241,"column":54},"end":{"line":241,"column":63}},"83":{"start":{"line":245,"column":8},"end":{"line":248,"column":null}},"84":{"start":{"line":246,"column":12},"end":{"line":246,"column":38}},"85":{"start":{"line":247,"column":12},"end":{"line":247,"column":19}},"86":{"start":{"line":250,"column":28},"end":{"line":258,"column":null}},"87":{"start":{"line":257,"column":41},"end":{"line":257,"column":51}},"88":{"start":{"line":261,"column":8},"end":{"line":264,"column":null}},"89":{"start":{"line":262,"column":12},"end":{"line":262,"column":42}},"90":{"start":{"line":263,"column":12},"end":{"line":263,"column":19}},"91":{"start":{"line":266,"column":27},"end":{"line":269,"column":20}},"92":{"start":{"line":271,"column":30},"end":{"line":274,"column":20}},"93":{"start":{"line":276,"column":27},"end":{"line":283,"column":11}},"94":{"start":{"line":276,"column":46},"end":{"line":283,"column":10}},"95":{"start":{"line":286,"column":26},"end":{"line":291,"column":null}},"96":{"start":{"line":290,"column":54},"end":{"line":290,"column":63}},"97":{"start":{"line":293,"column":27},"end":{"line":298,"column":null}},"98":{"start":{"line":301,"column":29},"end":{"line":301,"column":66}},"99":{"start":{"line":302,"column":8},"end":{"line":318,"column":null}},"100":{"start":{"line":303,"column":32},"end":{"line":303,"column":62}},"101":{"start":{"line":304,"column":12},"end":{"line":317,"column":null}},"102":{"start":{"line":305,"column":32},"end":{"line":308,"column":28}},"103":{"start":{"line":307,"column":30},"end":{"line":307,"column":39}},"104":{"start":{"line":309,"column":33},"end":{"line":314,"column":null}},"105":{"start":{"line":316,"column":16},"end":{"line":316,"column":71}},"106":{"start":{"line":316,"column":44},"end":{"line":316,"column":69}},"107":{"start":{"line":320,"column":8},"end":{"line":331,"column":10}},"108":{"start":{"line":321,"column":12},"end":{"line":330,"column":14}},"109":{"start":{"line":333,"column":34},"end":{"line":333,"column":72}},"110":{"start":{"line":334,"column":8},"end":{"line":354,"column":null}},"111":{"start":{"line":335,"column":32},"end":{"line":335,"column":62}},"112":{"start":{"line":336,"column":12},"end":{"line":353,"column":null}},"113":{"start":{"line":337,"column":37},"end":{"line":343,"column":23}},"114":{"start":{"line":340,"column":32},"end":{"line":343,"column":22}},"115":{"start":{"line":344,"column":33},"end":{"line":350,"column":null}},"116":{"start":{"line":352,"column":16},"end":{"line":352,"column":71}},"117":{"start":{"line":352,"column":44},"end":{"line":352,"column":69}},"118":{"start":{"line":356,"column":8},"end":{"line":367,"column":10}},"119":{"start":{"line":357,"column":12},"end":{"line":366,"column":14}},"120":{"start":{"line":368,"column":8},"end":{"line":370,"column":10}},"121":{"start":{"line":373,"column":4},"end":{"line":380,"column":null}},"122":{"start":{"line":374,"column":8},"end":{"line":379,"column":null}},"123":{"start":{"line":375,"column":12},"end":{"line":378,"column":14}},"124":{"start":{"line":382,"column":19},"end":{"line":382,"column":67}},"125":{"start":{"line":382,"column":48},"end":{"line":382,"column":65}},"126":{"start":{"line":383,"column":23},"end":{"line":385,"column":15}},"127":{"start":{"line":384,"column":30},"end":{"line":384,"column":55}},"128":{"start":{"line":387,"column":4},"end":{"line":401,"column":null}},"129":{"start":{"line":388,"column":8},"end":{"line":400,"column":null}},"130":{"start":{"line":389,"column":12},"end":{"line":399,"column":14}},"131":{"start":{"line":390,"column":37},"end":{"line":398,"column":18}},"132":{"start":{"line":403,"column":4},"end":{"line":410,"column":null}},"133":{"start":{"line":404,"column":8},"end":{"line":409,"column":null}},"134":{"start":{"line":405,"column":12},"end":{"line":408,"column":15}},"135":{"start":{"line":412,"column":4},"end":{"line":412,"column":21}}},"fnMap":{"0":{"name":"(anonymous_1)","decl":{"start":{"line":40,"column":29},"end":{"line":40,"column":34}},"loc":{"start":{"line":43,"column":4},"end":{"line":67,"column":1}}},"1":{"name":"(anonymous_2)","decl":{"start":{"line":69,"column":32},"end":{"line":69,"column":37}},"loc":{"start":{"line":77,"column":4},"end":{"line":107,"column":1}}},"2":{"name":"(anonymous_3)","decl":{"start":{"line":109,"column":15},"end":{"line":109,"column":20}},"loc":{"start":{"line":113,"column":4},"end":{"line":413,"column":1}}},"3":{"name":"(anonymous_4)","decl":{"start":{"line":134,"column":8},"end":{"line":134,"column":11}},"loc":{"start":{"line":134,"column":15},"end":{"line":134,"column":67}}},"4":{"name":"(anonymous_5)","decl":{"start":{"line":138,"column":8},"end":{"line":138,"column":11}},"loc":{"start":{"line":138,"column":15},"end":{"line":138,"column":65}}},"5":{"name":"(anonymous_6)","decl":{"start":{"line":195,"column":44},"end":{"line":195,"column":47}},"loc":{"start":{"line":195,"column":50},"end":{"line":203,"column":5}}},"6":{"name":"(anonymous_7)","decl":{"start":{"line":209,"column":16},"end":{"line":209,"column":21}},"loc":{"start":{"line":209,"column":26},"end":{"line":371,"column":5}}},"7":{"name":"(anonymous_8)","decl":{"start":{"line":241,"column":48},"end":{"line":241,"column":50}},"loc":{"start":{"line":241,"column":54},"end":{"line":241,"column":63}}},"8":{"name":"(anonymous_9)","decl":{"start":{"line":257,"column":34},"end":{"line":257,"column":37}},"loc":{"start":{"line":257,"column":41},"end":{"line":257,"column":51}}},"9":{"name":"(anonymous_10)","decl":{"start":{"line":276,"column":39},"end":{"line":276,"column":41}},"loc":{"start":{"line":276,"column":46},"end":{"line":283,"column":10}}},"10":{"name":"(anonymous_11)","decl":{"start":{"line":290,"column":48},"end":{"line":290,"column":50}},"loc":{"start":{"line":290,"column":54},"end":{"line":290,"column":63}}},"11":{"name":"(anonymous_12)","decl":{"start":{"line":307,"column":25},"end":{"line":307,"column":26}},"loc":{"start":{"line":307,"column":30},"end":{"line":307,"column":39}}},"12":{"name":"(anonymous_13)","decl":{"start":{"line":316,"column":33},"end":{"line":316,"column":40}},"loc":{"start":{"line":316,"column":44},"end":{"line":316,"column":69}}},"13":{"name":"(anonymous_14)","decl":{"start":{"line":320,"column":26},"end":{"line":320,"column":28}},"loc":{"start":{"line":321,"column":12},"end":{"line":330,"column":14}}},"14":{"name":"(anonymous_15)","decl":{"start":{"line":340,"column":25},"end":{"line":340,"column":27}},"loc":{"start":{"line":340,"column":32},"end":{"line":343,"column":22}}},"15":{"name":"(anonymous_16)","decl":{"start":{"line":352,"column":33},"end":{"line":352,"column":40}},"loc":{"start":{"line":352,"column":44},"end":{"line":352,"column":69}}},"16":{"name":"(anonymous_17)","decl":{"start":{"line":356,"column":27},"end":{"line":356,"column":29}},"loc":{"start":{"line":357,"column":12},"end":{"line":366,"column":14}}},"17":{"name":"(anonymous_18)","decl":{"start":{"line":382,"column":42},"end":{"line":382,"column":44}},"loc":{"start":{"line":382,"column":48},"end":{"line":382,"column":65}}},"18":{"name":"(anonymous_19)","decl":{"start":{"line":384,"column":24},"end":{"line":384,"column":26}},"loc":{"start":{"line":384,"column":30},"end":{"line":384,"column":55}}},"19":{"name":"(anonymous_20)","decl":{"start":{"line":390,"column":26},"end":{"line":390,"column":32}},"loc":{"start":{"line":390,"column":37},"end":{"line":398,"column":18}}}},"branchMap":{"0":{"loc":{"start":{"line":58,"column":8},"end":{"line":58,"column":27}},"type":"if","locations":[{"start":{"line":58,"column":8},"end":{"line":58,"column":27}}]},"1":{"loc":{"start":{"line":59,"column":8},"end":{"line":60,"column":18}},"type":"if","locations":[{"start":{"line":59,"column":8},"end":{"line":60,"column":18}}]},"2":{"loc":{"start":{"line":59,"column":12},"end":{"line":59,"column":74}},"type":"binary-expr","locations":[{"start":{"line":59,"column":12},"end":{"line":59,"column":53}},{"start":{"line":59,"column":57},"end":{"line":59,"column":74}}]},"3":{"loc":{"start":{"line":126,"column":4},"end":{"line":131,"column":null}},"type":"if","locations":[{"start":{"line":126,"column":4},"end":{"line":131,"column":null}}]},"4":{"loc":{"start":{"line":141,"column":4},"end":{"line":144,"column":null}},"type":"if","locations":[{"start":{"line":141,"column":4},"end":{"line":144,"column":null}}]},"5":{"loc":{"start":{"line":146,"column":4},"end":{"line":149,"column":null}},"type":"if","locations":[{"start":{"line":146,"column":4},"end":{"line":149,"column":null}}]},"6":{"loc":{"start":{"line":153,"column":4},"end":{"line":156,"column":null}},"type":"if","locations":[{"start":{"line":153,"column":4},"end":{"line":156,"column":null}}]},"7":{"loc":{"start":{"line":158,"column":4},"end":{"line":163,"column":null}},"type":"if","locations":[{"start":{"line":158,"column":4},"end":{"line":163,"column":null}}]},"8":{"loc":{"start":{"line":170,"column":4},"end":{"line":177,"column":null}},"type":"if","locations":[{"start":{"line":170,"column":4},"end":{"line":177,"column":null}}]},"9":{"loc":{"start":{"line":184,"column":4},"end":{"line":191,"column":null}},"type":"if","locations":[{"start":{"line":184,"column":4},"end":{"line":191,"column":null}}]},"10":{"loc":{"start":{"line":200,"column":8},"end":{"line":202,"column":null}},"type":"if","locations":[{"start":{"line":200,"column":8},"end":{"line":202,"column":null}}]},"11":{"loc":{"start":{"line":200,"column":12},"end":{"line":200,"column":42}},"type":"binary-expr","locations":[{"start":{"line":200,"column":12},"end":{"line":200,"column":25}},{"start":{"line":200,"column":29},"end":{"line":200,"column":42}}]},"12":{"loc":{"start":{"line":232,"column":8},"end":{"line":235,"column":null}},"type":"if","locations":[{"start":{"line":232,"column":8},"end":{"line":235,"column":null}}]},"13":{"loc":{"start":{"line":245,"column":8},"end":{"line":248,"column":null}},"type":"if","locations":[{"start":{"line":245,"column":8},"end":{"line":248,"column":null}}]},"14":{"loc":{"start":{"line":261,"column":8},"end":{"line":264,"column":null}},"type":"if","locations":[{"start":{"line":261,"column":8},"end":{"line":264,"column":null}}]},"15":{"loc":{"start":{"line":373,"column":4},"end":{"line":380,"column":null}},"type":"if","locations":[{"start":{"line":373,"column":4},"end":{"line":380,"column":null}}]},"16":{"loc":{"start":{"line":387,"column":4},"end":{"line":401,"column":null}},"type":"if","locations":[{"start":{"line":387,"column":4},"end":{"line":401,"column":null}}]},"17":{"loc":{"start":{"line":403,"column":4},"end":{"line":410,"column":null}},"type":"if","locations":[{"start":{"line":403,"column":4},"end":{"line":410,"column":null}}]}},"s":{"0":2,"1":2,"2":2,"3":2,"4":2,"5":2,"6":2,"7":2,"8":2,"9":6,"10":6,"11":6,"12":6,"13":12,"14":12,"15":0,"16":12,"17":0,"18":12,"19":12,"20":12,"21":6,"22":2,"23":3,"24":3,"25":3,"26":3,"27":6,"28":6,"29":6,"30":6,"31":6,"32":3,"33":2,"34":3,"35":3,"36":3,"37":3,"38":0,"39":0,"40":3,"41":3,"42":3,"43":6,"44":3,"45":0,"46":0,"47":3,"48":0,"49":0,"50":3,"51":3,"52":0,"53":0,"54":3,"55":0,"56":0,"57":3,"58":3,"59":0,"60":0,"61":3,"62":3,"63":0,"64":0,"65":3,"66":3,"67":6,"68":6,"69":6,"70":6,"71":3,"72":3,"73":3,"74":3,"75":3,"76":3,"77":3,"78":3,"79":0,"80":0,"81":3,"82":3,"83":3,"84":0,"85":0,"86":3,"87":6,"88":3,"89":0,"90":0,"91":3,"92":3,"93":3,"94":6,"95":3,"96":3,"97":3,"98":3,"99":3,"100":6,"101":6,"102":6,"103":6,"104":6,"105":6,"106":6,"107":3,"108":6,"109":3,"110":3,"111":6,"112":6,"113":6,"114":6,"115":6,"116":6,"117":6,"118":3,"119":6,"120":3,"121":3,"122":3,"123":3,"124":3,"125":12,"126":3,"127":12,"128":3,"129":3,"130":3,"131":3,"132":3,"133":3,"134":3,"135":3},"f":{"0":6,"1":3,"2":3,"3":3,"4":6,"5":6,"6":3,"7":3,"8":6,"9":6,"10":3,"11":6,"12":6,"13":6,"14":6,"15":6,"16":6,"17":12,"18":12,"19":3},"b":{"0":[0],"1":[0],"2":[12,6],"3":[0],"4":[0],"5":[0],"6":[0],"7":[0],"8":[0],"9":[0],"10":[6],"11":[6,6],"12":[0],"13":[0],"14":[0],"15":[3],"16":[3],"17":[3]}}
,"/Users/sushantyadav/Downloads/city-mall/product-store/apps/worker/src/actions/product-category/deleteCategory.ts": {"path":"/Users/sushantyadav/Downloads/city-mall/product-store/apps/worker/src/actions/product-category/deleteCategory.ts","statementMap":{"0":{"start":{"line":1,"column":0},"end":{"line":1,"column":null}},"1":{"start":{"line":10,"column":0},"end":{"line":10,"column":23}},"2":{"start":{"line":11,"column":0},"end":{"line":11,"column":65}},"3":{"start":{"line":13,"column":28},"end":{"line":13,"column":39}},"4":{"start":{"line":15,"column":0},"end":{"line":78,"column":2}},"5":{"start":{"line":16,"column":50},"end":{"line":16,"column":52}},"6":{"start":{"line":17,"column":48},"end":{"line":17,"column":50}},"7":{"start":{"line":19,"column":19},"end":{"line":21,"column":null}},"8":{"start":{"line":24,"column":4},"end":{"line":26,"column":null}},"9":{"start":{"line":25,"column":8},"end":{"line":25,"column":25}},"10":{"start":{"line":28,"column":4},"end":{"line":69,"column":7}},"11":{"start":{"line":29,"column":23},"end":{"line":31,"column":null}},"12":{"start":{"line":34,"column":8},"end":{"line":34,"column":35}},"13":{"start":{"line":34,"column":28},"end":{"line":34,"column":35}},"14":{"start":{"line":36,"column":8},"end":{"line":68,"column":null}},"15":{"start":{"line":37,"column":33},"end":{"line":41,"column":null}},"16":{"start":{"line":41,"column":40},"end":{"line":41,"column":49}},"17":{"start":{"line":43,"column":31},"end":{"line":46,"column":24}},"18":{"start":{"line":48,"column":12},"end":{"line":59,"column":14}},"19":{"start":{"line":49,"column":16},"end":{"line":58,"column":18}},"20":{"start":{"line":61,"column":12},"end":{"line":67,"column":45}},"21":{"start":{"line":63,"column":32},"end":{"line":63,"column":42}},"22":{"start":{"line":67,"column":27},"end":{"line":67,"column":43}},"23":{"start":{"line":71,"column":4},"end":{"line":76,"column":null}},"24":{"start":{"line":72,"column":8},"end":{"line":75,"column":10}},"25":{"start":{"line":77,"column":4},"end":{"line":77,"column":21}}},"fnMap":{"0":{"name":"(anonymous_1)","decl":{"start":{"line":15,"column":15},"end":{"line":15,"column":20}},"loc":{"start":{"line":15,"column":53},"end":{"line":78,"column":1}}},"1":{"name":"(anonymous_2)","decl":{"start":{"line":28,"column":16},"end":{"line":28,"column":21}},"loc":{"start":{"line":28,"column":26},"end":{"line":69,"column":5}}},"2":{"name":"(anonymous_3)","decl":{"start":{"line":41,"column":34},"end":{"line":41,"column":36}},"loc":{"start":{"line":41,"column":40},"end":{"line":41,"column":49}}},"3":{"name":"(anonymous_4)","decl":{"start":{"line":48,"column":26},"end":{"line":48,"column":29}},"loc":{"start":{"line":49,"column":16},"end":{"line":58,"column":18}}},"4":{"name":"(anonymous_5)","decl":{"start":{"line":63,"column":26},"end":{"line":63,"column":28}},"loc":{"start":{"line":63,"column":32},"end":{"line":63,"column":42}}},"5":{"name":"(anonymous_6)","decl":{"start":{"line":67,"column":22},"end":{"line":67,"column":23}},"loc":{"start":{"line":67,"column":27},"end":{"line":67,"column":43}}}},"branchMap":{"0":{"loc":{"start":{"line":24,"column":4},"end":{"line":26,"column":null}},"type":"if","locations":[{"start":{"line":24,"column":4},"end":{"line":26,"column":null}}]},"1":{"loc":{"start":{"line":24,"column":8},"end":{"line":24,"column":75}},"type":"binary-expr","locations":[{"start":{"line":24,"column":8},"end":{"line":24,"column":15}},{"start":{"line":24,"column":20},"end":{"line":24,"column":26}},{"start":{"line":24,"column":30},"end":{"line":24,"column":74}}]},"2":{"loc":{"start":{"line":34,"column":8},"end":{"line":34,"column":35}},"type":"if","locations":[{"start":{"line":34,"column":8},"end":{"line":34,"column":35}}]}},"s":{"0":2,"1":2,"2":2,"3":2,"4":2,"5":1,"6":1,"7":1,"8":1,"9":0,"10":1,"11":1,"12":1,"13":0,"14":1,"15":1,"16":2,"17":1,"18":1,"19":2,"20":1,"21":2,"22":2,"23":1,"24":1,"25":1},"f":{"0":1,"1":1,"2":2,"3":2,"4":2,"5":2},"b":{"0":[0],"1":[1,1,1],"2":[0]}}
,"/Users/sushantyadav/Downloads/city-mall/product-store/apps/worker/src/actions/product-category/deleteCategoryProduct.ts": {"path":"/Users/sushantyadav/Downloads/city-mall/product-store/apps/worker/src/actions/product-category/deleteCategoryProduct.ts","statementMap":{"0":{"start":{"line":1,"column":0},"end":{"line":1,"column":null}},"1":{"start":{"line":10,"column":0},"end":{"line":10,"column":23}},"2":{"start":{"line":11,"column":0},"end":{"line":11,"column":65}},"3":{"start":{"line":13,"column":28},"end":{"line":13,"column":39}},"4":{"start":{"line":15,"column":0},"end":{"line":82,"column":2}},"5":{"start":{"line":18,"column":49},"end":{"line":18,"column":51}},"6":{"start":{"line":19,"column":51},"end":{"line":19,"column":53}},"7":{"start":{"line":21,"column":4},"end":{"line":70,"column":7}},"8":{"start":{"line":22,"column":25},"end":{"line":22,"column":54}},"9":{"start":{"line":22,"column":46},"end":{"line":22,"column":53}},"10":{"start":{"line":24,"column":8},"end":{"line":24,"column":42}},"11":{"start":{"line":24,"column":35},"end":{"line":24,"column":42}},"12":{"start":{"line":26,"column":23},"end":{"line":30,"column":null}},"13":{"start":{"line":30,"column":38},"end":{"line":30,"column":51}},"14":{"start":{"line":33,"column":8},"end":{"line":33,"column":40}},"15":{"start":{"line":33,"column":33},"end":{"line":33,"column":40}},"16":{"start":{"line":35,"column":34},"end":{"line":37,"column":null}},"17":{"start":{"line":37,"column":37},"end":{"line":37,"column":46}},"18":{"start":{"line":39,"column":27},"end":{"line":42,"column":20}},"19":{"start":{"line":44,"column":31},"end":{"line":47,"column":20}},"20":{"start":{"line":48,"column":8},"end":{"line":69,"column":null}},"21":{"start":{"line":49,"column":29},"end":{"line":54,"column":null}},"22":{"start":{"line":51,"column":31},"end":{"line":51,"column":41}},"23":{"start":{"line":56,"column":12},"end":{"line":67,"column":null}},"24":{"start":{"line":57,"column":16},"end":{"line":66,"column":19}},"25":{"start":{"line":68,"column":12},"end":{"line":68,"column":55}},"26":{"start":{"line":68,"column":34},"end":{"line":68,"column":53}},"27":{"start":{"line":72,"column":4},"end":{"line":72,"column":45}},"28":{"start":{"line":72,"column":29},"end":{"line":72,"column":45}},"29":{"start":{"line":74,"column":4},"end":{"line":79,"column":null}},"30":{"start":{"line":75,"column":8},"end":{"line":78,"column":10}},"31":{"start":{"line":81,"column":4},"end":{"line":81,"column":20}}},"fnMap":{"0":{"name":"(anonymous_1)","decl":{"start":{"line":15,"column":15},"end":{"line":15,"column":20}},"loc":{"start":{"line":17,"column":41},"end":{"line":82,"column":1}}},"1":{"name":"(anonymous_2)","decl":{"start":{"line":21,"column":16},"end":{"line":21,"column":21}},"loc":{"start":{"line":21,"column":26},"end":{"line":70,"column":5}}},"2":{"name":"(anonymous_3)","decl":{"start":{"line":22,"column":40},"end":{"line":22,"column":42}},"loc":{"start":{"line":22,"column":46},"end":{"line":22,"column":53}}},"3":{"name":"(anonymous_4)","decl":{"start":{"line":30,"column":32},"end":{"line":30,"column":34}},"loc":{"start":{"line":30,"column":38},"end":{"line":30,"column":51}}},"4":{"name":"(anonymous_5)","decl":{"start":{"line":37,"column":31},"end":{"line":37,"column":33}},"loc":{"start":{"line":37,"column":37},"end":{"line":37,"column":46}}},"5":{"name":"(anonymous_6)","decl":{"start":{"line":51,"column":25},"end":{"line":51,"column":27}},"loc":{"start":{"line":51,"column":31},"end":{"line":51,"column":41}}},"6":{"name":"(anonymous_7)","decl":{"start":{"line":68,"column":29},"end":{"line":68,"column":30}},"loc":{"start":{"line":68,"column":34},"end":{"line":68,"column":53}}}},"branchMap":{"0":{"loc":{"start":{"line":24,"column":8},"end":{"line":24,"column":42}},"type":"if","locations":[{"start":{"line":24,"column":8},"end":{"line":24,"column":42}}]},"1":{"loc":{"start":{"line":33,"column":8},"end":{"line":33,"column":40}},"type":"if","locations":[{"start":{"line":33,"column":8},"end":{"line":33,"column":40}}]},"2":{"loc":{"start":{"line":72,"column":4},"end":{"line":72,"column":45}},"type":"if","locations":[{"start":{"line":72,"column":4},"end":{"line":72,"column":45}}]}},"s":{"0":2,"1":2,"2":2,"3":2,"4":2,"5":3,"6":3,"7":3,"8":3,"9":6,"10":3,"11":1,"12":2,"13":4,"14":2,"15":1,"16":1,"17":2,"18":1,"19":1,"20":1,"21":1,"22":2,"23":1,"24":2,"25":1,"26":2,"27":3,"28":2,"29":1,"30":1,"31":1},"f":{"0":3,"1":3,"2":6,"3":4,"4":2,"5":2,"6":2},"b":{"0":[1],"1":[1],"2":[2]}}
[...]
,"column":11}},"31":{"start":{"line":109,"column":70},"end":{"line":115,"column":10}},"32":{"start":{"line":112,"column":21},"end":{"line":112,"column":43}},"33":{"start":{"line":117,"column":27},"end":{"line":121,"column":null}},"34":{"start":{"line":119,"column":16},"end":{"line":121,"column":40}},"35":{"start":{"line":120,"column":42},"end":{"line":120,"column":64}},"36":{"start":{"line":124,"column":8},"end":{"line":124,"column":44}},"37":{"start":{"line":124,"column":37},"end":{"line":124,"column":44}},"38":{"start":{"line":127,"column":12},"end":{"line":141,"column":92}},"39":{"start":{"line":136,"column":36},"end":{"line":136,"column":64}},"40":{"start":{"line":143,"column":28},"end":{"line":143,"column":57}},"41":{"start":{"line":145,"column":30},"end":{"line":148,"column":20}},"42":{"start":{"line":147,"column":28},"end":{"line":147,"column":29}},"43":{"start":{"line":150,"column":8},"end":{"line":155,"column":10}},"44":{"start":{"line":157,"column":8},"end":{"line":217,"column":null}},"45":{"start":{"line":158,"column":23},"end":{"line":158,"column":33}},"46":{"start":{"line":159,"column":12},"end":{"line":181,"column":15}},"47":{"start":{"line":168,"column":55},"end":{"line":168,"column":79}},"48":{"start":{"line":183,"column":23},"end":{"line":183,"column":33}},"49":{"start":{"line":184,"column":12},"end":{"line":184,"column":79}},"50":{"start":{"line":185,"column":12},"end":{"line":214,"column":14}},"51":{"start":{"line":199,"column":50},"end":{"line":199,"column":74}},"52":{"start":{"line":215,"column":23},"end":{"line":215,"column":33}},"53":{"start":{"line":216,"column":12},"end":{"line":216,"column":77}},"54":{"start":{"line":221,"column":8},"end":{"line":223,"column":null}},"55":{"start":{"line":222,"column":12},"end":{"line":222,"column":58}},"56":{"start":{"line":227,"column":8},"end":{"line":229,"column":null}},"57":{"start":{"line":228,"column":12},"end":{"line":228,"column":42}},"58":{"start":{"line":230,"column":8},"end":{"line":255,"column":10}},"59":{"start":{"line":233,"column":34},"end":{"line":233,"column":44}},"60":{"start":{"line":236,"column":20},"end":{"line":238,"column":28}},"61":{"start":{"line":239,"column":16},"end":{"line":239,"column":53}},"62":{"start":{"line":240,"column":16},"end":{"line":242,"column":18}},"63":{"start":{"line":244,"column":16},"end":{"line":244,"column":57}},"64":{"start":{"line":246,"column":16},"end":{"line":252,"column":18}},"65":{"start":{"line":253,"column":16},"end":{"line":253,"column":37}},"66":{"start":{"line":52,"column":0},"end":{"line":52,"column":21}}},"fnMap":{"0":{"name":"(anonymous_1)","decl":{"start":{"line":60,"column":4},"end":{"line":60,"column":null}},"loc":{"start":{"line":60,"column":4},"end":{"line":68,"column":5}}},"1":{"name":"(anonymous_2)","decl":{"start":{"line":70,"column":4},"end":{"line":70,"column":9}},"loc":{"start":{"line":70,"column":62},"end":{"line":218,"column":5}}},"2":{"name":"(anonymous_3)","decl":{"start":{"line":86,"column":20},"end":{"line":86,"column":21}},"loc":{"start":{"line":86,"column":25},"end":{"line":86,"column":68}}},"3":{"name":"(anonymous_4)","decl":{"start":{"line":101,"column":20},"end":{"line":101,"column":21}},"loc":{"start":{"line":101,"column":25},"end":{"line":101,"column":68}}},"4":{"name":"(anonymous_5)","decl":{"start":{"line":109,"column":63},"end":{"line":109,"column":65}},"loc":{"start":{"line":109,"column":70},"end":{"line":115,"column":10}}},"5":{"name":"(anonymous_6)","decl":{"start":{"line":112,"column":16},"end":{"line":112,"column":17}},"loc":{"start":{"line":112,"column":21},"end":{"line":112,"column":43}}},"6":{"name":"(anonymous_7)","decl":{"start":{"line":118,"column":12},"end":{"line":118,"column":14}},"loc":{"start":{"line":119,"column":16},"end":{"line":121,"column":40}}},"7":{"name":"(anonymous_8)","decl":{"start":{"line":120,"column":37},"end":{"line":120,"column":38}},"loc":{"start":{"line":120,"column":42},"end":{"line":120,"column":64}}},"8":{"name":"(anonymous_9)","decl":{"start":{"line":136,"column":30},"end":{"line":136,"column":33}},"loc":{"start":{"line":136,"column":36},"end":{"line":136,"column":64}}},"9":{"name":"(anonymous_10)","decl":{"start":{"line":147,"column":23},"end":{"line":147,"column":24}},"loc":{"start":{"line":147,"column":28},"end":{"line":147,"column":29}}},"10":{"name":"(anonymous_11)","decl":{"start":{"line":168,"column":49},"end":{"line":168,"column":51}},"loc":{"start":{"line":168,"column":55},"end":{"line":168,"column":79}}},"11":{"name":"(anonymous_12)","decl":{"start":{"line":199,"column":44},"end":{"line":199,"column":46}},"loc":{"start":{"line":199,"column":50},"end":{"line":199,"column":74}}},"12":{"name":"(anonymous_13)","decl":{"start":{"line":220,"column":4},"end":{"line":220,"column":9}},"loc":{"start":{"line":220,"column":61},"end":{"line":224,"column":5}}},"13":{"name":"(anonymous_14)","decl":{"start":{"line":226,"column":4},"end":{"line":226,"column":9}},"loc":{"start":{"line":226,"column":19},"end":{"line":256,"column":5}}},"14":{"name":"(anonymous_15)","decl":{"start":{"line":231,"column":12},"end":{"line":231,"column":17}},"loc":{"start":{"line":231,"column":54},"end":{"line":254,"column":13}}}},"branchMap":{"0":{"loc":{"start":{"line":64,"column":12},"end":{"line":66,"column":56}},"type":"cond-expr","locations":[{"start":{"line":65,"column":18},"end":{"line":65,"column":49}},{"start":{"line":66,"column":18},"end":{"line":66,"column":56}}]},"1":{"loc":{"start":{"line":72,"column":8},"end":{"line":72,"column":59}},"type":"if","locations":[{"start":{"line":72,"column":8},"end":{"line":72,"column":59}}]},"2":{"loc":{"start":{"line":72,"column":12},"end":{"line":72,"column":50}},"type":"binary-expr","locations":[{"start":{"line":72,"column":12},"end":{"line":72,"column":31}},{"start":{"line":72,"column":35},"end":{"line":72,"column":50}}]},"3":{"loc":{"start":{"line":81,"column":8},"end":{"line":105,"column":null}},"type":"if","locations":[{"start":{"line":81,"column":8},"end":{"line":105,"column":null}},{"start":{"line":90,"column":15},"end":{"line":105,"column":null}}]},"4":{"loc":{"start":{"line":81,"column":12},"end":{"line":81,"column":73}},"type":"binary-expr","locations":[{"start":{"line":81,"column":12},"end":{"line":81,"column":35}},{"start":{"line":81,"column":39},"end":{"line":81,"column":73}}]},"5":{"loc":{"start":{"line":83,"column":12},"end":{"line":89,"column":null}},"type":"if","locations":[{"start":{"line":83,"column":12},"end":{"line":89,"column":null}}]},"6":{"loc":{"start":{"line":90,"column":15},"end":{"line":105,"column":null}},"type":"if","locations":[{"start":{"line":90,"column":15},"end":{"line":105,"column":null}}]},"7":{"loc":{"start":{"line":91,"column":12},"end":{"line":92,"column":55}},"type":"binary-expr","locations":[{"start":{"line":91,"column":12},"end":{"line":91,"column":44}},{"start":{"line":92,"column":12},"end":{"line":92,"column":55}}]},"8":{"loc":{"start":{"line":98,"column":12},"end":{"line":104,"column":null}},"type":"if","locations":[{"start":{"line":98,"column":12},"end":{"line":104,"column":null}}]},"9":{"loc":{"start":{"line":124,"column":8},"end":{"line":124,"column":44}},"type":"if","locations":[{"start":{"line":124,"column":8},"end":{"line":124,"column":44}}]},"10":{"loc":{"start":{"line":221,"column":8},"end":{"line":223,"column":null}},"type":"if","locations":[{"start":{"line":221,"column":8},"end":{"line":223,"column":null}}]},"11":{"loc":{"start":{"line":227,"column":8},"end":{"line":229,"column":null}},"type":"if","locations":[{"start":{"line":227,"column":8},"end":{"line":229,"column":null}}]},"12":{"loc":{"start":{"line":236,"column":20},"end":{"line":238,"column":28}},"type":"cond-expr","locations":[{"start":{"line":237,"column":26},"end":{"line":237,"column":50}},{"start":{"line":238,"column":26},"end":{"line":238,"column":28}}]},"13":{"loc":{"start":{"line":236,"column":20},"end":{"line":236,"column":61}},"type":"binary-expr","locations":[{"start":{"line":236,"column":20},"end":{"line":236,"column":27}},{"start":{"line":236,"column":31},"end":{"line":236,"column":44}},{"start":{"line":236,"column":48},"end":{"line":236,"column":61}}]}},"s":{"0":1,"1":1,"2":1,"3":1,"4":1,"5":1,"6":1,"7":1,"8":1,"9":1,"10":1,"11":4,"12":4,"13":0,"14":4,"15":4,"16":4,"17":4,"18":2,"19":2,"20":2,"21":4,"22":2,"23":2,"24":1,"25":1,"26":1,"27":4,"28":1,"29":4,"30":4,"31":14,"32":13,"33":4,"34":14,"35":33,"36":4,"37":0,"38":4,"39":9,"40":4,"41":4,"42":9,"43":4,"44":4,"45":9,"46":9,"47":21,"48":9,"49":9,"50":9,"51":21,"52":9,"53":9,"54":4,"55":4,"56":0,"57":0,"58":0,"59":0,"60":0,"61":0,"62":0,"63":0,"64":0,"65":0,"66":1},"f":{"0":1,"1":4,"2":4,"3":4,"4":14,"5":13,"6":14,"7":33,"8":9,"9":9,"10":21,"11":21,"12":4,"13":0,"14":0},"b":{"0":[1,0],"1":[0],"2":[4,4],"3":[2,2],"4":[4,2],"5":[2],"6":[1],"7":[2,1],"8":[1],"9":[0],"10":[4],"11":[0],"12":[0,0],"13":[0,0,0]}}
,"/Users/sushantyadav/Downloads/city-mall/product-store/apps/worker/src/workers/lib/WmsCatalogueWorker.ts": {"path":"/Users/sushantyadav/Downloads/city-mall/product-store/apps/worker/src/workers/lib/WmsCatalogueWorker.ts","statementMap":{"0":{"start":{"line":1,"column":0},"end":{"line":1,"column":28}},"1":{"start":{"line":2,"column":0},"end":{"line":2,"column":37}},"2":{"start":{"line":3,"column":0},"end":{"line":3,"column":null}},"3":{"start":{"line":18,"column":0},"end":{"line":18,"column":31}},"4":{"start":{"line":20,"column":30},"end":{"line":20,"column":57}},"5":{"start":{"line":26,"column":28},"end":{"line":26,"column":29}},"6":{"start":{"line":30,"column":8},"end":{"line":36,"column":10}},"7":{"start":{"line":40,"column":24},"end":{"line":40,"column":36}},"8":{"start":{"line":41,"column":8},"end":{"line":44,"column":null}},"9":{"start":{"line":42,"column":12},"end":{"line":42,"column":55}},"10":{"start":{"line":43,"column":12},"end":{"line":43,"column":19}},"11":{"start":{"line":45,"column":27},"end":{"line":45,"column":34}},"12":{"start":{"line":46,"column":25},"end":{"line":46,"column":68}},"13":{"start":{"line":47,"column":25},"end":{"line":47,"column":28}},"14":{"start":{"line":48,"column":32},"end":{"line":48,"column":40}},"15":{"start":{"line":49,"column":8},"end":{"line":55,"column":null}},"16":{"start":{"line":50,"column":12},"end":{"line":54,"column":15}},"17":{"start":{"line":56,"column":19},"end":{"line":56,"column":29}},"18":{"start":{"line":57,"column":8},"end":{"line":68,"column":11}},"19":{"start":{"line":69,"column":19},"end":{"line":69,"column":29}},"20":{"start":{"line":70,"column":8},"end":{"line":70,"column":75}},"21":{"start":{"line":71,"column":8},"end":{"line":71,"column":24}},"22":{"start":{"line":75,"column":8},"end":{"line":75,"column":38}},"23":{"start":{"line":77,"column":8},"end":{"line":101,"column":10}},"24":{"start":{"line":79,"column":61},"end":{"line":79,"column":65}},"25":{"start":{"line":80,"column":34},"end":{"line":80,"column":44}},"26":{"start":{"line":83,"column":20},"end":{"line":83,"column":76}},"27":{"start":{"line":84,"column":16},"end":{"line":84,"column":49}},"28":{"start":{"line":85,"column":16},"end":{"line":87,"column":18}},"29":{"start":{"line":89,"column":16},"end":{"line":89,"column":65}},"30":{"start":{"line":89,"column":30},"end":{"line":89,"column":65}},"31":{"start":{"line":91,"column":16},"end":{"line":91,"column":53}},"32":{"start":{"line":92,"column":16},"end":{"line":98,"column":18}},"33":{"start":{"line":99,"column":16},"end":{"line":99,"column":37}},"34":{"start":{"line":105,"column":29},"end":{"line":105,"column":36}},"35":{"start":{"line":106,"column":32},"end":{"line":106,"column":34}},"36":{"start":{"line":108,"column":8},"end":{"line":110,"column":null}},"37":{"start":{"line":109,"column":12},"end":{"line":109,"column":60}},"38":{"start":{"line":112,"column":8},"end":{"line":177,"column":null}},"39":{"start":{"line":117,"column":16},"end":{"line":117,"column":43}},"40":{"start":{"line":119,"column":12},"end":{"line":121,"column":null}},"41":{"start":{"line":120,"column":16},"end":{"line":120,"column":72}},"42":{"start":{"line":123,"column":12},"end":{"line":127,"column":null}},"43":{"start":{"line":124,"column":16},"end":{"line":126,"column":18}},"44":{"start":{"line":129,"column":12},"end":{"line":133,"column":null}},"45":{"start":{"line":130,"column":16},"end":{"line":132,"column":18}},"46":{"start":{"line":135,"column":12},"end":{"line":135,"column":50}},"47":{"start":{"line":136,"column":15},"end":{"line":177,"column":null}},"48":{"start":{"line":137,"column":12},"end":{"line":137,"column":44}},"49":{"start":{"line":138,"column":50},"end":{"line":138,"column":54}},"50":{"start":{"line":140,"column":12},"end":{"line":143,"column":null}},"51":{"start":{"line":141,"column":16},"end":{"line":141,"column":71}},"52":{"start":{"line":142,"column":16},"end":{"line":142,"column":39}},"53":{"start":{"line":145,"column":12},"end":{"line":147,"column":null}},"54":{"start":{"line":146,"column":16},"end":{"line":146,"column":71}},"55":{"start":{"line":149,"column":34},"end":{"line":160,"column":null}},"56":{"start":{"line":163,"column":12},"end":{"line":168,"column":null}},"57":{"start":{"line":164,"column":16},"end":{"line":166,"column":18}},"58":{"start":{"line":167,"column":16},"end":{"line":167,"column":39}},"59":{"start":{"line":170,"column":12},"end":{"line":170,"column":39}},"60":{"start":{"line":172,"column":31},"end":{"line":174,"column":26}},"61":{"start":{"line":173,"column":28},"end":{"line":173,"column":46}},"62":{"start":{"line":176,"column":12},"end":{"line":176,"column":41}},"63":{"start":{"line":179,"column":8},"end":{"line":179,"column":62}},"64":{"start":{"line":181,"column":8},"end":{"line":181,"column":31}},"65":{"start":{"line":188,"column":19},"end":{"line":188,"column":29}},"66":{"start":{"line":189,"column":8},"end":{"line":197,"column":11}},"67":{"start":{"line":198,"column":19},"end":{"line":198,"column":29}},"68":{"start":{"line":199,"column":8},"end":{"line":199,"column":80}},"69":{"start":{"line":203,"column":8},"end":{"line":203,"column":35}},"70":{"start":{"line":22,"column":0},"end":{"line":22,"column":21}}},"fnMap":{"0":{"name":"(anonymous_1)","decl":{"start":{"line":29,"column":4},"end":{"line":29,"column":null}},"loc":{"start":{"line":29,"column":4},"end":{"line":37,"column":5}}},"1":{"name":"(anonymous_2)","decl":{"start":{"line":39,"column":4},"end":{"line":39,"column":9}},"loc":{"start":{"line":39,"column":58},"end":{"line":72,"column":5}}},"2":{"name":"(anonymous_3)","decl":{"start":{"line":74,"column":4},"end":{"line":74,"column":9}},"loc":{"start":{"line":74,"column":19},"end":{"line":102,"column":5}}},"3":{"name":"(anonymous_4)","decl":{"start":{"line":78,"column":12},"end":{"line":78,"column":17}},"loc":{"start":{"line":78,"column":65},"end":{"line":100,"column":13}}},"4":{"name":"(anonymous_5)","decl":{"start":{"line":104,"column":4},"end":{"line":104,"column":9}},"loc":{"start":{"line":104,"column":65},"end":{"line":182,"column":5}}},"5":{"name":"(anonymous_6)","decl":{"start":{"line":173,"column":21},"end":{"line":173,"column":24}},"loc":{"start":{"line":173,"column":28},"end":{"line":173,"column":46}}},"6":{"name":"(anonymous_7)","decl":{"start":{"line":184,"column":4},"end":{"line":184,"column":9}},"loc":{"start":{"line":186,"column":32},"end":{"line":200,"column":5}}},"7":{"name":"(anonymous_8)","decl":{"start":{"line":202,"column":4},"end":{"line":202,"column":21}},"loc":{"start":{"line":202,"column":21},"end":{"line":204,"column":5}}}},"branchMap":{"0":{"loc":{"start":{"line":33,"column":12},"end":{"line":35,"column":48}},"type":"cond-expr","locations":[{"start":{"line":34,"column":18},"end":{"line":34,"column":49}},{"start":{"line":35,"column":18},"end":{"line":35,"column":48}}]},"1":{"loc":{"start":{"line":41,"column":8},"end":{"line":44,"column":null}},"type":"if","locations":[{"start":{"line":41,"column":8},"end":{"line":44,"column":null}}]},"2":{"loc":{"start":{"line":49,"column":8},"end":{"line":55,"column":null}},"type":"if","locations":[{"start":{"line":49,"column":8},"end":{"line":55,"column":null}}]},"3":{"loc":{"start":{"line":49,"column":12},"end":{"line":49,"column":35}},"type":"binary-expr","locations":[{"start":{"line":49,"column":12},"end":{"line":49,"column":18}},{"start":{"line":49,"column":22},"end":{"line":49,"column":35}}]},"4":{"loc":{"start":{"line":83,"column":20},"end":{"line":83,"column":76}},"type":"cond-expr","locations":[{"start":{"line":83,"column":47},"end":{"line":83,"column":71}},{"start":{"line":83,"column":74},"end":{"line":83,"column":76}}]},"5":{"loc":{"start":{"line":83,"column":20},"end":{"line":83,"column":44}},"type":"binary-expr","locations":[{"start":{"line":83,"column":20},"end":{"line":83,"column":27}},{"start":{"line":83,"column":31},"end":{"line":83,"column":44}}]},"6":{"loc":{"start":{"line":89,"column":16},"end":{"line":89,"column":65}},"type":"if","locations":[{"start":{"line":89,"column":16},"end":{"line":89,"column":65}}]},"7":{"loc":{"start":{"line":108,"column":8},"end":{"line":110,"column":null}},"type":"if","locations":[{"start":{"line":108,"column":8},"end":{"line":110,"column":null}}]},"8":{"loc":{"start":{"line":112,"column":8},"end":{"line":177,"column":null}},"type":"if","locations":[{"start":{"line":112,"column":8},"end":{"line":177,"column":null}},{"start":{"line":136,"column":15},"end":{"line":177,"column":null}}]},"9":{"loc":{"start":{"line":119,"column":12},"end":{"line":121,"column":null}},"type":"if","locations":[{"start":{"line":119,"column":12},"end":{"line":121,"column":null}}]},"10":{"loc":{"start":{"line":123,"column":12},"end":{"line":127,"column":null}},"type":"if","locations":[{"start":{"line":123,"column":12},"end":{"line":127,"column":null}}]},"11":{"loc":{"start":{"line":123,"column":16},"end":{"line":123,"column":76}},"type":"binary-expr","locations":[{"start":{"line":123,"column":16},"end":{"line":123,"column":37}},{"start":{"line":123,"column":41},"end":{"line":123,"column":76}}]},"12":{"loc":{"start":{"line":129,"column":12},"end":{"line":133,"column":null}},"type":"if","locations":[{"start":{"line":129,"column":12},"end":{"line":133,"column":null}}]},"13":{"loc":{"start":{"line":129,"column":16},"end":{"line":129,"column":74}},"type":"binary-expr","locations":[{"start":{"line":129,"column":16},"end":{"line":129,"column":36}},{"start":{"line":129,"column":40},"end":{"line":129,"column":74}}]},"14":{"loc":{"start":{"line":136,"column":15},"end":{"line":177,"column":null}},"type":"if","locations":[{"start":{"line":136,"column":15},"end":{"line":177,"column":null}}]},"15":{"loc":{"start":{"line":140,"column":12},"end":{"line":143,"column":null}},"type":"if","locations":[{"start":{"line":140,"column":12},"end":{"line":143,"column":null}}]},"16":{"loc":{"start":{"line":145,"column":12},"end":{"line":147,"column":null}},"type":"if","locations":[{"start":{"line":145,"column":12},"end":{"line":147,"column":null}}]},"17":{"loc":{"start":{"line":163,"column":12},"end":{"line":168,"column":null}},"type":"if","locations":[{"start":{"line":163,"column":12},"end":{"line":168,"column":null}}]},"18":{"loc":{"start":{"line":163,"column":16},"end":{"line":163,"column":55}},"type":"binary-expr","locations":[{"start":{"line":163,"column":16},"end":{"line":163,"column":30}},{"start":{"line":163,"column":34},"end":{"line":163,"column":55}}]}},"s":{"0":1,"1":1,"2":1,"3":1,"4":1,"5":1,"6":1,"7":2,"8":2,"9":0,"10":0,"11":2,"12":2,"13":2,"14":2,"15":2,"16":1,"17":2,"18":2,"19":2,"20":2,"21":2,"22":0,"23":0,"24":0,"25":0,"26":0,"27":0,"28":0,"29":0,"30":0,"31":0,"32":0,"33":0,"34":2,"35":2,"36":2,"37":1,"38":1,"39":1,"40":1,"41":0,"42":1,"43":0,"44":1,"45":0,"46":1,"47":0,"48":0,"49":0,"50":0,"51":0,"52":0,"53":0,"54":0,"55":0,"56":0,"57":0,"58":0,"59":0,"60":0,"61":0,"62":0,"63":1,"64":1,"65":1,"66":1,"67":1,"68":1,"69":0,"70":1},"f":{"0":1,"1":2,"2":0,"3":0,"4":2,"5":0,"6":1,"7":0},"b":{"0":[1,0],"1":[0],"2":[1],"3":[2,2],"4":[0,0],"5":[0,0],"6":[0],"7":[1],"8":[1,0],"9":[0],"10":[0],"11":[1,1],"12":[0],"13":[1,1],"14":[0],"15":[0],"16":[0],"17":[0],"18":[0,0]}}
}
