TN:
SF:src/__tests__/kafkaMock.ts
FN:28,mockKafkaUtils
FN:30,(anonymous_1)
FN:33,(anonymous_2)
FN:34,(anonymous_3)
FNF:4
FNH:4
FNDA:16,mockKafkaUtils
FNDA:496,(anonymous_1)
FNDA:480,(anonymous_2)
FNDA:49,(anonymous_3)
DA:1,16
DA:2,16
DA:28,16
DA:29,16
DA:30,496
DA:33,16
DA:34,480
DA:35,49
LF:8
LH:8
BRF:0
BRH:0
end_of_record
TN:
SF:src/actions/index.ts
FN:1,(anonymous_1)
FN:2,(anonymous_2)
FN:3,(anonymous_3)
FNF:3
FNH:2
FNDA:2,(anonymous_1)
FNDA:9,(anonymous_2)
FNDA:0,(anonymous_3)
DA:1,4
DA:2,11
DA:3,2
LF:3
LH:3
BRF:0
BRH:0
end_of_record
TN:
SF:src/actions/updateProductMedia.ts
FN:4,(anonymous_0)
FN:16,(anonymous_1)
FNF:2
FNH:2
FNDA:2,(anonymous_0)
FNDA:4,(anonymous_1)
DA:4,5
DA:10,2
DA:11,2
DA:15,2
DA:16,2
DA:17,4
DA:39,2
DA:42,5
LF:8
LH:8
BRF:0
BRH:0
end_of_record
TN:
SF:src/actions/combo/getComboSkusUpsertQuery.ts
FN:5,(anonymous_1)
FNF:1
FNH:1
FNDA:1,(anonymous_1)
DA:1,1
DA:3,1
DA:5,1
DA:6,1
DA:9,1
DA:10,1
DA:11,1
DA:14,1
LF:8
LH:8
BRF:0
BRH:0
end_of_record
TN:
SF:src/actions/combo/requiredColsForComboSkus.ts
FNF:0
FNH:0
DA:1,1
LF:1
LH:1
BRF:0
BRH:0
end_of_record
TN:
SF:src/actions/combo/validateComboSkusUpsert.ts
FN:10,(anonymous_1)
FN:24,(anonymous_2)
FN:31,(anonymous_3)
FN:39,(anonymous_4)
FN:40,(anonymous_5)
FN:96,(anonymous_6)
FN:117,(anonymous_7)
FN:127,(anonymous_8)
FN:129,(anonymous_9)
FN:139,(anonymous_10)
FN:152,(anonymous_11)
FNF:11
FNH:9
FNDA:0,(anonymous_1)
FNDA:6,(anonymous_2)
FNDA:18,(anonymous_3)
FNDA:17,(anonymous_4)
FNDA:0,(anonymous_5)
FNDA:5,(anonymous_6)
FNDA:4,(anonymous_7)
FNDA:4,(anonymous_8)
FNDA:4,(anonymous_9)
FNDA:4,(anonymous_10)
FNDA:4,(anonymous_11)
DA:1,1
DA:8,1
DA:10,1
DA:11,0
DA:13,0
DA:14,0
DA:15,0
DA:16,0
DA:18,0
DA:21,0
DA:24,1
DA:29,6
DA:31,6
DA:32,18
DA:33,1
DA:39,6
DA:40,17
DA:41,0
DA:42,0
DA:44,0
DA:45,0
DA:47,0
DA:48,0
DA:50,0
DA:51,0
DA:54,0
DA:55,0
DA:57,0
DA:58,0
DA:60,0
DA:61,0
DA:62,0
DA:63,0
DA:64,0
DA:66,0
DA:69,0
DA:70,0
DA:72,0
DA:77,6
DA:89,6
DA:90,1
DA:96,6
DA:97,1
DA:102,6
DA:108,6
DA:109,1
DA:114,6
DA:116,4
DA:117,4
DA:120,4
DA:121,1
DA:126,4
DA:128,4
DA:129,4
DA:133,2
DA:138,4
DA:140,4
DA:147,2
DA:152,4
DA:153,0
DA:158,4
DA:161,1
LF:62
LH:33
BRDA:11,0,0,0
BRDA:11,1,0,0
BRDA:11,1,1,0
BRDA:13,2,0,0
BRDA:32,3,0,1
BRDA:41,4,0,0
BRDA:41,5,0,0
BRDA:41,5,1,0
BRDA:44,6,0,0
BRDA:47,7,0,0
BRDA:50,8,0,0
BRDA:54,9,0,0
BRDA:54,10,0,0
BRDA:54,10,1,0
BRDA:57,11,0,0
BRDA:57,12,0,0
BRDA:57,12,1,0
BRDA:58,13,0,0
BRDA:60,14,0,0
BRDA:60,15,0,0
BRDA:60,15,1,0
BRDA:61,16,0,0
BRDA:61,16,1,0
BRDA:63,17,0,0
BRDA:63,17,1,0
BRDA:69,18,0,0
BRDA:69,19,0,0
BRDA:69,19,1,0
BRDA:89,20,0,1
BRDA:96,21,0,1
BRDA:108,22,0,1
BRDA:114,23,0,2
BRDA:120,24,0,1
BRDA:120,25,0,4
BRDA:120,25,1,1
BRDA:126,26,0,2
BRDA:138,27,0,2
BRDA:152,28,0,0
BRF:38
BRH:10
end_of_record
TN:
SF:src/actions/duplicate/buildProductDuplicateQueries.ts
FN:6,(anonymous_1)
FN:12,(anonymous_2)
FN:27,(anonymous_3)
FN:27,(anonymous_4)
FNF:4
FNH:4
FNDA:2,(anonymous_1)
FNDA:4,(anonymous_2)
FNDA:480,(anonymous_3)
FNDA:4800,(anonymous_4)
DA:1,4
DA:2,4
DA:4,4
DA:6,4
DA:10,2
DA:12,4
DA:13,2
DA:15,2
DA:16,4
DA:20,4
DA:21,4
DA:22,4
DA:23,4
DA:25,4
DA:27,4800
DA:31,4
DA:32,4
DA:36,4
DA:37,4
DA:38,4
DA:39,4
DA:40,4
DA:42,4
DA:43,4
DA:46,4
DA:47,4
DA:60,4
LF:27
LH:27
BRF:0
BRH:0
end_of_record
TN:
SF:src/actions/duplicate/index.ts
FN:18,(anonymous_1)
FN:52,(anonymous_2)
FN:52,(anonymous_3)
FNF:3
FNH:3
FNDA:2,(anonymous_1)
FNDA:1,(anonymous_2)
FNDA:4,(anonymous_3)
DA:1,3
DA:12,3
DA:13,3
DA:15,3
DA:16,3
DA:18,3
DA:22,2
DA:23,2
DA:24,2
DA:25,1
DA:36,1
DA:37,1
DA:38,1
DA:40,1
DA:45,1
DA:47,1
DA:50,1
DA:51,1
DA:52,4
DA:53,1
DA:55,1
DA:57,1
DA:58,2
DA:71,1
DA:76,1
DA:78,1
DA:87,0
DA:88,0
DA:98,3
LF:29
LH:27
BRDA:24,0,0,1
BRF:1
BRH:1
end_of_record
TN:
SF:src/actions/duplicate/validations/requiredColsForDuplicate.ts
FNF:0
FNH:0
DA:1,4
LF:1
LH:1
BRF:0
BRH:0
end_of_record
TN:
SF:src/actions/duplicate/validations/validateDuplicate.ts
FN:4,(anonymous_1)
FN:7,(anonymous_2)
FN:49,(anonymous_3)
FN:73,(anonymous_4)
FNF:4
FNH:4
FNDA:5,(anonymous_1)
FNDA:15,(anonymous_2)
FNDA:6,(anonymous_3)
FNDA:4,(anonymous_4)
DA:1,4
DA:2,4
DA:4,4
DA:5,5
DA:7,5
DA:8,15
DA:9,3
DA:15,5
DA:16,5
DA:17,5
DA:22,1
DA:23,1
DA:26,5
DA:27,2
DA:30,5
DA:31,5
DA:32,5
DA:37,0
DA:38,0
DA:41,5
DA:42,2
DA:47,5
DA:49,6
DA:51,4
DA:52,6
DA:53,6
DA:54,6
DA:62,0
DA:63,0
DA:66,6
DA:67,2
DA:72,6
DA:73,4
DA:76,6
DA:77,1
DA:83,4
DA:89,4
DA:92,4
LF:38
LH:34
BRDA:8,0,0,3
BRDA:26,1,0,2
BRDA:41,2,0,2
BRDA:66,3,0,2
BRDA:76,4,0,1
BRF:5
BRH:5
end_of_record
TN:
SF:src/actions/insert/buildProductCategoriesInsertQueries.ts
FN:11,(anonymous_1)
FN:15,(anonymous_2)
FNF:2
FNH:2
FNDA:4,(anonymous_1)
FNDA:40,(anonymous_2)
DA:1,4
DA:2,4
DA:9,4
DA:11,4
DA:15,40
DA:16,16
DA:17,16
DA:19,16
DA:20,7
DA:23,9
DA:38,9
DA:46,9
DA:56,4
LF:13
LH:13
BRDA:19,0,0,7
BRDA:42,1,0,9
BRDA:42,1,1,9
BRDA:43,2,0,9
BRDA:43,2,1,9
BRF:5
BRH:5
end_of_record
TN:
SF:src/actions/insert/buildProductInsertQueries.ts
FN:6,(anonymous_1)
FN:9,(anonymous_2)
FN:18,(anonymous_3)
FN:18,(anonymous_4)
FN:21,(anonymous_5)
FN:22,(anonymous_6)
FNF:6
FNH:6
FNDA:4,(anonymous_1)
FNDA:6,(anonymous_2)
FNDA:167,(anonymous_3)
FNDA:11254,(anonymous_4)
FNDA:137,(anonymous_5)
FNDA:1360,(anonymous_6)
DA:1,4
DA:2,4
DA:3,4
DA:4,4
DA:6,4
DA:7,4
DA:9,6
DA:10,4
DA:11,4
DA:13,4
DA:14,6
DA:15,6
DA:18,11254
DA:22,1360
DA:26,6
DA:27,6
DA:31,4
LF:17
LH:17
BRF:0
BRH:0
end_of_record
TN:
SF:src/actions/insert/index.ts
FN:23,(anonymous_7)
FN:155,(anonymous_8)
FN:155,(anonymous_9)
FNF:3
FNH:3
FNDA:7,(anonymous_7)
FNDA:4,(anonymous_8)
FNDA:11,(anonymous_9)
DA:1,3
DA:2,3
DA:17,3
DA:18,3
DA:19,3
DA:20,3
DA:21,3
DA:23,3
DA:26,7
DA:27,7
DA:33,7
DA:34,7
DA:36,7
DA:37,7
DA:39,7
DA:41,7
DA:42,7
DA:44,0
DA:45,0
DA:48,7
DA:49,7
DA:51,7
DA:55,7
DA:56,7
DA:59,7
DA:61,7
DA:62,1
DA:71,6
DA:75,0
DA:78,6
DA:79,6
DA:81,0
DA:82,0
DA:83,0
DA:92,6
DA:93,6
DA:96,6
DA:102,6
DA:104,6
DA:105,6
DA:109,6
DA:110,1
DA:119,5
DA:120,5
DA:122,5
DA:123,5
DA:124,5
DA:126,5
DA:127,0
DA:135,5
DA:136,0
DA:141,5
DA:142,5
DA:143,5
DA:144,5
DA:145,5
DA:148,5
DA:149,4
DA:150,4
DA:155,11
DA:156,4
DA:157,4
DA:158,4
DA:159,4
DA:160,26
DA:172,4
DA:176,4
DA:187,4
DA:188,4
DA:198,1
DA:199,1
DA:200,1
DA:201,1
DA:211,3
LF:74
LH:66
BRDA:34,0,0,7
BRDA:34,0,1,7
BRDA:61,1,0,1
BRDA:71,2,0,0
BRDA:72,3,0,6
BRDA:72,3,1,0
BRDA:109,4,0,1
BRDA:122,5,0,5
BRDA:126,6,0,0
BRDA:135,7,0,0
BRF:10
BRH:6
end_of_record
TN:
SF:src/actions/insert/validations/disallowedColsForInsert.ts
FNF:0
FNH:0
DA:6,3
DA:31,3
LF:2
LH:2
BRF:0
BRH:0
end_of_record
TN:
SF:src/actions/insert/validations/requiredColsForInsert.ts
FNF:0
FNH:0
DA:3,3
DA:51,3
LF:2
LH:2
BRF:0
BRH:0
end_of_record
TN:
SF:src/actions/insert/validations/validateInsert.ts
FN:12,(anonymous_1)
FN:20,(anonymous_2)
FN:20,(anonymous_3)
FN:34,(anonymous_4)
FN:44,(anonymous_5)
FN:94,(anonymous_6)
FN:102,(anonymous_7)
FNF:7
FNH:7
FNDA:11,(anonymous_1)
FNDA:249,(anonymous_2)
FNDA:23,(anonymous_3)
FNDA:68,(anonymous_4)
FNDA:83,(anonymous_5)
FNDA:2,(anonymous_6)
FNDA:4,(anonymous_7)
DA:1,4
DA:7,4
DA:8,4
DA:9,4
DA:10,4
DA:12,4
DA:16,11
DA:18,11
DA:20,249
DA:34,11
DA:35,68
DA:36,4
DA:44,11
DA:45,83
DA:46,1
DA:53,11
DA:62,1
DA:67,11
DA:71,1
DA:76,11
DA:89,11
DA:90,1
DA:94,2
DA:99,11
DA:100,4
DA:102,4
DA:103,4
DA:104,1
DA:108,11
DA:109,4
DA:119,4
DA:120,0
DA:125,4
DA:142,4
DA:146,1
DA:152,11
DA:156,11
DA:157,0
DA:159,11
DA:161,11
DA:164,4
LF:41
LH:39
BRDA:35,0,0,4
BRDA:45,1,0,1
BRDA:53,2,0,1
BRDA:54,3,0,11
BRDA:54,3,1,3
BRDA:54,3,2,1
BRDA:67,4,0,1
BRDA:68,5,0,11
BRDA:68,5,1,3
BRDA:89,6,0,1
BRDA:99,7,0,4
BRDA:99,8,0,11
BRDA:99,8,1,4
BRDA:103,9,0,1
BRDA:108,10,0,4
BRDA:119,11,0,0
BRDA:119,12,0,4
BRDA:119,12,1,2
BRDA:142,13,0,1
BRDA:143,14,0,4
BRDA:143,14,1,1
BRDA:156,15,0,0
BRF:22
BRH:20
end_of_record
TN:
SF:src/actions/product-category/changeCategoryParent.ts
FN:40,(anonymous_1)
FN:69,(anonymous_2)
FN:109,(anonymous_3)
FN:134,(anonymous_4)
FN:138,(anonymous_5)
FN:195,(anonymous_6)
FN:209,(anonymous_7)
FN:241,(anonymous_8)
FN:257,(anonymous_9)
FN:276,(anonymous_10)
FN:290,(anonymous_11)
FN:307,(anonymous_12)
FN:316,(anonymous_13)
FN:320,(anonymous_14)
FN:340,(anonymous_15)
FN:352,(anonymous_16)
FN:356,(anonymous_17)
FN:382,(anonymous_18)
FN:384,(anonymous_19)
FN:390,(anonymous_20)
FNF:20
FNH:20
FNDA:6,(anonymous_1)
FNDA:3,(anonymous_2)
FNDA:3,(anonymous_3)
FNDA:3,(anonymous_4)
FNDA:6,(anonymous_5)
FNDA:6,(anonymous_6)
FNDA:3,(anonymous_7)
FNDA:3,(anonymous_8)
FNDA:6,(anonymous_9)
FNDA:6,(anonymous_10)
FNDA:3,(anonymous_11)
FNDA:6,(anonymous_12)
FNDA:6,(anonymous_13)
FNDA:6,(anonymous_14)
FNDA:6,(anonymous_15)
FNDA:6,(anonymous_16)
FNDA:6,(anonymous_17)
FNDA:12,(anonymous_18)
FNDA:12,(anonymous_19)
FNDA:3,(anonymous_20)
DA:1,2
DA:16,2
DA:17,2
DA:18,2
DA:19,2
DA:24,2
DA:31,2
DA:38,2
DA:40,2
DA:45,6
DA:47,6
DA:49,6
DA:50,12
DA:58,12
DA:59,12
DA:60,0
DA:61,12
DA:62,12
DA:63,12
DA:66,6
DA:69,2
DA:82,3
DA:83,3
DA:84,3
DA:85,6
DA:86,6
DA:87,6
DA:92,6
DA:93,6
DA:95,3
DA:109,2
DA:114,3
DA:115,3
DA:117,3
DA:126,3
DA:127,0
DA:130,0
DA:133,3
DA:134,3
DA:137,3
DA:138,6
DA:141,3
DA:142,0
DA:143,0
DA:146,3
DA:147,0
DA:148,0
DA:151,3
DA:153,3
DA:154,0
DA:155,0
DA:158,3
DA:159,0
DA:162,0
DA:165,3
DA:170,3
DA:171,0
DA:176,0
DA:179,3
DA:184,3
DA:185,0
DA:190,0
DA:193,3
DA:195,3
DA:197,6
DA:199,6
DA:200,6
DA:201,6
DA:205,3
DA:206,3
DA:207,3
DA:209,3
DA:210,3
DA:217,3
DA:227,3
DA:232,3
DA:233,0
DA:234,0
DA:237,3
DA:241,3
DA:245,3
DA:246,0
DA:247,0
DA:250,3
DA:257,6
DA:261,3
DA:262,0
DA:263,0
DA:266,3
DA:271,3
DA:276,6
DA:286,3
DA:290,3
DA:293,3
DA:301,3
DA:302,3
DA:303,6
DA:304,6
DA:305,6
DA:307,6
DA:309,6
DA:316,6
DA:320,3
DA:321,6
DA:333,3
DA:334,3
DA:335,6
DA:336,6
DA:337,6
DA:340,6
DA:344,6
DA:352,6
DA:356,3
DA:357,6
DA:368,3
DA:373,3
DA:374,3
DA:375,3
DA:382,12
DA:383,3
DA:384,12
DA:387,3
DA:388,3
DA:389,3
DA:390,3
DA:403,3
DA:404,3
DA:405,3
DA:412,3
LF:129
LH:108
BRDA:58,0,0,0
BRDA:59,1,0,0
BRDA:59,2,0,12
BRDA:59,2,1,6
BRDA:126,3,0,0
BRDA:141,4,0,0
BRDA:146,5,0,0
BRDA:153,6,0,0
BRDA:158,7,0,0
BRDA:170,8,0,0
BRDA:184,9,0,0
BRDA:200,10,0,6
BRDA:200,11,0,6
BRDA:200,11,1,6
BRDA:232,12,0,0
BRDA:245,13,0,0
BRDA:261,14,0,0
BRDA:373,15,0,3
BRDA:387,16,0,3
BRDA:403,17,0,3
BRF:20
BRH:8
end_of_record
TN:
SF:src/actions/product-category/deleteCategory.ts
FN:15,(anonymous_1)
FN:28,(anonymous_2)
FN:41,(anonymous_3)
FN:48,(anonymous_4)
FN:63,(anonymous_5)
FN:67,(anonymous_6)
FNF:6
FNH:6
FNDA:1,(anonymous_1)
FNDA:1,(anonymous_2)
FNDA:2,(anonymous_3)
FNDA:2,(anonymous_4)
FNDA:2,(anonymous_5)
FNDA:2,(anonymous_6)
DA:1,2
DA:10,2
DA:11,2
DA:13,2
DA:15,2
DA:16,1
DA:17,1
DA:19,1
DA:24,1
DA:25,0
DA:28,1
DA:29,1
DA:34,1
DA:36,1
DA:37,1
DA:41,2
DA:43,1
DA:48,1
DA:49,2
DA:61,1
DA:63,2
DA:67,2
DA:71,1
DA:72,1
DA:77,1
LF:25
LH:24
BRDA:24,0,0,0
BRDA:24,1,0,1
BRDA:24,1,1,1
BRDA:24,1,2,1
BRDA:34,2,0,0
BRF:5
BRH:3
end_of_record
TN:
SF:src/actions/product-category/deleteCategoryProduct.ts
FN:15,(anonymous_1)
FN:21,(anonymous_2)
FN:22,(anonymous_3)
FN:30,(anonymous_4)
FN:37,(anonymous_5)
FN:51,(anonymous_6)
FN:68,(anonymous_7)
FNF:7
FNH:7
FNDA:3,(anonymous_1)
FNDA:3,(anonymous_2)
FNDA:6,(anonymous_3)
FNDA:4,(anonymous_4)
FNDA:2,(anonymous_5)
FNDA:2,(anonymous_6)
FNDA:2,(anonymous_7)
DA:1,2
DA:10,2
DA:11,2
DA:13,2
DA:15,2
DA:18,3
DA:19,3
DA:21,3
DA:22,6
DA:24,3
DA:26,2
DA:30,4
DA:33,2
DA:35,1
DA:37,2
DA:39,1
DA:44,1
DA:48,1
DA:49,1
DA:51,2
DA:56,1
DA:57,2
DA:68,2
DA:72,3
DA:74,1
DA:75,1
DA:81,1
LF:27
LH:27
BRDA:24,0,0,1
BRDA:33,1,0,1
BRDA:72,2,0,2
BRF:3
BRH:3
end_of_record
TN:
SF:src/actions/product-category/getProdCatIUDEvents.ts
FN:7,(anonymous_0)
FN:38,(anonymous_1)
FNF:2
FNH:2
FNDA:8,(anonymous_0)
FNDA:11,(anonymous_1)
DA:7,2
DA:14,8
DA:15,8
DA:16,10
DA:17,10
DA:35,8
DA:38,2
DA:46,11
DA:47,11
DA:48,12
DA:49,12
DA:68,11
LF:12
LH:12
BRDA:53,0,0,1
BRDA:53,0,1,11
BRF:2
BRH:2
end_of_record
TN:
SF:src/actions/product-category/helpers.ts
FN:19,(anonymous_1)
FN:30,(anonymous_2)
FN:59,(anonymous_3)
FN:85,(anonymous_4)
FN:93,(anonymous_5)
FN:97,(anonymous_6)
FN:105,(anonymous_7)
FN:124,(anonymous_8)
FN:142,(anonymous_9)
FN:166,(anonymous_10)
FNF:10
FNH:5
FNDA:2,(anonymous_1)
FNDA:4,(anonymous_2)
FNDA:3,(anonymous_3)
FNDA:0,(anonymous_4)
FNDA:0,(anonymous_5)
FNDA:0,(anonymous_6)
FNDA:0,(anonymous_7)
FNDA:2,(anonymous_8)
FNDA:1,(anonymous_9)
FNDA:0,(anonymous_10)
DA:1,2
DA:12,2
DA:13,2
DA:14,2
DA:16,2
DA:17,2
DA:19,2
DA:23,2
DA:24,2
DA:26,2
DA:27,0
DA:30,4
DA:32,2
DA:33,2
DA:50,2
DA:57,2
DA:59,3
DA:62,2
DA:63,3
DA:64,3
DA:79,2
DA:80,0
DA:81,0
DA:83,0
DA:85,0
DA:93,0
DA:95,0
DA:97,0
DA:105,0
DA:107,0
DA:108,0
DA:109,0
DA:114,0
DA:121,2
DA:124,2
DA:135,2
DA:136,2
DA:138,2
DA:139,0
DA:142,2
DA:144,2
DA:145,2
DA:157,0
DA:164,0
DA:166,0
DA:176,0
DA:177,0
DA:178,0
DA:191,0
DA:192,0
DA:193,0
DA:199,0
DA:205,0
LF:53
LH:28
BRDA:26,0,0,0
BRDA:73,1,0,3
BRDA:73,1,1,2
BRDA:74,2,0,3
BRDA:74,2,1,2
BRDA:79,3,0,0
BRDA:138,4,0,0
BRDA:186,5,0,0
BRDA:186,5,1,0
BRF:9
BRH:4
end_of_record
TN:
SF:src/actions/product-category/index.ts
FN:1,(anonymous_1)
FN:2,(anonymous_2)
FN:3,(anonymous_3)
FN:4,(anonymous_4)
FN:5,(anonymous_5)
FN:6,(anonymous_6)
FN:7,(anonymous_7)
FN:8,(anonymous_8)
FNF:8
FNH:7
FNDA:3,(anonymous_1)
FNDA:2,(anonymous_2)
FNDA:2,(anonymous_3)
FNDA:7,(anonymous_4)
FNDA:3,(anonymous_5)
FNDA:1,(anonymous_6)
FNDA:3,(anonymous_7)
FNDA:0,(anonymous_8)
DA:1,5
DA:2,4
DA:3,4
DA:4,9
DA:5,5
DA:6,3
DA:7,5
DA:8,2
LF:8
LH:8
BRF:0
BRH:0
end_of_record
TN:
SF:src/actions/product-category/insertCategoryProduct.ts
FN:17,(anonymous_1)
FN:51,(anonymous_2)
FN:69,(anonymous_3)
FN:80,(anonymous_4)
FN:90,(anonymous_5)
FN:103,(anonymous_6)
FN:111,(anonymous_7)
FNF:7
FNH:7
FNDA:7,(anonymous_1)
FNDA:7,(anonymous_2)
FNDA:7,(anonymous_3)
FNDA:4,(anonymous_4)
FNDA:5,(anonymous_5)
FNDA:5,(anonymous_6)
FNDA:5,(anonymous_7)
DA:1,2
DA:2,2
DA:12,2
DA:13,2
DA:15,2
DA:17,2
DA:20,7
DA:21,7
DA:23,7
DA:24,0
DA:27,7
DA:28,0
DA:31,7
DA:33,7
DA:44,7
DA:46,4
DA:51,7
DA:54,4
DA:56,4
DA:58,4
DA:62,4
DA:67,4
DA:69,7
DA:78,4
DA:80,4
DA:81,4
DA:83,4
DA:89,4
DA:90,5
DA:92,4
DA:93,5
DA:101,4
DA:103,5
DA:111,5
DA:114,4
DA:115,3
DA:121,4
LF:37
LH:35
BRDA:23,0,0,0
BRDA:23,1,0,7
BRDA:23,1,1,7
BRDA:27,2,0,0
BRDA:44,3,0,3
BRDA:54,4,0,0
BRDA:73,5,0,7
BRDA:73,5,1,0
BRDA:78,6,0,0
BRF:9
BRH:4
end_of_record
TN:
SF:src/actions/product-category/resetProductCategoryWithoutVariants.ts
FN:14,(anonymous_1)
FN:20,(anonymous_2)
FN:21,(anonymous_3)
FN:23,(anonymous_4)
FN:40,(anonymous_5)
FN:41,(anonymous_6)
FN:45,(anonymous_7)
FN:78,(anonymous_8)
FN:83,(anonymous_9)
FN:130,(anonymous_10)
FN:157,(anonymous_11)
FN:157,(anonymous_12)
FNF:12
FNH:12
FNDA:2,(anonymous_1)
FNDA:3,(anonymous_2)
FNDA:3,(anonymous_3)
FNDA:3,(anonymous_4)
FNDA:4,(anonymous_5)
FNDA:3,(anonymous_6)
FNDA:4,(anonymous_7)
FNDA:3,(anonymous_8)
FNDA:2,(anonymous_9)
FNDA:4,(anonymous_10)
FNDA:4,(anonymous_11)
FNDA:4,(anonymous_12)
DA:1,2
DA:8,2
DA:9,2
DA:10,2
DA:12,2
DA:14,2
DA:15,2
DA:16,2
DA:17,2
DA:19,2
DA:20,3
DA:21,3
DA:23,3
DA:25,2
DA:32,2
DA:33,2
DA:34,2
DA:40,4
DA:41,3
DA:45,4
DA:47,2
DA:48,4
DA:49,4
DA:61,2
DA:62,2
DA:71,2
DA:78,3
DA:80,2
DA:83,2
DA:87,2
DA:88,2
DA:92,2
DA:99,2
DA:100,0
DA:102,2
DA:103,2
DA:107,2
DA:114,2
DA:116,2
DA:117,4
DA:128,2
DA:130,4
DA:132,2
DA:134,2
DA:135,3
DA:137,3
DA:143,0
DA:144,0
DA:147,3
DA:157,4
DA:159,2
DA:160,2
DA:164,2
DA:171,2
LF:54
LH:51
BRDA:99,0,0,0
BRDA:99,1,0,2
BRDA:99,1,1,2
BRDA:137,2,0,0
BRDA:138,3,0,3
BRDA:138,3,1,2
BRF:6
BRH:4
end_of_record
TN:
SF:src/actions/product-category/updateManualPriority.ts
FN:17,(anonymous_1)
FN:31,(anonymous_2)
FN:40,(anonymous_3)
FN:41,(anonymous_4)
FN:45,(anonymous_5)
FN:66,(anonymous_6)
FN:73,(anonymous_7)
FN:131,(anonymous_8)
FN:139,(anonymous_9)
FNF:9
FNH:9
FNDA:3,(anonymous_1)
FNDA:2,(anonymous_2)
FNDA:2,(anonymous_3)
FNDA:2,(anonymous_4)
FNDA:2,(anonymous_5)
FNDA:2,(anonymous_6)
FNDA:2,(anonymous_7)
FNDA:1,(anonymous_8)
FNDA:1,(anonymous_9)
DA:1,2
DA:10,2
DA:11,2
DA:12,2
DA:13,2
DA:15,2
DA:17,2
DA:20,3
DA:21,3
DA:23,3
DA:24,1
DA:27,2
DA:28,0
DA:31,2
DA:32,2
DA:40,2
DA:41,2
DA:45,2
DA:47,2
DA:56,2
DA:57,0
DA:60,2
DA:65,2
DA:66,2
DA:72,2
DA:74,2
DA:75,2
DA:77,2
DA:82,1
DA:84,1
DA:89,1
DA:101,1
DA:110,2
DA:111,1
DA:115,1
DA:126,1
DA:128,1
DA:129,1
DA:131,1
DA:139,1
DA:143,2
DA:144,1
DA:150,2
LF:43
LH:41
BRDA:23,0,0,1
BRDA:23,1,0,3
BRDA:23,1,1,3
BRDA:27,2,0,0
BRDA:39,3,0,2
BRDA:39,3,1,0
BRDA:56,4,0,0
BRDA:66,5,0,2
BRDA:66,5,1,0
BRDA:77,6,0,1
BRDA:79,7,0,2
BRDA:79,7,1,0
BRDA:110,8,0,1
BRDA:128,9,0,1
BRF:14
BRH:9
end_of_record
TN:
SF:src/actions/product-category/upsertCategory.ts
FN:9,(anonymous_1)
FN:10,(anonymous_2)
FN:12,(anonymous_3)
FNF:3
FNH:0
FNDA:0,(anonymous_1)
FNDA:0,(anonymous_2)
FNDA:0,(anonymous_3)
DA:1,2
DA:7,2
DA:9,2
DA:10,0
DA:12,2
DA:17,0
DA:36,0
DA:54,0
DA:57,2
LF:9
LH:5
BRDA:26,0,0,0
BRDA:26,0,1,0
BRF:2
BRH:0
end_of_record
TN:
SF:src/actions/product-category/upsertProductCategoryWithoutVariants.ts
FN:11,(anonymous_1)
FN:18,(anonymous_2)
FN:50,(anonymous_3)
FN:80,(anonymous_4)
FN:81,(anonymous_5)
FN:87,(anonymous_6)
FNF:6
FNH:6
FNDA:2,(anonymous_1)
FNDA:2,(anonymous_2)
FNDA:2,(anonymous_3)
FNDA:6,(anonymous_4)
FNDA:6,(anonymous_5)
FNDA:6,(anonymous_6)
DA:1,2
DA:7,2
DA:8,2
DA:9,2
DA:11,2
DA:12,2
DA:18,2
DA:21,2
DA:23,2
DA:25,2
DA:30,2
DA:35,2
DA:37,2
DA:50,2
DA:51,2
DA:56,2
DA:57,0
DA:62,2
DA:67,2
DA:69,2
DA:70,6
DA:80,2
DA:81,6
DA:85,2
DA:87,6
DA:89,2
DA:90,2
DA:91,2
DA:93,2
DA:94,1
DA:99,0
DA:100,0
DA:104,2
DA:113,2
LF:34
LH:31
BRDA:21,0,0,0
BRDA:35,1,0,0
BRDA:56,2,0,0
BRDA:93,3,0,1
BRDA:94,4,0,0
BRF:5
BRH:1
end_of_record
TN:
SF:src/actions/product-master/ProductCategoriesHandler.ts
FN:24,(anonymous_7)
FN:42,(anonymous_8)
FN:43,(anonymous_9)
FN:52,(anonymous_10)
FN:106,(anonymous_11)
FN:140,(anonymous_12)
FN:141,(anonymous_13)
FN:151,(anonymous_14)
FNF:8
FNH:6
FNDA:1,(anonymous_7)
FNDA:1,(anonymous_8)
FNDA:1,(anonymous_9)
FNDA:0,(anonymous_10)
FNDA:1,(anonymous_11)
FNDA:1,(anonymous_12)
FNDA:1,(anonymous_13)
FNDA:0,(anonymous_14)
DA:1,1
DA:12,1
DA:13,1
DA:15,1
DA:16,1
DA:17,1
DA:23,1
DA:28,1
DA:31,1
DA:32,1
DA:34,1
DA:35,1
DA:41,1
DA:43,1
DA:44,1
DA:52,1
DA:53,0
DA:62,1
DA:73,1
DA:74,0
DA:77,0
DA:80,1
DA:92,1
DA:96,1
DA:98,0
DA:102,0
DA:110,1
DA:117,1
DA:119,1
DA:120,0
DA:124,1
DA:126,1
DA:131,1
DA:132,1
DA:139,1
DA:141,1
DA:142,1
DA:151,1
DA:152,0
DA:161,1
DA:172,1
DA:173,0
DA:176,0
DA:179,1
DA:188,1
DA:203,1
DA:207,1
DA:209,0
DA:213,0
LF:49
LH:38
BRDA:32,0,0,0
BRDA:73,1,0,0
BRDA:94,2,0,1
BRDA:94,2,1,1
BRDA:94,2,2,1
BRDA:119,3,0,0
BRDA:172,4,0,0
BRDA:205,5,0,1
BRDA:205,5,1,1
BRDA:205,5,2,1
BRF:10
BRH:6
end_of_record
TN:
SF:src/actions/product-master/ProductsHandler.ts
FN:27,(anonymous_7)
FN:35,(anonymous_8)
FN:38,(anonymous_9)
FN:53,(anonymous_10)
FN:82,(anonymous_11)
FN:83,(anonymous_12)
FN:93,(anonymous_13)
FN:129,(anonymous_14)
FN:157,(anonymous_15)
FN:167,(anonymous_16)
FN:198,(anonymous_17)
FN:206,(anonymous_18)
FN:210,(anonymous_19)
FN:221,(anonymous_20)
FN:222,(anonymous_21)
FN:237,(anonymous_22)
FN:267,(anonymous_23)
FN:291,(anonymous_24)
FN:292,(anonymous_25)
FN:305,(anonymous_26)
FN:357,(anonymous_27)
FN:365,(anonymous_28)
FN:370,(anonymous_29)
FN:387,(anonymous_30)
FN:399,(anonymous_31)
FN:400,(anonymous_32)
FN:409,(anonymous_33)
FN:454,(anonymous_34)
FN:479,(anonymous_35)
FN:480,(anonymous_36)
FN:490,(anonymous_37)
FN:520,(anonymous_38)
FN:525,(anonymous_39)
FNF:33
FNH:22
FNDA:12,(anonymous_7)
FNDA:4,(anonymous_8)
FNDA:4,(anonymous_9)
FNDA:4,(anonymous_10)
FNDA:2,(anonymous_11)
FNDA:2,(anonymous_12)
FNDA:0,(anonymous_13)
FNDA:0,(anonymous_14)
FNDA:0,(anonymous_15)
FNDA:0,(anonymous_16)
FNDA:1,(anonymous_17)
FNDA:2,(anonymous_18)
FNDA:2,(anonymous_19)
FNDA:1,(anonymous_20)
FNDA:1,(anonymous_21)
FNDA:0,(anonymous_22)
FNDA:0,(anonymous_23)
FNDA:0,(anonymous_24)
FNDA:0,(anonymous_25)
FNDA:0,(anonymous_26)
FNDA:12,(anonymous_27)
FNDA:6,(anonymous_28)
FNDA:6,(anonymous_29)
FNDA:18,(anonymous_30)
FNDA:2,(anonymous_31)
FNDA:2,(anonymous_32)
FNDA:0,(anonymous_33)
FNDA:2,(anonymous_34)
FNDA:1,(anonymous_35)
FNDA:1,(anonymous_36)
FNDA:0,(anonymous_37)
FNDA:12,(anonymous_38)
FNDA:6,(anonymous_39)
DA:1,1
DA:13,1
DA:14,1
DA:15,1
DA:17,1
DA:18,1
DA:19,1
DA:20,1
DA:26,1
DA:30,12
DA:31,12
DA:32,12
DA:33,12
DA:34,12
DA:35,4
DA:37,12
DA:38,4
DA:42,12
DA:43,12
DA:45,12
DA:46,4
DA:51,12
DA:52,12
DA:53,12
DA:54,4
DA:55,4
DA:56,4
DA:57,1
DA:66,4
DA:70,12
DA:71,10
DA:75,2
DA:81,2
DA:83,2
DA:84,2
DA:88,2
DA:93,2
DA:94,0
DA:98,0
DA:112,2
DA:113,2
DA:114,3
DA:120,2
DA:122,2
DA:124,0
DA:125,0
DA:133,0
DA:134,0
DA:137,0
DA:143,0
DA:145,0
DA:149,0
DA:150,0
DA:154,0
DA:157,0
DA:158,0
DA:162,0
DA:167,0
DA:168,0
DA:174,0
DA:179,0
DA:182,0
DA:188,0
DA:190,0
DA:194,0
DA:201,1
DA:202,1
DA:203,1
DA:205,1
DA:206,2
DA:210,2
DA:213,1
DA:220,1
DA:222,1
DA:223,1
DA:227,1
DA:228,2
DA:237,1
DA:238,0
DA:242,0
DA:243,0
DA:256,1
DA:271,0
DA:276,0
DA:278,0
DA:282,0
DA:283,0
DA:289,0
DA:290,0
DA:292,0
DA:293,0
DA:301,0
DA:305,0
DA:307,0
DA:315,0
DA:321,0
DA:332,0
DA:343,0
DA:347,0
DA:349,0
DA:353,0
DA:360,12
DA:361,12
DA:362,12
DA:364,12
DA:365,6
DA:369,12
DA:370,6
DA:374,12
DA:375,10
DA:378,10
DA:382,2
DA:387,18
DA:398,2
DA:400,2
DA:401,2
DA:405,2
DA:409,2
DA:410,0
DA:414,0
DA:428,2
DA:429,2
DA:431,2
DA:432,3
DA:433,3
DA:434,3
DA:444,3
DA:445,3
DA:446,3
DA:449,2
DA:451,2
DA:460,2
DA:466,2
DA:467,1
DA:470,1
DA:472,1
DA:473,1
DA:478,1
DA:480,1
DA:482,1
DA:486,1
DA:490,1
DA:491,0
DA:494,0
DA:499,1
DA:512,0
DA:516,0
DA:521,12
DA:522,7
DA:524,5
DA:525,6
DA:531,5
DA:536,5
LF:153
LH:102
BRDA:52,0,0,12
BRDA:55,1,0,0
BRDA:56,2,0,1
BRDA:70,3,0,10
BRDA:149,4,0,0
BRDA:282,5,0,0
BRDA:374,6,0,10
BRDA:374,7,0,12
BRDA:374,7,1,12
BRDA:466,8,0,1
BRDA:521,9,0,7
BRF:11
BRH:8
end_of_record
TN:
SF:src/actions/product-master/categoriesUpdate.ts
FN:12,categoriesUpdate
FN:56,(anonymous_1)
FNF:2
FNH:0
FNDA:0,categoriesUpdate
FNDA:0,(anonymous_1)
DA:1,1
DA:12,1
DA:16,0
DA:23,0
DA:25,0
DA:26,0
DA:30,0
DA:32,0
DA:37,0
DA:43,0
DA:46,0
DA:49,0
DA:55,0
DA:56,0
DA:57,0
DA:58,0
DA:61,0
DA:66,0
DA:71,0
DA:82,0
DA:85,0
DA:89,0
DA:91,0
DA:94,0
LF:24
LH:2
BRDA:25,0,0,0
BRDA:37,1,0,0
BRDA:38,2,0,0
BRDA:38,2,1,0
BRF:4
BRH:0
end_of_record
TN:
SF:src/actions/product-master/utils/index.ts
FN:18,buildProductMasterInsertRow
FN:63,(anonymous_2)
FN:155,buildProductMasterBulkInsertRows
FN:183,(anonymous_4)
FN:196,(anonymous_5)
FN:309,buildProductMasterUpdateRowFromProducts
FN:421,buildProductMasterUpdatables
FN:435,(anonymous_8)
FN:457,(anonymous_9)
FN:580,(anonymous_10)
FN:600,buildProductMasterDuplicateRow
FN:642,getPriceTlCommission
FN:653,coalesceNumber
FN:657,getDiscountType
FN:683,getDiscount
FN:697,buildProductMasterUpdateRowFromProdCat
FN:756,getProductTag
FNF:17
FNH:14
FNDA:0,buildProductMasterInsertRow
FNDA:0,(anonymous_2)
FNDA:12,buildProductMasterBulkInsertRows
FNDA:4,(anonymous_4)
FNDA:12,(anonymous_5)
FNDA:0,buildProductMasterUpdateRowFromProducts
FNDA:12,buildProductMasterUpdatables
FNDA:4,(anonymous_8)
FNDA:3,(anonymous_9)
FNDA:24,(anonymous_10)
FNDA:2,buildProductMasterDuplicateRow
FNDA:8,getPriceTlCommission
FNDA:160,coalesceNumber
FNDA:8,getDiscountType
FNDA:8,getDiscount
FNDA:1,buildProductMasterUpdateRowFromProdCat
FNDA:25,getProductTag
DA:1,1
DA:11,1
DA:12,1
DA:13,1
DA:14,1
DA:16,1
DA:18,1
DA:21,0
DA:28,0
DA:29,0
DA:33,0
DA:34,0
DA:40,0
DA:61,0
DA:63,0
DA:68,0
DA:155,1
DA:158,12
DA:166,12
DA:171,12
DA:183,4
DA:194,12
DA:196,12
DA:199,12
DA:201,12
DA:202,4
DA:203,4
DA:207,4
DA:208,4
DA:214,4
DA:215,4
DA:216,4
DA:217,4
DA:219,4
DA:306,12
DA:309,1
DA:316,0
DA:318,0
DA:322,0
DA:323,0
DA:329,0
DA:338,0
DA:339,0
DA:342,0
DA:345,0
DA:415,0
DA:421,1
DA:425,12
DA:426,9
DA:434,3
DA:435,4
DA:450,3
DA:455,3
DA:457,3
DA:460,3
DA:468,3
DA:469,3
DA:471,3
DA:472,4
DA:474,4
DA:478,4
DA:479,4
DA:484,4
DA:554,4
DA:556,4
DA:557,1
DA:560,1
DA:563,3
DA:568,3
DA:569,0
DA:572,0
DA:575,3
DA:580,24
DA:582,3
DA:583,3
DA:586,3
DA:588,3
DA:589,3
DA:590,3
DA:592,3
DA:593,3
DA:594,3
DA:597,3
DA:600,1
DA:606,2
DA:613,2
DA:614,0
DA:617,0
DA:619,2
DA:627,2
DA:628,1
DA:631,1
DA:634,1
DA:635,1
DA:642,1
DA:646,8
DA:647,8
DA:648,0
DA:650,8
DA:654,160
DA:657,1
DA:662,8
DA:663,0
DA:664,8
DA:665,0
DA:666,8
DA:670,0
DA:671,8
DA:677,0
DA:679,8
DA:683,1
DA:688,8
DA:689,8
DA:690,0
DA:691,0
DA:693,0
DA:697,1
DA:703,1
DA:705,1
DA:712,1
DA:714,1
DA:715,0
DA:718,1
DA:720,1
DA:725,1
DA:726,0
DA:729,1
DA:740,1
DA:741,0
DA:744,1
DA:750,1
DA:756,1
DA:766,25
DA:769,1
LF:134
LH:100
BRDA:91,0,0,0
BRDA:91,0,1,0
BRDA:93,1,0,0
BRDA:93,1,1,0
BRDA:96,2,0,0
BRDA:96,2,1,0
BRDA:98,3,0,0
BRDA:98,3,1,0
BRDA:105,4,0,0
BRDA:105,4,1,0
BRDA:133,5,0,0
BRDA:133,5,1,0
BRDA:133,6,0,0
BRDA:133,6,1,0
BRDA:135,7,0,0
BRDA:135,7,1,0
BRDA:242,8,0,0
BRDA:242,8,1,4
BRDA:244,9,0,0
BRDA:244,9,1,4
BRDA:247,10,0,0
BRDA:247,10,1,4
BRDA:249,11,0,0
BRDA:249,11,1,4
BRDA:256,12,0,1
BRDA:256,12,1,3
BRDA:284,13,0,4
BRDA:284,13,1,0
BRDA:284,14,0,4
BRDA:284,14,1,4
BRDA:286,15,0,0
BRDA:286,15,1,0
BRDA:338,16,0,0
BRDA:359,17,0,0
BRDA:359,17,1,0
BRDA:366,18,0,0
BRDA:366,18,1,0
BRDA:368,19,0,0
BRDA:368,19,1,0
BRDA:371,20,0,0
BRDA:371,20,1,0
BRDA:373,21,0,0
BRDA:373,21,1,0
BRDA:392,22,0,0
BRDA:392,22,1,0
BRDA:392,23,0,0
BRDA:392,23,1,0
BRDA:394,24,0,0
BRDA:394,24,1,0
BRDA:410,25,0,0
BRDA:410,25,1,0
BRDA:425,26,0,9
BRDA:498,27,0,4
BRDA:498,27,1,4
BRDA:505,28,0,0
BRDA:505,28,1,4
BRDA:507,29,0,0
BRDA:507,29,1,4
BRDA:510,30,0,0
BRDA:510,30,1,4
BRDA:512,31,0,0
BRDA:512,31,1,4
BRDA:531,32,0,4
BRDA:531,32,1,0
BRDA:531,33,0,4
BRDA:531,33,1,0
BRDA:533,34,0,0
BRDA:533,34,1,0
BRDA:549,35,0,0
BRDA:549,35,1,4
BRDA:556,36,0,1
BRDA:568,37,0,0
BRDA:613,38,0,0
BRDA:613,39,0,2
BRDA:613,39,1,2
BRDA:627,40,0,1
BRDA:647,41,0,0
BRDA:653,42,0,152
BRDA:654,43,0,74
BRDA:654,43,1,86
BRDA:662,44,0,0
BRDA:662,44,1,8
BRDA:664,45,0,0
BRDA:664,45,1,8
BRDA:666,46,0,0
BRDA:666,46,1,8
BRDA:667,47,0,8
BRDA:667,47,1,8
BRDA:671,48,0,0
BRDA:671,48,1,8
BRDA:672,49,0,8
BRDA:672,49,1,0
BRDA:688,50,0,8
BRDA:688,50,1,0
BRDA:690,51,0,0
BRDA:690,51,1,0
BRDA:703,52,0,0
BRDA:714,53,0,0
BRDA:725,54,0,0
BRDA:740,55,0,0
BRF:100
BRH:34
end_of_record
TN:
SF:src/actions/update/buildProductCategoriesUpdateQueries.ts
FN:14,(anonymous_1)
FN:20,(anonymous_2)
FNF:2
FNH:2
FNDA:4,(anonymous_1)
FNDA:20,(anonymous_2)
DA:1,6
DA:2,6
DA:10,6
DA:12,6
DA:14,6
DA:18,4
DA:20,20
DA:21,8
DA:22,8
DA:24,8
DA:25,4
DA:28,4
DA:33,4
DA:34,2
DA:46,4
DA:58,4
DA:59,4
DA:65,4
DA:66,4
DA:89,2
DA:90,0
DA:92,0
DA:108,0
DA:109,0
DA:129,6
LF:25
LH:21
BRDA:18,0,0,2
BRDA:24,1,0,4
BRDA:33,2,0,2
BRDA:58,3,0,4
BRDA:89,4,0,0
BRF:5
BRH:4
end_of_record
TN:
SF:src/actions/update/buildProductUpdateQueries.ts
FN:12,(anonymous_1)
FN:26,(anonymous_2)
FN:26,(anonymous_3)
FN:27,(anonymous_4)
FN:27,(anonymous_5)
FN:28,(anonymous_6)
FN:32,(anonymous_7)
FN:43,(anonymous_8)
FNF:8
FNH:8
FNDA:7,(anonymous_1)
FNDA:43,(anonymous_2)
FNDA:2297,(anonymous_3)
FNDA:33,(anonymous_4)
FNDA:328,(anonymous_5)
FNDA:31,(anonymous_6)
FNDA:31,(anonymous_7)
FNDA:24,(anonymous_8)
DA:1,5
DA:2,5
DA:3,5
DA:8,5
DA:10,5
DA:12,5
DA:18,7
DA:20,7
DA:21,2
DA:22,2
DA:25,7
DA:26,2297
DA:27,328
DA:28,31
DA:32,31
DA:34,7
DA:35,7
DA:39,7
DA:44,24
DA:58,7
DA:59,2
DA:63,5
LF:22
LH:22
BRDA:20,0,0,2
BRDA:32,1,0,31
BRDA:32,1,1,24
BRDA:34,2,0,7
BRDA:58,3,0,2
BRF:5
BRH:5
end_of_record
TN:
SF:src/actions/update/getWmsShippingFee.ts
FN:6,(anonymous_1)
FNF:1
FNH:1
FNDA:1,(anonymous_1)
DA:3,9
DA:4,9
DA:6,9
DA:14,1
DA:15,1
DA:16,1
DA:34,0
DA:38,0
DA:41,0
DA:45,0
DA:47,1
DA:48,1
LF:12
LH:8
BRDA:34,0,0,0
BRDA:34,0,1,0
BRDA:38,1,0,0
BRDA:38,1,1,0
BRDA:41,2,0,0
BRDA:41,2,1,0
BRF:6
BRH:0
end_of_record
TN:
SF:src/actions/update/index.ts
FN:21,(anonymous_1)
FN:41,(anonymous_2)
FN:42,(anonymous_3)
FN:95,(anonymous_4)
FN:96,(anonymous_5)
FN:104,(anonymous_6)
FNF:6
FNH:2
FNDA:13,(anonymous_1)
FNDA:0,(anonymous_2)
FNDA:0,(anonymous_3)
FNDA:0,(anonymous_4)
FNDA:0,(anonymous_5)
FNDA:15,(anonymous_6)
DA:2,3
DA:3,3
DA:4,3
DA:5,3
DA:16,3
DA:17,3
DA:18,3
DA:19,3
DA:21,3
DA:25,13
DA:26,13
DA:29,13
DA:30,13
DA:31,13
DA:33,13
DA:35,13
DA:36,13
DA:38,13
DA:39,0
DA:41,0
DA:42,0
DA:46,13
DA:47,13
DA:48,13
DA:49,13
DA:50,11
DA:57,13
DA:58,13
DA:62,13
DA:63,1
DA:73,12
DA:74,12
DA:75,12
DA:76,12
DA:77,12
DA:78,12
DA:79,0
DA:87,12
DA:88,0
DA:93,12
DA:94,0
DA:95,0
DA:96,0
DA:97,0
DA:98,0
DA:102,12
DA:104,15
DA:106,12
DA:107,12
DA:108,15
DA:109,15
DA:110,15
DA:111,15
DA:112,15
DA:118,0
DA:128,0
DA:132,0
DA:144,12
DA:146,12
DA:147,0
DA:156,12
DA:157,12
DA:159,12
DA:163,9
DA:164,9
DA:165,9
DA:166,4
DA:170,4
DA:171,4
DA:173,4
DA:184,8
DA:185,8
DA:187,8
DA:192,3
DA:195,3
DA:196,3
DA:199,3
DA:200,1
DA:207,2
DA:208,0
DA:209,0
DA:210,0
DA:212,2
DA:213,2
DA:214,2
DA:218,7
DA:220,7
DA:221,7
DA:228,7
DA:229,7
DA:230,7
DA:231,7
DA:233,7
DA:234,9
DA:237,7
DA:238,7
DA:240,7
DA:241,4
DA:244,7
DA:259,3
LF:100
LH:83
BRDA:38,0,0,0
BRDA:40,1,0,0
BRDA:40,1,1,0
BRDA:49,2,0,11
BRDA:62,3,0,1
BRDA:75,4,0,12
BRDA:78,5,0,0
BRDA:87,6,0,0
BRDA:93,7,0,0
BRDA:97,8,0,0
BRDA:97,9,0,0
BRDA:97,9,1,0
BRDA:112,10,0,0
BRDA:146,11,0,0
BRDA:159,12,0,9
BRDA:160,13,0,12
BRDA:160,13,1,9
BRDA:165,14,0,4
BRDA:187,15,0,3
BRDA:188,16,0,8
BRDA:188,16,1,3
BRDA:199,17,0,1
BRDA:207,18,0,0
BRDA:207,18,1,2
BRDA:240,19,0,4
BRDA:245,20,0,7
BRDA:245,20,1,0
BRDA:249,21,0,4
BRDA:249,21,1,3
BRDA:251,22,0,0
BRDA:251,22,1,3
BRDA:251,23,0,3
BRDA:251,23,1,3
BRF:33
BRH:19
end_of_record
TN:
SF:src/actions/update/sendProdCatIUDEvents.ts
FN:10,(anonymous_0)
FN:65,(anonymous_1)
FNF:2
FNH:2
FNDA:1,(anonymous_0)
FNDA:2,(anonymous_1)
DA:1,7
DA:10,7
DA:16,1
DA:18,1
DA:29,1
DA:30,1
DA:35,4
DA:36,4
DA:37,4
DA:56,1
DA:61,0
DA:65,7
DA:72,2
DA:73,2
DA:74,2
DA:91,2
LF:16
LH:15
BRF:0
BRH:0
end_of_record
TN:
SF:src/actions/update/updateParentSkuPricing.ts
FN:8,(anonymous_0)
FN:32,(anonymous_1)
FNF:2
FNH:2
FNDA:2,(anonymous_0)
FNDA:3,(anonymous_1)
DA:2,2
DA:8,2
DA:13,2
DA:17,2
DA:18,2
DA:19,2
DA:21,3
DA:26,3
DA:27,3
DA:29,2
DA:32,2
DA:39,3
DA:40,3
DA:45,3
DA:47,2
DA:48,2
DA:50,2
DA:52,2
DA:66,2
DA:67,2
DA:68,2
DA:69,2
DA:72,0
DA:76,2
LF:24
LH:23
BRDA:45,0,0,1
BRF:1
BRH:1
end_of_record
TN:
SF:src/actions/update/updateProductsTable.ts
FN:15,(anonymous_7)
FN:181,(anonymous_8)
FN:182,(anonymous_9)
FNF:3
FNH:3
FNDA:8,(anonymous_7)
FNDA:3,(anonymous_8)
FNDA:4,(anonymous_9)
DA:1,4
DA:2,4
DA:3,4
DA:4,4
DA:5,4
DA:6,4
DA:7,4
DA:13,4
DA:15,4
DA:21,8
DA:22,8
DA:23,8
DA:24,8
DA:25,8
DA:26,8
DA:27,8
DA:28,8
DA:29,8
DA:31,8
DA:32,10
DA:34,10
DA:35,10
DA:36,10
DA:37,10
DA:39,10
DA:44,10
DA:48,5
DA:52,0
DA:57,10
DA:58,10
DA:59,10
DA:65,9
DA:66,9
DA:70,1
DA:71,1
DA:72,1
DA:76,9
DA:83,9
DA:84,4
DA:85,4
DA:87,5
DA:89,5
DA:90,5
DA:91,5
DA:92,5
DA:93,0
DA:95,5
DA:96,0
DA:98,5
DA:99,5
DA:100,5
DA:101,5
DA:107,5
DA:108,5
DA:111,5
DA:112,5
DA:115,3
DA:116,3
DA:118,2
DA:121,5
DA:122,4
DA:123,3
DA:125,4
DA:126,4
DA:131,4
DA:133,4
DA:134,4
DA:136,4
DA:140,0
DA:145,0
DA:149,4
DA:157,4
DA:158,4
DA:160,1
DA:161,1
DA:162,1
DA:165,4
DA:168,8
DA:169,5
DA:176,3
DA:177,3
DA:178,3
DA:179,3
DA:181,3
DA:182,4
DA:183,3
DA:184,3
DA:186,3
DA:187,3
DA:195,1
DA:202,1
DA:203,1
DA:207,2
DA:208,2
DA:213,3
DA:214,4
DA:215,4
DA:230,4
DA:231,4
DA:233,4
DA:239,3
DA:242,3
DA:244,3
DA:245,2
DA:246,2
DA:258,2
DA:259,2
DA:265,3
DA:266,3
DA:278,3
DA:279,3
DA:285,4
DA:287,4
DA:311,4
DA:312,4
DA:315,0
DA:316,0
DA:319,3
DA:326,4
LF:119
LH:112
BRDA:44,0,0,5
BRDA:45,1,0,10
BRDA:45,1,1,10
BRDA:45,1,2,5
BRDA:48,2,0,0
BRDA:49,3,0,5
BRDA:49,3,1,5
BRDA:83,4,0,4
BRDA:92,5,0,0
BRDA:95,6,0,0
BRDA:112,7,0,3
BRDA:112,7,1,2
BRDA:121,8,0,4
BRDA:136,9,0,0
BRDA:137,10,0,4
BRDA:137,10,1,0
BRDA:168,11,0,5
BRDA:168,12,0,8
BRDA:168,12,1,3
BRDA:187,13,0,1
BRDA:187,13,1,2
BRDA:188,14,0,3
BRDA:188,14,1,3
BRDA:188,14,2,1
BRDA:233,15,0,3
BRDA:234,16,0,4
BRDA:234,16,1,2
BRDA:234,16,2,2
BRDA:244,17,0,2
BRF:29
BRH:24
end_of_record
TN:
SF:src/actions/update/validations/disallowedColsForUpdate.ts
FNF:0
FNH:0
DA:6,3
DA:26,3
LF:2
LH:2
BRF:0
BRH:0
end_of_record
TN:
SF:src/actions/update/validations/requiredColsForUpdate.ts
FNF:0
FNH:0
DA:1,3
LF:1
LH:1
BRF:0
BRH:0
end_of_record
TN:
SF:src/actions/update/validations/utils.ts
FN:4,(anonymous_0)
FN:6,(anonymous_1)
FN:12,(anonymous_2)
FN:17,(anonymous_3)
FN:39,(anonymous_4)
FNF:5
FNH:4
FNDA:17,(anonymous_0)
FNDA:15,(anonymous_1)
FNDA:0,(anonymous_2)
FNDA:3,(anonymous_3)
FNDA:12,(anonymous_4)
DA:1,4
DA:2,4
DA:4,17
DA:6,4
DA:7,15
DA:8,15
DA:9,15
DA:12,4
DA:13,0
DA:15,0
DA:17,4
DA:18,3
DA:27,3
DA:33,2
DA:34,2
DA:35,2
DA:39,4
DA:40,12
DA:41,12
DA:42,9
DA:44,3
DA:45,3
DA:46,3
LF:23
LH:21
BRDA:27,0,0,2
BRDA:28,1,0,3
BRDA:28,1,1,3
BRDA:28,1,2,3
BRDA:28,1,3,3
BRDA:41,2,0,9
BRDA:41,3,0,12
BRDA:41,3,1,12
BRF:8
BRH:8
end_of_record
TN:
SF:src/actions/update/validations/validateUpdate.ts
FN:17,(anonymous_1)
FN:26,(anonymous_2)
FN:26,(anonymous_3)
FN:32,(anonymous_4)
FN:46,(anonymous_5)
FN:56,(anonymous_6)
FN:82,(anonymous_7)
FN:108,(anonymous_8)
FN:119,(anonymous_9)
FN:130,(anonymous_10)
FN:132,(anonymous_11)
FN:161,(anonymous_12)
FN:167,(anonymous_13)
FN:170,(anonymous_14)
FN:184,(anonymous_15)
FN:191,(anonymous_16)
FN:234,(anonymous_17)
FN:271,(anonymous_18)
FN:356,(anonymous_19)
FN:531,(anonymous_20)
FN:584,(anonymous_21)
FNF:21
FNH:17
FNDA:34,(anonymous_1)
FNDA:869,(anonymous_2)
FNDA:78,(anonymous_3)
FNDA:21,(anonymous_4)
FNDA:248,(anonymous_5)
FNDA:41,(anonymous_6)
FNDA:1,(anonymous_7)
FNDA:12,(anonymous_8)
FNDA:11,(anonymous_9)
FNDA:12,(anonymous_10)
FNDA:3,(anonymous_11)
FNDA:1,(anonymous_12)
FNDA:0,(anonymous_13)
FNDA:0,(anonymous_14)
FNDA:0,(anonymous_15)
FNDA:0,(anonymous_16)
FNDA:10,(anonymous_17)
FNDA:29,(anonymous_18)
FNDA:10,(anonymous_19)
FNDA:3,(anonymous_20)
FNDA:4,(anonymous_21)
DA:1,4
DA:12,4
DA:13,4
DA:14,4
DA:15,4
DA:17,4
DA:22,34
DA:23,34
DA:24,34
DA:26,869
DA:29,34
DA:30,34
DA:31,12
DA:32,12
DA:33,21
DA:34,10
DA:35,3
DA:37,7
DA:42,34
DA:43,31
DA:46,34
DA:47,248
DA:48,5
DA:56,34
DA:57,41
DA:58,1
DA:64,34
DA:65,14
DA:77,14
DA:78,1
DA:82,1
DA:88,34
DA:89,11
DA:106,11
DA:108,12
DA:111,1
DA:117,11
DA:119,11
DA:122,1
DA:128,11
DA:130,12
DA:132,3
DA:141,2
DA:155,2
DA:156,1
DA:159,1
DA:161,1
DA:165,0
DA:167,0
DA:169,0
DA:171,0
DA:174,0
DA:184,0
DA:190,0
DA:191,0
DA:194,0
DA:198,0
DA:201,0
DA:205,0
DA:214,34
DA:215,9
DA:226,9
DA:233,9
DA:234,10
DA:239,0
DA:251,34
DA:253,34
DA:254,26
DA:271,29
DA:275,26
DA:282,26
DA:306,26
DA:332,26
DA:354,26
DA:355,9
DA:363,10
DA:364,10
DA:368,2
DA:371,8
DA:375,1
DA:378,7
DA:383,2
DA:387,2
DA:391,5
DA:401,2
DA:403,2
DA:407,1
DA:416,3
DA:430,1
DA:432,1
DA:436,1
DA:453,10
DA:464,0
DA:469,10
DA:476,0
DA:495,26
DA:529,26
DA:530,3
DA:538,3
DA:539,3
DA:545,0
DA:549,3
DA:553,2
DA:557,1
DA:561,1
DA:565,0
DA:570,1
DA:574,1
DA:583,34
DA:584,2
DA:585,4
DA:586,4
DA:593,34
DA:594,3
DA:604,3
DA:605,0
DA:611,34
DA:612,4
DA:632,4
DA:633,4
DA:634,1
DA:645,1
DA:646,1
DA:649,4
DA:650,1
DA:656,34
DA:658,34
DA:661,4
LF:128
LH:110
BRDA:30,0,0,12
BRDA:33,1,0,10
BRDA:34,2,0,3
BRDA:34,2,1,7
BRDA:42,3,0,31
BRDA:47,4,0,5
BRDA:57,5,0,1
BRDA:64,6,0,14
BRDA:77,7,0,1
BRDA:88,8,0,11
BRDA:88,9,0,34
BRDA:88,9,1,32
BRDA:106,10,0,1
BRDA:107,11,0,11
BRDA:107,11,1,11
BRDA:107,11,2,3
BRDA:117,12,0,1
BRDA:118,13,0,11
BRDA:118,13,1,11
BRDA:118,13,2,8
BRDA:128,14,0,2
BRDA:129,15,0,11
BRDA:129,15,1,11
BRDA:129,15,2,3
BRDA:129,15,3,3
BRDA:129,15,4,2
BRDA:155,16,0,1
BRDA:155,16,1,1
BRDA:159,17,0,0
BRDA:160,18,0,1
BRDA:160,18,1,1
BRDA:160,18,2,1
BRDA:165,19,0,0
BRDA:165,19,1,0
BRDA:171,20,0,0
BRDA:171,20,1,0
BRDA:194,21,0,0
BRDA:194,21,1,0
BRDA:195,22,0,0
BRDA:195,22,1,0
BRDA:201,23,0,0
BRDA:202,24,0,0
BRDA:202,24,1,0
BRDA:214,25,0,9
BRDA:233,26,0,0
BRDA:234,27,0,9
BRDA:234,27,1,0
BRDA:253,28,0,26
BRDA:269,29,0,26
BRDA:269,29,1,0
BRDA:354,30,0,9
BRDA:364,31,0,2
BRDA:364,31,1,8
BRDA:365,32,0,10
BRDA:365,32,1,2
BRDA:371,33,0,1
BRDA:371,33,1,7
BRDA:372,34,0,8
BRDA:372,34,1,1
BRDA:378,35,0,2
BRDA:378,35,1,5
BRDA:379,36,0,7
BRDA:379,36,1,7
BRDA:383,37,0,2
BRDA:384,38,0,2
BRDA:384,38,1,2
BRDA:391,39,0,2
BRDA:391,39,1,3
BRDA:392,40,0,5
BRDA:392,40,1,5
BRDA:403,41,0,1
BRDA:404,42,0,2
BRDA:404,42,1,2
BRDA:411,43,0,1
BRDA:411,43,1,1
BRDA:416,44,0,1
BRDA:417,45,0,3
BRDA:417,45,1,3
BRDA:432,46,0,1
BRDA:433,47,0,1
BRDA:433,47,1,1
BRDA:440,48,0,1
BRDA:440,48,1,1
BRDA:453,49,0,0
BRDA:454,50,0,10
BRDA:454,50,1,0
BRDA:454,50,2,0
BRDA:454,50,3,0
BRDA:469,51,0,0
BRDA:470,52,0,10
BRDA:470,52,1,0
BRDA:470,52,2,0
BRDA:470,52,3,0
BRDA:529,53,0,3
BRDA:539,54,0,0
BRDA:539,54,1,3
BRDA:540,55,0,3
BRDA:540,55,1,0
BRDA:549,56,0,2
BRDA:549,56,1,1
BRDA:550,57,0,3
BRDA:550,57,1,2
BRDA:553,58,0,1
BRDA:553,58,1,1
BRDA:554,59,0,2
BRDA:554,59,1,2
BRDA:561,60,0,0
BRDA:562,61,0,1
BRDA:562,61,1,1
BRDA:570,62,0,1
BRDA:571,63,0,1
BRDA:571,63,1,1
BRDA:583,64,0,2
BRDA:585,65,0,4
BRDA:593,66,0,3
BRDA:604,67,0,0
BRDA:604,68,0,3
BRDA:604,68,1,0
BRDA:611,69,0,4
BRDA:633,70,0,1
BRDA:645,71,0,1
BRDA:649,72,0,1
BRDA:649,73,0,4
BRDA:649,73,1,4
BRDA:649,73,2,1
BRF:125
BRH:97
end_of_record
TN:
SF:src/actions/utils/calculateCityMallCommission.ts
FN:5,(anonymous_1)
FNF:1
FNH:1
FNDA:6,(anonymous_1)
DA:1,11
DA:2,11
DA:3,11
DA:5,11
DA:10,6
DA:12,6
DA:15,6
DA:17,6
DA:19,4
DA:20,2
DA:24,4
DA:25,2
DA:28,4
DA:31,11
LF:14
LH:14
BRDA:13,0,0,6
BRDA:13,0,1,1
BRDA:15,1,0,6
BRDA:15,1,1,2
BRDA:17,2,0,2
BRDA:19,3,0,2
BRDA:24,4,0,2
BRF:7
BRH:7
end_of_record
TN:
SF:src/actions/utils/calculateCommissionPercentage.ts
FN:60,(anonymous_1)
FNF:1
FNH:1
FNDA:16,(anonymous_1)
DA:1,11
DA:2,11
DA:58,11
DA:60,11
DA:72,16
DA:73,1
DA:76,15
DA:78,15
DA:84,15
DA:86,15
DA:90,15
DA:107,15
DA:108,4
DA:114,4
DA:120,4
DA:126,4
DA:127,0
DA:128,4
DA:129,0
DA:132,11
DA:135,15
DA:136,1
DA:138,15
DA:139,9
DA:141,15
DA:147,11
LF:26
LH:24
BRDA:72,0,0,1
BRDA:90,1,0,9
BRDA:90,1,1,6
BRDA:107,2,0,4
BRDA:107,2,1,11
BRDA:126,3,0,0
BRDA:126,3,1,4
BRDA:128,4,0,0
BRDA:135,5,0,1
BRDA:138,6,0,9
BRF:10
BRH:8
end_of_record
TN:
SF:src/actions/utils/calculateEffectiveCost.ts
FN:4,(anonymous_1)
FNF:1
FNH:1
FNDA:11,(anonymous_1)
DA:1,11
DA:2,11
DA:4,11
DA:10,11
DA:12,11
DA:13,7
DA:18,11
DA:19,1
DA:22,11
DA:23,3
DA:28,11
DA:32,11
DA:35,11
LF:13
LH:13
BRDA:12,0,0,7
BRDA:18,1,0,1
BRDA:22,2,0,3
BRF:3
BRH:3
end_of_record
TN:
SF:src/actions/utils/calculatePricePerUnit.ts
FN:4,(anonymous_1)
FN:68,(anonymous_2)
FNF:2
FNH:2
FNDA:16,(anonymous_1)
FNDA:6,(anonymous_2)
DA:1,11
DA:2,11
DA:4,11
DA:11,16
DA:13,16
DA:14,1
DA:18,1
DA:19,1
DA:23,15
DA:30,8
DA:33,7
DA:34,7
DA:35,7
DA:37,7
DA:42,1
DA:45,6
DA:51,6
DA:52,1
DA:55,5
DA:59,5
DA:60,0
DA:63,5
DA:68,11
DA:73,6
DA:74,0
DA:77,6
DA:78,4
DA:81,2
DA:92,2
DA:94,1
DA:105,1
DA:107,1
DA:110,11
LF:33
LH:31
BRDA:13,0,0,1
BRDA:18,1,0,1
BRDA:23,2,0,8
BRDA:24,3,0,15
BRDA:24,3,1,13
BRDA:24,3,2,13
BRDA:24,3,3,7
BRDA:24,3,4,7
BRDA:37,4,0,1
BRDA:38,5,0,7
BRDA:38,5,1,7
BRDA:38,5,2,7
BRDA:51,6,0,1
BRDA:59,7,0,0
BRDA:64,8,0,3
BRDA:64,8,1,2
BRDA:73,9,0,0
BRDA:73,10,0,6
BRDA:73,10,1,6
BRDA:77,11,0,4
BRDA:92,12,0,1
BRDA:105,13,0,0
BRF:22
BRH:19
end_of_record
TN:
SF:src/actions/utils/calculateProductVolumeDensity.ts
FN:10,(anonymous_0)
FNF:1
FNH:1
FNDA:8,(anonymous_0)
DA:1,10
DA:7,10
DA:8,10
DA:10,10
DA:16,8
DA:26,8
DA:27,8
DA:30,0
DA:32,0
DA:39,0
DA:40,0
DA:41,0
DA:43,0
DA:44,0
DA:46,0
DA:48,0
DA:49,0
DA:63,0
DA:64,0
DA:67,0
DA:68,0
DA:76,0
DA:77,0
DA:81,0
DA:84,0
DA:88,0
DA:91,0
DA:92,0
DA:98,0
DA:101,10
LF:30
LH:8
BRDA:16,0,0,0
BRDA:16,0,1,8
BRDA:16,1,0,8
BRDA:16,1,1,0
BRDA:16,1,2,0
BRDA:26,2,0,8
BRDA:39,3,0,0
BRDA:43,4,0,0
BRDA:48,5,0,0
BRDA:63,6,0,0
BRDA:67,7,0,0
BRDA:76,8,0,0
BRDA:91,9,0,0
BRDA:91,10,0,0
BRDA:91,10,1,0
BRF:15
BRH:3
end_of_record
TN:
SF:src/actions/utils/calculateSellingPrice.ts
FN:5,(anonymous_1)
FNF:1
FNH:1
FNDA:15,(anonymous_1)
DA:1,11
DA:2,11
DA:3,11
DA:5,11
DA:12,15
DA:13,15
DA:15,15
DA:16,9
DA:21,15
DA:22,3
DA:25,15
DA:26,3
DA:29,15
DA:30,3
DA:35,15
DA:36,3
DA:39,15
DA:40,9
DA:43,15
DA:46,11
LF:20
LH:20
BRDA:15,0,0,9
BRDA:21,1,0,3
BRDA:25,2,0,3
BRDA:29,3,0,3
BRDA:35,4,0,3
BRDA:39,5,0,9
BRF:6
BRH:6
end_of_record
TN:
SF:src/actions/utils/commonProductValidator.ts
FN:10,(anonymous_1)
FN:25,(anonymous_2)
FN:29,(anonymous_3)
FN:30,(anonymous_4)
FN:33,(anonymous_5)
FN:42,(anonymous_6)
FN:42,(anonymous_7)
FN:52,(anonymous_8)
FN:122,(anonymous_9)
FN:179,(anonymous_10)
FNF:10
FNH:10
FNDA:2,(anonymous_1)
FNDA:16,(anonymous_2)
FNDA:18,(anonymous_3)
FNDA:18,(anonymous_4)
FNDA:40,(anonymous_5)
FNDA:4836,(anonymous_6)
FNDA:4576,(anonymous_7)
FNDA:13,(anonymous_8)
FNDA:32,(anonymous_9)
FNDA:200,(anonymous_10)
DA:6,10
DA:7,10
DA:8,10
DA:10,10
DA:11,2
DA:13,2
DA:14,2
DA:15,2
DA:16,1
DA:18,1
DA:22,0
DA:25,10
DA:26,16
DA:27,16
DA:29,18
DA:30,18
DA:33,10
DA:37,40
DA:39,40
DA:40,40
DA:42,4836
DA:45,40
DA:46,212
DA:47,212
DA:49,212
DA:50,11
DA:52,13
DA:54,11
DA:59,11
DA:60,1
DA:67,11
DA:70,201
DA:72,197
DA:73,1
DA:76,197
DA:77,48
DA:78,1
DA:80,47
DA:84,197
DA:85,1
DA:88,197
DA:89,1
DA:92,197
DA:93,4
DA:94,0
DA:95,4
DA:96,3
DA:98,1
DA:102,197
DA:103,8
DA:106,197
DA:111,1
DA:114,1
DA:117,197
DA:118,10
DA:122,32
DA:125,197
DA:126,0
DA:129,197
DA:130,1
DA:133,197
DA:134,1
DA:137,197
DA:138,1
DA:141,197
DA:142,1
DA:145,197
DA:146,1
DA:149,197
DA:150,0
DA:153,197
DA:154,0
DA:157,197
DA:158,0
DA:161,197
DA:162,0
DA:165,197
DA:169,0
DA:172,197
DA:173,184
DA:175,13
DA:176,13
DA:179,200
DA:180,15
DA:181,1
DA:183,15
DA:186,184
DA:187,0
DA:192,184
DA:193,7
DA:195,7
DA:196,7
DA:197,1
DA:204,184
DA:205,184
DA:208,40
DA:211,10
LF:97
LH:88
BRDA:11,0,0,0
BRDA:11,1,0,2
BRDA:11,1,1,0
BRDA:13,2,0,2
BRDA:26,3,0,0
BRDA:26,4,0,16
BRDA:26,4,1,16
BRDA:49,5,0,11
BRDA:49,6,0,212
BRDA:49,6,1,15
BRDA:56,7,0,11
BRDA:56,7,1,0
BRDA:59,8,0,1
BRDA:70,9,0,4
BRDA:72,10,0,1
BRDA:76,11,0,48
BRDA:77,12,0,1
BRDA:77,12,1,47
BRDA:84,13,0,1
BRDA:84,14,0,197
BRDA:84,14,1,2
BRDA:88,15,0,1
BRDA:88,16,0,197
BRDA:88,16,1,66
BRDA:88,16,2,36
BRDA:92,17,0,4
BRDA:92,18,0,197
BRDA:92,18,1,4
BRDA:93,19,0,0
BRDA:93,19,1,4
BRDA:95,20,0,3
BRDA:95,20,1,1
BRDA:102,21,0,8
BRDA:102,22,0,197
BRDA:102,22,1,46
BRDA:106,23,0,1
BRDA:107,24,0,197
BRDA:107,24,1,15
BRDA:107,24,2,11
BRDA:107,24,3,11
BRDA:107,24,4,10
BRDA:117,25,0,10
BRDA:117,26,0,197
BRDA:117,26,1,15
BRDA:117,26,2,10
BRDA:125,27,0,0
BRDA:125,28,0,197
BRDA:125,28,1,16
BRDA:129,29,0,1
BRDA:129,30,0,197
BRDA:129,30,1,5
BRDA:133,31,0,1
BRDA:133,32,0,197
BRDA:133,32,1,4
BRDA:137,33,0,1
BRDA:137,34,0,197
BRDA:137,34,1,4
BRDA:141,35,0,1
BRDA:141,36,0,197
BRDA:141,36,1,5
BRDA:145,37,0,1
BRDA:145,38,0,197
BRDA:145,38,1,4
BRDA:149,39,0,0
BRDA:149,40,0,197
BRDA:149,40,1,2
BRDA:153,41,0,0
BRDA:153,42,0,197
BRDA:153,42,1,0
BRDA:157,43,0,0
BRDA:157,44,0,197
BRDA:157,44,1,0
BRDA:161,45,0,0
BRDA:161,46,0,197
BRDA:161,46,1,0
BRDA:165,47,0,0
BRDA:166,48,0,197
BRDA:166,48,1,0
BRDA:172,49,0,184
BRDA:172,49,1,13
BRDA:179,50,0,15
BRDA:179,51,0,184
BRDA:179,51,1,65
BRDA:180,52,0,1
BRDA:186,53,0,0
BRDA:186,54,0,184
BRDA:186,54,1,16
BRDA:192,55,0,7
BRDA:192,56,0,184
BRDA:192,56,1,7
BRDA:196,57,0,1
BRF:91
BRH:75
end_of_record
TN:
SF:src/actions/utils/commonTransformation.ts
FN:22,(anonymous_1)
FNF:1
FNH:1
FNDA:9,(anonymous_1)
DA:1,10
DA:2,10
DA:3,10
DA:4,10
DA:5,10
DA:9,10
DA:19,10
DA:20,10
DA:22,10
DA:27,9
DA:29,9
DA:31,9
DA:33,9
DA:36,8
DA:40,1
DA:45,7
DA:51,7
DA:54,7
DA:55,1
DA:61,0
DA:67,1
DA:68,0
DA:74,8
DA:82,8
DA:85,8
DA:91,8
DA:93,8
DA:95,8
DA:96,2
DA:97,2
DA:100,8
DA:114,8
DA:120,8
DA:121,8
DA:123,8
DA:124,2
DA:126,8
DA:131,10
LF:38
LH:36
BRDA:33,0,0,8
BRDA:33,0,1,1
BRDA:36,1,0,1
BRDA:37,2,0,8
BRDA:37,2,1,7
BRDA:45,3,0,6
BRDA:45,3,1,1
BRDA:55,4,0,0
BRDA:55,4,1,1
BRDA:67,5,0,0
BRDA:95,6,0,2
BRDA:123,7,0,2
BRF:12
BRH:10
end_of_record
TN:
SF:src/actions/utils/deleteProductSchemaCache.ts
FN:3,(anonymous_0)
FN:3,(anonymous_1)
FN:5,(anonymous_2)
FNF:3
FNH:3
FNDA:3,(anonymous_0)
FNDA:3,(anonymous_1)
FNDA:3,(anonymous_2)
DA:1,5
DA:3,5
DA:5,5
DA:6,3
DA:7,3
DA:8,3
DA:9,3
DA:10,3
DA:11,3
DA:14,5
LF:10
LH:10
BRF:0
BRH:0
end_of_record
TN:
SF:src/actions/utils/getCategoryHierarchy.ts
FN:10,(anonymous_0)
FNF:1
FNH:1
FNDA:18,(anonymous_0)
DA:1,11
DA:10,11
DA:13,18
DA:23,18
DA:25,18
DA:30,18
DA:31,6
DA:34,12
DA:36,12
DA:40,37
DA:46,37
DA:47,4
DA:53,33
DA:54,3
DA:59,3
DA:63,30
DA:66,30
DA:70,2
DA:74,28
DA:77,6
DA:89,11
LF:21
LH:21
BRDA:30,0,0,6
BRDA:46,1,0,4
BRDA:46,2,0,37
BRDA:46,2,1,7
BRDA:53,3,0,3
BRDA:66,4,0,2
BRDA:67,5,0,30
BRDA:67,5,1,6
BRF:8
BRH:8
end_of_record
TN:
SF:src/actions/utils/getCurrentRowMap.ts
FN:3,(anonymous_0)
FN:15,(anonymous_1)
FN:19,(anonymous_2)
FNF:3
FNH:3
FNDA:12,(anonymous_0)
FNDA:15,(anonymous_1)
FNDA:15,(anonymous_2)
DA:1,10
DA:3,10
DA:7,12
DA:8,12
DA:15,12
DA:16,15
DA:17,15
DA:19,12
DA:20,15
DA:21,15
DA:22,0
DA:25,0
DA:28,0
DA:30,15
DA:31,15
DA:34,12
DA:37,10
LF:17
LH:14
BRDA:21,0,0,0
BRF:1
BRH:0
end_of_record
TN:
SF:src/actions/utils/getTopLevelResponseLogFields.ts
FN:6,(anonymous_0)
FN:7,(anonymous_1)
FNF:2
FNH:2
FNDA:21,(anonymous_0)
FNDA:63,(anonymous_1)
DA:1,5
DA:6,5
DA:7,21
DA:8,63
DA:9,63
LF:5
LH:5
BRDA:8,0,0,63
BRDA:8,0,1,0
BRF:2
BRH:1
end_of_record
TN:
SF:src/actions/utils/index.ts
FN:1,(anonymous_1)
FN:2,(anonymous_2)
FN:3,(anonymous_3)
FN:4,(anonymous_4)
FN:5,(anonymous_5)
FNF:5
FNH:5
FNDA:8,(anonymous_1)
FNDA:26,(anonymous_2)
FNDA:14,(anonymous_3)
FNDA:11,(anonymous_4)
FNDA:5,(anonymous_5)
DA:1,17
DA:2,35
DA:3,23
DA:4,20
DA:5,14
LF:5
LH:5
BRF:0
BRH:0
end_of_record
TN:
SF:src/actions/utils/insertTransformation.ts
FN:12,(anonymous_1)
FNF:1
FNH:1
FNDA:3,(anonymous_1)
DA:1,9
DA:10,9
DA:12,9
DA:13,3
DA:15,3
DA:16,3
DA:17,3
DA:18,3
DA:20,3
DA:21,0
DA:22,3
DA:23,3
DA:25,0
DA:27,3
DA:29,3
DA:39,9
LF:16
LH:14
BRDA:20,0,0,0
BRDA:20,0,1,3
BRDA:22,1,0,3
BRDA:22,1,1,0
BRF:4
BRH:2
end_of_record
TN:
SF:src/actions/utils/postTransformationValidations.ts
FN:18,(anonymous_1)
FN:95,(anonymous_2)
FNF:2
FNH:2
FNDA:15,(anonymous_1)
FNDA:3,(anonymous_2)
DA:1,10
DA:2,10
DA:14,10
DA:15,10
DA:18,10
DA:24,15
DA:26,15
DA:27,1
DA:31,15
DA:32,0
DA:36,15
DA:37,0
DA:42,15
DA:48,5
DA:50,5
DA:54,1
DA:67,1
DA:74,15
DA:75,2
DA:78,15
DA:79,2
DA:82,15
DA:84,7
DA:90,2
DA:93,2
DA:94,2
DA:95,3
DA:99,2
DA:104,2
DA:105,2
DA:110,7
DA:113,10
LF:32
LH:30
BRDA:26,0,0,1
BRDA:31,1,0,0
BRDA:36,2,0,0
BRDA:42,3,0,5
BRDA:43,4,0,15
BRDA:43,4,1,13
BRDA:50,5,0,1
BRDA:51,6,0,5
BRDA:51,6,1,1
BRDA:74,7,0,2
BRDA:78,8,0,2
BRDA:82,9,0,8
BRDA:84,10,0,2
BRDA:85,11,0,7
BRDA:85,11,1,4
BRDA:85,11,2,2
BRDA:85,11,3,2
BRDA:94,12,0,2
BRDA:95,13,0,2
BRDA:95,13,1,1
BRDA:95,13,2,2
BRDA:104,14,0,2
BRF:22
BRH:20
end_of_record
TN:
SF:src/actions/utils/priceValidation.ts
FN:15,(anonymous_1)
FN:35,(anonymous_2)
FNF:2
FNH:2
FNDA:6,(anonymous_1)
FNDA:10,(anonymous_2)
DA:1,11
DA:11,11
DA:13,11
DA:15,11
DA:20,6
DA:21,6
DA:22,6
DA:32,6
DA:34,6
DA:35,10
DA:48,6
DA:52,1
DA:55,5
DA:60,5
DA:61,1
DA:64,4
DA:65,1
DA:68,3
DA:72,3
DA:92,3
DA:93,3
DA:96,3
DA:97,0
DA:98,0
DA:99,0
DA:101,3
DA:105,3
DA:107,0
DA:111,0
DA:115,11
LF:30
LH:25
BRDA:48,0,0,1
BRDA:49,1,0,6
BRDA:49,1,1,5
BRDA:60,2,0,1
BRDA:64,3,0,1
BRDA:96,4,0,0
BRF:6
BRH:5
end_of_record
TN:
SF:src/actions/utils/reInsertProductValidation.ts
FN:17,(anonymous_1)
FN:54,(anonymous_2)
FN:54,(anonymous_3)
FN:85,(anonymous_4)
FN:100,(anonymous_5)
FN:145,(anonymous_6)
FN:145,(anonymous_7)
FNF:7
FNH:7
FNDA:16,(anonymous_1)
FNDA:869,(anonymous_2)
FNDA:865,(anonymous_3)
FNDA:4,(anonymous_4)
FNDA:4,(anonymous_5)
FNDA:4,(anonymous_6)
FNDA:4,(anonymous_7)
DA:1,5
DA:2,5
DA:10,5
DA:11,5
DA:12,5
DA:13,5
DA:15,5
DA:17,5
DA:24,16
DA:25,16
DA:26,16
DA:31,16
DA:36,16
DA:42,3
DA:51,16
DA:52,16
DA:54,869
DA:57,16
DA:58,38
DA:59,38
DA:60,35
DA:61,7
DA:62,3
DA:66,3
DA:70,3
DA:77,1
DA:82,16
DA:83,4
DA:85,4
DA:86,4
DA:88,4
DA:89,3
DA:90,3
DA:93,16
DA:95,0
DA:96,0
DA:100,5
DA:106,4
DA:107,4
DA:108,4
DA:130,4
DA:131,4
DA:132,4
DA:133,4
DA:134,4
DA:135,6
DA:137,4
DA:142,4
DA:145,4
DA:147,0
DA:151,5
LF:51
LH:48
BRDA:36,0,0,3
BRDA:37,1,0,16
BRDA:37,1,1,5
BRDA:59,2,0,35
BRDA:59,2,1,3
BRDA:60,3,0,7
BRDA:60,4,0,35
BRDA:60,4,1,7
BRDA:61,5,0,3
BRDA:70,6,0,1
BRDA:71,7,0,3
BRDA:71,7,1,3
BRDA:71,7,2,2
BRDA:71,7,3,1
BRDA:71,7,4,1
BRDA:82,8,0,4
BRDA:88,9,0,3
BRF:17
BRH:17
end_of_record
TN:
SF:src/actions/utils/referenceValidator.ts
FN:14,(anonymous_0)
FNF:1
FNH:1
FNDA:126,(anonymous_0)
DA:1,14
DA:7,14
DA:14,14
DA:15,126
DA:16,126
DA:17,126
DA:18,4
DA:19,4
DA:28,4
DA:29,1
DA:34,0
DA:35,0
DA:39,126
DA:42,14
LF:14
LH:12
BRDA:17,0,0,4
BRDA:17,1,0,126
BRDA:17,1,1,5
BRDA:21,2,0,4
BRDA:21,2,1,4
BRDA:23,3,0,4
BRDA:23,3,1,4
BRDA:28,4,0,1
BRF:8
BRH:8
end_of_record
TN:
SF:src/actions/utils/roundTo50p.ts
FN:3,(anonymous_1)
FNF:1
FNH:1
FNDA:27,(anonymous_1)
DA:1,13
DA:3,13
DA:4,27
DA:7,27
DA:8,27
DA:10,27
DA:11,23
DA:12,4
DA:13,3
DA:15,1
DA:18,27
DA:21,13
LF:12
LH:12
BRDA:10,0,0,23
BRDA:10,0,1,4
BRDA:12,1,0,3
BRDA:12,1,1,1
BRDA:12,2,0,4
BRDA:12,2,1,4
BRF:6
BRH:6
end_of_record
TN:
SF:src/actions/utils/updateTransformation.ts
FN:12,(anonymous_1)
FN:27,(anonymous_2)
FN:81,(anonymous_3)
FN:91,(anonymous_4)
FNF:4
FNH:4
FNDA:41,(anonymous_1)
FNDA:21,(anonymous_2)
FNDA:39,(anonymous_3)
FNDA:41,(anonymous_4)
DA:1,9
DA:9,9
DA:10,9
DA:12,9
DA:17,41
DA:18,97
DA:19,97
DA:20,97
DA:21,6
DA:24,35
DA:27,9
DA:33,21
DA:35,21
DA:36,21
DA:37,21
DA:38,21
DA:39,21
DA:40,21
DA:41,21
DA:43,21
DA:48,1
DA:51,21
DA:56,7
DA:58,7
DA:59,4
DA:63,21
DA:67,11
DA:70,21
DA:76,21
DA:79,21
DA:82,39
DA:86,21
DA:87,9
DA:90,21
DA:92,41
DA:96,21
DA:97,10
DA:98,9
DA:104,9
DA:105,2
DA:107,1
DA:108,1
DA:109,1
DA:112,11
DA:118,11
DA:125,21
DA:127,21
DA:133,21
DA:134,11
DA:135,11
DA:136,11
DA:139,21
DA:143,13
DA:144,4
DA:146,4
DA:148,4
DA:152,13
DA:155,13
DA:157,13
DA:161,3
DA:166,10
DA:167,10
DA:170,18
DA:177,9
LF:64
LH:64
BRDA:20,0,0,6
BRDA:43,1,0,1
BRDA:51,2,0,7
BRDA:58,3,0,4
BRDA:63,4,0,11
BRDA:64,5,0,21
BRDA:64,5,1,10
BRDA:79,6,0,21
BRDA:79,6,1,21
BRDA:82,7,0,39
BRDA:82,7,1,27
BRDA:86,8,0,9
BRDA:92,9,0,41
BRDA:92,9,1,30
BRDA:96,10,0,10
BRDA:96,10,1,11
BRDA:96,11,0,21
BRDA:96,11,1,12
BRDA:97,12,0,9
BRDA:97,12,1,1
BRDA:97,13,0,10
BRDA:97,13,1,9
BRDA:104,14,0,2
BRDA:107,15,0,1
BRDA:133,16,0,11
BRDA:136,17,0,11
BRDA:136,17,1,10
BRDA:139,18,0,13
BRDA:140,19,0,21
BRDA:140,19,1,10
BRDA:140,19,2,7
BRDA:140,19,3,14
BRDA:143,20,0,4
BRDA:157,21,0,3
BRDA:158,22,0,13
BRDA:158,22,1,11
BRDA:158,22,2,3
BRDA:158,22,3,0
BRF:38
BRH:37
end_of_record
TN:
SF:src/actions/utils/validateCurrentRowMap.ts
FN:3,(anonymous_0)
FNF:1
FNH:1
FNDA:9,(anonymous_0)
DA:1,3
DA:3,3
DA:4,9
DA:5,9
DA:6,9
DA:7,9
DA:10,9
DA:11,2
DA:14,7
DA:17,2
DA:20,5
DA:21,0
DA:26,9
DA:29,3
LF:14
LH:13
BRDA:10,0,0,2
BRDA:10,0,1,7
BRDA:14,1,0,2
BRDA:14,1,1,5
BRDA:20,2,0,0
BRF:5
BRH:4
end_of_record
TN:
SF:src/schema/getProductsBaseSchema.ts
FN:18,(anonymous_1)
FNF:1
FNH:1
FNDA:18,(anonymous_1)
DA:1,12
DA:2,12
DA:18,12
DA:19,18
DA:778,12
LF:5
LH:5
BRF:0
BRH:0
end_of_record
TN:
SF:src/schema/getSchema.ts
FN:10,(anonymous_1)
FN:28,(anonymous_2)
FN:70,(anonymous_3)
FNF:3
FNH:3
FNDA:16,(anonymous_1)
FNDA:868,(anonymous_2)
FNDA:84,(anonymous_3)
DA:1,7
DA:2,7
DA:10,7
DA:11,16
DA:12,16
DA:13,16
DA:16,16
DA:17,16
DA:18,16
DA:19,9
DA:20,9
DA:21,9
DA:22,9
DA:23,9
DA:26,7
DA:28,868
DA:30,7
DA:31,182
DA:32,84
DA:35,182
DA:40,84
DA:41,84
DA:46,84
DA:47,84
DA:53,84
DA:54,84
DA:62,7
DA:67,7
DA:70,7
DA:71,84
DA:72,7
DA:74,77
DA:75,7
DA:77,70
DA:80,7
LF:35
LH:35
BRDA:18,0,0,9
BRDA:31,1,0,84
BRDA:31,2,0,182
BRDA:31,2,1,98
BRDA:35,3,0,84
BRDA:36,4,0,182
BRDA:36,4,1,84
BRDA:36,4,2,84
BRDA:53,5,0,84
BRDA:71,6,0,7
BRDA:74,7,0,7
BRF:11
BRH:11
end_of_record
TN:
SF:src/schema/getSchemaAsArray.ts
FN:7,(anonymous_0)
FN:8,(anonymous_1)
FNF:2
FNH:2
FNDA:18,(anonymous_0)
FNDA:2232,(anonymous_1)
DA:7,12
DA:8,18
DA:9,2232
DA:11,2232
DA:27,2232
DA:29,2232
DA:32,12
LF:7
LH:7
BRF:0
BRH:0
end_of_record
TN:
SF:src/workers/lib/CatalogueUpdateWorker.ts
FN:31,(anonymous_1)
FN:43,(anonymous_2)
FN:52,(anonymous_3)
FN:180,(anonymous_4)
FN:184,(anonymous_5)
FN:210,(anonymous_6)
FNF:6
FNH:2
FNDA:2,(anonymous_1)
FNDA:0,(anonymous_2)
FNDA:11,(anonymous_3)
FNDA:0,(anonymous_4)
FNDA:0,(anonymous_5)
FNDA:0,(anonymous_6)
DA:1,2
DA:2,2
DA:3,2
DA:5,2
DA:23,2
DA:25,2
DA:28,2
DA:32,2
DA:34,2
DA:44,0
DA:53,11
DA:56,11
DA:58,11
DA:59,11
DA:63,0
DA:65,11
DA:77,11
DA:78,0
DA:79,0
DA:81,11
DA:82,11
DA:83,0
DA:84,0
DA:103,0
DA:104,0
DA:105,0
DA:106,0
DA:108,11
DA:109,11
DA:112,11
DA:114,2
DA:115,2
DA:117,9
DA:121,9
DA:123,0
DA:127,0
DA:129,0
DA:135,11
DA:136,11
DA:140,0
DA:150,11
DA:151,11
DA:167,11
DA:168,11
DA:170,11
DA:171,2
DA:174,2
DA:177,11
DA:181,0
DA:183,0
DA:185,0
DA:186,0
DA:189,0
DA:190,0
DA:191,0
DA:195,0
DA:197,0
DA:198,0
DA:205,0
DA:211,0
LF:60
LH:34
BRDA:37,0,0,2
BRDA:37,0,1,0
BRDA:45,1,0,0
BRDA:45,1,1,0
BRDA:46,2,0,0
BRDA:46,2,1,0
BRDA:47,3,0,0
BRDA:47,3,1,0
BRDA:48,4,0,0
BRDA:48,4,1,0
BRDA:59,5,0,0
BRDA:60,6,0,11
BRDA:60,6,1,11
BRDA:77,7,0,0
BRDA:82,8,0,0
BRDA:82,8,1,11
BRDA:112,9,0,2
BRDA:112,9,1,9
BRDA:112,9,2,0
BRDA:112,9,3,0
BRDA:135,10,0,11
BRDA:136,11,0,0
BRDA:137,12,0,11
BRDA:137,12,1,7
BRDA:170,13,0,2
BRDA:189,14,0,0
BRDA:189,14,1,0
BRDA:189,15,0,0
BRDA:189,15,1,0
BRDA:195,16,0,0
BRF:30
BRH:10
end_of_record
TN:
SF:src/workers/lib/ImageOptimiserWorker.ts
FN:46,(anonymous_1)
FN:57,(anonymous_2)
FN:73,(anonymous_3)
FN:93,(anonymous_4)
FN:125,(anonymous_5)
FN:157,(anonymous_6)
FN:161,(anonymous_7)
FN:223,(anonymous_8)
FN:224,(anonymous_9)
FN:291,(anonymous_10)
FN:296,(anonymous_11)
FNF:11
FNH:8
FNDA:1,(anonymous_1)
FNDA:2,(anonymous_2)
FNDA:1,(anonymous_3)
FNDA:1,(anonymous_4)
FNDA:2,(anonymous_5)
FNDA:0,(anonymous_6)
FNDA:2,(anonymous_7)
FNDA:2,(anonymous_8)
FNDA:4,(anonymous_9)
FNDA:0,(anonymous_10)
FNDA:0,(anonymous_11)
DA:1,1
DA:18,1
DA:21,1
DA:22,1
DA:24,1
DA:39,1
DA:42,1
DA:43,1
DA:47,1
DA:58,2
DA:77,1
DA:80,1
DA:87,1
DA:89,1
DA:91,1
DA:92,1
DA:94,1
DA:106,1
DA:108,1
DA:122,1
DA:131,2
DA:132,2
DA:153,2
DA:154,2
DA:158,0
DA:162,2
DA:163,2
DA:164,2
DA:165,0
DA:167,2
DA:168,2
DA:170,2
DA:171,2
DA:172,0
DA:173,0
DA:175,2
DA:176,2
DA:178,2
DA:180,2
DA:183,2
DA:184,2
DA:188,2
DA:189,2
DA:190,2
DA:192,2
DA:193,1
DA:197,1
DA:203,1
DA:205,1
DA:211,1
DA:213,1
DA:218,1
DA:219,1
DA:222,2
DA:223,2
DA:224,4
DA:228,2
DA:244,2
DA:246,2
DA:247,2
DA:248,4
DA:249,2
DA:250,2
DA:279,2
DA:284,0
DA:292,0
DA:293,0
DA:295,0
DA:297,0
DA:298,0
DA:301,0
DA:302,0
DA:303,0
DA:306,0
DA:307,0
DA:308,0
DA:315,0
LF:77
LH:60
BRDA:47,0,0,1
BRDA:50,1,0,1
BRDA:50,1,1,0
BRDA:164,2,0,0
BRDA:164,3,0,2
BRDA:164,3,1,2
BRDA:171,4,0,0
BRDA:171,4,1,2
BRDA:192,5,0,1
BRDA:192,5,1,1
BRDA:231,6,0,1
BRDA:231,6,1,1
BRDA:248,7,0,2
BRDA:265,8,0,1
BRDA:265,8,1,1
BRDA:292,9,0,0
BRDA:301,10,0,0
BRDA:301,10,1,0
BRDA:301,11,0,0
BRDA:301,11,1,0
BRDA:306,12,0,0
BRF:21
BRH:12
end_of_record
TN:
SF:src/workers/lib/PriorityCatalogueUpdateWorker.ts
FN:39,(anonymous_1)
FN:49,(anonymous_2)
FN:70,(anonymous_3)
FN:78,(anonymous_4)
FN:130,(anonymous_5)
FN:257,(anonymous_6)
FN:262,(anonymous_7)
FNF:7
FNH:5
FNDA:1,(anonymous_1)
FNDA:2,(anonymous_2)
FNDA:2,(anonymous_3)
FNDA:2,(anonymous_4)
FNDA:2,(anonymous_5)
FNDA:0,(anonymous_6)
FNDA:0,(anonymous_7)
DA:1,1
DA:2,1
DA:18,1
DA:19,1
DA:21,1
DA:22,1
DA:24,1
DA:26,1
DA:28,1
DA:32,1
DA:33,1
DA:35,1
DA:39,1
DA:40,1
DA:53,2
DA:54,2
DA:66,2
DA:67,2
DA:71,2
DA:72,0
DA:73,0
DA:75,2
DA:76,2
DA:78,2
DA:79,2
DA:80,2
DA:81,2
DA:82,2
DA:83,2
DA:84,2
DA:90,2
DA:106,2
DA:118,2
DA:128,2
DA:130,2
DA:134,2
DA:140,2
DA:141,1
DA:142,1
DA:149,1
DA:150,1
DA:153,2
DA:154,2
DA:185,2
DA:186,2
DA:188,2
DA:199,2
DA:200,2
DA:206,2
DA:207,2
DA:210,2
DA:225,2
DA:226,2
DA:227,2
DA:228,2
DA:250,2
DA:251,2
DA:253,0
DA:258,0
DA:259,0
DA:261,0
DA:263,0
DA:264,0
DA:266,0
DA:267,0
DA:268,0
DA:269,0
DA:273,0
DA:274,0
DA:281,0
LF:70
LH:55
BRDA:39,0,0,1
BRDA:43,1,0,1
BRDA:43,1,1,0
BRDA:71,2,0,0
BRDA:111,3,0,1
BRDA:111,3,1,1
BRDA:140,4,0,1
BRDA:166,5,0,1
BRDA:166,5,1,1
BRDA:240,6,0,1
BRDA:240,6,1,1
BRDA:258,7,0,0
BRDA:266,8,0,0
BRDA:266,8,1,0
BRDA:266,9,0,0
BRDA:266,9,1,0
BRDA:268,10,0,0
BRF:17
BRH:9
end_of_record
TN:
SF:src/workers/lib/PriorityProductMasterSyncWorker.ts
FN:33,(anonymous_1)
FN:51,(anonymous_2)
FN:73,(anonymous_3)
FN:78,(anonymous_4)
FN:86,(anonymous_5)
FN:100,(anonymous_6)
FN:109,(anonymous_7)
FN:208,(anonymous_8)
FNF:8
FNH:4
FNDA:1,(anonymous_1)
FNDA:1,(anonymous_2)
FNDA:2,(anonymous_3)
FNDA:2,(anonymous_4)
FNDA:0,(anonymous_5)
FNDA:0,(anonymous_6)
FNDA:0,(anonymous_7)
FNDA:0,(anonymous_8)
DA:1,1
DA:2,1
DA:14,1
DA:15,1
DA:30,1
DA:34,1
DA:35,1
DA:47,1
DA:48,1
DA:54,1
DA:56,1
DA:58,1
DA:59,2
DA:60,2
DA:61,2
DA:62,2
DA:69,1
DA:72,1
DA:73,2
DA:78,2
DA:79,1
DA:83,1
DA:89,0
DA:90,0
DA:91,0
DA:93,0
DA:101,0
DA:102,0
DA:104,0
DA:109,0
DA:110,0
DA:120,0
DA:121,0
DA:209,0
LF:34
LH:22
BRDA:34,0,0,1
BRDA:35,1,0,1
BRDA:38,2,0,1
BRDA:38,2,1,0
BRDA:47,3,0,1
BRDA:48,4,0,1
BRDA:61,5,0,2
BRDA:69,6,0,1
BRDA:78,7,0,1
BRDA:89,8,0,0
BRDA:90,9,0,0
BRDA:90,9,1,0
BRDA:90,10,0,0
BRDA:90,10,1,0
BRDA:101,11,0,0
BRDA:120,12,0,0
BRF:16
BRH:8
end_of_record
TN:
SF:src/workers/lib/ProductCategoryWorkerAuto.ts
FN:28,(anonymous_7)
FN:43,(anonymous_8)
FN:72,(anonymous_9)
FN:97,(anonymous_10)
FN:110,(anonymous_11)
FN:116,(anonymous_12)
FN:144,(anonymous_13)
FNF:7
FNH:4
FNDA:1,(anonymous_7)
FNDA:5,(anonymous_8)
FNDA:2,(anonymous_9)
FNDA:2,(anonymous_10)
FNDA:0,(anonymous_11)
FNDA:0,(anonymous_12)
FNDA:0,(anonymous_13)
DA:1,1
DA:2,1
DA:3,1
DA:15,1
DA:16,1
DA:17,1
DA:19,1
DA:21,1
DA:25,1
DA:26,1
DA:29,1
DA:44,5
DA:45,5
DA:47,5
DA:49,5
DA:50,5
DA:52,2
DA:57,0
DA:58,0
DA:61,2
DA:65,2
DA:66,2
DA:69,1
DA:72,2
DA:73,1
DA:74,1
DA:86,0
DA:92,3
DA:94,1
DA:95,1
DA:97,2
DA:106,2
DA:111,0
DA:112,0
DA:115,0
DA:118,0
DA:121,0
DA:124,0
DA:127,0
DA:131,0
DA:132,0
DA:139,0
DA:145,0
LF:43
LH:29
BRDA:32,0,0,1
BRDA:32,0,1,0
BRDA:47,1,0,5
BRDA:47,1,1,5
BRDA:47,1,2,5
BRDA:47,1,3,0
BRDA:50,2,0,2
BRDA:50,2,1,2
BRDA:50,2,2,1
BRDA:50,2,3,0
BRDA:92,3,0,2
BRDA:111,4,0,0
BRDA:121,5,0,0
BRDA:121,5,1,0
BRDA:121,6,0,0
BRDA:121,6,1,0
BRDA:121,6,2,0
BRF:17
BRH:8
end_of_record
TN:
SF:src/workers/lib/ProductCategoryWorkerManual.ts
FN:27,(anonymous_7)
FN:38,(anonymous_8)
FN:91,(anonymous_9)
FN:104,(anonymous_10)
FN:110,(anonymous_11)
FNF:5
FNH:3
FNDA:2,(anonymous_7)
FNDA:16,(anonymous_8)
FNDA:20,(anonymous_9)
FNDA:0,(anonymous_10)
FNDA:0,(anonymous_11)
DA:1,2
DA:2,2
DA:3,2
DA:15,2
DA:16,2
DA:18,2
DA:20,2
DA:24,2
DA:25,2
DA:28,2
DA:39,16
DA:40,16
DA:42,16
DA:44,16
DA:46,3
DA:49,3
DA:52,7
DA:55,7
DA:58,3
DA:61,3
DA:63,0
DA:68,0
DA:71,3
DA:76,3
DA:77,3
DA:80,0
DA:86,16
DA:88,8
DA:89,8
DA:91,20
DA:100,0
DA:105,0
DA:106,0
DA:109,0
DA:112,0
DA:115,0
DA:118,0
DA:121,0
DA:125,0
DA:126,0
DA:133,0
LF:41
LH:27
BRDA:31,0,0,2
BRDA:31,0,1,0
BRDA:42,1,0,16
BRDA:42,1,1,16
BRDA:42,1,2,16
BRDA:42,1,3,0
BRDA:44,2,0,3
BRDA:44,2,1,7
BRDA:44,2,2,3
BRDA:44,2,3,0
BRDA:44,2,4,3
BRDA:44,2,5,0
BRDA:86,3,0,8
BRDA:105,4,0,0
BRDA:115,5,0,0
BRDA:115,5,1,0
BRDA:115,6,0,0
BRDA:115,6,1,0
BRDA:115,6,2,0
BRF:19
BRH:9
end_of_record
TN:
SF:src/workers/lib/ProductMasterSyncWorker.ts
FN:51,(anonymous_1)
FN:70,(anonymous_2)
FN:105,(anonymous_3)
FN:110,(anonymous_4)
FN:110,(anonymous_5)
FN:137,(anonymous_6)
FN:137,(anonymous_7)
FN:161,(anonymous_8)
FN:173,(anonymous_9)
FN:182,(anonymous_10)
FN:202,(anonymous_11)
FN:216,(anonymous_12)
FN:225,(anonymous_13)
FN:244,(anonymous_14)
FN:245,(anonymous_15)
FN:349,(anonymous_16)
FNF:16
FNH:9
FNDA:1,(anonymous_1)
FNDA:12,(anonymous_2)
FNDA:4,(anonymous_3)
FNDA:12,(anonymous_4)
FNDA:3,(anonymous_5)
FNDA:12,(anonymous_6)
FNDA:3,(anonymous_7)
FNDA:2,(anonymous_8)
FNDA:2,(anonymous_9)
FNDA:0,(anonymous_10)
FNDA:0,(anonymous_11)
FNDA:0,(anonymous_12)
FNDA:0,(anonymous_13)
FNDA:0,(anonymous_14)
FNDA:0,(anonymous_15)
FNDA:0,(anonymous_16)
DA:1,1
DA:2,1
DA:21,1
DA:22,1
DA:23,1
DA:24,1
DA:26,1
DA:48,1
DA:52,1
DA:53,1
DA:54,1
DA:66,1
DA:67,1
DA:73,12
DA:75,12
DA:77,60
DA:78,14
DA:79,14
DA:80,14
DA:84,4
DA:89,14
DA:94,10
DA:101,60
DA:103,12
DA:105,4
DA:110,12
DA:111,12
DA:116,12
DA:117,12
DA:118,6
DA:125,0
DA:128,0
DA:130,6
DA:135,12
DA:137,12
DA:138,12
DA:140,12
DA:142,2
DA:143,2
DA:149,2
DA:151,12
DA:153,12
DA:155,1
DA:157,1
DA:161,2
DA:163,12
DA:165,12
DA:167,1
DA:169,1
DA:173,2
DA:175,12
DA:179,12
DA:183,0
DA:185,0
DA:186,0
DA:188,0
DA:192,0
DA:194,0
DA:197,0
DA:199,0
DA:205,0
DA:206,0
DA:207,0
DA:209,0
DA:217,0
DA:218,0
DA:220,0
DA:224,0
DA:231,0
DA:243,0
DA:244,0
DA:245,0
DA:250,0
DA:255,0
DA:263,0
DA:264,0
DA:269,0
DA:274,0
DA:279,0
DA:280,0
DA:281,0
DA:282,0
DA:285,0
DA:286,0
DA:289,0
DA:292,0
DA:293,0
DA:296,0
DA:299,0
DA:301,0
DA:302,0
DA:305,0
DA:306,0
DA:309,0
DA:310,0
DA:313,0
DA:314,0
DA:315,0
DA:316,0
DA:317,0
DA:318,0
DA:322,0
DA:323,0
DA:329,0
DA:330,0
DA:332,0
DA:333,0
DA:334,0
DA:337,0
DA:338,0
DA:340,0
DA:341,0
DA:344,0
DA:350,0
LF:114
LH:50
BRDA:52,0,0,1
BRDA:53,1,0,1
BRDA:54,2,0,1
BRDA:57,3,0,1
BRDA:57,3,1,0
BRDA:66,4,0,1
BRDA:67,5,0,1
BRDA:80,6,0,4
BRDA:81,7,0,14
BRDA:81,7,1,11
BRDA:89,8,0,10
BRDA:90,9,0,14
BRDA:90,9,1,10
BRDA:90,9,2,6
BRDA:101,10,0,12
BRDA:101,10,1,12
BRDA:101,10,2,12
BRDA:101,10,3,12
BRDA:101,10,4,12
BRDA:118,11,0,0
BRDA:119,12,0,6
BRDA:119,12,1,4
BRDA:149,13,0,1
BRDA:161,14,0,1
BRDA:173,15,0,1
BRDA:186,16,0,0
BRDA:186,16,1,0
BRDA:205,17,0,0
BRDA:206,18,0,0
BRDA:206,18,1,0
BRDA:206,19,0,0
BRDA:206,19,1,0
BRDA:217,20,0,0
BRDA:269,21,0,0
BRDA:270,22,0,0
BRDA:270,22,1,0
BRDA:285,23,0,0
BRDA:292,24,0,0
BRDA:301,25,0,0
BRDA:305,26,0,0
BRDA:309,27,0,0
BRDA:313,28,0,0
BRDA:318,29,0,0
BRDA:319,30,0,0
BRDA:319,30,1,0
BRDA:322,31,0,0
BRF:46
BRH:23
end_of_record
TN:
SF:src/workers/lib/SetPrimaryVariantWorker.ts
FN:60,(anonymous_1)
FN:70,(anonymous_2)
FN:86,(anonymous_3)
FN:101,(anonymous_4)
FN:109,(anonymous_5)
FN:112,(anonymous_6)
FN:118,(anonymous_7)
FN:120,(anonymous_8)
FN:136,(anonymous_9)
FN:147,(anonymous_10)
FN:168,(anonymous_11)
FN:199,(anonymous_12)
FN:220,(anonymous_13)
FN:226,(anonymous_14)
FN:231,(anonymous_15)
FNF:15
FNH:13
FNDA:1,(anonymous_1)
FNDA:4,(anonymous_2)
FNDA:4,(anonymous_3)
FNDA:4,(anonymous_4)
FNDA:14,(anonymous_5)
FNDA:13,(anonymous_6)
FNDA:14,(anonymous_7)
FNDA:33,(anonymous_8)
FNDA:9,(anonymous_9)
FNDA:9,(anonymous_10)
FNDA:21,(anonymous_11)
FNDA:21,(anonymous_12)
FNDA:4,(anonymous_13)
FNDA:0,(anonymous_14)
FNDA:0,(anonymous_15)
DA:1,1
DA:2,1
DA:3,1
DA:19,1
DA:21,1
DA:23,1
DA:24,1
DA:52,1
DA:56,1
DA:57,1
DA:58,1
DA:61,1
DA:71,4
DA:72,4
DA:74,4
DA:79,4
DA:80,4
DA:81,4
DA:82,2
DA:83,2
DA:85,2
DA:86,4
DA:88,2
DA:90,2
DA:94,1
DA:98,1
DA:100,1
DA:101,4
DA:103,1
DA:107,4
DA:109,14
DA:112,13
DA:117,4
DA:119,14
DA:120,33
DA:124,4
DA:127,4
DA:136,9
DA:143,4
DA:145,4
DA:147,9
DA:150,4
DA:157,4
DA:158,9
DA:159,9
DA:168,21
DA:183,9
DA:184,9
DA:185,9
DA:199,21
DA:215,9
DA:216,9
DA:221,4
DA:222,4
DA:227,0
DA:228,0
DA:230,0
DA:233,0
DA:236,0
DA:239,0
DA:240,0
DA:244,0
DA:246,0
DA:253,0
LF:64
LH:54
BRDA:64,0,0,1
BRDA:64,0,1,0
BRDA:72,1,0,0
BRDA:72,2,0,4
BRDA:72,2,1,4
BRDA:81,3,0,2
BRDA:81,3,1,2
BRDA:81,4,0,4
BRDA:81,4,1,2
BRDA:83,5,0,2
BRDA:90,6,0,1
BRDA:91,7,0,2
BRDA:91,7,1,1
BRDA:98,8,0,1
BRDA:124,9,0,0
BRDA:221,10,0,4
BRDA:227,11,0,0
BRDA:236,12,0,0
BRDA:236,12,1,0
BRDA:236,13,0,0
BRDA:236,13,1,0
BRDA:236,13,2,0
BRF:22
BRH:13
end_of_record
TN:
SF:src/workers/lib/WmsCatalogueWorker.ts
FN:29,(anonymous_1)
FN:39,(anonymous_2)
FN:74,(anonymous_3)
FN:78,(anonymous_4)
FN:104,(anonymous_5)
FN:173,(anonymous_6)
FN:184,(anonymous_7)
FN:202,(anonymous_8)
FNF:8
FNH:4
FNDA:1,(anonymous_1)
FNDA:2,(anonymous_2)
FNDA:0,(anonymous_3)
FNDA:0,(anonymous_4)
FNDA:2,(anonymous_5)
FNDA:0,(anonymous_6)
FNDA:1,(anonymous_7)
FNDA:0,(anonymous_8)
DA:1,1
DA:2,1
DA:3,1
DA:18,1
DA:20,1
DA:22,1
DA:26,1
DA:30,1
DA:40,2
DA:41,2
DA:42,0
DA:43,0
DA:45,2
DA:46,2
DA:47,2
DA:48,2
DA:49,2
DA:50,1
DA:56,2
DA:57,2
DA:69,2
DA:70,2
DA:71,2
DA:75,0
DA:77,0
DA:79,0
DA:80,0
DA:83,0
DA:84,0
DA:85,0
DA:89,0
DA:91,0
DA:92,0
DA:99,0
DA:105,2
DA:106,2
DA:108,2
DA:109,1
DA:112,1
DA:117,1
DA:119,1
DA:120,0
DA:123,1
DA:124,0
DA:129,1
DA:130,0
DA:135,1
DA:136,0
DA:137,0
DA:138,0
DA:140,0
DA:141,0
DA:142,0
DA:145,0
DA:146,0
DA:149,0
DA:163,0
DA:164,0
DA:167,0
DA:170,0
DA:172,0
DA:173,0
DA:176,0
DA:179,1
DA:181,1
DA:188,1
DA:189,1
DA:198,1
DA:199,1
DA:203,0
LF:70
LH:37
BRDA:33,0,0,1
BRDA:33,0,1,0
BRDA:41,1,0,0
BRDA:49,2,0,1
BRDA:49,3,0,2
BRDA:49,3,1,2
BRDA:83,4,0,0
BRDA:83,4,1,0
BRDA:83,5,0,0
BRDA:83,5,1,0
BRDA:89,6,0,0
BRDA:108,7,0,1
BRDA:112,8,0,1
BRDA:112,8,1,0
BRDA:119,9,0,0
BRDA:123,10,0,0
BRDA:123,11,0,1
BRDA:123,11,1,1
BRDA:129,12,0,0
BRDA:129,13,0,1
BRDA:129,13,1,1
BRDA:136,14,0,0
BRDA:140,15,0,0
BRDA:145,16,0,0
BRDA:163,17,0,0
BRDA:163,18,0,0
BRDA:163,18,1,0
BRF:27
BRH:10
end_of_record
