{"/Users/sushantyadav/Downloads/city-mall/product-store/apps/api-server/src/__tests__/kafkaMock.ts": {"path":"/Users/sushantyadav/Downloads/city-mall/product-store/apps/api-server/src/__tests__/kafkaMock.ts","statementMap":{"0":{"start":{"line":2,"column":0},"end":{"line":2,"column":37}},"1":{"start":{"line":1,"column":0},"end":{"line":1,"column":52}},"2":{"start":{"line":24,"column":23},"end":{"line":25,"column":null}},"3":{"start":{"line":25,"column":14},"end":{"line":25,"column":33}},"4":{"start":{"line":28,"column":4},"end":{"line":32,"column":7}},"5":{"start":{"line":29,"column":8},"end":{"line":31,"column":10}},"6":{"start":{"line":30,"column":12},"end":{"line":30,"column":29}},"7":{"start":{"line":23,"column":0},"end":{"line":23,"column":16}}},"fnMap":{"0":{"name":"mockKafkaUtils","decl":{"start":{"line":23,"column":16},"end":{"line":23,"column":30}},"loc":{"start":{"line":23,"column":30},"end":{"line":33,"column":1}}},"1":{"name":"(anonymous_1)","decl":{"start":{"line":25,"column":8},"end":{"line":25,"column":10}},"loc":{"start":{"line":25,"column":14},"end":{"line":25,"column":33}}},"2":{"name":"(anonymous_2)","decl":{"start":{"line":28,"column":23},"end":{"line":28,"column":29}},"loc":{"start":{"line":28,"column":32},"end":{"line":32,"column":5}}},"3":{"name":"(anonymous_3)","decl":{"start":{"line":29,"column":58},"end":{"line":29,"column":61}},"loc":{"start":{"line":30,"column":12},"end":{"line":30,"column":29}}}},"branchMap":{},"s":{"0":3,"1":3,"2":3,"3":93,"4":3,"5":90,"6":3,"7":3},"f":{"0":3,"1":93,"2":90,"3":3},"b":{}}
,"/Users/sushantyadav/Downloads/city-mall/product-store/apps/api-server/src/server/index.ts": {"path":"/Users/sushantyadav/Downloads/city-mall/product-store/apps/api-server/src/server/index.ts","statementMap":{"0":{"start":{"line":1,"column":0},"end":{"line":1,"column":28}},"1":{"start":{"line":2,"column":0},"end":{"line":2,"column":30}},"2":{"start":{"line":3,"column":0},"end":{"line":3,"column":38}},"3":{"start":{"line":4,"column":0},"end":{"line":4,"column":30}},"4":{"start":{"line":5,"column":0},"end":{"line":5,"column":55}},"5":{"start":{"line":7,"column":12},"end":{"line":7,"column":21}},"6":{"start":{"line":8,"column":15},"end":{"line":8,"column":47}},"7":{"start":{"line":10,"column":0},"end":{"line":10,"column":36}},"8":{"start":{"line":11,"column":0},"end":{"line":11,"column":39}},"9":{"start":{"line":13,"column":20},"end":{"line":44,"column":1}},"10":{"start":{"line":14,"column":4},"end":{"line":14,"column":44}},"11":{"start":{"line":15,"column":4},"end":{"line":15,"column":27}},"12":{"start":{"line":16,"column":4},"end":{"line":18,"column":null}},"13":{"start":{"line":17,"column":8},"end":{"line":17,"column":46}},"14":{"start":{"line":20,"column":4},"end":{"line":20,"column":28}},"15":{"start":{"line":21,"column":4},"end":{"line":25,"column":6}},"16":{"start":{"line":27,"column":4},"end":{"line":29,"column":6}},"17":{"start":{"line":28,"column":8},"end":{"line":28,"column":23}},"18":{"start":{"line":30,"column":4},"end":{"line":30,"column":40}},"19":{"start":{"line":32,"column":19},"end":{"line":38,"column":5}},"20":{"start":{"line":33,"column":8},"end":{"line":37,"column":11}},"21":{"start":{"line":34,"column":12},"end":{"line":36,"column":14}},"22":{"start":{"line":40,"column":4},"end":{"line":43,"column":6}},"23":{"start":{"line":46,"column":0},"end":{"line":46,"column":27}}},"fnMap":{"0":{"name":"(anonymous_1)","decl":{"start":{"line":13,"column":20},"end":{"line":13,"column":67}},"loc":{"start":{"line":13,"column":69},"end":{"line":44,"column":1}}},"1":{"name":"(anonymous_2)","decl":{"start":{"line":27,"column":21},"end":{"line":27,"column":26}},"loc":{"start":{"line":28,"column":8},"end":{"line":28,"column":23}}},"2":{"name":"(anonymous_3)","decl":{"start":{"line":32,"column":19},"end":{"line":32,"column":22}},"loc":{"start":{"line":32,"column":24},"end":{"line":38,"column":5}}},"3":{"name":"(anonymous_4)","decl":{"start":{"line":33,"column":50},"end":{"line":33,"column":53}},"loc":{"start":{"line":33,"column":55},"end":{"line":37,"column":9}}}},"branchMap":{"0":{"loc":{"start":{"line":16,"column":4},"end":{"line":18,"column":null}},"type":"if","locations":[{"start":{"line":16,"column":4},"end":{"line":18,"column":null}}]}},"s":{"0":4,"1":4,"2":4,"3":4,"4":4,"5":4,"6":4,"7":4,"8":4,"9":4,"10":4,"11":4,"12":4,"13":0,"14":4,"15":4,"16":4,"17":4,"18":4,"19":4,"20":0,"21":0,"22":4,"23":4},"f":{"0":4,"1":4,"2":0,"3":0},"b":{"0":[0]}}
,"/Users/sushantyadav/Downloads/city-mall/product-store/apps/api-server/src/server/router.ts": {"path":"/Users/sushantyadav/Downloads/city-mall/product-store/apps/api-server/src/server/router.ts","statementMap":{"0":{"start":{"line":1,"column":0},"end":{"line":1,"column":28}},"1":{"start":{"line":3,"column":0},"end":{"line":3,"column":30}},"2":{"start":{"line":4,"column":0},"end":{"line":4,"column":36}},"3":{"start":{"line":5,"column":0},"end":{"line":5,"column":36}},"4":{"start":{"line":6,"column":0},"end":{"line":6,"column":45}},"5":{"start":{"line":7,"column":0},"end":{"line":7,"column":44}},"6":{"start":{"line":8,"column":0},"end":{"line":8,"column":55}},"7":{"start":{"line":9,"column":0},"end":{"line":9,"column":49}},"8":{"start":{"line":10,"column":0},"end":{"line":10,"column":49}},"9":{"start":{"line":11,"column":0},"end":{"line":11,"column":59}},"10":{"start":{"line":12,"column":0},"end":{"line":12,"column":67}},"11":{"start":{"line":13,"column":0},"end":{"line":13,"column":64}},"12":{"start":{"line":14,"column":0},"end":{"line":14,"column":91}},"13":{"start":{"line":15,"column":0},"end":{"line":15,"column":53}},"14":{"start":{"line":16,"column":0},"end":{"line":16,"column":51}},"15":{"start":{"line":18,"column":0},"end":{"line":132,"column":2}},"16":{"start":{"line":19,"column":19},"end":{"line":19,"column":35}},"17":{"start":{"line":21,"column":4},"end":{"line":23,"column":6}},"18":{"start":{"line":22,"column":8},"end":{"line":22,"column":76}},"19":{"start":{"line":25,"column":4},"end":{"line":32,"column":7}},"20":{"start":{"line":26,"column":8},"end":{"line":30,"column":64}},"21":{"start":{"line":30,"column":12},"end":{"line":30,"column":64}},"22":{"start":{"line":31,"column":8},"end":{"line":31,"column":22}},"23":{"start":{"line":34,"column":4},"end":{"line":34,"column":36}},"24":{"start":{"line":36,"column":4},"end":{"line":36,"column":40}},"25":{"start":{"line":38,"column":4},"end":{"line":38,"column":36}},"26":{"start":{"line":40,"column":4},"end":{"line":40,"column":53}},"27":{"start":{"line":42,"column":4},"end":{"line":42,"column":49}},"28":{"start":{"line":44,"column":4},"end":{"line":44,"column":53}},"29":{"start":{"line":46,"column":4},"end":{"line":63,"column":7}},"30":{"start":{"line":47,"column":8},"end":{"line":62,"column":null}},"31":{"start":{"line":48,"column":23},"end":{"line":48,"column":33}},"32":{"start":{"line":49,"column":12},"end":{"line":53,"column":15}},"33":{"start":{"line":54,"column":23},"end":{"line":54,"column":33}},"34":{"start":{"line":55,"column":12},"end":{"line":55,"column":73}},"35":{"start":{"line":56,"column":12},"end":{"line":56,"column":28}},"36":{"start":{"line":58,"column":12},"end":{"line":58,"column":57}},"37":{"start":{"line":59,"column":12},"end":{"line":59,"column":28}},"38":{"start":{"line":61,"column":12},"end":{"line":61,"column":23}},"39":{"start":{"line":65,"column":4},"end":{"line":65,"column":63}},"40":{"start":{"line":67,"column":4},"end":{"line":67,"column":65}},"41":{"start":{"line":69,"column":4},"end":{"line":72,"column":6}},"42":{"start":{"line":74,"column":4},"end":{"line":97,"column":7}},"43":{"start":{"line":75,"column":8},"end":{"line":96,"column":null}},"44":{"start":{"line":77,"column":12},"end":{"line":82,"column":null}},"45":{"start":{"line":78,"column":16},"end":{"line":80,"column":19}},"46":{"start":{"line":81,"column":16},"end":{"line":81,"column":23}},"47":{"start":{"line":83,"column":12},"end":{"line":88,"column":null}},"48":{"start":{"line":84,"column":16},"end":{"line":86,"column":19}},"49":{"start":{"line":87,"column":16},"end":{"line":87,"column":23}},"50":{"start":{"line":89,"column":12},"end":{"line":89,"column":49}},"51":{"start":{"line":90,"column":12},"end":{"line":90,"column":28}},"52":{"start":{"line":92,"column":12},"end":{"line":92,"column":68}},"53":{"start":{"line":93,"column":12},"end":{"line":93,"column":28}},"54":{"start":{"line":95,"column":12},"end":{"line":95,"column":23}},"55":{"start":{"line":99,"column":4},"end":{"line":123,"column":7}},"56":{"start":{"line":100,"column":38},"end":{"line":100,"column":46}},"57":{"start":{"line":101,"column":8},"end":{"line":103,"column":null}},"58":{"start":{"line":102,"column":12},"end":{"line":102,"column":78}},"59":{"start":{"line":105,"column":8},"end":{"line":120,"column":null}},"60":{"start":{"line":106,"column":12},"end":{"line":110,"column":null}},"61":{"start":{"line":107,"column":16},"end":{"line":109,"column":67}},"62":{"start":{"line":112,"column":12},"end":{"line":119,"column":null}},"63":{"start":{"line":116,"column":16},"end":{"line":118,"column":70}},"64":{"start":{"line":121,"column":8},"end":{"line":121,"column":18}},"65":{"start":{"line":122,"column":8},"end":{"line":122,"column":51}},"66":{"start":{"line":125,"column":4},"end":{"line":125,"column":57}},"67":{"start":{"line":127,"column":4},"end":{"line":127,"column":55}},"68":{"start":{"line":131,"column":4},"end":{"line":131,"column":18}}},"fnMap":{"0":{"name":"(anonymous_1)","decl":{"start":{"line":18,"column":15},"end":{"line":18,"column":34}},"loc":{"start":{"line":18,"column":36},"end":{"line":132,"column":1}}},"1":{"name":"(anonymous_2)","decl":{"start":{"line":21,"column":20},"end":{"line":21,"column":21}},"loc":{"start":{"line":22,"column":8},"end":{"line":22,"column":76}}},"2":{"name":"(anonymous_3)","decl":{"start":{"line":25,"column":15},"end":{"line":25,"column":16}},"loc":{"start":{"line":25,"column":67},"end":{"line":32,"column":5}}},"3":{"name":"(anonymous_4)","decl":{"start":{"line":46,"column":46},"end":{"line":46,"column":51}},"loc":{"start":{"line":46,"column":65},"end":{"line":63,"column":5}}},"4":{"name":"(anonymous_5)","decl":{"start":{"line":74,"column":51},"end":{"line":74,"column":56}},"loc":{"start":{"line":74,"column":70},"end":{"line":97,"column":5}}},"5":{"name":"(anonymous_6)","decl":{"start":{"line":99,"column":35},"end":{"line":99,"column":40}},"loc":{"start":{"line":99,"column":54},"end":{"line":123,"column":5}}}},"branchMap":{"0":{"loc":{"start":{"line":26,"column":8},"end":{"line":30,"column":64}},"type":"if","locations":[{"start":{"line":26,"column":8},"end":{"line":30,"column":64}}]},"1":{"loc":{"start":{"line":77,"column":12},"end":{"line":82,"column":null}},"type":"if","locations":[{"start":{"line":77,"column":12},"end":{"line":82,"column":null}}]},"2":{"loc":{"start":{"line":83,"column":12},"end":{"line":88,"column":null}},"type":"if","locations":[{"start":{"line":83,"column":12},"end":{"line":88,"column":null}}]},"3":{"loc":{"start":{"line":101,"column":8},"end":{"line":103,"column":null}},"type":"if","locations":[{"start":{"line":101,"column":8},"end":{"line":103,"column":null}}]},"4":{"loc":{"start":{"line":106,"column":12},"end":{"line":110,"column":null}},"type":"if","locations":[{"start":{"line":106,"column":12},"end":{"line":110,"column":null}}]},"5":{"loc":{"start":{"line":106,"column":16},"end":{"line":106,"column":42}},"type":"binary-expr","locations":[{"start":{"line":106,"column":16},"end":{"line":106,"column":23}},{"start":{"line":106,"column":27},"end":{"line":106,"column":42}}]},"6":{"loc":{"start":{"line":112,"column":12},"end":{"line":119,"column":null}},"type":"if","locations":[{"start":{"line":112,"column":12},"end":{"line":119,"column":null}}]},"7":{"loc":{"start":{"line":113,"column":16},"end":{"line":114,"column":50}},"type":"binary-expr","locations":[{"start":{"line":113,"column":16},"end":{"line":113,"column":42}},{"start":{"line":114,"column":16},"end":{"line":114,"column":50}}]}},"s":{"0":4,"1":4,"2":4,"3":4,"4":4,"5":4,"6":4,"7":4,"8":4,"9":4,"10":4,"11":4,"12":4,"13":4,"14":4,"15":4,"16":4,"17":4,"18":0,"19":4,"20":16,"21":0,"22":16,"23":4,"24":4,"25":4,"26":4,"27":4,"28":4,"29":4,"30":0,"31":0,"32":0,"33":0,"34":0,"35":0,"36":0,"37":0,"38":0,"39":4,"40":4,"41":4,"42":4,"43":0,"44":0,"45":0,"46":0,"47":0,"48":0,"49":0,"50":0,"51":0,"52":0,"53":0,"54":0,"55":4,"56":0,"57":0,"58":0,"59":0,"60":0,"61":0,"62":0,"63":0,"64":0,"65":0,"66":4,"67":4,"68":4},"f":{"0":4,"1":0,"2":16,"3":0,"4":0,"5":0},"b":{"0":[0],"1":[0],"2":[0],"3":[0],"4":[0],"5":[0,0],"6":[0],"7":[0,0]}}
,"/Users/sushantyadav/Downloads/city-mall/product-store/apps/api-server/src/server/brands/index.ts": {"path":"/Users/sushantyadav/Downloads/city-mall/product-store/apps/api-server/src/server/brands/index.ts","statementMap":{"0":{"start":{"line":1,"column":0},"end":{"line":1,"column":30}},"1":{"start":{"line":2,"column":0},"end":{"line":2,"column":22}}},"fnMap":{},"branchMap":{},"s":{"0":4,"1":4},"f":{},"b":{}}
,"/Users/sushantyadav/Downloads/city-mall/product-store/apps/api-server/src/server/brands/router.ts": {"path":"/Users/sushantyadav/Downloads/city-mall/product-store/apps/api-server/src/server/brands/router.ts","statementMap":{"0":{"start":{"line":1,"column":0},"end":{"line":1,"column":53}},"1":{"start":{"line":2,"column":0},"end":{"line":2,"column":44}},"2":{"start":{"line":4,"column":0},"end":{"line":4,"column":52}},"3":{"start":{"line":5,"column":0},"end":{"line":5,"column":52}},"4":{"start":{"line":6,"column":0},"end":{"line":6,"column":48}},"5":{"start":{"line":7,"column":0},"end":{"line":7,"column":52}},"6":{"start":{"line":9,"column":15},"end":{"line":9,"column":31}},"7":{"start":{"line":11,"column":0},"end":{"line":14,"column":3}},"8":{"start":{"line":12,"column":19},"end":{"line":12,"column":50}},"9":{"start":{"line":13,"column":4},"end":{"line":13,"column":56}},"10":{"start":{"line":16,"column":0},"end":{"line":19,"column":3}},"11":{"start":{"line":17,"column":19},"end":{"line":17,"column":38}},"12":{"start":{"line":18,"column":4},"end":{"line":18,"column":56}},"13":{"start":{"line":20,"column":0},"end":{"line":23,"column":3}},"14":{"start":{"line":21,"column":19},"end":{"line":21,"column":73}},"15":{"start":{"line":22,"column":4},"end":{"line":22,"column":56}},"16":{"start":{"line":24,"column":0},"end":{"line":27,"column":3}},"17":{"start":{"line":25,"column":19},"end":{"line":25,"column":63}},"18":{"start":{"line":26,"column":4},"end":{"line":26,"column":56}},"19":{"start":{"line":29,"column":0},"end":{"line":29,"column":22}}},"fnMap":{"0":{"name":"(anonymous_1)","decl":{"start":{"line":11,"column":17},"end":{"line":11,"column":22}},"loc":{"start":{"line":11,"column":55},"end":{"line":14,"column":1}}},"1":{"name":"(anonymous_2)","decl":{"start":{"line":16,"column":16},"end":{"line":16,"column":21}},"loc":{"start":{"line":16,"column":52},"end":{"line":19,"column":1}}},"2":{"name":"(anonymous_3)","decl":{"start":{"line":20,"column":27},"end":{"line":20,"column":32}},"loc":{"start":{"line":20,"column":65},"end":{"line":23,"column":1}}},"3":{"name":"(anonymous_4)","decl":{"start":{"line":24,"column":30},"end":{"line":24,"column":35}},"loc":{"start":{"line":24,"column":68},"end":{"line":27,"column":1}}}},"branchMap":{},"s":{"0":4,"1":4,"2":4,"3":4,"4":4,"5":4,"6":4,"7":4,"8":0,"9":0,"10":4,"11":0,"12":0,"13":4,"14":0,"15":0,"16":4,"17":0,"18":0,"19":4},"f":{"0":0,"1":0,"2":0,"3":0},"b":{}}
,"/Users/sushantyadav/Downloads/city-mall/product-store/apps/api-server/src/server/brands/controllers/createBrand.ts": {"path":"/Users/sushantyadav/Downloads/city-mall/product-store/apps/api-server/src/server/brands/controllers/createBrand.ts","statementMap":{"0":{"start":{"line":2,"column":0},"end":{"line":2,"column":29}},"1":{"start":{"line":4,"column":25},"end":{"line":7,"column":2}},"2":{"start":{"line":13,"column":4},"end":{"line":20,"column":null}},"3":{"start":{"line":14,"column":8},"end":{"line":14,"column":51}},"4":{"start":{"line":16,"column":8},"end":{"line":19,"column":10}},"5":{"start":{"line":22,"column":42},"end":{"line":22,"column":46}},"6":{"start":{"line":24,"column":4},"end":{"line":40,"column":null}},"7":{"start":{"line":25,"column":23},"end":{"line":31,"column":null}},"8":{"start":{"line":33,"column":8},"end":{"line":33,"column":53}},"9":{"start":{"line":35,"column":8},"end":{"line":35,"column":46}},"10":{"start":{"line":36,"column":8},"end":{"line":39,"column":10}},"11":{"start":{"line":9,"column":0},"end":{"line":9,"column":15}}},"fnMap":{"0":{"name":"default_1","decl":{"start":{"line":9,"column":20},"end":{"line":9,"column":null}},"loc":{"start":{"line":11,"column":13},"end":{"line":41,"column":1}}}},"branchMap":{},"s":{"0":5,"1":5,"2":5,"3":5,"4":3,"5":2,"6":2,"7":2,"8":1,"9":1,"10":1,"11":5},"f":{"0":5},"b":{}}
,"/Users/sushantyadav/Downloads/city-mall/product-store/apps/api-server/src/server/brands/controllers/deleteBrand.ts": {"path":"/Users/sushantyadav/Downloads/city-mall/product-store/apps/api-server/src/server/brands/controllers/deleteBrand.ts","statementMap":{"0":{"start":{"line":7,"column":4},"end":{"line":22,"column":null}},"1":{"start":{"line":8,"column":25},"end":{"line":13,"column":null}},"2":{"start":{"line":15,"column":8},"end":{"line":15,"column":45}},"3":{"start":{"line":17,"column":8},"end":{"line":17,"column":46}},"4":{"start":{"line":18,"column":8},"end":{"line":21,"column":10}},"5":{"start":{"line":3,"column":0},"end":{"line":3,"column":15}}},"fnMap":{"0":{"name":"default_1","decl":{"start":{"line":3,"column":20},"end":{"line":3,"column":null}},"loc":{"start":{"line":5,"column":37},"end":{"line":23,"column":1}}}},"branchMap":{},"s":{"0":4,"1":4,"2":3,"3":1,"4":1,"5":5},"f":{"0":4},"b":{}}
,"/Users/sushantyadav/Downloads/city-mall/product-store/apps/api-server/src/server/brands/controllers/getBrands.ts": {"path":"/Users/sushantyadav/Downloads/city-mall/product-store/apps/api-server/src/server/brands/controllers/getBrands.ts","statementMap":{"0":{"start":{"line":6,"column":4},"end":{"line":15,"column":null}},"1":{"start":{"line":7,"column":23},"end":{"line":7,"column":59}},"2":{"start":{"line":8,"column":8},"end":{"line":8,"column":53}},"3":{"start":{"line":10,"column":8},"end":{"line":10,"column":44}},"4":{"start":{"line":11,"column":8},"end":{"line":14,"column":10}},"5":{"start":{"line":3,"column":0},"end":{"line":3,"column":15}}},"fnMap":{"0":{"name":"default_1","decl":{"start":{"line":3,"column":20},"end":{"line":3,"column":null}},"loc":{"start":{"line":4,"column":36},"end":{"line":16,"column":1}}}},"branchMap":{},"s":{"0":2,"1":2,"2":1,"3":1,"4":1,"5":5},"f":{"0":2},"b":{}}
,"/Users/sushantyadav/Downloads/city-mall/product-store/apps/api-server/src/server/brands/controllers/updateBrand.ts": {"path":"/Users/sushantyadav/Downloads/city-mall/product-store/apps/api-server/src/server/brands/controllers/updateBrand.ts","statementMap":{"0":{"start":{"line":1,"column":0},"end":{"line":1,"column":29}},"1":{"start":{"line":5,"column":25},"end":{"line":8,"column":2}},"2":{"start":{"line":15,"column":4},"end":{"line":22,"column":null}},"3":{"start":{"line":16,"column":8},"end":{"line":16,"column":51}},"4":{"start":{"line":18,"column":8},"end":{"line":21,"column":10}},"5":{"start":{"line":24,"column":42},"end":{"line":24,"column":46}},"6":{"start":{"line":25,"column":4},"end":{"line":42,"column":null}},"7":{"start":{"line":26,"column":23},"end":{"line":33,"column":null}},"8":{"start":{"line":35,"column":8},"end":{"line":35,"column":53}},"9":{"start":{"line":37,"column":8},"end":{"line":37,"column":46}},"10":{"start":{"line":38,"column":8},"end":{"line":41,"column":10}},"11":{"start":{"line":10,"column":0},"end":{"line":10,"column":15}}},"fnMap":{"0":{"name":"default_1","decl":{"start":{"line":10,"column":20},"end":{"line":10,"column":null}},"loc":{"start":{"line":13,"column":13},"end":{"line":43,"column":1}}}},"branchMap":{},"s":{"0":5,"1":5,"2":6,"3":6,"4":3,"5":3,"6":3,"7":3,"8":1,"9":2,"10":2,"11":5},"f":{"0":6},"b":{}}
,"/Users/sushantyadav/Downloads/city-mall/product-store/apps/api-server/src/server/logs-api/index.ts": {"path":"/Users/sushantyadav/Downloads/city-mall/product-store/apps/api-server/src/server/logs-api/index.ts","statementMap":{"0":{"start":{"line":1,"column":0},"end":{"line":1,"column":30}},"1":{"start":{"line":2,"column":0},"end":{"line":2,"column":22}}},"fnMap":{},"branchMap":{},"s":{"0":4,"1":4},"f":{},"b":{}}
,"/Users/sushantyadav/Downloads/city-mall/product-store/apps/api-server/src/server/logs-api/router.ts": {"path":"/Users/sushantyadav/Downloads/city-mall/product-store/apps/api-server/src/server/logs-api/router.ts","statementMap":{"0":{"start":{"line":1,"column":0},"end":{"line":1,"column":null}},"1":{"start":{"line":8,"column":0},"end":{"line":8,"column":44}},"2":{"start":{"line":10,"column":15},"end":{"line":10,"column":31}},"3":{"start":{"line":12,"column":0},"end":{"line":17,"column":3}},"4":{"start":{"line":13,"column":17},"end":{"line":13,"column":41}},"5":{"start":{"line":14,"column":23},"end":{"line":14,"column":50}},"6":{"start":{"line":15,"column":4},"end":{"line":15,"column":39}},"7":{"start":{"line":16,"column":4},"end":{"line":16,"column":32}},"8":{"start":{"line":19,"column":0},"end":{"line":35,"column":3}},"9":{"start":{"line":20,"column":17},"end":{"line":20,"column":40}},"10":{"start":{"line":21,"column":18},"end":{"line":21,"column":42}},"11":{"start":{"line":22,"column":19},"end":{"line":22,"column":44}},"12":{"start":{"line":23,"column":17},"end":{"line":23,"column":30}},"13":{"start":{"line":24,"column":20},"end":{"line":24,"column":36}},"14":{"start":{"line":26,"column":23},"end":{"line":31,"column":null}},"15":{"start":{"line":33,"column":4},"end":{"line":33,"column":39}},"16":{"start":{"line":34,"column":4},"end":{"line":34,"column":32}},"17":{"start":{"line":37,"column":0},"end":{"line":42,"column":3}},"18":{"start":{"line":38,"column":20},"end":{"line":38,"column":47}},"19":{"start":{"line":39,"column":23},"end":{"line":39,"column":56}},"20":{"start":{"line":40,"column":4},"end":{"line":40,"column":39}},"21":{"start":{"line":41,"column":4},"end":{"line":41,"column":32}},"22":{"start":{"line":44,"column":0},"end":{"line":56,"column":3}},"23":{"start":{"line":45,"column":20},"end":{"line":45,"column":46}},"24":{"start":{"line":46,"column":18},"end":{"line":46,"column":42}},"25":{"start":{"line":47,"column":19},"end":{"line":47,"column":44}},"26":{"start":{"line":49,"column":23},"end":{"line":52,"column":null}},"27":{"start":{"line":54,"column":4},"end":{"line":54,"column":39}},"28":{"start":{"line":55,"column":4},"end":{"line":55,"column":32}},"29":{"start":{"line":58,"column":0},"end":{"line":63,"column":3}},"30":{"start":{"line":59,"column":17},"end":{"line":59,"column":41}},"31":{"start":{"line":60,"column":23},"end":{"line":60,"column":52}},"32":{"start":{"line":61,"column":4},"end":{"line":61,"column":39}},"33":{"start":{"line":62,"column":4},"end":{"line":62,"column":32}},"34":{"start":{"line":65,"column":0},"end":{"line":70,"column":3}},"35":{"start":{"line":66,"column":20},"end":{"line":66,"column":47}},"36":{"start":{"line":67,"column":23},"end":{"line":67,"column":58}},"37":{"start":{"line":68,"column":4},"end":{"line":68,"column":39}},"38":{"start":{"line":69,"column":4},"end":{"line":69,"column":32}},"39":{"start":{"line":72,"column":0},"end":{"line":88,"column":3}},"40":{"start":{"line":73,"column":19},"end":{"line":73,"column":44}},"41":{"start":{"line":74,"column":24},"end":{"line":74,"column":54}},"42":{"start":{"line":75,"column":20},"end":{"line":75,"column":46}},"43":{"start":{"line":76,"column":18},"end":{"line":76,"column":42}},"44":{"start":{"line":77,"column":19},"end":{"line":77,"column":44}},"45":{"start":{"line":79,"column":23},"end":{"line":84,"column":null}},"46":{"start":{"line":86,"column":4},"end":{"line":86,"column":39}},"47":{"start":{"line":87,"column":4},"end":{"line":87,"column":32}},"48":{"start":{"line":90,"column":26},"end":{"line":100,"column":1}},"49":{"start":{"line":94,"column":23},"end":{"line":94,"column":33}},"50":{"start":{"line":95,"column":4},"end":{"line":99,"column":null}},"51":{"start":{"line":96,"column":8},"end":{"line":96,"column":24}},"52":{"start":{"line":98,"column":8},"end":{"line":98,"column":24}},"53":{"start":{"line":102,"column":0},"end":{"line":102,"column":22}}},"fnMap":{"0":{"name":"(anonymous_1)","decl":{"start":{"line":12,"column":21},"end":{"line":12,"column":26}},"loc":{"start":{"line":12,"column":40},"end":{"line":17,"column":1}}},"1":{"name":"(anonymous_2)","decl":{"start":{"line":19,"column":22},"end":{"line":19,"column":27}},"loc":{"start":{"line":19,"column":41},"end":{"line":35,"column":1}}},"2":{"name":"(anonymous_3)","decl":{"start":{"line":37,"column":24},"end":{"line":37,"column":29}},"loc":{"start":{"line":37,"column":43},"end":{"line":42,"column":1}}},"3":{"name":"(anonymous_4)","decl":{"start":{"line":44,"column":25},"end":{"line":44,"column":30}},"loc":{"start":{"line":44,"column":44},"end":{"line":56,"column":1}}},"4":{"name":"(anonymous_5)","decl":{"start":{"line":58,"column":27},"end":{"line":58,"column":32}},"loc":{"start":{"line":58,"column":46},"end":{"line":63,"column":1}}},"5":{"name":"(anonymous_6)","decl":{"start":{"line":65,"column":30},"end":{"line":65,"column":35}},"loc":{"start":{"line":65,"column":49},"end":{"line":70,"column":1}}},"6":{"name":"(anonymous_7)","decl":{"start":{"line":72,"column":39},"end":{"line":72,"column":44}},"loc":{"start":{"line":72,"column":58},"end":{"line":88,"column":1}}},"7":{"name":"(anonymous_8)","decl":{"start":{"line":90,"column":26},"end":{"line":90,"column":null}},"loc":{"start":{"line":93,"column":4},"end":{"line":100,"column":1}}}},"branchMap":{"0":{"loc":{"start":{"line":95,"column":4},"end":{"line":99,"column":null}},"type":"if","locations":[{"start":{"line":95,"column":4},"end":{"line":99,"column":null}},{"start":{"line":97,"column":11},"end":{"line":99,"column":null}}]}},"s":{"0":4,"1":4,"2":4,"3":4,"4":0,"5":0,"6":0,"7":0,"8":4,"9":0,"10":0,"11":0,"12":0,"13":0,"14":0,"15":0,"16":0,"17":4,"18":0,"19":0,"20":0,"21":0,"22":4,"23":0,"24":0,"25":0,"26":0,"27":0,"28":0,"29":4,"30":0,"31":0,"32":0,"33":0,"34":4,"35":0,"36":0,"37":0,"38":0,"39":4,"40":0,"41":0,"42":0,"43":0,"44":0,"45":0,"46":0,"47":0,"48":4,"49":0,"50":0,"51":0,"52":0,"53":4},"f":{"0":0,"1":0,"2":0,"3":0,"4":0,"5":0,"6":0,"7":0},"b":{"0":[0,0]}}
,"/Users/sushantyadav/Downloads/city-mall/product-store/apps/api-server/src/server/meesho-store/index.ts": {"path":"/Users/sushantyadav/Downloads/city-mall/product-store/apps/api-server/src/server/meesho-store/index.ts","statementMap":{"0":{"start":{"line":1,"column":0},"end":{"line":1,"column":null}},"1":{"start":{"line":7,"column":0},"end":{"line":7,"column":35}},"2":{"start":{"line":9,"column":12},"end":{"line":9,"column":23}},"3":{"start":{"line":11,"column":46},"end":{"line":57,"column":1}},"4":{"start":{"line":15,"column":4},"end":{"line":18,"column":null}},"5":{"start":{"line":16,"column":8},"end":{"line":16,"column":79}},"6":{"start":{"line":17,"column":8},"end":{"line":17,"column":15}},"7":{"start":{"line":19,"column":4},"end":{"line":24,"column":null}},"8":{"start":{"line":20,"column":8},"end":{"line":22,"column":11}},"9":{"start":{"line":23,"column":8},"end":{"line":23,"column":15}},"10":{"start":{"line":25,"column":21},"end":{"line":25,"column":58}},"11":{"start":{"line":26,"column":23},"end":{"line":26,"column":62}},"12":{"start":{"line":28,"column":4},"end":{"line":36,"column":null}},"13":{"start":{"line":29,"column":8},"end":{"line":35,"column":null}},"14":{"start":{"line":30,"column":12},"end":{"line":30,"column":30}},"15":{"start":{"line":32,"column":12},"end":{"line":32,"column":54}},"16":{"start":{"line":33,"column":12},"end":{"line":33,"column":67}},"17":{"start":{"line":34,"column":12},"end":{"line":34,"column":19}},"18":{"start":{"line":38,"column":56},"end":{"line":47,"column":6}},"19":{"start":{"line":49,"column":19},"end":{"line":54,"column":null}},"20":{"start":{"line":56,"column":4},"end":{"line":56,"column":33}},"21":{"start":{"line":59,"column":0},"end":{"line":59,"column":53}}},"fnMap":{"0":{"name":"(anonymous_1)","decl":{"start":{"line":11,"column":46},"end":{"line":11,"column":51}},"loc":{"start":{"line":14,"column":4},"end":{"line":57,"column":1}}}},"branchMap":{"0":{"loc":{"start":{"line":15,"column":4},"end":{"line":18,"column":null}},"type":"if","locations":[{"start":{"line":15,"column":4},"end":{"line":18,"column":null}}]},"1":{"loc":{"start":{"line":15,"column":8},"end":{"line":15,"column":50}},"type":"binary-expr","locations":[{"start":{"line":15,"column":8},"end":{"line":15,"column":26}},{"start":{"line":15,"column":30},"end":{"line":15,"column":50}}]},"2":{"loc":{"start":{"line":19,"column":4},"end":{"line":24,"column":null}},"type":"if","locations":[{"start":{"line":19,"column":4},"end":{"line":24,"column":null}}]},"3":{"loc":{"start":{"line":19,"column":8},"end":{"line":19,"column":64}},"type":"binary-expr","locations":[{"start":{"line":19,"column":8},"end":{"line":19,"column":26}},{"start":{"line":19,"column":30},"end":{"line":19,"column":64}}]},"4":{"loc":{"start":{"line":25,"column":21},"end":{"line":25,"column":58}},"type":"binary-expr","locations":[{"start":{"line":25,"column":21},"end":{"line":25,"column":50}},{"start":{"line":25,"column":54},"end":{"line":25,"column":58}}]},"5":{"loc":{"start":{"line":26,"column":23},"end":{"line":26,"column":62}},"type":"binary-expr","locations":[{"start":{"line":26,"column":23},"end":{"line":26,"column":54}},{"start":{"line":26,"column":58},"end":{"line":26,"column":62}}]},"6":{"loc":{"start":{"line":28,"column":4},"end":{"line":36,"column":null}},"type":"if","locations":[{"start":{"line":28,"column":4},"end":{"line":36,"column":null}}]}},"s":{"0":4,"1":4,"2":4,"3":4,"4":0,"5":0,"6":0,"7":0,"8":0,"9":0,"10":0,"11":0,"12":0,"13":0,"14":0,"15":0,"16":0,"17":0,"18":0,"19":0,"20":0,"21":4},"f":{"0":0},"b":{"0":[0],"1":[0,0],"2":[0],"3":[0,0],"4":[0,0],"5":[0,0],"6":[0]}}
,"/Users/sushantyadav/Downloads/city-mall/product-store/apps/api-server/src/server/middlewares/addPrometheusExporter.ts": {"path":"/Users/sushantyadav/Downloads/city-mall/product-store/apps/api-server/src/server/middlewares/addPrometheusExporter.ts","statementMap":{"0":{"start":{"line":1,"column":0},"end":{"line":1,"column":52}},"1":{"start":{"line":4,"column":30},"end":{"line":15,"column":1}},"2":{"start":{"line":5,"column":4},"end":{"line":14,"column":6}},"3":{"start":{"line":17,"column":0},"end":{"line":17,"column":37}}},"fnMap":{"0":{"name":"(anonymous_1)","decl":{"start":{"line":4,"column":30},"end":{"line":4,"column":31}},"loc":{"start":{"line":4,"column":43},"end":{"line":15,"column":1}}}},"branchMap":{},"s":{"0":4,"1":4,"2":4,"3":4},"f":{"0":4},"b":{}}
,"/Users/sushantyadav/Downloads/city-mall/product-store/apps/api-server/src/server/middlewares/index.ts": {"path":"/Users/sushantyadav/Downloads/city-mall/product-store/apps/api-server/src/server/middlewares/index.ts","statementMap":{"0":{"start":{"line":1,"column":0},"end":{"line":1,"column":75}},"1":{"start":{"line":2,"column":0},"end":{"line":2,"column":47}},"2":{"start":{"line":3,"column":0},"end":{"line":3,"column":75}},"3":{"start":{"line":4,"column":29},"end":{"line":4,"column":34}},"4":{"start":{"line":6,"column":0},"end":{"line":10,"column":2}}},"fnMap":{},"branchMap":{},"s":{"0":4,"1":4,"2":4,"3":4,"4":4},"f":{},"b":{}}
,"/Users/sushantyadav/Downloads/city-mall/product-store/apps/api-server/src/server/middlewares/wrapExpressMiddleware.ts": {"path":"/Users/sushantyadav/Downloads/city-mall/product-store/apps/api-server/src/server/middlewares/wrapExpressMiddleware.ts","statementMap":{"0":{"start":{"line":14,"column":30},"end":{"line":62,"column":1}},"1":{"start":{"line":16,"column":18},"end":{"line":16,"column":53}},"2":{"start":{"line":18,"column":26},"end":{"line":18,"column":56}},"3":{"start":{"line":20,"column":4},"end":{"line":61,"column":6}},"4":{"start":{"line":25,"column":8},"end":{"line":58,"column":null}},"5":{"start":{"line":26,"column":12},"end":{"line":26,"column":34}},"6":{"start":{"line":27,"column":27},"end":{"line":27,"column":38}},"7":{"start":{"line":31,"column":12},"end":{"line":33,"column":null}},"8":{"start":{"line":32,"column":16},"end":{"line":32,"column":30}},"9":{"start":{"line":35,"column":12},"end":{"line":57,"column":14}},"10":{"start":{"line":42,"column":16},"end":{"line":56,"column":null}},"11":{"start":{"line":43,"column":30},"end":{"line":43,"column":59}},"12":{"start":{"line":46,"column":20},"end":{"line":50,"column":null}},"13":{"start":{"line":47,"column":24},"end":{"line":49,"column":27}},"14":{"start":{"line":48,"column":28},"end":{"line":48,"column":39}},"15":{"start":{"line":52,"column":20},"end":{"line":52,"column":29}},"16":{"start":{"line":54,"column":20},"end":{"line":54,"column":64}},"17":{"start":{"line":55,"column":20},"end":{"line":55,"column":29}},"18":{"start":{"line":60,"column":8},"end":{"line":60,"column":52}},"19":{"start":{"line":64,"column":0},"end":{"line":64,"column":37}}},"fnMap":{"0":{"name":"(anonymous_0)","decl":{"start":{"line":14,"column":30},"end":{"line":14,"column":33}},"loc":{"start":{"line":14,"column":35},"end":{"line":62,"column":1}}},"1":{"name":"(anonymous_1)","decl":{"start":{"line":20,"column":37},"end":{"line":20,"column":null}},"loc":{"start":{"line":23,"column":34},"end":{"line":61,"column":5}}},"2":{"name":"(anonymous_2)","decl":{"start":{"line":35,"column":26},"end":{"line":35,"column":null}},"loc":{"start":{"line":38,"column":43},"end":{"line":57,"column":13}}},"3":{"name":"(anonymous_3)","decl":{"start":{"line":47,"column":32},"end":{"line":47,"column":33}},"loc":{"start":{"line":47,"column":49},"end":{"line":49,"column":25}}}},"branchMap":{"0":{"loc":{"start":{"line":25,"column":8},"end":{"line":58,"column":null}},"type":"if","locations":[{"start":{"line":25,"column":8},"end":{"line":58,"column":null}}]},"1":{"loc":{"start":{"line":31,"column":12},"end":{"line":33,"column":null}},"type":"if","locations":[{"start":{"line":31,"column":12},"end":{"line":33,"column":null}}]},"2":{"loc":{"start":{"line":46,"column":20},"end":{"line":50,"column":null}},"type":"if","locations":[{"start":{"line":46,"column":20},"end":{"line":50,"column":null}}]},"3":{"loc":{"start":{"line":46,"column":24},"end":{"line":46,"column":36}},"type":"binary-expr","locations":[{"start":{"line":46,"column":24},"end":{"line":46,"column":25}},{"start":{"line":46,"column":29},"end":{"line":46,"column":36}}]}},"s":{"0":4,"1":4,"2":4,"3":4,"4":279,"5":67,"6":67,"7":67,"8":0,"9":67,"10":279,"11":279,"12":279,"13":20,"14":0,"15":279,"16":0,"17":0,"18":279,"19":4},"f":{"0":4,"1":279,"2":279,"3":0},"b":{"0":[67],"1":[0],"2":[20],"3":[279,20]}}
,"/Users/sushantyadav/Downloads/city-mall/product-store/apps/api-server/src/server/process-csv/index.ts": {"path":"/Users/sushantyadav/Downloads/city-mall/product-store/apps/api-server/src/server/process-csv/index.ts","statementMap":{"0":{"start":{"line":1,"column":0},"end":{"line":1,"column":40}},"1":{"start":{"line":2,"column":0},"end":{"line":2,"column":32}}},"fnMap":{},"branchMap":{},"s":{"0":4,"1":4},"f":{},"b":{}}
,"/Users/sushantyadav/Downloads/city-mall/product-store/apps/api-server/src/server/process-csv/router.ts": {"path":"/Users/sushantyadav/Downloads/city-mall/product-store/apps/api-server/src/server/process-csv/router.ts","statementMap":{"0":{"start":{"line":1,"column":0},"end":{"line":1,"column":63}},"1":{"start":{"line":2,"column":0},"end":{"line":2,"column":30}},"2":{"start":{"line":3,"column":0},"end":{"line":3,"column":82}},"3":{"start":{"line":4,"column":0},"end":{"line":4,"column":82}},"4":{"start":{"line":6,"column":15},"end":{"line":6,"column":31}},"5":{"start":{"line":8,"column":0},"end":{"line":28,"column":3}},"6":{"start":{"line":12,"column":8},"end":{"line":12,"column":21}},"7":{"start":{"line":14,"column":4},"end":{"line":27,"column":null}},"8":{"start":{"line":15,"column":26},"end":{"line":15,"column":65}},"9":{"start":{"line":16,"column":8},"end":{"line":22,"column":10}},"10":{"start":{"line":23,"column":8},"end":{"line":23,"column":28}},"11":{"start":{"line":25,"column":8},"end":{"line":25,"column":55}},"12":{"start":{"line":26,"column":8},"end":{"line":26,"column":53}},"13":{"start":{"line":30,"column":0},"end":{"line":42,"column":3}},"14":{"start":{"line":31,"column":4},"end":{"line":41,"column":null}},"15":{"start":{"line":32,"column":8},"end":{"line":36,"column":10}},"16":{"start":{"line":37,"column":8},"end":{"line":37,"column":28}},"17":{"start":{"line":39,"column":8},"end":{"line":39,"column":50}},"18":{"start":{"line":40,"column":8},"end":{"line":40,"column":53}},"19":{"start":{"line":44,"column":0},"end":{"line":44,"column":22}}},"fnMap":{"0":{"name":"(anonymous_1)","decl":{"start":{"line":8,"column":34},"end":{"line":8,"column":39}},"loc":{"start":{"line":8,"column":53},"end":{"line":28,"column":1}}},"1":{"name":"(anonymous_2)","decl":{"start":{"line":30,"column":27},"end":{"line":30,"column":32}},"loc":{"start":{"line":30,"column":46},"end":{"line":42,"column":1}}}},"branchMap":{},"s":{"0":4,"1":4,"2":4,"3":4,"4":4,"5":4,"6":0,"7":0,"8":0,"9":0,"10":0,"11":0,"12":0,"13":4,"14":0,"15":0,"16":0,"17":0,"18":0,"19":4},"f":{"0":0,"1":0},"b":{}}
,"/Users/sushantyadav/Downloads/city-mall/product-store/apps/api-server/src/server/process-csv/test/index.ts": {"path":"/Users/sushantyadav/Downloads/city-mall/product-store/apps/api-server/src/server/process-csv/test/index.ts","statementMap":{"0":{"start":{"line":1,"column":0},"end":{"line":1,"column":34}},"1":{"start":{"line":2,"column":0},"end":{"line":2,"column":26}}},"fnMap":{},"branchMap":{},"s":{"0":4,"1":4},"f":{},"b":{}}
,"/Users/sushantyadav/Downloads/city-mall/product-store/apps/api-server/src/server/process-csv/test/router.ts": {"path":"/Users/sushantyadav/Downloads/city-mall/product-store/apps/api-server/src/server/process-csv/test/router.ts","statementMap":{"0":{"start":{"line":1,"column":0},"end":{"line":1,"column":63}},"1":{"start":{"line":2,"column":0},"end":{"line":2,"column":30}},"2":{"start":{"line":3,"column":0},"end":{"line":3,"column":85}},"3":{"start":{"line":4,"column":0},"end":{"line":4,"column":85}},"4":{"start":{"line":6,"column":15},"end":{"line":6,"column":31}},"5":{"start":{"line":8,"column":0},"end":{"line":43,"column":3}},"6":{"start":{"line":9,"column":26},"end":{"line":9,"column":35}},"7":{"start":{"line":11,"column":4},"end":{"line":14,"column":null}},"8":{"start":{"line":12,"column":8},"end":{"line":12,"column":75}},"9":{"start":{"line":13,"column":8},"end":{"line":13,"column":15}},"10":{"start":{"line":16,"column":4},"end":{"line":19,"column":null}},"11":{"start":{"line":17,"column":8},"end":{"line":17,"column":76}},"12":{"start":{"line":18,"column":8},"end":{"line":18,"column":15}},"13":{"start":{"line":21,"column":4},"end":{"line":24,"column":null}},"14":{"start":{"line":22,"column":8},"end":{"line":22,"column":79}},"15":{"start":{"line":23,"column":8},"end":{"line":23,"column":15}},"16":{"start":{"line":26,"column":4},"end":{"line":42,"column":null}},"17":{"start":{"line":27,"column":8},"end":{"line":37,"column":10}},"18":{"start":{"line":38,"column":8},"end":{"line":38,"column":28}},"19":{"start":{"line":40,"column":8},"end":{"line":40,"column":59}},"20":{"start":{"line":41,"column":8},"end":{"line":41,"column":53}},"21":{"start":{"line":45,"column":0},"end":{"line":60,"column":3}},"22":{"start":{"line":46,"column":20},"end":{"line":46,"column":29}},"23":{"start":{"line":48,"column":4},"end":{"line":51,"column":null}},"24":{"start":{"line":49,"column":8},"end":{"line":49,"column":75}},"25":{"start":{"line":50,"column":8},"end":{"line":50,"column":15}},"26":{"start":{"line":53,"column":4},"end":{"line":59,"column":null}},"27":{"start":{"line":54,"column":8},"end":{"line":54,"column":66}},"28":{"start":{"line":55,"column":8},"end":{"line":55,"column":28}},"29":{"start":{"line":57,"column":8},"end":{"line":57,"column":55}},"30":{"start":{"line":58,"column":8},"end":{"line":58,"column":53}},"31":{"start":{"line":62,"column":0},"end":{"line":62,"column":22}}},"fnMap":{"0":{"name":"(anonymous_1)","decl":{"start":{"line":8,"column":33},"end":{"line":8,"column":38}},"loc":{"start":{"line":8,"column":52},"end":{"line":43,"column":1}}},"1":{"name":"(anonymous_2)","decl":{"start":{"line":45,"column":26},"end":{"line":45,"column":31}},"loc":{"start":{"line":45,"column":45},"end":{"line":60,"column":1}}}},"branchMap":{"0":{"loc":{"start":{"line":11,"column":4},"end":{"line":14,"column":null}},"type":"if","locations":[{"start":{"line":11,"column":4},"end":{"line":14,"column":null}}]},"1":{"loc":{"start":{"line":16,"column":4},"end":{"line":19,"column":null}},"type":"if","locations":[{"start":{"line":16,"column":4},"end":{"line":19,"column":null}}]},"2":{"loc":{"start":{"line":21,"column":4},"end":{"line":24,"column":null}},"type":"if","locations":[{"start":{"line":21,"column":4},"end":{"line":24,"column":null}}]},"3":{"loc":{"start":{"line":48,"column":4},"end":{"line":51,"column":null}},"type":"if","locations":[{"start":{"line":48,"column":4},"end":{"line":51,"column":null}}]}},"s":{"0":4,"1":4,"2":4,"3":4,"4":4,"5":4,"6":0,"7":0,"8":0,"9":0,"10":0,"11":0,"12":0,"13":0,"14":0,"15":0,"16":0,"17":0,"18":0,"19":0,"20":0,"21":4,"22":0,"23":0,"24":0,"25":0,"26":0,"27":0,"28":0,"29":0,"30":0,"31":4},"f":{"0":0,"1":0},"b":{"0":[0],"1":[0],"2":[0],"3":[0]}}
,"/Users/sushantyadav/Downloads/city-mall/product-store/apps/api-server/src/server/product-attributes/deleteProductAttributesHandler.ts": {"path":"/Users/sushantyadav/Downloads/city-mall/product-store/apps/api-server/src/server/product-attributes/deleteProductAttributesHandler.ts","statementMap":{"0":{"start":{"line":1,"column":0},"end":{"line":1,"column":null}},"1":{"start":{"line":6,"column":0},"end":{"line":6,"column":29}},"2":{"start":{"line":8,"column":25},"end":{"line":10,"column":2}},"3":{"start":{"line":12,"column":39},"end":{"line":28,"column":1}},"4":{"start":{"line":16,"column":4},"end":{"line":20,"column":null}},"5":{"start":{"line":17,"column":8},"end":{"line":17,"column":66}},"6":{"start":{"line":19,"column":8},"end":{"line":19,"column":63}},"7":{"start":{"line":22,"column":23},"end":{"line":22,"column":68}},"8":{"start":{"line":24,"column":4},"end":{"line":25,"column":25}},"9":{"start":{"line":24,"column":23},"end":{"line":24,"column":39}},"10":{"start":{"line":25,"column":9},"end":{"line":25,"column":25}},"11":{"start":{"line":27,"column":4},"end":{"line":27,"column":32}},"12":{"start":{"line":30,"column":0},"end":{"line":30,"column":46}}},"fnMap":{"0":{"name":"(anonymous_1)","decl":{"start":{"line":12,"column":39},"end":{"line":12,"column":44}},"loc":{"start":{"line":15,"column":4},"end":{"line":28,"column":1}}}},"branchMap":{"0":{"loc":{"start":{"line":24,"column":4},"end":{"line":25,"column":25}},"type":"if","locations":[{"start":{"line":24,"column":4},"end":{"line":25,"column":25}},{"start":{"line":25,"column":9},"end":{"line":25,"column":25}}]}},"s":{"0":4,"1":4,"2":4,"3":4,"4":0,"5":0,"6":0,"7":0,"8":0,"9":0,"10":0,"11":0,"12":4},"f":{"0":0},"b":{"0":[0,0]}}
,"/Users/sushantyadav/Downloads/city-mall/product-store/apps/api-server/src/server/product-attributes/getAllProductAttributesHandler.ts": {"path":"/Users/sushantyadav/Downloads/city-mall/product-store/apps/api-server/src/server/product-attributes/getAllProductAttributesHandler.ts","statementMap":{"0":{"start":{"line":2,"column":0},"end":{"line":2,"column":null}},"1":{"start":{"line":6,"column":0},"end":{"line":6,"column":29}},"2":{"start":{"line":15,"column":25},"end":{"line":20,"column":2}},"3":{"start":{"line":22,"column":39},"end":{"line":44,"column":1}},"4":{"start":{"line":24,"column":4},"end":{"line":28,"column":null}},"5":{"start":{"line":25,"column":8},"end":{"line":25,"column":75}},"6":{"start":{"line":27,"column":8},"end":{"line":27,"column":73}},"7":{"start":{"line":30,"column":55},"end":{"line":30,"column":71}},"8":{"start":{"line":32,"column":29},"end":{"line":36,"column":null}},"9":{"start":{"line":39,"column":4},"end":{"line":41,"column":25}},"10":{"start":{"line":39,"column":40},"end":{"line":39,"column":56}},"11":{"start":{"line":40,"column":9},"end":{"line":41,"column":25}},"12":{"start":{"line":40,"column":28},"end":{"line":40,"column":44}},"13":{"start":{"line":41,"column":9},"end":{"line":41,"column":25}},"14":{"start":{"line":43,"column":4},"end":{"line":43,"column":38}},"15":{"start":{"line":46,"column":0},"end":{"line":46,"column":46}}},"fnMap":{"0":{"name":"(anonymous_1)","decl":{"start":{"line":22,"column":39},"end":{"line":22,"column":44}},"loc":{"start":{"line":22,"column":77},"end":{"line":44,"column":1}}}},"branchMap":{"0":{"loc":{"start":{"line":39,"column":4},"end":{"line":41,"column":25}},"type":"if","locations":[{"start":{"line":39,"column":4},"end":{"line":41,"column":25}},{"start":{"line":40,"column":9},"end":{"line":41,"column":25}}]},"1":{"loc":{"start":{"line":39,"column":8},"end":{"line":39,"column":38}},"type":"binary-expr","locations":[{"start":{"line":39,"column":8},"end":{"line":39,"column":20}},{"start":{"line":39,"column":24},"end":{"line":39,"column":38}}]},"2":{"loc":{"start":{"line":40,"column":9},"end":{"line":41,"column":25}},"type":"if","locations":[{"start":{"line":40,"column":9},"end":{"line":41,"column":25}},{"start":{"line":41,"column":9},"end":{"line":41,"column":25}}]}},"s":{"0":4,"1":4,"2":4,"3":4,"4":0,"5":0,"6":0,"7":0,"8":0,"9":0,"10":0,"11":0,"12":0,"13":0,"14":0,"15":4},"f":{"0":0},"b":{"0":[0,0],"1":[0,0],"2":[0,0]}}
,"/Users/sushantyadav/Downloads/city-mall/product-store/apps/api-server/src/server/product-attributes/index.ts": {"path":"/Users/sushantyadav/Downloads/city-mall/product-store/apps/api-server/src/server/product-attributes/index.ts","statementMap":{"0":{"start":{"line":1,"column":0},"end":{"line":1,"column":30}},"1":{"start":{"line":2,"column":0},"end":{"line":2,"column":22}}},"fnMap":{},"branchMap":{},"s":{"0":4,"1":4},"f":{},"b":{}}
,"/Users/sushantyadav/Downloads/city-mall/product-store/apps/api-server/src/server/product-attributes/postProductAttributesHandler.ts": {"path":"/Users/sushantyadav/Downloads/city-mall/product-store/apps/api-server/src/server/product-attributes/postProductAttributesHandler.ts","statementMap":{"0":{"start":{"line":1,"column":0},"end":{"line":1,"column":null}},"1":{"start":{"line":5,"column":0},"end":{"line":5,"column":29}},"2":{"start":{"line":12,"column":25},"end":{"line":22,"column":2}},"3":{"start":{"line":24,"column":37},"end":{"line":40,"column":1}},"4":{"start":{"line":25,"column":4},"end":{"line":29,"column":null}},"5":{"start":{"line":26,"column":8},"end":{"line":26,"column":66}},"6":{"start":{"line":28,"column":8},"end":{"line":28,"column":73}},"7":{"start":{"line":31,"column":29},"end":{"line":33,"column":null}},"8":{"start":{"line":36,"column":4},"end":{"line":37,"column":25}},"9":{"start":{"line":36,"column":23},"end":{"line":36,"column":39}},"10":{"start":{"line":37,"column":9},"end":{"line":37,"column":25}},"11":{"start":{"line":39,"column":4},"end":{"line":39,"column":38}},"12":{"start":{"line":42,"column":0},"end":{"line":42,"column":44}}},"fnMap":{"0":{"name":"(anonymous_1)","decl":{"start":{"line":24,"column":37},"end":{"line":24,"column":42}},"loc":{"start":{"line":24,"column":66},"end":{"line":40,"column":1}}}},"branchMap":{"0":{"loc":{"start":{"line":36,"column":4},"end":{"line":37,"column":25}},"type":"if","locations":[{"start":{"line":36,"column":4},"end":{"line":37,"column":25}},{"start":{"line":37,"column":9},"end":{"line":37,"column":25}}]}},"s":{"0":4,"1":4,"2":4,"3":4,"4":0,"5":0,"6":0,"7":0,"8":0,"9":0,"10":0,"11":0,"12":4},"f":{"0":0},"b":{"0":[0,0]}}
,"/Users/sushantyadav/Downloads/city-mall/product-store/apps/api-server/src/server/product-attributes/putProductAttributesHandler.ts": {"path":"/Users/sushantyadav/Downloads/city-mall/product-store/apps/api-server/src/server/product-attributes/putProductAttributesHandler.ts","statementMap":{"0":{"start":{"line":1,"column":0},"end":{"line":1,"column":null}},"1":{"start":{"line":5,"column":0},"end":{"line":5,"column":29}},"2":{"start":{"line":12,"column":25},"end":{"line":22,"column":2}},"3":{"start":{"line":24,"column":36},"end":{"line":40,"column":1}},"4":{"start":{"line":25,"column":4},"end":{"line":29,"column":null}},"5":{"start":{"line":26,"column":8},"end":{"line":26,"column":66}},"6":{"start":{"line":28,"column":8},"end":{"line":28,"column":73}},"7":{"start":{"line":31,"column":29},"end":{"line":33,"column":null}},"8":{"start":{"line":36,"column":4},"end":{"line":37,"column":25}},"9":{"start":{"line":36,"column":23},"end":{"line":36,"column":39}},"10":{"start":{"line":37,"column":9},"end":{"line":37,"column":25}},"11":{"start":{"line":39,"column":4},"end":{"line":39,"column":38}},"12":{"start":{"line":42,"column":0},"end":{"line":42,"column":43}}},"fnMap":{"0":{"name":"(anonymous_1)","decl":{"start":{"line":24,"column":36},"end":{"line":24,"column":41}},"loc":{"start":{"line":24,"column":65},"end":{"line":40,"column":1}}}},"branchMap":{"0":{"loc":{"start":{"line":36,"column":4},"end":{"line":37,"column":25}},"type":"if","locations":[{"start":{"line":36,"column":4},"end":{"line":37,"column":25}},{"start":{"line":37,"column":9},"end":{"line":37,"column":25}}]}},"s":{"0":4,"1":4,"2":4,"3":4,"4":0,"5":0,"6":0,"7":0,"8":0,"9":0,"10":0,"11":0,"12":4},"f":{"0":0},"b":{"0":[0,0]}}
,"/Users/sushantyadav/Downloads/city-mall/product-store/apps/api-server/src/server/product-attributes/router.ts": {"path":"/Users/sushantyadav/Downloads/city-mall/product-store/apps/api-server/src/server/product-attributes/router.ts","statementMap":{"0":{"start":{"line":1,"column":0},"end":{"line":1,"column":30}},"1":{"start":{"line":2,"column":0},"end":{"line":2,"column":78}},"2":{"start":{"line":3,"column":0},"end":{"line":3,"column":78}},"3":{"start":{"line":4,"column":0},"end":{"line":4,"column":73}},"4":{"start":{"line":5,"column":0},"end":{"line":5,"column":71}},"5":{"start":{"line":7,"column":15},"end":{"line":7,"column":31}},"6":{"start":{"line":9,"column":0},"end":{"line":9,"column":48}},"7":{"start":{"line":11,"column":0},"end":{"line":11,"column":46}},"8":{"start":{"line":13,"column":0},"end":{"line":13,"column":44}},"9":{"start":{"line":15,"column":0},"end":{"line":15,"column":51}},"10":{"start":{"line":17,"column":0},"end":{"line":17,"column":22}}},"fnMap":{},"branchMap":{},"s":{"0":4,"1":4,"2":4,"3":4,"4":4,"5":4,"6":4,"7":4,"8":4,"9":4,"10":4},"f":{},"b":{}}
,"/Users/sushantyadav/Downloads/city-mall/product-store/apps/api-server/src/server/product-master/getProductMasterDiff.ts": {"path":"/Users/sushantyadav/Downloads/city-mall/product-store/apps/api-server/src/server/product-master/getProductMasterDiff.ts","statementMap":{"0":{"start":{"line":1,"column":0},"end":{"line":1,"column":23}},"1":{"start":{"line":2,"column":0},"end":{"line":2,"column":null}},"2":{"start":{"line":9,"column":0},"end":{"line":9,"column":47}},"3":{"start":{"line":10,"column":0},"end":{"line":10,"column":35}},"4":{"start":{"line":23,"column":12},"end":{"line":23,"column":23}},"5":{"start":{"line":29,"column":26},"end":{"line":29,"column":54}},"6":{"start":{"line":30,"column":19},"end":{"line":30,"column":58}},"7":{"start":{"line":32,"column":17},"end":{"line":32,"column":79}},"8":{"start":{"line":32,"column":45},"end":{"line":32,"column":78}},"9":{"start":{"line":33,"column":18},"end":{"line":33,"column":73}},"10":{"start":{"line":33,"column":39},"end":{"line":33,"column":72}},"11":{"start":{"line":35,"column":33},"end":{"line":35,"column":35}},"12":{"start":{"line":37,"column":4},"end":{"line":88,"column":null}},"13":{"start":{"line":38,"column":24},"end":{"line":38,"column":33}},"14":{"start":{"line":39,"column":19},"end":{"line":39,"column":29}},"15":{"start":{"line":41,"column":8},"end":{"line":54,"column":null}},"16":{"start":{"line":52,"column":12},"end":{"line":52,"column":54}},"17":{"start":{"line":52,"column":25},"end":{"line":52,"column":54}},"18":{"start":{"line":53,"column":12},"end":{"line":53,"column":44}},"19":{"start":{"line":53,"column":20},"end":{"line":53,"column":44}},"20":{"start":{"line":56,"column":48},"end":{"line":56,"column":72}},"21":{"start":{"line":57,"column":46},"end":{"line":57,"column":70}},"22":{"start":{"line":58,"column":8},"end":{"line":78,"column":null}},"23":{"start":{"line":59,"column":12},"end":{"line":77,"column":null}},"24":{"start":{"line":75,"column":16},"end":{"line":75,"column":59}},"25":{"start":{"line":76,"column":16},"end":{"line":76,"column":57}},"26":{"start":{"line":80,"column":8},"end":{"line":87,"column":null}},"27":{"start":{"line":81,"column":12},"end":{"line":85,"column":15}},"28":{"start":{"line":90,"column":4},"end":{"line":90,"column":23}},"29":{"start":{"line":25,"column":0},"end":{"line":25,"column":7}},"30":{"start":{"line":97,"column":4},"end":{"line":97,"column":37}},"31":{"start":{"line":97,"column":27},"end":{"line":97,"column":37}},"32":{"start":{"line":98,"column":19},"end":{"line":104,"column":6}},"33":{"start":{"line":106,"column":4},"end":{"line":112,"column":null}},"34":{"start":{"line":107,"column":8},"end":{"line":111,"column":null}},"35":{"start":{"line":108,"column":12},"end":{"line":110,"column":null}},"36":{"start":{"line":109,"column":16},"end":{"line":109,"column":64}},"37":{"start":{"line":114,"column":4},"end":{"line":114,"column":18}},"38":{"start":{"line":118,"column":4},"end":{"line":118,"column":37}},"39":{"start":{"line":118,"column":27},"end":{"line":118,"column":37}},"40":{"start":{"line":119,"column":19},"end":{"line":125,"column":6}},"41":{"start":{"line":126,"column":4},"end":{"line":126,"column":18}},"42":{"start":{"line":117,"column":0},"end":{"line":117,"column":7}},"43":{"start":{"line":130,"column":19},"end":{"line":284,"column":6}},"44":{"start":{"line":286,"column":4},"end":{"line":292,"column":null}},"45":{"start":{"line":287,"column":8},"end":{"line":291,"column":null}},"46":{"start":{"line":288,"column":12},"end":{"line":290,"column":null}},"47":{"start":{"line":289,"column":16},"end":{"line":289,"column":64}},"48":{"start":{"line":294,"column":4},"end":{"line":294,"column":18}},"49":{"start":{"line":297,"column":36},"end":{"line":461,"column":2}},"50":{"start":{"line":302,"column":5},"end":{"line":461,"column":2}},"51":{"start":{"line":463,"column":37},"end":{"line":463,"column":46}},"52":{"start":{"line":471,"column":4},"end":{"line":473,"column":null}},"53":{"start":{"line":472,"column":8},"end":{"line":472,"column":18}},"54":{"start":{"line":474,"column":18},"end":{"line":474,"column":51}},"55":{"start":{"line":475,"column":4},"end":{"line":496,"column":7}},"56":{"start":{"line":476,"column":23},"end":{"line":478,"column":null}},"57":{"start":{"line":480,"column":8},"end":{"line":494,"column":11}},"58":{"start":{"line":481,"column":12},"end":{"line":493,"column":14}},"59":{"start":{"line":486,"column":28},"end":{"line":487,"column":null}},"60":{"start":{"line":495,"column":8},"end":{"line":495,"column":22}},"61":{"start":{"line":465,"column":0},"end":{"line":465,"column":7}}},"fnMap":{"0":{"name":"getProductMasterdiff","decl":{"start":{"line":25,"column":22},"end":{"line":25,"column":42}},"loc":{"start":{"line":27,"column":35},"end":{"line":91,"column":1}}},"1":{"name":"(anonymous_2)","decl":{"start":{"line":32,"column":40},"end":{"line":32,"column":41}},"loc":{"start":{"line":32,"column":45},"end":{"line":32,"column":78}}},"2":{"name":"(anonymous_3)","decl":{"start":{"line":33,"column":34},"end":{"line":33,"column":35}},"loc":{"start":{"line":33,"column":39},"end":{"line":33,"column":72}}},"3":{"name":"getProductMasterRows","decl":{"start":{"line":93,"column":15},"end":{"line":93,"column":35}},"loc":{"start":{"line":95,"column":35},"end":{"line":115,"column":1}}},"4":{"name":"getProductRows","decl":{"start":{"line":117,"column":22},"end":{"line":117,"column":36}},"loc":{"start":{"line":117,"column":58},"end":{"line":127,"column":1}}},"5":{"name":"getGeneratedRows","decl":{"start":{"line":129,"column":15},"end":{"line":129,"column":31}},"loc":{"start":{"line":129,"column":53},"end":{"line":295,"column":1}}},"6":{"name":"(anonymous_7)","decl":{"start":{"line":297,"column":36},"end":{"line":297,"column":null}},"loc":{"start":{"line":302,"column":5},"end":{"line":461,"column":2}}},"7":{"name":"insertIntoProductMaster","decl":{"start":{"line":465,"column":22},"end":{"line":465,"column":45}},"loc":{"start":{"line":469,"column":7},"end":{"line":497,"column":1}}},"8":{"name":"(anonymous_9)","decl":{"start":{"line":475,"column":35},"end":{"line":475,"column":40}},"loc":{"start":{"line":475,"column":45},"end":{"line":496,"column":5}}},"9":{"name":"(anonymous_10)","decl":{"start":{"line":480,"column":23},"end":{"line":480,"column":28}},"loc":{"start":{"line":480,"column":33},"end":{"line":494,"column":9}}},"10":{"name":"(anonymous_11)","decl":{"start":{"line":485,"column":24},"end":{"line":485,"column":26}},"loc":{"start":{"line":486,"column":28},"end":{"line":487,"column":null}}}},"branchMap":{"0":{"loc":{"start":{"line":52,"column":12},"end":{"line":52,"column":54}},"type":"if","locations":[{"start":{"line":52,"column":12},"end":{"line":52,"column":54}}]},"1":{"loc":{"start":{"line":53,"column":12},"end":{"line":53,"column":44}},"type":"if","locations":[{"start":{"line":53,"column":12},"end":{"line":53,"column":44}}]},"2":{"loc":{"start":{"line":59,"column":12},"end":{"line":77,"column":null}},"type":"if","locations":[{"start":{"line":59,"column":12},"end":{"line":77,"column":null}}]},"3":{"loc":{"start":{"line":60,"column":16},"end":{"line":73,"column":69}},"type":"binary-expr","locations":[{"start":{"line":60,"column":16},"end":{"line":60,"column":22}},{"start":{"line":61,"column":16},"end":{"line":61,"column":20}},{"start":{"line":62,"column":18},"end":{"line":62,"column":62}},{"start":{"line":63,"column":20},"end":{"line":63,"column":60}},{"start":{"line":64,"column":21},"end":{"line":64,"column":63}},{"start":{"line":65,"column":24},"end":{"line":65,"column":66}},{"start":{"line":66,"column":21},"end":{"line":66,"column":64}},{"start":{"line":67,"column":24},"end":{"line":67,"column":66}},{"start":{"line":68,"column":21},"end":{"line":68,"column":65}},{"start":{"line":69,"column":24},"end":{"line":69,"column":65}},{"start":{"line":70,"column":21},"end":{"line":70,"column":66}},{"start":{"line":71,"column":24},"end":{"line":71,"column":66}},{"start":{"line":72,"column":21},"end":{"line":72,"column":65}},{"start":{"line":73,"column":24},"end":{"line":73,"column":67}}]},"4":{"loc":{"start":{"line":80,"column":8},"end":{"line":87,"column":null}},"type":"if","locations":[{"start":{"line":80,"column":8},"end":{"line":87,"column":null}}]},"5":{"loc":{"start":{"line":80,"column":12},"end":{"line":80,"column":74}},"type":"binary-expr","locations":[{"start":{"line":80,"column":12},"end":{"line":80,"column":42}},{"start":{"line":80,"column":46},"end":{"line":80,"column":74}}]},"6":{"loc":{"start":{"line":97,"column":4},"end":{"line":97,"column":37}},"type":"if","locations":[{"start":{"line":97,"column":4},"end":{"line":97,"column":37}}]},"7":{"loc":{"start":{"line":108,"column":12},"end":{"line":110,"column":null}},"type":"if","locations":[{"start":{"line":108,"column":12},"end":{"line":110,"column":null}}]},"8":{"loc":{"start":{"line":118,"column":4},"end":{"line":118,"column":37}},"type":"if","locations":[{"start":{"line":118,"column":4},"end":{"line":118,"column":37}}]},"9":{"loc":{"start":{"line":288,"column":12},"end":{"line":290,"column":null}},"type":"if","locations":[{"start":{"line":288,"column":12},"end":{"line":290,"column":null}}]},"10":{"loc":{"start":{"line":471,"column":4},"end":{"line":473,"column":null}},"type":"if","locations":[{"start":{"line":471,"column":4},"end":{"line":473,"column":null}}]}},"s":{"0":4,"1":4,"2":4,"3":4,"4":4,"5":0,"6":0,"7":0,"8":0,"9":0,"10":0,"11":0,"12":0,"13":0,"14":0,"15":0,"16":0,"17":0,"18":0,"19":0,"20":0,"21":0,"22":0,"23":0,"24":0,"25":0,"26":0,"27":0,"28":0,"29":4,"30":0,"31":0,"32":0,"33":0,"34":0,"35":0,"36":0,"37":0,"38":0,"39":0,"40":0,"41":0,"42":4,"43":0,"44":0,"45":0,"46":0,"47":0,"48":0,"49":4,"50":0,"51":4,"52":0,"53":0,"54":0,"55":0,"56":0,"57":0,"58":0,"59":0,"60":0,"61":4},"f":{"0":0,"1":0,"2":0,"3":0,"4":0,"5":0,"6":0,"7":0,"8":0,"9":0,"10":0},"b":{"0":[0],"1":[0],"2":[0],"3":[0,0,0,0,0,0,0,0,0,0,0,0,0,0],"4":[0],"5":[0,0],"6":[0],"7":[0],"8":[0],"9":[0],"10":[0]}}
,"/Users/sushantyadav/Downloads/city-mall/product-store/apps/api-server/src/server/product-master/index.ts": {"path":"/Users/sushantyadav/Downloads/city-mall/product-store/apps/api-server/src/server/product-master/index.ts","statementMap":{"0":{"start":{"line":1,"column":0},"end":{"line":1,"column":42}},"1":{"start":{"line":2,"column":0},"end":{"line":2,"column":null}},"2":{"start":{"line":8,"column":0},"end":{"line":8,"column":null}},"3":{"start":{"line":16,"column":0},"end":{"line":16,"column":23}},"4":{"start":{"line":18,"column":15},"end":{"line":18,"column":23}},"5":{"start":{"line":20,"column":0},"end":{"line":188,"column":3}},"6":{"start":{"line":21,"column":19},"end":{"line":24,"column":6}},"7":{"start":{"line":25,"column":4},"end":{"line":28,"column":null}},"8":{"start":{"line":26,"column":8},"end":{"line":26,"column":25}},"9":{"start":{"line":27,"column":8},"end":{"line":27,"column":15}},"10":{"start":{"line":30,"column":29},"end":{"line":35,"column":11}},"11":{"start":{"line":31,"column":21},"end":{"line":31,"column":38}},"12":{"start":{"line":32,"column":20},"end":{"line":35,"column":10}},"13":{"start":{"line":36,"column":30},"end":{"line":41,"column":11}},"14":{"start":{"line":37,"column":21},"end":{"line":37,"column":38}},"15":{"start":{"line":38,"column":20},"end":{"line":41,"column":10}},"16":{"start":{"line":42,"column":26},"end":{"line":44,"column":null}},"17":{"start":{"line":44,"column":14},"end":{"line":44,"column":49}},"18":{"start":{"line":47,"column":25},"end":{"line":47,"column":69}},"19":{"start":{"line":48,"column":4},"end":{"line":49,"column":63}},"20":{"start":{"line":49,"column":8},"end":{"line":49,"column":63}},"21":{"start":{"line":51,"column":4},"end":{"line":58,"column":6}},"22":{"start":{"line":53,"column":12},"end":{"line":56,"column":null}},"23":{"start":{"line":55,"column":20},"end":{"line":56,"column":58}},"24":{"start":{"line":60,"column":25},"end":{"line":80,"column":null}},"25":{"start":{"line":63,"column":16},"end":{"line":76,"column":null}},"26":{"start":{"line":64,"column":20},"end":{"line":76,"column":34}},"27":{"start":{"line":79,"column":24},"end":{"line":79,"column":70}},"28":{"start":{"line":80,"column":14},"end":{"line":80,"column":23}},"29":{"start":{"line":83,"column":47},"end":{"line":83,"column":49}},"30":{"start":{"line":85,"column":4},"end":{"line":159,"column":null}},"31":{"start":{"line":86,"column":8},"end":{"line":158,"column":47}},"32":{"start":{"line":87,"column":52},"end":{"line":152,"column":14}},"33":{"start":{"line":155,"column":20},"end":{"line":156,"column":36}},"34":{"start":{"line":158,"column":27},"end":{"line":158,"column":45}},"35":{"start":{"line":161,"column":24},"end":{"line":161,"column":54}},"36":{"start":{"line":162,"column":4},"end":{"line":180,"column":null}},"37":{"start":{"line":163,"column":8},"end":{"line":179,"column":47}},"38":{"start":{"line":164,"column":49},"end":{"line":178,"column":14}},"39":{"start":{"line":179,"column":27},"end":{"line":179,"column":45}},"40":{"start":{"line":181,"column":4},"end":{"line":185,"column":10}},"41":{"start":{"line":182,"column":8},"end":{"line":185,"column":10}},"42":{"start":{"line":186,"column":4},"end":{"line":186,"column":71}},"43":{"start":{"line":187,"column":4},"end":{"line":187,"column":11}},"44":{"start":{"line":190,"column":0},"end":{"line":190,"column":22}}},"fnMap":{"0":{"name":"(anonymous_1)","decl":{"start":{"line":20,"column":20},"end":{"line":20,"column":25}},"loc":{"start":{"line":20,"column":74},"end":{"line":188,"column":1}}},"1":{"name":"(anonymous_2)","decl":{"start":{"line":31,"column":16},"end":{"line":31,"column":17}},"loc":{"start":{"line":31,"column":21},"end":{"line":31,"column":38}}},"2":{"name":"(anonymous_3)","decl":{"start":{"line":32,"column":13},"end":{"line":32,"column":15}},"loc":{"start":{"line":32,"column":20},"end":{"line":35,"column":10}}},"3":{"name":"(anonymous_4)","decl":{"start":{"line":37,"column":16},"end":{"line":37,"column":17}},"loc":{"start":{"line":37,"column":21},"end":{"line":37,"column":38}}},"4":{"name":"(anonymous_5)","decl":{"start":{"line":38,"column":13},"end":{"line":38,"column":15}},"loc":{"start":{"line":38,"column":20},"end":{"line":41,"column":10}}},"5":{"name":"(anonymous_6)","decl":{"start":{"line":44,"column":8},"end":{"line":44,"column":10}},"loc":{"start":{"line":44,"column":14},"end":{"line":44,"column":49}}},"6":{"name":"(anonymous_7)","decl":{"start":{"line":52,"column":8},"end":{"line":52,"column":10}},"loc":{"start":{"line":53,"column":12},"end":{"line":56,"column":null}}},"7":{"name":"(anonymous_8)","decl":{"start":{"line":54,"column":16},"end":{"line":54,"column":17}},"loc":{"start":{"line":55,"column":20},"end":{"line":56,"column":58}}},"8":{"name":"(anonymous_9)","decl":{"start":{"line":62,"column":20},"end":{"line":62,"column":21}},"loc":{"start":{"line":63,"column":16},"end":{"line":76,"column":null}}},"9":{"name":"(anonymous_10)","decl":{"start":{"line":63,"column":43},"end":{"line":63,"column":45}},"loc":{"start":{"line":64,"column":20},"end":{"line":76,"column":34}}},"10":{"name":"(anonymous_11)","decl":{"start":{"line":79,"column":17},"end":{"line":79,"column":19}},"loc":{"start":{"line":79,"column":24},"end":{"line":79,"column":70}}},"11":{"name":"(anonymous_12)","decl":{"start":{"line":80,"column":8},"end":{"line":80,"column":10}},"loc":{"start":{"line":80,"column":14},"end":{"line":80,"column":23}}},"12":{"name":"(anonymous_13)","decl":{"start":{"line":87,"column":46},"end":{"line":87,"column":48}},"loc":{"start":{"line":87,"column":52},"end":{"line":152,"column":14}}},"13":{"name":"(anonymous_14)","decl":{"start":{"line":154,"column":16},"end":{"line":154,"column":18}},"loc":{"start":{"line":155,"column":20},"end":{"line":156,"column":36}}},"14":{"name":"(anonymous_15)","decl":{"start":{"line":158,"column":21},"end":{"line":158,"column":23}},"loc":{"start":{"line":158,"column":27},"end":{"line":158,"column":45}}},"15":{"name":"(anonymous_16)","decl":{"start":{"line":164,"column":42},"end":{"line":164,"column":44}},"loc":{"start":{"line":164,"column":49},"end":{"line":178,"column":14}}},"16":{"name":"(anonymous_17)","decl":{"start":{"line":179,"column":21},"end":{"line":179,"column":23}},"loc":{"start":{"line":179,"column":27},"end":{"line":179,"column":45}}}},"branchMap":{"0":{"loc":{"start":{"line":25,"column":4},"end":{"line":28,"column":null}},"type":"if","locations":[{"start":{"line":25,"column":4},"end":{"line":28,"column":null}}]},"1":{"loc":{"start":{"line":48,"column":4},"end":{"line":49,"column":63}},"type":"if","locations":[{"start":{"line":48,"column":4},"end":{"line":49,"column":63}}]},"2":{"loc":{"start":{"line":55,"column":20},"end":{"line":56,"column":58}},"type":"binary-expr","locations":[{"start":{"line":55,"column":20},"end":{"line":55,"column":42}},{"start":{"line":56,"column":20},"end":{"line":56,"column":58}}]},"3":{"loc":{"start":{"line":85,"column":4},"end":{"line":159,"column":null}},"type":"if","locations":[{"start":{"line":85,"column":4},"end":{"line":159,"column":null}}]},"4":{"loc":{"start":{"line":162,"column":4},"end":{"line":180,"column":null}},"type":"if","locations":[{"start":{"line":162,"column":4},"end":{"line":180,"column":null}}]},"5":{"loc":{"start":{"line":181,"column":4},"end":{"line":185,"column":10}},"type":"if","locations":[{"start":{"line":181,"column":4},"end":{"line":185,"column":10}}]}},"s":{"0":4,"1":4,"2":4,"3":4,"4":4,"5":4,"6":0,"7":0,"8":0,"9":0,"10":0,"11":0,"12":0,"13":0,"14":0,"15":0,"16":0,"17":0,"18":0,"19":0,"20":0,"21":0,"22":0,"23":0,"24":0,"25":0,"26":0,"27":0,"28":0,"29":0,"30":0,"31":0,"32":0,"33":0,"34":0,"35":0,"36":0,"37":0,"38":0,"39":0,"40":0,"41":0,"42":0,"43":0,"44":4},"f":{"0":0,"1":0,"2":0,"3":0,"4":0,"5":0,"6":0,"7":0,"8":0,"9":0,"10":0,"11":0,"12":0,"13":0,"14":0,"15":0,"16":0},"b":{"0":[0],"1":[0],"2":[0,0],"3":[0],"4":[0],"5":[0]}}
,"/Users/sushantyadav/Downloads/city-mall/product-store/apps/api-server/src/server/product-media/index.ts": {"path":"/Users/sushantyadav/Downloads/city-mall/product-store/apps/api-server/src/server/product-media/index.ts","statementMap":{"0":{"start":{"line":1,"column":0},"end":{"line":1,"column":42}},"1":{"start":{"line":2,"column":0},"end":{"line":2,"column":34}}},"fnMap":{},"branchMap":{},"s":{"0":4,"1":4},"f":{},"b":{}}
,"/Users/sushantyadav/Downloads/city-mall/product-store/apps/api-server/src/server/product-media/router.ts": {"path":"/Users/sushantyadav/Downloads/city-mall/product-store/apps/api-server/src/server/product-media/router.ts","statementMap":{"0":{"start":{"line":1,"column":0},"end":{"line":1,"column":70}},"1":{"start":{"line":2,"column":0},"end":{"line":2,"column":30}},"2":{"start":{"line":3,"column":0},"end":{"line":3,"column":null}},"3":{"start":{"line":9,"column":15},"end":{"line":9,"column":31}},"4":{"start":{"line":11,"column":0},"end":{"line":69,"column":3}},"5":{"start":{"line":12,"column":4},"end":{"line":25,"column":null}},"6":{"start":{"line":22,"column":8},"end":{"line":24,"column":11}},"7":{"start":{"line":26,"column":31},"end":{"line":26,"column":39}},"8":{"start":{"line":27,"column":21},"end":{"line":27,"column":79}},"9":{"start":{"line":29,"column":4},"end":{"line":34,"column":null}},"10":{"start":{"line":30,"column":8},"end":{"line":32,"column":11}},"11":{"start":{"line":33,"column":8},"end":{"line":33,"column":25}},"12":{"start":{"line":36,"column":19},"end":{"line":42,"column":null}},"13":{"start":{"line":44,"column":4},"end":{"line":48,"column":null}},"14":{"start":{"line":45,"column":8},"end":{"line":47,"column":11}},"15":{"start":{"line":49,"column":4},"end":{"line":49,"column":21}},"16":{"start":{"line":51,"column":15},"end":{"line":51,"column":25}},"17":{"start":{"line":52,"column":4},"end":{"line":65,"column":7}},"18":{"start":{"line":66,"column":15},"end":{"line":66,"column":25}},"19":{"start":{"line":67,"column":4},"end":{"line":67,"column":71}},"20":{"start":{"line":68,"column":4},"end":{"line":68,"column":11}},"21":{"start":{"line":71,"column":0},"end":{"line":120,"column":3}},"22":{"start":{"line":72,"column":4},"end":{"line":85,"column":null}},"23":{"start":{"line":81,"column":8},"end":{"line":83,"column":11}},"24":{"start":{"line":84,"column":8},"end":{"line":84,"column":15}},"25":{"start":{"line":86,"column":31},"end":{"line":86,"column":39}},"26":{"start":{"line":87,"column":19},"end":{"line":92,"column":null}},"27":{"start":{"line":94,"column":4},"end":{"line":99,"column":null}},"28":{"start":{"line":95,"column":8},"end":{"line":97,"column":11}},"29":{"start":{"line":98,"column":8},"end":{"line":98,"column":15}},"30":{"start":{"line":100,"column":4},"end":{"line":100,"column":21}},"31":{"start":{"line":103,"column":15},"end":{"line":103,"column":25}},"32":{"start":{"line":104,"column":4},"end":{"line":117,"column":7}},"33":{"start":{"line":118,"column":15},"end":{"line":118,"column":25}},"34":{"start":{"line":119,"column":4},"end":{"line":119,"column":71}},"35":{"start":{"line":122,"column":0},"end":{"line":174,"column":3}},"36":{"start":{"line":123,"column":4},"end":{"line":134,"column":null}},"37":{"start":{"line":130,"column":8},"end":{"line":132,"column":11}},"38":{"start":{"line":133,"column":8},"end":{"line":133,"column":15}},"39":{"start":{"line":136,"column":31},"end":{"line":136,"column":39}},"40":{"start":{"line":137,"column":4},"end":{"line":145,"column":null}},"41":{"start":{"line":138,"column":8},"end":{"line":138,"column":78}},"42":{"start":{"line":140,"column":8},"end":{"line":140,"column":53}},"43":{"start":{"line":141,"column":8},"end":{"line":143,"column":11}},"44":{"start":{"line":144,"column":8},"end":{"line":144,"column":15}},"45":{"start":{"line":147,"column":4},"end":{"line":151,"column":6}},"46":{"start":{"line":152,"column":4},"end":{"line":154,"column":7}},"47":{"start":{"line":157,"column":15},"end":{"line":157,"column":25}},"48":{"start":{"line":158,"column":4},"end":{"line":171,"column":7}},"49":{"start":{"line":172,"column":15},"end":{"line":172,"column":25}},"50":{"start":{"line":173,"column":4},"end":{"line":173,"column":71}},"51":{"start":{"line":176,"column":0},"end":{"line":176,"column":22}}},"fnMap":{"0":{"name":"(anonymous_1)","decl":{"start":{"line":11,"column":21},"end":{"line":11,"column":26}},"loc":{"start":{"line":11,"column":40},"end":{"line":69,"column":1}}},"1":{"name":"(anonymous_2)","decl":{"start":{"line":71,"column":20},"end":{"line":71,"column":25}},"loc":{"start":{"line":71,"column":39},"end":{"line":120,"column":1}}},"2":{"name":"(anonymous_3)","decl":{"start":{"line":122,"column":23},"end":{"line":122,"column":28}},"loc":{"start":{"line":122,"column":42},"end":{"line":174,"column":1}}}},"branchMap":{"0":{"loc":{"start":{"line":12,"column":4},"end":{"line":25,"column":null}},"type":"if","locations":[{"start":{"line":12,"column":4},"end":{"line":25,"column":null}}]},"1":{"loc":{"start":{"line":13,"column":8},"end":{"line":20,"column":23}},"type":"binary-expr","locations":[{"start":{"line":13,"column":8},"end":{"line":13,"column":25}},{"start":{"line":14,"column":8},"end":{"line":14,"column":29}},{"start":{"line":15,"column":8},"end":{"line":15,"column":32}},{"start":{"line":16,"column":8},"end":{"line":16,"column":40}},{"start":{"line":17,"column":8},"end":{"line":17,"column":36}},{"start":{"line":18,"column":8},"end":{"line":18,"column":34}},{"start":{"line":19,"column":8},"end":{"line":19,"column":34}},{"start":{"line":20,"column":8},"end":{"line":20,"column":23}}]},"2":{"loc":{"start":{"line":29,"column":4},"end":{"line":34,"column":null}},"type":"if","locations":[{"start":{"line":29,"column":4},"end":{"line":34,"column":null}}]},"3":{"loc":{"start":{"line":44,"column":4},"end":{"line":48,"column":null}},"type":"if","locations":[{"start":{"line":44,"column":4},"end":{"line":48,"column":null}}]},"4":{"loc":{"start":{"line":59,"column":21},"end":{"line":59,"column":64}},"type":"binary-expr","locations":[{"start":{"line":59,"column":21},"end":{"line":59,"column":36}},{"start":{"line":59,"column":40},"end":{"line":59,"column":64}}]},"5":{"loc":{"start":{"line":62,"column":22},"end":{"line":62,"column":46}},"type":"cond-expr","locations":[{"start":{"line":62,"column":33},"end":{"line":62,"column":41}},{"start":{"line":62,"column":44},"end":{"line":62,"column":46}}]},"6":{"loc":{"start":{"line":72,"column":4},"end":{"line":85,"column":null}},"type":"if","locations":[{"start":{"line":72,"column":4},"end":{"line":85,"column":null}}]},"7":{"loc":{"start":{"line":73,"column":8},"end":{"line":79,"column":23}},"type":"binary-expr","locations":[{"start":{"line":73,"column":8},"end":{"line":73,"column":25}},{"start":{"line":74,"column":8},"end":{"line":74,"column":29}},{"start":{"line":75,"column":8},"end":{"line":75,"column":32}},{"start":{"line":76,"column":8},"end":{"line":76,"column":40}},{"start":{"line":77,"column":8},"end":{"line":77,"column":36}},{"start":{"line":78,"column":8},"end":{"line":78,"column":34}},{"start":{"line":79,"column":8},"end":{"line":79,"column":23}}]},"8":{"loc":{"start":{"line":94,"column":4},"end":{"line":99,"column":null}},"type":"if","locations":[{"start":{"line":94,"column":4},"end":{"line":99,"column":null}}]},"9":{"loc":{"start":{"line":111,"column":21},"end":{"line":111,"column":63}},"type":"binary-expr","locations":[{"start":{"line":111,"column":21},"end":{"line":111,"column":36}},{"start":{"line":111,"column":40},"end":{"line":111,"column":63}}]},"10":{"loc":{"start":{"line":123,"column":4},"end":{"line":134,"column":null}},"type":"if","locations":[{"start":{"line":123,"column":4},"end":{"line":134,"column":null}}]},"11":{"loc":{"start":{"line":124,"column":8},"end":{"line":128,"column":23}},"type":"binary-expr","locations":[{"start":{"line":124,"column":8},"end":{"line":124,"column":25}},{"start":{"line":125,"column":8},"end":{"line":125,"column":34}},{"start":{"line":126,"column":8},"end":{"line":126,"column":32}},{"start":{"line":127,"column":8},"end":{"line":127,"column":40}},{"start":{"line":128,"column":8},"end":{"line":128,"column":23}}]},"12":{"loc":{"start":{"line":165,"column":21},"end":{"line":165,"column":66}},"type":"binary-expr","locations":[{"start":{"line":165,"column":21},"end":{"line":165,"column":36}},{"start":{"line":165,"column":40},"end":{"line":165,"column":66}}]},"13":{"loc":{"start":{"line":168,"column":22},"end":{"line":168,"column":46}},"type":"cond-expr","locations":[{"start":{"line":168,"column":33},"end":{"line":168,"column":41}},{"start":{"line":168,"column":44},"end":{"line":168,"column":46}}]}},"s":{"0":4,"1":4,"2":4,"3":4,"4":4,"5":2,"6":1,"7":1,"8":1,"9":1,"10":0,"11":0,"12":1,"13":1,"14":0,"15":1,"16":1,"17":1,"18":1,"19":1,"20":1,"21":4,"22":3,"23":1,"24":1,"25":2,"26":2,"27":2,"28":1,"29":1,"30":1,"31":1,"32":1,"33":1,"34":1,"35":4,"36":2,"37":1,"38":1,"39":1,"40":1,"41":1,"42":0,"43":0,"44":0,"45":1,"46":1,"47":1,"48":1,"49":1,"50":1,"51":4},"f":{"0":2,"1":3,"2":2},"b":{"0":[1],"1":[2,1,1,1,1,1,1,1],"2":[0],"3":[0],"4":[1,1],"5":[1,0],"6":[1],"7":[3,2,2,2,2,2,2],"8":[1],"9":[1,1],"10":[1],"11":[2,1,1,1,1],"12":[1,1],"13":[1,0]}}
,"/Users/sushantyadav/Downloads/city-mall/product-store/apps/api-server/src/server/product-query/index.ts": {"path":"/Users/sushantyadav/Downloads/city-mall/product-store/apps/api-server/src/server/product-query/index.ts","statementMap":{"0":{"start":{"line":1,"column":0},"end":{"line":1,"column":42}},"1":{"start":{"line":2,"column":0},"end":{"line":2,"column":34}}},"fnMap":{},"branchMap":{},"s":{"0":4,"1":4},"f":{},"b":{}}
,"/Users/sushantyadav/Downloads/city-mall/product-store/apps/api-server/src/server/product-query/router.ts": {"path":"/Users/sushantyadav/Downloads/city-mall/product-store/apps/api-server/src/server/product-query/router.ts","statementMap":{"0":{"start":{"line":1,"column":0},"end":{"line":1,"column":29}},"1":{"start":{"line":2,"column":0},"end":{"line":2,"column":null}},"2":{"start":{"line":9,"column":0},"end":{"line":9,"column":30}},"3":{"start":{"line":10,"column":0},"end":{"line":10,"column":28}},"4":{"start":{"line":11,"column":0},"end":{"line":11,"column":42}},"5":{"start":{"line":45,"column":15},"end":{"line":45,"column":31}},"6":{"start":{"line":47,"column":25},"end":{"line":52,"column":2}},"7":{"start":{"line":54,"column":0},"end":{"line":80,"column":3}},"8":{"start":{"line":55,"column":4},"end":{"line":62,"column":null}},"9":{"start":{"line":56,"column":8},"end":{"line":56,"column":68}},"10":{"start":{"line":58,"column":8},"end":{"line":61,"column":11}},"11":{"start":{"line":64,"column":4},"end":{"line":79,"column":null}},"12":{"start":{"line":66,"column":12},"end":{"line":66,"column":56}},"13":{"start":{"line":67,"column":25},"end":{"line":71,"column":null}},"14":{"start":{"line":73,"column":8},"end":{"line":73,"column":46}},"15":{"start":{"line":75,"column":8},"end":{"line":75,"column":60}},"16":{"start":{"line":76,"column":8},"end":{"line":78,"column":65}},"17":{"start":{"line":82,"column":0},"end":{"line":108,"column":3}},"18":{"start":{"line":83,"column":4},"end":{"line":90,"column":null}},"19":{"start":{"line":84,"column":8},"end":{"line":84,"column":68}},"20":{"start":{"line":86,"column":8},"end":{"line":89,"column":11}},"21":{"start":{"line":92,"column":4},"end":{"line":107,"column":null}},"22":{"start":{"line":94,"column":12},"end":{"line":94,"column":56}},"23":{"start":{"line":95,"column":25},"end":{"line":100,"column":10}},"24":{"start":{"line":101,"column":8},"end":{"line":101,"column":46}},"25":{"start":{"line":103,"column":8},"end":{"line":103,"column":63}},"26":{"start":{"line":104,"column":8},"end":{"line":106,"column":65}},"27":{"start":{"line":110,"column":0},"end":{"line":272,"column":3}
[...]
,"/Users/sushantyadav/Downloads/city-mall/product-store/apps/api-server/src/services/CatalogueUpdateService/processCsvFile.ts": {"path":"/Users/sushantyadav/Downloads/city-mall/product-store/apps/api-server/src/services/CatalogueUpdateService/processCsvFile.ts","statementMap":{"0":{"start":{"line":1,"column":0},"end":{"line":1,"column":26}},"1":{"start":{"line":2,"column":0},"end":{"line":2,"column":34}},"2":{"start":{"line":3,"column":0},"end":{"line":3,"column":null}},"3":{"start":{"line":9,"column":23},"end":{"line":111,"column":1}},"4":{"start":{"line":16,"column":4},"end":{"line":110,"column":null}},"5":{"start":{"line":17,"column":30},"end":{"line":21,"column":10}},"6":{"start":{"line":23,"column":41},"end":{"line":23,"column":43}},"7":{"start":{"line":25,"column":8},"end":{"line":53,"column":15}},"8":{"start":{"line":28,"column":16},"end":{"line":37,"column":19}},"9":{"start":{"line":39,"column":16},"end":{"line":52,"column":null}},"10":{"start":{"line":40,"column":20},"end":{"line":42,"column":22}},"11":{"start":{"line":43,"column":31},"end":{"line":43,"column":41}},"12":{"start":{"line":44,"column":20},"end":{"line":44,"column":74}},"13":{"start":{"line":45,"column":31},"end":{"line":45,"column":41}},"14":{"start":{"line":46,"column":20},"end":{"line":50,"column":22}},"15":{"start":{"line":51,"column":20},"end":{"line":51,"column":34}},"16":{"start":{"line":55,"column":8},"end":{"line":65,"column":null}},"17":{"start":{"line":56,"column":12},"end":{"line":56,"column":73}},"18":{"start":{"line":57,"column":23},"end":{"line":57,"column":33}},"19":{"start":{"line":58,"column":12},"end":{"line":58,"column":66}},"20":{"start":{"line":59,"column":23},"end":{"line":59,"column":33}},"21":{"start":{"line":60,"column":12},"end":{"line":64,"column":14}},"22":{"start":{"line":106,"column":8},"end":{"line":106,"column":51}},"23":{"start":{"line":107,"column":8},"end":{"line":107,"column":25}},"24":{"start":{"line":113,"column":0},"end":{"line":113,"column":30}}},"fnMap":{"0":{"name":"(anonymous_1)","decl":{"start":{"line":9,"column":23},"end":{"line":9,"column":28}},"loc":{"start":{"line":15,"column":4},"end":{"line":111,"column":1}}},"1":{"name":"(anonymous_2)","decl":{"start":{"line":27,"column":23},"end":{"line":27,"column":28}},"loc":{"start":{"line":27,"column":45},"end":{"line":53,"column":13}}}},"branchMap":{"0":{"loc":{"start":{"line":39,"column":16},"end":{"line":52,"column":null}},"type":"if","locations":[{"start":{"line":39,"column":16},"end":{"line":52,"column":null}}]},"1":{"loc":{"start":{"line":55,"column":8},"end":{"line":65,"column":null}},"type":"if","locations":[{"start":{"line":55,"column":8},"end":{"line":65,"column":null}}]}},"s":{"0":4,"1":4,"2":4,"3":4,"4":0,"5":0,"6":0,"7":0,"8":0,"9":0,"10":0,"11":0,"12":0,"13":0,"14":0,"15":0,"16":0,"17":0,"18":0,"19":0,"20":0,"21":0,"22":0,"23":0,"24":4},"f":{"0":0,"1":0},"b":{"0":[0],"1":[0]}}
,"/Users/sushantyadav/Downloads/city-mall/product-store/apps/api-server/src/services/ComboService/processComboCsvFile.ts": {"path":"/Users/sushantyadav/Downloads/city-mall/product-store/apps/api-server/src/services/ComboService/processComboCsvFile.ts","statementMap":{"0":{"start":{"line":1,"column":0},"end":{"line":1,"column":67}},"1":{"start":{"line":2,"column":0},"end":{"line":2,"column":26}},"2":{"start":{"line":3,"column":0},"end":{"line":3,"column":34}},"3":{"start":{"line":5,"column":23},"end":{"line":52,"column":1}},"4":{"start":{"line":10,"column":4},"end":{"line":51,"column":null}},"5":{"start":{"line":11,"column":30},"end":{"line":15,"column":10}},"6":{"start":{"line":17,"column":40},"end":{"line":17,"column":42}},"7":{"start":{"line":19,"column":8},"end":{"line":39,"column":15}},"8":{"start":{"line":22,"column":16},"end":{"line":26,"column":19}},"9":{"start":{"line":27,"column":16},"end":{"line":38,"column":null}},"10":{"start":{"line":28,"column":20},"end":{"line":28,"column":73}},"11":{"start":{"line":29,"column":31},"end":{"line":29,"column":41}},"12":{"start":{"line":30,"column":20},"end":{"line":30,"column":70}},"13":{"start":{"line":31,"column":31},"end":{"line":31,"column":41}},"14":{"start":{"line":32,"column":20},"end":{"line":36,"column":22}},"15":{"start":{"line":37,"column":20},"end":{"line":37,"column":34}},"16":{"start":{"line":41,"column":8},"end":{"line":47,"column":null}},"17":{"start":{"line":42,"column":12},"end":{"line":42,"column":65}},"18":{"start":{"line":43,"column":23},"end":{"line":43,"column":33}},"19":{"start":{"line":44,"column":12},"end":{"line":44,"column":62}},"20":{"start":{"line":45,"column":23},"end":{"line":45,"column":33}},"21":{"start":{"line":46,"column":12},"end":{"line":46,"column":73}},"22":{"start":{"line":49,"column":8},"end":{"line":49,"column":56}},"23":{"start":{"line":50,"column":8},"end":{"line":50,"column":25}},"24":{"start":{"line":54,"column":0},"end":{"line":54,"column":30}}},"fnMap":{"0":{"name":"(anonymous_1)","decl":{"start":{"line":5,"column":23},"end":{"line":5,"column":28}},"loc":{"start":{"line":9,"column":4},"end":{"line":52,"column":1}}},"1":{"name":"(anonymous_2)","decl":{"start":{"line":21,"column":23},"end":{"line":21,"column":28}},"loc":{"start":{"line":21,"column":36},"end":{"line":39,"column":13}}}},"branchMap":{"0":{"loc":{"start":{"line":27,"column":16},"end":{"line":38,"column":null}},"type":"if","locations":[{"start":{"line":27,"column":16},"end":{"line":38,"column":null}}]},"1":{"loc":{"start":{"line":41,"column":8},"end":{"line":47,"column":null}},"type":"if","locations":[{"start":{"line":41,"column":8},"end":{"line":47,"column":null}}]}},"s":{"0":4,"1":4,"2":4,"3":4,"4":0,"5":0,"6":0,"7":0,"8":0,"9":0,"10":0,"11":0,"12":0,"13":0,"14":0,"15":0,"16":0,"17":0,"18":0,"19":0,"20":0,"21":0,"22":0,"23":0,"24":4},"f":{"0":0,"1":0},"b":{"0":[0],"1":[0]}}
,"/Users/sushantyadav/Downloads/city-mall/product-store/apps/api-server/src/services/ProductCategoryService/updateSystemPriority.ts": {"path":"/Users/sushantyadav/Downloads/city-mall/product-store/apps/api-server/src/services/ProductCategoryService/updateSystemPriority.ts","statementMap":{"0":{"start":{"line":1,"column":0},"end":{"line":1,"column":null}},"1":{"start":{"line":7,"column":0},"end":{"line":7,"column":23}},"2":{"start":{"line":9,"column":29},"end":{"line":54,"column":1}},"3":{"start":{"line":12,"column":4},"end":{"line":53,"column":null}},"4":{"start":{"line":13,"column":56},"end":{"line":13,"column":58}},"5":{"start":{"line":15,"column":43},"end":{"line":18,"column":20}},"6":{"start":{"line":17,"column":34},"end":{"line":17,"column":66}},"7":{"start":{"line":20,"column":8},"end":{"line":35,"column":null}},"8":{"start":{"line":21,"column":25},"end":{"line":24,"column":15}},"9":{"start":{"line":21,"column":47},"end":{"line":24,"column":14}},"10":{"start":{"line":26,"column":12},"end":{"line":34,"column":15}},"11":{"start":{"line":37,"column":8},"end":{"line":49,"column":null}},"12":{"start":{"line":38,"column":23},"end":{"line":38,"column":33}},"13":{"start":{"line":39,"column":12},"end":{"line":42,"column":14}},"14":{"start":{"line":43,"column":23},"end":{"line":43,"column":33}},"15":{"start":{"line":44,"column":12},"end":{"line":48,"column":14}},"16":{"start":{"line":51,"column":8},"end":{"line":51,"column":56}},"17":{"start":{"line":52,"column":8},"end":{"line":52,"column":25}},"18":{"start":{"line":56,"column":0},"end":{"line":56,"column":36}}},"fnMap":{"0":{"name":"(anonymous_1)","decl":{"start":{"line":9,"column":29},"end":{"line":9,"column":34}},"loc":{"start":{"line":11,"column":4},"end":{"line":54,"column":1}}},"1":{"name":"(anonymous_2)","decl":{"start":{"line":17,"column":17},"end":{"line":17,"column":18}},"loc":{"start":{"line":17,"column":34},"end":{"line":17,"column":66}}},"2":{"name":"(anonymous_3)","decl":{"start":{"line":21,"column":40},"end":{"line":21,"column":42}},"loc":{"start":{"line":21,"column":47},"end":{"line":24,"column":14}}}},"branchMap":{"0":{"loc":{"start":{"line":37,"column":8},"end":{"line":49,"column":null}},"type":"if","locations":[{"start":{"line":37,"column":8},"end":{"line":49,"column":null}}]}},"s":{"0":4,"1":4,"2":4,"3":0,"4":0,"5":0,"6":0,"7":0,"8":0,"9":0,"10":0,"11":0,"12":0,"13":0,"14":0,"15":0,"16":0,"17":0,"18":4},"f":{"0":0,"1":0,"2":0},"b":{"0":[0]}}
,"/Users/sushantyadav/Downloads/city-mall/product-store/apps/api-server/src/services/ProductMedia/index.ts": {"path":"/Users/sushantyadav/Downloads/city-mall/product-store/apps/api-server/src/services/ProductMedia/index.ts","statementMap":{"0":{"start":{"line":1,"column":0},"end":{"line":1,"column":9}},"1":{"start":{"line":1,"column":9},"end":{"line":1,"column":38}},"2":{"start":{"line":2,"column":0},"end":{"line":2,"column":9}},"3":{"start":{"line":2,"column":9},"end":{"line":2,"column":45}},"4":{"start":{"line":3,"column":0},"end":{"line":3,"column":9}},"5":{"start":{"line":3,"column":9},"end":{"line":3,"column":38}},"6":{"start":{"line":4,"column":0},"end":{"line":4,"column":9}},"7":{"start":{"line":4,"column":9},"end":{"line":4,"column":45}}},"fnMap":{"0":{"name":"(anonymous_1)","decl":{"start":{"line":1,"column":9},"end":{"line":1,"column":16}},"loc":{"start":{"line":1,"column":9},"end":{"line":1,"column":38}}},"1":{"name":"(anonymous_2)","decl":{"start":{"line":2,"column":9},"end":{"line":2,"column":16}},"loc":{"start":{"line":2,"column":9},"end":{"line":2,"column":45}}},"2":{"name":"(anonymous_3)","decl":{"start":{"line":3,"column":9},"end":{"line":3,"column":16}},"loc":{"start":{"line":3,"column":9},"end":{"line":3,"column":38}}},"3":{"name":"(anonymous_4)","decl":{"start":{"line":4,"column":9},"end":{"line":4,"column":16}},"loc":{"start":{"line":4,"column":9},"end":{"line":4,"column":45}}}},"branchMap":{},"s":{"0":4,"1":4,"2":4,"3":5,"4":4,"5":7,"6":4,"7":6},"f":{"0":0,"1":1,"2":3,"3":2},"b":{}}
,"/Users/sushantyadav/Downloads/city-mall/product-store/apps/api-server/src/services/ProductMedia/processProductMediaDelete.ts": {"path":"/Users/sushantyadav/Downloads/city-mall/product-store/apps/api-server/src/services/ProductMedia/processProductMediaDelete.ts","statementMap":{"0":{"start":{"line":1,"column":0},"end":{"line":1,"column":54}},"1":{"start":{"line":2,"column":0},"end":{"line":2,"column":44}},"2":{"start":{"line":4,"column":34},"end":{"line":29,"column":1}},"3":{"start":{"line":9,"column":4},"end":{"line":28,"column":null}},"4":{"start":{"line":10,"column":8},"end":{"line":24,"column":11}},"5":{"start":{"line":11,"column":12},"end":{"line":17,"column":14}},"6":{"start":{"line":19,"column":12},"end":{"line":21,"column":15}},"7":{"start":{"line":22,"column":12},"end":{"line":22,"column":61}},"8":{"start":{"line":23,"column":12},"end":{"line":23,"column":19}},"9":{"start":{"line":26,"column":8},"end":{"line":26,"column":53}},"10":{"start":{"line":27,"column":8},"end":{"line":27,"column":19}},"11":{"start":{"line":31,"column":0},"end":{"line":31,"column":41}}},"fnMap":{"0":{"name":"(anonymous_1)","decl":{"start":{"line":4,"column":34},"end":{"line":4,"column":39}},"loc":{"start":{"line":8,"column":4},"end":{"line":29,"column":1}}},"1":{"name":"(anonymous_2)","decl":{"start":{"line":10,"column":20},"end":{"line":10,"column":25}},"loc":{"start":{"line":10,"column":44},"end":{"line":24,"column":9}}}},"branchMap":{},"s":{"0":4,"1":4,"2":4,"3":1,"4":1,"5":1,"6":1,"7":1,"8":1,"9":0,"10":0,"11":4},"f":{"0":1,"1":1},"b":{}}
,"/Users/sushantyadav/Downloads/city-mall/product-store/apps/api-server/src/services/ProductMedia/processProductMediaEdit.ts": {"path":"/Users/sushantyadav/Downloads/city-mall/product-store/apps/api-server/src/services/ProductMedia/processProductMediaEdit.ts","statementMap":{"0":{"start":{"line":1,"column":0},"end":{"line":1,"column":54}},"1":{"start":{"line":3,"column":0},"end":{"line":3,"column":47}},"2":{"start":{"line":4,"column":0},"end":{"line":4,"column":44}},"3":{"start":{"line":6,"column":32},"end":{"line":56,"column":1}},"4":{"start":{"line":14,"column":4},"end":{"line":55,"column":null}},"5":{"start":{"line":15,"column":34},"end":{"line":15,"column":74}},"6":{"start":{"line":16,"column":8},"end":{"line":21,"column":null}},"7":{"start":{"line":20,"column":12},"end":{"line":20,"column":66}},"8":{"start":{"line":22,"column":23},"end":{"line":50,"column":10}},"9":{"start":{"line":23,"column":27},"end":{"line":42,"column":null}},"10":{"start":{"line":45,"column":12},"end":{"line":47,"column":15}},"11":{"start":{"line":48,"column":12},"end":{"line":48,"column":61}},"12":{"start":{"line":49,"column":12},"end":{"line":49,"column":26}},"13":{"start":{"line":51,"column":8},"end":{"line":51,"column":22}},"14":{"start":{"line":53,"column":8},"end":{"line":53,"column":54}},"15":{"start":{"line":54,"column":8},"end":{"line":54,"column":19}},"16":{"start":{"line":58,"column":24},"end":{"line":73,"column":1}},"17":{"start":{"line":59,"column":4},"end":{"line":72,"column":null}},"18":{"start":{"line":60,"column":23},"end":{"line":66,"column":null}},"19":{"start":{"line":68,"column":8},"end":{"line":68,"column":22}},"20":{"start":{"line":70,"column":8},"end":{"line":70,"column":71}},"21":{"start":{"line":71,"column":8},"end":{"line":71,"column":19}},"22":{"start":{"line":75,"column":0},"end":{"line":75,"column":60}}},"fnMap":{"0":{"name":"(anonymous_1)","decl":{"start":{"line":6,"column":32},"end":{"line":6,"column":37}},"loc":{"start":{"line":13,"column":4},"end":{"line":56,"column":1}}},"1":{"name":"(anonymous_2)","decl":{"start":{"line":22,"column":35},"end":{"line":22,"column":40}},"loc":{"start":{"line":22,"column":59},"end":{"line":50,"column":9}}},"2":{"name":"(anonymous_3)","decl":{"start":{"line":58,"column":24},"end":{"line":58,"column":29}},"loc":{"start":{"line":58,"column":51},"end":{"line":73,"column":1}}}},"branchMap":{"0":{"loc":{"start":{"line":16,"column":8},"end":{"line":21,"column":null}},"type":"if","locations":[{"start":{"line":16,"column":8},"end":{"line":21,"column":null}}]},"1":{"loc":{"start":{"line":17,"column":12},"end":{"line":18,"column":61}},"type":"binary-expr","locations":[{"start":{"line":17,"column":12},"end":{"line":17,"column":47}},{"start":{"line":18,"column":12},"end":{"line":18,"column":61}}]}},"s":{"0":4,"1":4,"2":4,"3":4,"4":1,"5":1,"6":1,"7":0,"8":1,"9":1,"10":1,"11":1,"12":1,"13":1,"14":0,"15":0,"16":4,"17":2,"18":2,"19":2,"20":0,"21":0,"22":4},"f":{"0":1,"1":1,"2":2},"b":{"0":[0],"1":[1,1]}}
,"/Users/sushantyadav/Downloads/city-mall/product-store/apps/api-server/src/services/ProductMedia/processProductMediaInsert.ts": {"path":"/Users/sushantyadav/Downloads/city-mall/product-store/apps/api-server/src/services/ProductMedia/processProductMediaInsert.ts","statementMap":{"0":{"start":{"line":1,"column":0},"end":{"line":1,"column":44}},"1":{"start":{"line":3,"column":0},"end":{"line":3,"column":54}},"2":{"start":{"line":4,"column":0},"end":{"line":4,"column":47}},"3":{"start":{"line":5,"column":34},"end":{"line":44,"column":1}},"4":{"start":{"line":12,"column":4},"end":{"line":43,"column":null}},"5":{"start":{"line":13,"column":34},"end":{"line":13,"column":74}},"6":{"start":{"line":14,"column":8},"end":{"line":19,"column":null}},"7":{"start":{"line":18,"column":12},"end":{"line":18,"column":66}},"8":{"start":{"line":20,"column":8},"end":{"line":39,"column":11}},"9":{"start":{"line":21,"column":27},"end":{"line":32,"column":null}},"10":{"start":{"line":34,"column":12},"end":{"line":36,"column":15}},"11":{"start":{"line":37,"column":12},"end":{"line":37,"column":61}},"12":{"start":{"line":38,"column":12},"end":{"line":38,"column":26}},"13":{"start":{"line":41,"column":8},"end":{"line":41,"column":55}},"14":{"start":{"line":42,"column":8},"end":{"line":42,"column":19}},"15":{"start":{"line":46,"column":0},"end":{"line":46,"column":41}}},"fnMap":{"0":{"name":"(anonymous_1)","decl":{"start":{"line":5,"column":34},"end":{"line":5,"column":39}},"loc":{"start":{"line":11,"column":4},"end":{"line":44,"column":1}}},"1":{"name":"(anonymous_2)","decl":{"start":{"line":20,"column":27},"end":{"line":20,"column":32}},"loc":{"start":{"line":20,"column":51},"end":{"line":39,"column":9}}}},"branchMap":{"0":{"loc":{"start":{"line":14,"column":8},"end":{"line":19,"column":null}},"type":"if","locations":[{"start":{"line":14,"column":8},"end":{"line":19,"column":null}}]},"1":{"loc":{"start":{"line":15,"column":12},"end":{"line":16,"column":61}},"type":"binary-expr","locations":[{"start":{"line":15,"column":12},"end":{"line":15,"column":47}},{"start":{"line":16,"column":12},"end":{"line":16,"column":61}}]}},"s":{"0":4,"1":4,"2":4,"3":4,"4":2,"5":2,"6":2,"7":1,"8":1,"9":1,"10":1,"11":1,"12":1,"13":0,"14":0,"15":4},"f":{"0":2,"1":1},"b":{"0":[1],"1":[2,1]}}
,"/Users/sushantyadav/Downloads/city-mall/product-store/apps/api-server/src/services/ProductMedia/updateProductImage.ts": {"path":"/Users/sushantyadav/Downloads/city-mall/product-store/apps/api-server/src/services/ProductMedia/updateProductImage.ts","statementMap":{"0":{"start":{"line":2,"column":0},"end":{"line":2,"column":44}},"1":{"start":{"line":3,"column":27},"end":{"line":30,"column":1}},"2":{"start":{"line":4,"column":4},"end":{"line":29,"column":null}},"3":{"start":{"line":5,"column":8},"end":{"line":26,"column":11}},"4":{"start":{"line":6,"column":37},"end":{"line":13,"column":null}},"5":{"start":{"line":15,"column":12},"end":{"line":15,"column":67}},"6":{"start":{"line":15,"column":60},"end":{"line":15,"column":67}},"7":{"start":{"line":16,"column":12},"end":{"line":24,"column":14}},"8":{"start":{"line":25,"column":12},"end":{"line":25,"column":19}},"9":{"start":{"line":28,"column":8},"end":{"line":28,"column":56}},"10":{"start":{"line":32,"column":0},"end":{"line":32,"column":34}}},"fnMap":{"0":{"name":"(anonymous_0)","decl":{"start":{"line":3,"column":27},"end":{"line":3,"column":32}},"loc":{"start":{"line":3,"column":76},"end":{"line":30,"column":1}}},"1":{"name":"(anonymous_1)","decl":{"start":{"line":5,"column":20},"end":{"line":5,"column":25}},"loc":{"start":{"line":5,"column":44},"end":{"line":26,"column":9}}}},"branchMap":{"0":{"loc":{"start":{"line":15,"column":12},"end":{"line":15,"column":67}},"type":"if","locations":[{"start":{"line":15,"column":12},"end":{"line":15,"column":67}}]},"1":{"loc":{"start":{"line":15,"column":16},"end":{"line":15,"column":58}},"type":"binary-expr","locations":[{"start":{"line":15,"column":16},"end":{"line":15,"column":33}},{"start":{"line":15,"column":37},"end":{"line":15,"column":58}}]}},"s":{"0":4,"1":4,"2":3,"3":3,"4":3,"5":3,"6":1,"7":2,"8":2,"9":0,"10":4},"f":{"0":3,"1":3},"b":{"0":[1],"1":[3,2]}}
}
