TN:
SF:src/__tests__/kafkaMock.ts
FN:23,mockKafkaUtils
FN:25,(anonymous_1)
FN:28,(anonymous_2)
FN:29,(anonymous_3)
FNF:4
FNH:4
FNDA:3,mockKafkaUtils
FNDA:93,(anonymous_1)
FNDA:90,(anonymous_2)
FNDA:3,(anonymous_3)
DA:1,3
DA:2,3
DA:23,3
DA:24,3
DA:25,93
DA:28,3
DA:29,90
DA:30,3
LF:8
LH:8
BRF:0
BRH:0
end_of_record
TN:
SF:src/server/index.ts
FN:13,(anonymous_1)
FN:27,(anonymous_2)
FN:32,(anonymous_3)
FN:33,(anonymous_4)
FNF:4
FNH:2
FNDA:4,(anonymous_1)
FNDA:4,(anonymous_2)
FNDA:0,(anonymous_3)
FNDA:0,(anonymous_4)
DA:1,4
DA:2,4
DA:3,4
DA:4,4
DA:5,4
DA:7,4
DA:8,4
DA:10,4
DA:11,4
DA:13,4
DA:14,4
DA:15,4
DA:16,4
DA:17,0
DA:20,4
DA:21,4
DA:27,4
DA:28,4
DA:30,4
DA:32,4
DA:33,0
DA:34,0
DA:40,4
DA:46,4
LF:24
LH:21
BRDA:16,0,0,0
BRF:1
BRH:0
end_of_record
TN:
SF:src/server/router.ts
FN:18,(anonymous_1)
FN:21,(anonymous_2)
FN:25,(anonymous_3)
FN:46,(anonymous_4)
FN:74,(anonymous_5)
FN:99,(anonymous_6)
FNF:6
FNH:2
FNDA:4,(anonymous_1)
FNDA:0,(anonymous_2)
FNDA:16,(anonymous_3)
FNDA:0,(anonymous_4)
FNDA:0,(anonymous_5)
FNDA:0,(anonymous_6)
DA:1,4
DA:3,4
DA:4,4
DA:5,4
DA:6,4
DA:7,4
DA:8,4
DA:9,4
DA:10,4
DA:11,4
DA:12,4
DA:13,4
DA:14,4
DA:15,4
DA:16,4
DA:18,4
DA:19,4
DA:21,4
DA:22,0
DA:25,4
DA:26,16
DA:30,0
DA:31,16
DA:34,4
DA:36,4
DA:38,4
DA:40,4
DA:42,4
DA:44,4
DA:46,4
DA:47,0
DA:48,0
DA:49,0
DA:54,0
DA:55,0
DA:56,0
DA:58,0
DA:59,0
DA:61,0
DA:65,4
DA:67,4
DA:69,4
DA:74,4
DA:75,0
DA:77,0
DA:78,0
DA:81,0
DA:83,0
DA:84,0
DA:87,0
DA:89,0
DA:90,0
DA:92,0
DA:93,0
DA:95,0
DA:99,4
DA:100,0
DA:101,0
DA:102,0
DA:105,0
DA:106,0
DA:107,0
DA:112,0
DA:116,0
DA:121,0
DA:122,0
DA:125,4
DA:127,4
DA:131,4
LF:69
LH:36
BRDA:26,0,0,0
BRDA:77,1,0,0
BRDA:83,2,0,0
BRDA:101,3,0,0
BRDA:106,4,0,0
BRDA:106,5,0,0
BRDA:106,5,1,0
BRDA:112,6,0,0
BRDA:113,7,0,0
BRDA:113,7,1,0
BRF:10
BRH:0
end_of_record
TN:
SF:src/server/brands/index.ts
FNF:0
FNH:0
DA:1,4
DA:2,4
LF:2
LH:2
BRF:0
BRH:0
end_of_record
TN:
SF:src/server/brands/router.ts
FN:11,(anonymous_1)
FN:16,(anonymous_2)
FN:20,(anonymous_3)
FN:24,(anonymous_4)
FNF:4
FNH:0
FNDA:0,(anonymous_1)
FNDA:0,(anonymous_2)
FNDA:0,(anonymous_3)
FNDA:0,(anonymous_4)
DA:1,4
DA:2,4
DA:4,4
DA:5,4
DA:6,4
DA:7,4
DA:9,4
DA:11,4
DA:12,0
DA:13,0
DA:16,4
DA:17,0
DA:18,0
DA:20,4
DA:21,0
DA:22,0
DA:24,4
DA:25,0
DA:26,0
DA:29,4
LF:20
LH:12
BRF:0
BRH:0
end_of_record
TN:
SF:src/server/brands/controllers/createBrand.ts
FN:9,default_1
FNF:1
FNH:1
FNDA:5,default_1
DA:2,5
DA:4,5
DA:9,5
DA:13,5
DA:14,5
DA:16,3
DA:22,2
DA:24,2
DA:25,2
DA:33,1
DA:35,1
DA:36,1
LF:12
LH:12
BRF:0
BRH:0
end_of_record
TN:
SF:src/server/brands/controllers/deleteBrand.ts
FN:3,default_1
FNF:1
FNH:1
FNDA:4,default_1
DA:3,5
DA:7,4
DA:8,4
DA:15,3
DA:17,1
DA:18,1
LF:6
LH:6
BRF:0
BRH:0
end_of_record
TN:
SF:src/server/brands/controllers/getBrands.ts
FN:3,default_1
FNF:1
FNH:1
FNDA:2,default_1
DA:3,5
DA:6,2
DA:7,2
DA:8,1
DA:10,1
DA:11,1
LF:6
LH:6
BRF:0
BRH:0
end_of_record
TN:
SF:src/server/brands/controllers/updateBrand.ts
FN:10,default_1
FNF:1
FNH:1
FNDA:6,default_1
DA:1,5
DA:5,5
DA:10,5
DA:15,6
DA:16,6
DA:18,3
DA:24,3
DA:25,3
DA:26,3
DA:35,1
DA:37,2
DA:38,2
LF:12
LH:12
BRF:0
BRH:0
end_of_record
TN:
SF:src/server/logs-api/index.ts
FNF:0
FNH:0
DA:1,4
DA:2,4
LF:2
LH:2
BRF:0
BRH:0
end_of_record
TN:
SF:src/server/logs-api/router.ts
FN:12,(anonymous_1)
FN:19,(anonymous_2)
FN:37,(anonymous_3)
FN:44,(anonymous_4)
FN:58,(anonymous_5)
FN:65,(anonymous_6)
FN:72,(anonymous_7)
FN:90,(anonymous_8)
FNF:8
FNH:0
FNDA:0,(anonymous_1)
FNDA:0,(anonymous_2)
FNDA:0,(anonymous_3)
FNDA:0,(anonymous_4)
FNDA:0,(anonymous_5)
FNDA:0,(anonymous_6)
FNDA:0,(anonymous_7)
FNDA:0,(anonymous_8)
DA:1,4
DA:8,4
DA:10,4
DA:12,4
DA:13,0
DA:14,0
DA:15,0
DA:16,0
DA:19,4
DA:20,0
DA:21,0
DA:22,0
DA:23,0
DA:24,0
DA:26,0
DA:33,0
DA:34,0
DA:37,4
DA:38,0
DA:39,0
DA:40,0
DA:41,0
DA:44,4
DA:45,0
DA:46,0
DA:47,0
DA:49,0
DA:54,0
DA:55,0
DA:58,4
DA:59,0
DA:60,0
DA:61,0
DA:62,0
DA:65,4
DA:66,0
DA:67,0
DA:68,0
DA:69,0
DA:72,4
DA:73,0
DA:74,0
DA:75,0
DA:76,0
DA:77,0
DA:79,0
DA:86,0
DA:87,0
DA:90,4
DA:94,0
DA:95,0
DA:96,0
DA:98,0
DA:102,4
LF:54
LH:12
BRDA:95,0,0,0
BRDA:95,0,1,0
BRF:2
BRH:0
end_of_record
TN:
SF:src/server/meesho-store/index.ts
FN:11,(anonymous_1)
FNF:1
FNH:0
FNDA:0,(anonymous_1)
DA:1,4
DA:7,4
DA:9,4
DA:11,4
DA:15,0
DA:16,0
DA:17,0
DA:19,0
DA:20,0
DA:23,0
DA:25,0
DA:26,0
DA:28,0
DA:29,0
DA:30,0
DA:32,0
DA:33,0
DA:34,0
DA:38,0
DA:49,0
DA:56,0
DA:59,4
LF:22
LH:5
BRDA:15,0,0,0
BRDA:15,1,0,0
BRDA:15,1,1,0
BRDA:19,2,0,0
BRDA:19,3,0,0
BRDA:19,3,1,0
BRDA:25,4,0,0
BRDA:25,4,1,0
BRDA:26,5,0,0
BRDA:26,5,1,0
BRDA:28,6,0,0
BRF:11
BRH:0
end_of_record
TN:
SF:src/server/middlewares/addPrometheusExporter.ts
FN:4,(anonymous_1)
FNF:1
FNH:1
FNDA:4,(anonymous_1)
DA:1,4
DA:4,4
DA:5,4
DA:17,4
LF:4
LH:4
BRF:0
BRH:0
end_of_record
TN:
SF:src/server/middlewares/index.ts
FNF:0
FNH:0
DA:1,4
DA:2,4
DA:3,4
DA:4,4
DA:6,4
LF:5
LH:5
BRF:0
BRH:0
end_of_record
TN:
SF:src/server/middlewares/wrapExpressMiddleware.ts
FN:14,(anonymous_0)
FN:20,(anonymous_1)
FN:35,(anonymous_2)
FN:47,(anonymous_3)
FNF:4
FNH:3
FNDA:4,(anonymous_0)
FNDA:279,(anonymous_1)
FNDA:279,(anonymous_2)
FNDA:0,(anonymous_3)
DA:14,4
DA:16,4
DA:18,4
DA:20,4
DA:25,279
DA:26,67
DA:27,67
DA:31,67
DA:32,0
DA:35,67
DA:42,279
DA:43,279
DA:46,279
DA:47,20
DA:48,0
DA:52,279
DA:54,0
DA:55,0
DA:60,279
DA:64,4
LF:20
LH:16
BRDA:25,0,0,67
BRDA:31,1,0,0
BRDA:46,2,0,20
BRDA:46,3,0,279
BRDA:46,3,1,20
BRF:5
BRH:4
end_of_record
TN:
SF:src/server/process-csv/index.ts
FNF:0
FNH:0
DA:1,4
DA:2,4
LF:2
LH:2
BRF:0
BRH:0
end_of_record
TN:
SF:src/server/process-csv/router.ts
FN:8,(anonymous_1)
FN:30,(anonymous_2)
FNF:2
FNH:0
FNDA:0,(anonymous_1)
FNDA:0,(anonymous_2)
DA:1,4
DA:2,4
DA:3,4
DA:4,4
DA:6,4
DA:8,4
DA:12,0
DA:14,0
DA:15,0
DA:16,0
DA:23,0
DA:25,0
DA:26,0
DA:30,4
DA:31,0
DA:32,0
DA:37,0
DA:39,0
DA:40,0
DA:44,4
LF:20
LH:8
BRF:0
BRH:0
end_of_record
TN:
SF:src/server/process-csv/test/index.ts
FNF:0
FNH:0
DA:1,4
DA:2,4
LF:2
LH:2
BRF:0
BRH:0
end_of_record
TN:
SF:src/server/process-csv/test/router.ts
FN:8,(anonymous_1)
FN:45,(anonymous_2)
FNF:2
FNH:0
FNDA:0,(anonymous_1)
FNDA:0,(anonymous_2)
DA:1,4
DA:2,4
DA:3,4
DA:4,4
DA:6,4
DA:8,4
DA:9,0
DA:11,0
DA:12,0
DA:13,0
DA:16,0
DA:17,0
DA:18,0
DA:21,0
DA:22,0
DA:23,0
DA:26,0
DA:27,0
DA:38,0
DA:40,0
DA:41,0
DA:45,4
DA:46,0
DA:48,0
DA:49,0
DA:50,0
DA:53,0
DA:54,0
DA:55,0
DA:57,0
DA:58,0
DA:62,4
LF:32
LH:8
BRDA:11,0,0,0
BRDA:16,1,0,0
BRDA:21,2,0,0
BRDA:48,3,0,0
BRF:4
BRH:0
end_of_record
TN:
SF:src/server/product-attributes/deleteProductAttributesHandler.ts
FN:12,(anonymous_1)
FNF:1
FNH:0
FNDA:0,(anonymous_1)
DA:1,4
DA:6,4
DA:8,4
DA:12,4
DA:16,0
DA:17,0
DA:19,0
DA:22,0
DA:24,0
DA:25,0
DA:27,0
DA:30,4
LF:12
LH:5
BRDA:24,0,0,0
BRDA:24,0,1,0
BRF:2
BRH:0
end_of_record
TN:
SF:src/server/product-attributes/getAllProductAttributesHandler.ts
FN:22,(anonymous_1)
FNF:1
FNH:0
FNDA:0,(anonymous_1)
DA:2,4
DA:6,4
DA:15,4
DA:22,4
DA:24,0
DA:25,0
DA:27,0
DA:30,0
DA:32,0
DA:39,0
DA:40,0
DA:41,0
DA:43,0
DA:46,4
LF:14
LH:5
BRDA:39,0,0,0
BRDA:39,0,1,0
BRDA:39,1,0,0
BRDA:39,1,1,0
BRDA:40,2,0,0
BRDA:40,2,1,0
BRF:6
BRH:0
end_of_record
TN:
SF:src/server/product-attributes/index.ts
FNF:0
FNH:0
DA:1,4
DA:2,4
LF:2
LH:2
BRF:0
BRH:0
end_of_record
TN:
SF:src/server/product-attributes/postProductAttributesHandler.ts
FN:24,(anonymous_1)
FNF:1
FNH:0
FNDA:0,(anonymous_1)
DA:1,4
DA:5,4
DA:12,4
DA:24,4
DA:25,0
DA:26,0
DA:28,0
DA:31,0
DA:36,0
DA:37,0
DA:39,0
DA:42,4
LF:12
LH:5
BRDA:36,0,0,0
BRDA:36,0,1,0
BRF:2
BRH:0
end_of_record
TN:
SF:src/server/product-attributes/putProductAttributesHandler.ts
FN:24,(anonymous_1)
FNF:1
FNH:0
FNDA:0,(anonymous_1)
DA:1,4
DA:5,4
DA:12,4
DA:24,4
DA:25,0
DA:26,0
DA:28,0
DA:31,0
DA:36,0
DA:37,0
DA:39,0
DA:42,4
LF:12
LH:5
BRDA:36,0,0,0
BRDA:36,0,1,0
BRF:2
BRH:0
end_of_record
TN:
SF:src/server/product-attributes/router.ts
FNF:0
FNH:0
DA:1,4
DA:2,4
DA:3,4
DA:4,4
DA:5,4
DA:7,4
DA:9,4
DA:11,4
DA:13,4
DA:15,4
DA:17,4
LF:11
LH:11
BRF:0
BRH:0
end_of_record
TN:
SF:src/server/product-master/getProductMasterDiff.ts
FN:25,getProductMasterdiff
FN:32,(anonymous_2)
FN:33,(anonymous_3)
FN:93,getProductMasterRows
FN:117,getProductRows
FN:129,getGeneratedRows
FN:297,(anonymous_7)
FN:465,insertIntoProductMaster
FN:475,(anonymous_9)
FN:480,(anonymous_10)
FN:485,(anonymous_11)
FNF:11
FNH:0
FNDA:0,getProductMasterdiff
FNDA:0,(anonymous_2)
FNDA:0,(anonymous_3)
FNDA:0,getProductMasterRows
FNDA:0,getProductRows
FNDA:0,getGeneratedRows
FNDA:0,(anonymous_7)
FNDA:0,insertIntoProductMaster
FNDA:0,(anonymous_9)
FNDA:0,(anonymous_10)
FNDA:0,(anonymous_11)
DA:1,4
DA:2,4
DA:9,4
DA:10,4
DA:23,4
DA:25,4
DA:29,0
DA:30,0
DA:32,0
DA:33,0
DA:35,0
DA:37,0
DA:38,0
DA:39,0
DA:41,0
DA:52,0
DA:53,0
DA:56,0
DA:57,0
DA:58,0
DA:59,0
DA:75,0
DA:76,0
DA:80,0
DA:81,0
DA:90,0
DA:97,0
DA:98,0
DA:106,0
DA:107,0
DA:108,0
DA:109,0
DA:114,0
DA:117,4
DA:118,0
DA:119,0
DA:126,0
DA:130,0
DA:286,0
DA:287,0
DA:288,0
DA:289,0
DA:294,0
DA:297,4
DA:302,0
DA:463,4
DA:465,4
DA:471,0
DA:472,0
DA:474,0
DA:475,0
DA:476,0
DA:480,0
DA:481,0
DA:486,0
DA:495,0
LF:56
LH:10
BRDA:52,0,0,0
BRDA:53,1,0,0
BRDA:59,2,0,0
BRDA:60,3,0,0
BRDA:60,3,1,0
BRDA:60,3,2,0
BRDA:60,3,3,0
BRDA:60,3,4,0
BRDA:60,3,5,0
BRDA:60,3,6,0
BRDA:60,3,7,0
BRDA:60,3,8,0
BRDA:60,3,9,0
BRDA:60,3,10,0
BRDA:60,3,11,0
BRDA:60,3,12,0
BRDA:60,3,13,0
BRDA:80,4,0,0
BRDA:80,5,0,0
BRDA:80,5,1,0
BRDA:97,6,0,0
BRDA:108,7,0,0
BRDA:118,8,0,0
BRDA:288,9,0,0
BRDA:471,10,0,0
BRF:25
BRH:0
end_of_record
TN:
SF:src/server/product-master/index.ts
FN:20,(anonymous_1)
FN:31,(anonymous_2)
FN:32,(anonymous_3)
FN:37,(anonymous_4)
FN:38,(anonymous_5)
FN:44,(anonymous_6)
FN:52,(anonymous_7)
FN:54,(anonymous_8)
FN:62,(anonymous_9)
FN:63,(anonymous_10)
FN:79,(anonymous_11)
FN:80,(anonymous_12)
FN:87,(anonymous_13)
FN:154,(anonymous_14)
FN:158,(anonymous_15)
FN:164,(anonymous_16)
FN:179,(anonymous_17)
FNF:17
FNH:0
FNDA:0,(anonymous_1)
FNDA:0,(anonymous_2)
FNDA:0,(anonymous_3)
FNDA:0,(anonymous_4)
FNDA:0,(anonymous_5)
FNDA:0,(anonymous_6)
FNDA:0,(anonymous_7)
FNDA:0,(anonymous_8)
FNDA:0,(anonymous_9)
FNDA:0,(anonymous_10)
FNDA:0,(anonymous_11)
FNDA:0,(anonymous_12)
FNDA:0,(anonymous_13)
FNDA:0,(anonymous_14)
FNDA:0,(anonymous_15)
FNDA:0,(anonymous_16)
FNDA:0,(anonymous_17)
DA:1,4
DA:2,4
DA:8,4
DA:16,4
DA:18,4
DA:20,4
DA:21,0
DA:25,0
DA:26,0
DA:27,0
DA:30,0
DA:31,0
DA:32,0
DA:36,0
DA:37,0
DA:38,0
DA:42,0
DA:44,0
DA:47,0
DA:48,0
DA:49,0
DA:51,0
DA:53,0
DA:55,0
DA:60,0
DA:63,0
DA:64,0
DA:79,0
DA:80,0
DA:83,0
DA:85,0
DA:86,0
DA:87,0
DA:155,0
DA:158,0
DA:161,0
DA:162,0
DA:163,0
DA:164,0
DA:179,0
DA:181,0
DA:182,0
DA:186,0
DA:187,0
DA:190,4
LF:45
LH:7
BRDA:25,0,0,0
BRDA:48,1,0,0
BRDA:55,2,0,0
BRDA:55,2,1,0
BRDA:85,3,0,0
BRDA:162,4,0,0
BRDA:181,5,0,0
BRF:7
BRH:0
end_of_record
TN:
SF:src/server/product-media/index.ts
FNF:0
FNH:0
DA:1,4
DA:2,4
LF:2
LH:2
BRF:0
BRH:0
end_of_record
TN:
SF:src/server/product-media/router.ts
FN:11,(anonymous_1)
FN:71,(anonymous_2)
FN:122,(anonymous_3)
FNF:3
FNH:3
FNDA:2,(anonymous_1)
FNDA:3,(anonymous_2)
FNDA:2,(anonymous_3)
DA:1,4
DA:2,4
DA:3,4
DA:9,4
DA:11,4
DA:12,2
DA:22,1
DA:26,1
DA:27,1
DA:29,1
DA:30,0
DA:33,0
DA:36,1
DA:44,1
DA:45,0
DA:49,1
DA:51,1
DA:52,1
DA:66,1
DA:67,1
DA:68,1
DA:71,4
DA:72,3
DA:81,1
DA:84,1
DA:86,2
DA:87,2
DA:94,2
DA:95,1
DA:98,1
DA:100,1
DA:103,1
DA:104,1
DA:118,1
DA:119,1
DA:122,4
DA:123,2
DA:130,1
DA:133,1
DA:136,1
DA:137,1
DA:138,1
DA:140,0
DA:141,0
DA:144,0
DA:147,1
DA:152,1
DA:157,1
DA:158,1
DA:172,1
DA:173,1
DA:176,4
LF:52
LH:46
BRDA:12,0,0,1
BRDA:13,1,0,2
BRDA:13,1,1,1
BRDA:13,1,2,1
BRDA:13,1,3,1
BRDA:13,1,4,1
BRDA:13,1,5,1
BRDA:13,1,6,1
BRDA:13,1,7,1
BRDA:29,2,0,0
BRDA:44,3,0,0
BRDA:59,4,0,1
BRDA:59,4,1,1
BRDA:62,5,0,1
BRDA:62,5,1,0
BRDA:72,6,0,1
BRDA:73,7,0,3
BRDA:73,7,1,2
BRDA:73,7,2,2
BRDA:73,7,3,2
BRDA:73,7,4,2
BRDA:73,7,5,2
BRDA:73,7,6,2
BRDA:94,8,0,1
BRDA:111,9,0,1
BRDA:111,9,1,1
BRDA:123,10,0,1
BRDA:124,11,0,2
BRDA:124,11,1,1
BRDA:124,11,2,1
BRDA:124,11,3,1
BRDA:124,11,4,1
BRDA:165,12,0,1
BRDA:165,12,1,1
BRDA:168,13,0,1
BRDA:168,13,1,0
BRF:36
BRH:32
end_of_record
TN:
SF:src/server/product-query/index.ts
FNF:0
FNH:0
DA:1,4
DA:2,4
LF:2
LH:2
BRF:0
BRH:0
end_of_record
TN:
SF:src/server/product-query/router.ts
FN:54,(anonymous_1)
FN:82,(anonymous_2)
FN:110,(anonymous_3)
FN:166,(anonymous_4)
FN:171,(anonymous_5)
FN:172,(anonymous_6)
FN:174,(anonymous_7)
FN:179,(anonymous_8)
FN:180,(anonymous_9)
FN:192,(anonymous_10)
FN:201,(anonymous_11)
FN:202,(anonymous_12)
FN:205,(anonymous_13)
FN:214,(anonymous_14)
FN:215,(anonymous_15)
FN:225,(anonymous_16)
FN:229,(anonymous_17)
FN:232,(anonymous_18)
FN:236,(anonymous_19)
FN:239,(anonymous_20)
FN:243,(anonymous_21)
FN:246,(anonymous_22)
FN:250,(anonymous_23)
FN:274,(anonymous_24)
FN:304,(anonymous_25)
FN:341,(anonymous_26)
FN:342,(anonymous_27)
FNF:27
FNH:0
FNDA:0,(anonymous_1)
FNDA:0,(anonymous_2)
FNDA:0,(anonymous_3)
FNDA:0,(anonymous_4)
FNDA:0,(anonymous_5)
FNDA:0,(anonymous_6)
FNDA:0,(anonymous_7)
FNDA:0,(anonymous_8)
FNDA:0,(anonymous_9)
FNDA:0,(anonymous_10)
FNDA:0,(anonymous_11)
FNDA:0,(anonymous_12)
FNDA:0,(anonymous_13)
FNDA:0,(anonymous_14)
FNDA:0,(anonymous_15)
FNDA:0,(anonymous_16)
FNDA:0,(anonymous_17)
FNDA:0,(anonymous_18)
FNDA:0,(anonymous_19)
FNDA:0,(anonymous_20)
FNDA:0,(anonymous_21)
FNDA:0,(anonymous_22)
FNDA:0,(anonymous_23)
FNDA:0,(anonymous_24)
FNDA:0,(anonymous_25)
FNDA:0,(anonymous_26)
FNDA:0,(anonymous_27)
DA:1,4
DA:2,4
DA:9,4
DA:10,4
DA:11,4
DA:45,4
DA:47,4
DA:54,4
DA:55,0
DA:56,0
DA:58,0
DA:64,0
DA:66,0
DA:67,0
DA:73,0
DA:75,0
DA:76,0
DA:82,4
DA:83,0
DA:84,0
DA:86,0
DA:92,0
DA:94,0
DA:95,0
DA:101,0
DA:103,0
DA:104,0
DA:110,4
DA:111,0
DA:112,0
DA:113,0
DA:114,0
DA:115,0
DA:116,0
DA:117,0
DA:133,0
DA:135,0
DA:136,0
DA:143,0
DA:144,0
DA:145,0
DA:148,0
DA:149,0
DA:156,0
DA:157,0
DA:158,0
DA:161,0
DA:162,0
DA:166,0
DA:171,0
DA:172,0
DA:174,0
DA:179,0
DA:180,0
DA:183,0
DA:186,0
DA:187,0
DA:192,0
DA:201,0
DA:202,0
DA:205,0
DA:214,0
DA:215,0
DA:218,0
DA:221,0
DA:222,0
DA:225,0
DA:226,0
DA:227,0
DA:229,0
DA:230,0
DA:232,0
DA:233,0
DA:234,0
DA:236,0
DA:237,0
DA:239,0
DA:240,0
DA:241,0
DA:243,0
DA:244,0
DA:246,0
DA:247,0
DA:248,0
DA:250,0
DA:251,0
DA:254,0
DA:258,0
DA:262,0
DA:266,0
DA:271,0
DA:274,4
DA:286,0
DA:287,0
DA:296,0
DA:297,0
DA:298,0
DA:300,0
DA:304,4
DA:315,0
DA:316,0
DA:318,0
DA:319,0
DA:322,0
DA:323,0
DA:330,0
DA:331,0
DA:332,0
DA:333,0
DA:335,0
DA:341,4
DA:342,0
DA:345,4
LF:113
LH:14
BRDA:70,0,0,0
BRDA:70,0,1,0
BRDA:98,1,0,0
BRDA:98,1,1,0
BRDA:113,2,0,0
BRDA:113,2,1,0
BRDA:114,3,0,0
BRDA:114,3,1,0
BRDA:115,4,0,0
BRDA:115,4,1,0
BRDA:133,5,0,0
BRDA:133,5,1,0
BRDA:135,6,0,0
BRDA:138,7,0,0
BRDA:138,7,1,0
BRDA:148,8,0,0
BRDA:151,9,0,0
BRDA:151,9,1,0
BRDA:161,10,0,0
BRDA:171,11,0,0
BRDA:171,11,1,0
BRDA:179,12,0,0
BRDA:179,12,1,0
BRDA:186,13,0,0
BRDA:201,14,0,0
BRDA:201,14,1,0
BRDA:214,15,0,0
BRDA:214,15,1,0
BRDA:221,16,0,0
BRDA:221,17,0,0
BRDA:221,17,1,0
BRDA:222,18,0,0
BRDA:222,19,0,0
BRDA:222,19,1,0
BRDA:226,20,0,0
BRDA:233,21,0,0
BRDA:240,22,0,0
BRDA:247,23,0,0
BRDA:318,24,0,0
BRDA:318,25,0,0
BRDA:318,25,1,0
BRF:41
BRH:0
end_of_record
TN:
SF:src/server/template-banner/index.ts
FN:37,(anonymous_1)
FN:99,(anonymous_2)
FNF:2
FNH:0
FNDA:0,(anonymous_1)
FNDA:0,(anonymous_2)
DA:1,4
DA:8,4
DA:9,4
DA:11,4
DA:13,4
DA:35,4
DA:38,0
DA:39,0
DA:40,0
DA:41,0
DA:43,0
DA:49,0
DA:50,0
DA:53,0
DA:55,0
DA:56,0
DA:61,0
DA:62,0
DA:65,0
DA:67,0
DA:68,0
DA:69,0
DA:73,4
DA:94,4
DA:100,0
DA:101,0
DA:102,0
DA:103,0
DA:105,0
DA:109,0
DA:112,4
LF:31
LH:9
BRDA:39,0,0,0
BRDA:49,1,0,0
BRDA:61,2,0,0
BRDA:101,3,0,0
BRF:4
BRH:0
end_of_record
TN:
SF:src/server/wms-validation/calculateEffectiveCost.ts
FN:4,(anonymous_1)
FNF:1
FNH:1
FNDA:3,(anonymous_1)
DA:1,5
DA:2,5
DA:4,5
DA:10,3
DA:12,3
DA:13,1
DA:18,3
DA:19,1
DA:22,3
DA:23,1
DA:28,3
DA:32,3
DA:35,5
LF:13
LH:13
BRDA:12,0,0,1
BRDA:18,1,0,1
BRDA:22,2,0,1
BRF:3
BRH:3
end_of_record
TN:
SF:src/server/wms-validation/calculateSellingPrice.ts
FN:5,(anonymous_1)
FNF:1
FNH:1
FNDA:9,(anonymous_1)
DA:1,5
DA:2,5
DA:3,5
DA:5,5
DA:12,9
DA:13,9
DA:15,9
DA:16,3
DA:21,9
DA:22,3
DA:25,9
DA:26,3
DA:29,9
DA:30,3
DA:35,9
DA:36,3
DA:39,9
DA:40,3
DA:43,9
DA:46,5
LF:20
LH:20
BRDA:15,0,0,3
BRDA:21,1,0,3
BRDA:25,2,0,3
BRDA:29,3,0,3
BRDA:35,4,0,3
BRDA:39,5,0,3
BRF:6
BRH:6
end_of_record
TN:
SF:src/server/wms-validation/index.ts
FN:40,(anonymous_1)
FN:96,(anonymous_2)
FN:261,(anonymous_3)
FNF:3
FNH:3
FNDA:9,(anonymous_1)
FNDA:6,(anonymous_2)
FNDA:2,(anonymous_3)
DA:1,4
DA:3,4
DA:4,4
DA:5,4
DA:6,4
DA:15,4
DA:40,4
DA:41,9
DA:42,9
DA:44,1
DA:48,1
DA:64,8
DA:66,8
DA:68,8
DA:79,8
DA:80,2
DA:85,8
DA:86,2
DA:90,2
DA:95,6
DA:96,6
DA:99,6
DA:100,6
DA:101,6
DA:102,0
DA:108,6
DA:111,6
DA:112,1
DA:115,6
DA:116,0
DA:118,0
DA:122,0
DA:129,0
DA:143,0
DA:144,0
DA:147,0
DA:148,0
DA:156,0
DA:160,0
DA:162,0
DA:164,0
DA:168,0
DA:171,0
DA:172,0
DA:180,6
DA:181,5
DA:183,5
DA:184,5
DA:196,0
DA:197,0
DA:200,5
DA:201,0
DA:204,0
DA:207,5
DA:215,5
DA:216,1
DA:221,5
DA:222,1
DA:227,5
DA:234,5
DA:235,1
DA:242,6
DA:244,6
DA:245,4
DA:249,4
DA:252,2
DA:261,4
DA:266,2
DA:268,2
DA:277,2
DA:278,2
DA:279,2
DA:282,4
LF:73
LH:53
BRDA:79,0,0,2
BRDA:85,1,0,2
BRDA:101,2,0,0
BRDA:101,2,1,6
BRDA:101,3,0,6
BRDA:101,3,1,0
BRDA:101,3,2,0
BRDA:111,4,0,1
BRDA:111,5,0,6
BRDA:111,5,1,6
BRDA:111,5,2,5
BRDA:111,5,3,0
BRDA:115,6,0,0
BRDA:115,7,0,6
BRDA:115,7,1,0
BRDA:143,8,0,0
BRDA:147,9,0,0
BRDA:156,10,0,0
BRDA:156,10,1,0
BRDA:162,11,0,0
BRDA:171,12,0,0
BRDA:171,13,0,0
BRDA:171,13,1,0
BRDA:180,14,0,5
BRDA:200,15,0,0
BRDA:215,16,0,1
BRDA:221,17,0,1
BRDA:234,18,0,1
BRDA:244,19,0,4
BRF:29
BRH:14
end_of_record
TN:
SF:src/server/wms-validation/roundTo50p.ts
FN:3,(anonymous_1)
FNF:1
FNH:1
FNDA:17,(anonymous_1)
DA:1,6
DA:3,6
DA:4,17
DA:7,17
DA:8,17
DA:10,17
DA:11,13
DA:12,4
DA:13,3
DA:15,1
DA:18,17
DA:21,6
LF:12
LH:12
BRDA:10,0,0,13
BRDA:10,0,1,4
BRDA:12,1,0,3
BRDA:12,1,1,1
BRDA:12,2,0,4
BRDA:12,2,1,4
BRF:6
BRH:6
end_of_record
TN:
SF:src/services/CatalogueUpdateService/processCsvFile.ts
FN:9,(anonymous_1)
FN:27,(anonymous_2)
FNF:2
FNH:0
FNDA:0,(anonymous_1)
FNDA:0,(anonymous_2)
DA:1,4
DA:2,4
DA:3,4
DA:9,4
DA:16,0
DA:17,0
DA:23,0
DA:25,0
DA:28,0
DA:39,0
DA:40,0
DA:43,0
DA:44,0
DA:45,0
DA:46,0
DA:51,0
DA:55,0
DA:56,0
DA:57,0
DA:58,0
DA:59,0
DA:60,0
DA:106,0
DA:107,0
DA:113,4
LF:25
LH:5
BRDA:39,0,0,0
BRDA:55,1,0,0
BRF:2
BRH:0
end_of_record
TN:
SF:src/services/ComboService/processComboCsvFile.ts
FN:5,(anonymous_1)
FN:21,(anonymous_2)
FNF:2
FNH:0
FNDA:0,(anonymous_1)
FNDA:0,(anonymous_2)
DA:1,4
DA:2,4
DA:3,4
DA:5,4
DA:10,0
DA:11,0
DA:17,0
DA:19,0
DA:22,0
DA:27,0
DA:28,0
DA:29,0
DA:30,0
DA:31,0
DA:32,0
DA:37,0
DA:41,0
DA:42,0
DA:43,0
DA:44,0
DA:45,0
DA:46,0
DA:49,0
DA:50,0
DA:54,4
LF:25
LH:5
BRDA:27,0,0,0
BRDA:41,1,0,0
BRF:2
BRH:0
end_of_record
TN:
SF:src/services/ProductCategoryService/updateSystemPriority.ts
FN:9,(anonymous_1)
FN:17,(anonymous_2)
FN:21,(anonymous_3)
FNF:3
FNH:0
FNDA:0,(anonymous_1)
FNDA:0,(anonymous_2)
FNDA:0,(anonymous_3)
DA:1,4
DA:7,4
DA:9,4
DA:12,0
DA:13,0
DA:15,0
DA:17,0
DA:20,0
DA:21,0
DA:26,0
DA:37,0
DA:38,0
DA:39,0
DA:43,0
DA:44,0
DA:51,0
DA:52,0
DA:56,4
LF:18
LH:4
BRDA:37,0,0,0
BRF:1
BRH:0
end_of_record
TN:
SF:src/services/ProductMedia/index.ts
FN:1,(anonymous_1)
FN:2,(anonymous_2)
FN:3,(anonymous_3)
FN:4,(anonymous_4)
FNF:4
FNH:3
FNDA:0,(anonymous_1)
FNDA:1,(anonymous_2)
FNDA:3,(anonymous_3)
FNDA:2,(anonymous_4)
DA:1,4
DA:2,5
DA:3,7
DA:4,6
LF:4
LH:4
BRF:0
BRH:0
end_of_record
TN:
SF:src/services/ProductMedia/processProductMediaDelete.ts
FN:4,(anonymous_1)
FN:10,(anonymous_2)
FNF:2
FNH:2
FNDA:1,(anonymous_1)
FNDA:1,(anonymous_2)
DA:1,4
DA:2,4
DA:4,4
DA:9,1
DA:10,1
DA:11,1
DA:19,1
DA:22,1
DA:23,1
DA:26,0
DA:27,0
DA:31,4
LF:12
LH:10
BRF:0
BRH:0
end_of_record
TN:
SF:src/services/ProductMedia/processProductMediaEdit.ts
FN:6,(anonymous_1)
FN:22,(anonymous_2)
FN:58,(anonymous_3)
FNF:3
FNH:3
FNDA:1,(anonymous_1)
FNDA:1,(anonymous_2)
FNDA:2,(anonymous_3)
DA:1,4
DA:3,4
DA:4,4
DA:6,4
DA:14,1
DA:15,1
DA:16,1
DA:20,0
DA:22,1
DA:23,1
DA:45,1
DA:48,1
DA:49,1
DA:51,1
DA:53,0
DA:54,0
DA:58,4
DA:59,2
DA:60,2
DA:68,2
DA:70,0
DA:71,0
DA:75,4
LF:23
LH:18
BRDA:16,0,0,0
BRDA:17,1,0,1
BRDA:17,1,1,1
BRF:3
BRH:2
end_of_record
TN:
SF:src/services/ProductMedia/processProductMediaInsert.ts
FN:5,(anonymous_1)
FN:20,(anonymous_2)
FNF:2
FNH:2
FNDA:2,(anonymous_1)
FNDA:1,(anonymous_2)
DA:1,4
DA:3,4
DA:4,4
DA:5,4
DA:12,2
DA:13,2
DA:14,2
DA:18,1
DA:20,1
DA:21,1
DA:34,1
DA:37,1
DA:38,1
DA:41,0
DA:42,0
DA:46,4
LF:16
LH:14
BRDA:14,0,0,1
BRDA:15,1,0,2
BRDA:15,1,1,1
BRF:3
BRH:3
end_of_record
TN:
SF:src/services/ProductMedia/updateProductImage.ts
FN:3,(anonymous_0)
FN:5,(anonymous_1)
FNF:2
FNH:2
FNDA:3,(anonymous_0)
FNDA:3,(anonymous_1)
DA:2,4
DA:3,4
DA:4,3
DA:5,3
DA:6,3
DA:15,3
DA:16,2
DA:25,2
DA:28,0
DA:32,4
LF:10
LH:9
BRDA:15,0,0,1
BRDA:15,1,0,3
BRDA:15,1,1,2
BRF:3
BRH:3
end_of_record
